#
# A fatal error has been detected by the Java Runtime Environment:
#
#  SIGSEGV (0xb) at pc=0x0000763152004aee, pid=9644, tid=9681
#
# JRE version: OpenJDK Runtime Environment (17.0.17+10) (build 17.0.17+10-Ubuntu-122.04)
# Java VM: OpenJDK 64-Bit Server VM (17.0.17+10-Ubuntu-122.04, mixed mode, sharing, tiered, compressed oops, compressed class ptrs, g1 gc, linux-amd64)
# Problematic frame:
# V  [libjvm.so+0x804aee]  PhaseChaitin::interfere_with_live(unsigned int, IndexSet*) [clone .part.0]+0x25e
#
# Core dump will be written. Default location: Core dumps may be processed with "/usr/share/apport/apport -p%p -s%s -c%c -d%d -P%P -u%u -g%g -F%F -- %E" (or dumping to /home/lee/Documents/kfarms-backend/core.9644)
#
# If you would like to submit a bug report, please visit:
#   https://bugs.launchpad.net/ubuntu/+source/openjdk-17
#

---------------  S U M M A R Y ------------

Command Line: -Dclassworlds.conf=/usr/share/maven/bin/m2.conf -Dmaven.home=/usr/share/maven -Dlibrary.jansi.path=/usr/share/maven/lib/jansi-native -Dmaven.multiModuleProjectDirectory=/home/lee/Documents/kfarms-backend org.codehaus.plexus.classworlds.launcher.Launcher spring-boot:run

Host: Intel(R) Core(TM) i5-8250U CPU @ 1.60GHz, 8 cores, 7G, Ubuntu 22.04.5 LTS
Time: Fri Dec  5 10:55:03 2025 WAT elapsed time: 0.358639 seconds (0d 0h 0m 0s)

---------------  T H R E A D  ---------------

Current thread (0x00007630b416a640):  JavaThread "C2 CompilerThread1" daemon [_thread_in_native, id=9681, stack(0x00007631214ff000,0x00007631215ff000)]


Current CompileTask:
C2:358  811       4       java.io.InputStreamReader::read (11 bytes)

Stack: [0x00007631214ff000,0x00007631215ff000],  sp=0x00007631215fa340,  free space=1004k
Native frames: (J=compiled Java code, j=interpreted, Vv=VM code, C=native code)
V  [libjvm.so+0x804aee]  PhaseChaitin::interfere_with_live(unsigned int, IndexSet*) [clone .part.0]+0x25e
V  [libjvm.so+0x80726d]  PhaseChaitin::build_ifg_physical(ResourceArea*)+0x4ad
V  [libjvm.so+0x545856]  PhaseChaitin::Register_Allocate()+0x656
V  [libjvm.so+0x5d651e]  Compile::Code_Gen()+0x33e
V  [libjvm.so+0x5dbfa4]  Compile::Compile(ciEnv*, ciMethod*, int, bool, bool, bool, bool, bool, DirectiveSet*)+0x13a4
V  [libjvm.so+0x5199ab]  C2Compiler::compile_method(ciEnv*, ciMethod*, int, bool, DirectiveSet*)+0xfb
V  [libjvm.so+0x5e4b0b]  CompileBroker::invoke_compiler_on_method(CompileTask*)+0xebb
V  [libjvm.so+0x5e5a68]  CompileBroker::compiler_thread_loop()+0x708
V  [libjvm.so+0xebe49d]  JavaThread::thread_main_inner()+0x1ed
V  [libjvm.so+0xec1dfe]  Thread::call_run()+0xae
V  [libjvm.so+0xc487ab]  thread_native_entry(Thread*)+0xeb


siginfo: si_signo: 11 (SIGSEGV), si_code: 1 (SEGV_MAPERR), si_addr: 0x0000000000000008

Registers:
RAX=0x0000000000000000, RBX=0x00000000000009a8, RCX=0x0000000000000008, RDX=0x00007630982f2780
RSP=0x00007631215fa340, RBP=0x00007631215fa3b0, RSI=0x0040000000000000, RDI=0x0040000000000000
R8 =0x0000000000000676, R9 =0x00007631215fa690, R10=0x0000000000000001, R11=0x0000763098358420
R12=0x0000000000060900, R13=0x00007631215fa350, R14=0x0000763098358420, R15=0x00007631215fa9b0
RIP=0x0000763152004aee, EFLAGS=0x0000000000010202, CSGSFS=0x002b000000000033, ERR=0x0000000000000004
  TRAPNO=0x000000000000000e

XMM[0]=0x0000000000000000 0x3fe4a2e3bedc2cea
XMM[1]=0x0000000000000000 0x3feef4559e4a435e
XMM[2]=0x0000000000000000 0x7fefffffffffffff
XMM[3]=0x0000000000000000 0x0000000000000000
XMM[4]=0x0000000000000000 0x0000000000000000
XMM[5]=0x0000000000000000 0x0000000000000000
XMM[6]=0x00007630b00012e0 0x00007630b00012d0
XMM[7]=0x00007630b02ddec0 0x00007630b02ddec0
XMM[8]=0x00007630b4369c28 0x00007630b4369ba8
XMM[9]=0x00007630980e5ec0 0x00007630980e5e60
XMM[10]=0x00007630980e5860 0x00007630980e5920
XMM[11]=0x00007630980e58c0 0x00007630980e5980
XMM[12]=0x00007630980e5800 0x00007630980e57a0
XMM[13]=0x0000000000000000 0x00007630980e5c80
XMM[14]=0x0000000000000000 0x00007630980e5d40
XMM[15]=0x0000000000000000 0x00007630980e5e00
  MXCSR=0x00001fa0


Register to memory mapping:

RAX=0x0 is NULL
RBX=0x00000000000009a8 is an unknown value
RCX=0x0000000000000008 is an unknown value
RDX=0x00007630982f2780 points into unknown readable memory: 0x0000000000000000 | 00 00 00 00 00 00 00 00
RSP=0x00007631215fa340 is pointing into the stack for thread: 0x00007630b416a640
RBP=0x00007631215fa3b0 is pointing into the stack for thread: 0x00007630b416a640
RSI=0x0040000000000000 is an unknown value
RDI=0x0040000000000000 is an unknown value
R8 =0x0000000000000676 is an unknown value
R9 =0x00007631215fa690 is pointing into the stack for thread: 0x00007630b416a640
R10=0x0000000000000001 is an unknown value
R11=0x0000763098358420 points into unknown readable memory: 0x0000000000000000 | 00 00 00 00 00 00 00 00
R12=0x0000000000060900 is an unknown value
R13=0x00007631215fa350 is pointing into the stack for thread: 0x00007630b416a640
R14=0x0000763098358420 points into unknown readable memory: 0x0000000000000000 | 00 00 00 00 00 00 00 00
R15=0x00007631215fa9b0 is pointing into the stack for thread: 0x00007630b416a640


Top of Stack: (sp=0x00007631215fa340)
0x00007631215fa340:   000009a800000000 0000763152006aad
0x00007631215fa350:   0000000000000000 0000000200000676
0x00007631215fa360:   0000000a00000007 00007630b4107d20
0x00007631215fa370:   00007631215fa4e0 00007631215fa4d0
0x00007631215fa380:   0000000000000000 0000000000000004
0x00007631215fa390:   00007630b4368650 0000000000000005
0x00007631215fa3a0:   00000000000009a8 00007630b01af910
0x00007631215fa3b0:   00007631215fa5a0 000076315200726d
0x00007631215fa3c0:   0000000000000000 00007631215fa470
0x00007631215fa3d0:   00007631215fa9b0 0000000000000009
0x00007631215fa3e0:   0000000000000010 00007631215fa9b0
0x00007631215fa3f0:   00007631215fa450 00007631215fa430
0x00007631215fa400:   00007631215fa4d0 0000000b000000ef
0x00007631215fa410:   00007631215fa9b0 00007631215fa9b0
0x00007631215fa420:   0000000000000000 00000000982326f0
0x00007631215fa430:   0000000c00000001 0000000d00000005
0x00007631215fa440:   0000763100000000 0000763152ca5453
0x00007631215fa450:   0000000c00000000 0000000e00000000
0x00007631215fa460:   0000000000000000 00007631526c55db
0x00007631215fa470:   00007631215f0000 0000000000000000
0x00007631215fa480:   00007630b4142960 000076315200eb00
0x00007631215fa490:   00007631215fa730 0000763152811613
0x00007631215fa4a0:   0000000000000000 0000000000000000
0x00007631215fa4b0:   0000000000000000 0000763152811613
0x00007631215fa4c0:   00007631215fa500 00007631522b8f37
0x00007631215fa4d0:   0000000a00000010 00007631215fa4e0
0x00007631215fa4e0:   00007630b41076c0 0000763152b4eaa0
0x00007631215fa4f0:   0000763152b4eaa0 0000763152b4eaa0
0x00007631215fa500:   00007630b4107d60 00007630b4107d40
0x00007631215fa510:   00007630b4107d20 0000763152b4eaa0
0x00007631215fa520:   0000763152b4eaa0 00007630b4107d00
0x00007631215fa530:   0000763000000001 00000000000001f8 

Instructions: (pc=0x0000763152004aee)
0x00007631520049ee:   8d 52 05 4c 09 d8 44 39 d6 72 79 4e 8b 5c d7 38
0x00007631520049fe:   4f 23 5c d6 38 44 8d 52 06 4c 09 d8 44 39 d6 72
0x0000763152004a0e:   63 4e 8b 5c d7 38 4f 23 5c d6 38 44 8d 52 07 4c
0x0000763152004a1e:   09 d8 44 39 d6 72 4d 4e 8b 5c d7 38 4f 23 5c d6
0x0000763152004a2e:   38 44 8d 52 08 4c 09 d8 44 39 d6 72 37 4e 8b 5c
0x0000763152004a3e:   d7 38 4f 23 5c d6 38 44 8d 52 09 4c 09 d8 44 39
0x0000763152004a4e:   d6 72 21 4e 8b 5c d7 38 83 c2 0a 4f 23 5c d6 38
0x0000763152004a5e:   4c 09 d8 39 d6 72 0d 49 8b 74 d6 38 48 23 74 d7
0x0000763152004a6e:   38 48 09 f0 48 85 c0 74 19 49 8b 51 10 39 cb 73
0x0000763152004a7e:   41 85 db 0f 85 90 00 00 00 66 0f 1f 84 00 00 00
0x0000763152004a8e:   00 00 48 8b 45 a0 48 85 c0 0f 85 7b fe ff ff 83
0x0000763152004a9e:   7d ac 03 76 08 8b 45 b4 39 45 b0 73 5d 4c 89 ef
0x0000763152004aae:   e8 0d a7 00 00 89 c1 e9 76 fe ff ff 66 0f 1f 44
0x0000763152004abe:   00 00 4c 01 e2 48 8b 72 08 89 c8 c1 e8 08 48 8b
0x0000763152004ace:   04 c6 48 3b 05 61 d3 af 00 74 4d be 01 00 00 00
0x0000763152004ade:   48 d3 e6 c1 e9 06 83 e1 03 48 89 f7 48 8d 0c c8
0x0000763152004aee:   48 8b 01 48 09 c7 48 89 39 48 85 c6 75 94 83 02
0x0000763152004afe:   01 eb 8f 0f 1f 80 00 00 00 00 48 83 c4 48 5b 41
0x0000763152004b0e:   5c 41 5d 41 5e 41 5f 5d c3 4b 8d 04 80 89 d9 48
0x0000763152004b1e:   c1 e0 05 48 01 c2 eb 9d 89 ce 48 89 d7 89 4d 94
0x0000763152004b2e:   48 89 55 98 e8 39 a0 00 00 8b 4d 94 48 8b 55 98
0x0000763152004b3e:   eb 99 f3 0f 1e fa 55 48 89 e5 41 54 49 89 f4 be
0x0000763152004b4e:   0c 00 00 00 53 48 89 fb e8 25 7c 48 00 4c 89 63
0x0000763152004b5e:   30 5b 41 5c 5d c3 66 66 2e 0f 1f 84 00 00 00 00
0x0000763152004b6e:   00 90 f3 0f 1e fa 55 48 89 e5 41 57 49 89 ff 41
0x0000763152004b7e:   56 41 55 41 54 53 89 f3 48 83 ec 18 89 77 28 48
0x0000763152004b8e:   8b 77 30 bf 20 00 00 00 e8 35 44 bc ff 49 89 c4
0x0000763152004b9e:   48 85 c0 74 0c 49 8b 77 30 48 89 c7 e8 61 11 71
0x0000763152004bae:   00 4d 89 67 38 49 8b 7f 30 41 89 dc 4b 8d 34 a4
0x0000763152004bbe:   41 c6 47 18 00 48 c1 e6 05 48 8b 47 18 48 89 f2
0x0000763152004bce:   48 01 c2 0f 82 0b 01 00 00 48 3b 57 20 0f 87 df
0x0000763152004bde:   00 00 00 48 89 57 18 49 89 47 10 4b 8d 04 a4 4d 


Stack slot to memory mapping:
stack at sp + 0 slots: 0x000009a800000000 is an unknown value
stack at sp + 1 slots: 0x0000763152006aad: <offset 0x0000000000806aad> in /usr/lib/jvm/java-17-openjdk-amd64/lib/server/libjvm.so at 0x0000763151800000
stack at sp + 2 slots: 0x0 is NULL
stack at sp + 3 slots: 0x0000000200000676 is an unknown value
stack at sp + 4 slots: 0x0000000a00000007 is an unknown value
stack at sp + 5 slots: 0x00007630b4107d20 points into unknown readable memory: 0xc000000000000000 | 00 00 00 00 00 00 00 c0
stack at sp + 6 slots: 0x00007631215fa4e0 is pointing into the stack for thread: 0x00007630b416a640
stack at sp + 7 slots: 0x00007631215fa4d0 is pointing into the stack for thread: 0x00007630b416a640


---------------  P R O C E S S  ---------------

Threads class SMR info:
_java_thread_list=0x00007630b418b250, length=13, elements={
0x000076314c018570, 0x000076314c129180, 0x000076314c12a560, 0x000076314c12faf0,
0x000076314c130ea0, 0x000076314c1322b0, 0x000076314c133c60, 0x000076314c135190,
0x000076314c13e5f0, 0x000076314c146440, 0x000076314c149c50, 0x00007630b416a640,
0x00007630b418a280
}

Java Threads: ( => current thread )
  0x000076314c018570 JavaThread "main" [_thread_in_Java, id=9663, stack(0x0000763151700000,0x0000763151800000)]
  0x000076314c129180 JavaThread "Reference Handler" daemon [_thread_blocked, id=9670, stack(0x000076313068e000,0x000076313078e000)]
  0x000076314c12a560 JavaThread "Finalizer" daemon [_thread_blocked, id=9671, stack(0x000076313058e000,0x000076313068e000)]
  0x000076314c12faf0 JavaThread "Signal Dispatcher" daemon [_thread_blocked, id=9672, stack(0x000076313048e000,0x000076313058e000)]
  0x000076314c130ea0 JavaThread "Service Thread" daemon [_thread_blocked, id=9673, stack(0x000076313038e000,0x000076313048e000)]
  0x000076314c1322b0 JavaThread "Monitor Deflation Thread" daemon [_thread_blocked, id=9674, stack(0x000076313028e000,0x000076313038e000)]
  0x000076314c133c60 JavaThread "C2 CompilerThread0" daemon [_thread_in_native, id=9675, stack(0x000076313018e000,0x000076313028e000)]
  0x000076314c135190 JavaThread "C1 CompilerThread0" daemon [_thread_blocked, id=9676, stack(0x000076313008e000,0x000076313018e000)]
  0x000076314c13e5f0 JavaThread "Sweeper thread" daemon [_thread_blocked, id=9677, stack(0x0000763121900000,0x0000763121a00000)]
  0x000076314c146440 JavaThread "Notification Thread" daemon [_thread_blocked, id=9678, stack(0x0000763121800000,0x0000763121900000)]
  0x000076314c149c50 JavaThread "Common-Cleaner" daemon [_thread_blocked, id=9680, stack(0x00007631215ff000,0x00007631216ff000)]
=>0x00007630b416a640 JavaThread "C2 CompilerThread1" daemon [_thread_in_native, id=9681, stack(0x00007631214ff000,0x00007631215ff000)]
  0x00007630b418a280 JavaThread "C2 CompilerThread2" daemon [_thread_in_native, id=9682, stack(0x00007631213ff000,0x00007631214ff000)]

Other Threads:
  0x000076314c125430 VMThread "VM Thread" [stack: 0x000076313078f000,0x000076313088f000] [id=9669]
  0x000076314c147d80 WatcherThread [stack: 0x0000763121700000,0x0000763121800000] [id=9679]
  0x000076314c071d30 GCTaskThread "GC Thread#0" [stack: 0x0000763150198000,0x0000763150298000] [id=9664]
  0x000076314c082480 ConcurrentGCThread "G1 Main Marker" [stack: 0x0000763150097000,0x0000763150197000] [id=9665]
  0x000076314c0833f0 ConcurrentGCThread "G1 Conc#0" [stack: 0x000076314bf00000,0x000076314c000000] [id=9666]
  0x000076314c0f7850 ConcurrentGCThread "G1 Refine#0" [stack: 0x0000763130ae3000,0x0000763130be3000] [id=9667]
  0x000076314c0f8750 ConcurrentGCThread "G1 Service" [stack: 0x00007631309e2000,0x0000763130ae2000] [id=9668]

Threads with active compile tasks:
C2 CompilerThread0  363  809   !   4       sun.nio.cs.StreamDecoder::read (220 bytes)
C2 CompilerThread1  363  811       4       java.io.InputStreamReader::read (11 bytes)
C2 CompilerThread2  363  815       4       org.codehaus.plexus.util.xml.XmlReader::read (11 bytes)

VM state: not at safepoint (normal execution)

VM Mutex/Monitor currently owned by a thread: None

Heap address: 0x0000000087600000, size: 1930 MB, Compressed Oops mode: 32-bit

CDS archive(s) mapped at: [0x00007630d3000000-0x00007630d3bca000-0x00007630d3bca000), size 12361728, SharedBaseAddress: 0x00007630d3000000, ArchiveRelocationMode: 1.
Compressed class space mapped at: 0x00007630d4000000-0x0000763114000000, reserved size: 1073741824
Narrow klass base: 0x00007630d3000000, Narrow klass shift: 0, Narrow klass range: 0x100000000

GC Precious Log:
 CPUs: 8 total, 8 available
 Memory: 7718M
 Large Page Support: Disabled
 NUMA Support: Disabled
 Compressed Oops: Enabled (32-bit)
 Heap Region Size: 1M
 Heap Min Capacity: 8M
 Heap Initial Capacity: 122M
 Heap Max Capacity: 1930M
 Pre-touch: Disabled
 Parallel Workers: 8
 Concurrent Workers: 2
 Concurrent Refinement Workers: 8
 Periodic GC: Disabled

Heap:
 garbage-first heap   total 126976K, used 20404K [0x0000000087600000, 0x0000000100000000)
  region size 1024K, 21 young (21504K), 0 survivors (0K)
 Metaspace       used 4737K, committed 4928K, reserved 1114112K
  class space    used 565K, committed 640K, reserved 1048576K

Heap Regions: E=young(eden), S=young(survivor), O=old, HS=humongous(starts), HC=humongous(continues), CS=collection set, F=free, OA=open archive, CA=closed archive, TAMS=top-at-mark-start (previous, next)
|   0|0x0000000087600000, 0x0000000087600000, 0x0000000087700000|  0%| F|  |TAMS 0x0000000087600000, 0x0000000087600000| Untracked 
|   1|0x0000000087700000, 0x0000000087700000, 0x0000000087800000|  0%| F|  |TAMS 0x0000000087700000, 0x0000000087700000| Untracked 
|   2|0x0000000087800000, 0x0000000087800000, 0x0000000087900000|  0%| F|  |TAMS 0x0000000087800000, 0x0000000087800000| Untracked 
|   3|0x0000000087900000, 0x0000000087900000, 0x0000000087a00000|  0%| F|  |TAMS 0x0000000087900000, 0x0000000087900000| Untracked 
|   4|0x0000000087a00000, 0x0000000087a00000, 0x0000000087b00000|  0%| F|  |TAMS 0x0000000087a00000, 0x0000000087a00000| Untracked 
|   5|0x0000000087b00000, 0x0000000087b00000, 0x0000000087c00000|  0%| F|  |TAMS 0x0000000087b00000, 0x0000000087b00000| Untracked 
|   6|0x0000000087c00000, 0x0000000087c00000, 0x0000000087d00000|  0%| F|  |TAMS 0x0000000087c00000, 0x0000000087c00000| Untracked 
|   7|0x0000000087d00000, 0x0000000087d00000, 0x0000000087e00000|  0%| F|  |TAMS 0x0000000087d00000, 0x0000000087d00000| Untracked 
|   8|0x0000000087e00000, 0x0000000087e00000, 0x0000000087f00000|  0%| F|  |TAMS 0x0000000087e00000, 0x0000000087e00000| Untracked 
|   9|0x0000000087f00000, 0x0000000087f00000, 0x0000000088000000|  0%| F|  |TAMS 0x0000000087f00000, 0x0000000087f00000| Untracked 
|  10|0x0000000088000000, 0x0000000088000000, 0x0000000088100000|  0%| F|  |TAMS 0x0000000088000000, 0x0000000088000000| Untracked 
|  11|0x0000000088100000, 0x0000000088100000, 0x0000000088200000|  0%| F|  |TAMS 0x0000000088100000, 0x0000000088100000| Untracked 
|  12|0x0000000088200000, 0x0000000088200000, 0x0000000088300000|  0%| F|  |TAMS 0x0000000088200000, 0x0000000088200000| Untracked 
|  13|0x0000000088300000, 0x0000000088300000, 0x0000000088400000|  0%| F|  |TAMS 0x0000000088300000, 0x0000000088300000| Untracked 
|  14|0x0000000088400000, 0x0000000088400000, 0x0000000088500000|  0%| F|  |TAMS 0x0000000088400000, 0x0000000088400000| Untracked 
|  15|0x0000000088500000, 0x0000000088500000, 0x0000000088600000|  0%| F|  |TAMS 0x0000000088500000, 0x0000000088500000| Untracked 
|  16|0x0000000088600000, 0x0000000088600000, 0x0000000088700000|  0%| F|  |TAMS 0x0000000088600000, 0x0000000088600000| Untracked 
|  17|0x0000000088700000, 0x0000000088700000, 0x0000000088800000|  0%| F|  |TAMS 0x0000000088700000, 0x0000000088700000| Untracked 
|  18|0x0000000088800000, 0x0000000088800000, 0x0000000088900000|  0%| F|  |TAMS 0x0000000088800000, 0x0000000088800000| Untracked 
|  19|0x0000000088900000, 0x0000000088900000, 0x0000000088a00000|  0%| F|  |TAMS 0x0000000088900000, 0x0000000088900000| Untracked 
|  20|0x0000000088a00000, 0x0000000088a00000, 0x0000000088b00000|  0%| F|  |TAMS 0x0000000088a00000, 0x0000000088a00000| Untracked 
|  21|0x0000000088b00000, 0x0000000088b00000, 0x0000000088c00000|  0%| F|  |TAMS 0x0000000088b00000, 0x0000000088b00000| Untracked 
|  22|0x0000000088c00000, 0x0000000088c00000, 0x0000000088d00000|  0%| F|  |TAMS 0x0000000088c00000, 0x0000000088c00000| Untracked 
|  23|0x0000000088d00000, 0x0000000088d00000, 0x0000000088e00000|  0%| F|  |TAMS 0x0000000088d00000, 0x0000000088d00000| Untracked 
|  24|0x0000000088e00000, 0x0000000088e00000, 0x0000000088f00000|  0%| F|  |TAMS 0x0000000088e00000, 0x0000000088e00000| Untracked 
|  25|0x0000000088f00000, 0x0000000088f00000, 0x0000000089000000|  0%| F|  |TAMS 0x0000000088f00000, 0x0000000088f00000| Untracked 
|  26|0x0000000089000000, 0x0000000089000000, 0x0000000089100000|  0%| F|  |TAMS 0x0000000089000000, 0x0000000089000000| Untracked 
|  27|0x0000000089100000, 0x0000000089100000, 0x0000000089200000|  0%| F|  |TAMS 0x0000000089100000, 0x0000000089100000| Untracked 
|  28|0x0000000089200000, 0x0000000089200000, 0x0000000089300000|  0%| F|  |TAMS 0x0000000089200000, 0x0000000089200000| Untracked 
|  29|0x0000000089300000, 0x0000000089300000, 0x0000000089400000|  0%| F|  |TAMS 0x0000000089300000, 0x0000000089300000| Untracked 
|  30|0x0000000089400000, 0x0000000089400000, 0x0000000089500000|  0%| F|  |TAMS 0x0000000089400000, 0x0000000089400000| Untracked 
|  31|0x0000000089500000, 0x0000000089500000, 0x0000000089600000|  0%| F|  |TAMS 0x0000000089500000, 0x0000000089500000| Untracked 
|  32|0x0000000089600000, 0x0000000089600000, 0x0000000089700000|  0%| F|  |TAMS 0x0000000089600000, 0x0000000089600000| Untracked 
|  33|0x0000000089700000, 0x0000000089700000, 0x0000000089800000|  0%| F|  |TAMS 0x0000000089700000, 0x0000000089700000| Untracked 
|  34|0x0000000089800000, 0x0000000089800000, 0x0000000089900000|  0%| F|  |TAMS 0x0000000089800000, 0x0000000089800000| Untracked 
|  35|0x0000000089900000, 0x0000000089900000, 0x0000000089a00000|  0%| F|  |TAMS 0x0000000089900000, 0x0000000089900000| Untracked 
|  36|0x0000000089a00000, 0x0000000089a00000, 0x0000000089b00000|  0%| F|  |TAMS 0x0000000089a00000, 0x0000000089a00000| Untracked 
|  37|0x0000000089b00000, 0x0000000089b00000, 0x0000000089c00000|  0%| F|  |TAMS 0x0000000089b00000, 0x0000000089b00000| Untracked 
|  38|0x0000000089c00000, 0x0000000089c00000, 0x0000000089d00000|  0%| F|  |TAMS 0x0000000089c00000, 0x0000000089c00000| Untracked 
|  39|0x0000000089d00000, 0x0000000089d00000, 0x0000000089e00000|  0%| F|  |TAMS 0x0000000089d00000, 0x0000000089d00000| Untracked 
|  40|0x0000000089e00000, 0x0000000089e00000, 0x0000000089f00000|  0%| F|  |TAMS 0x0000000089e00000, 0x0000000089e00000| Untracked 
|  41|0x0000000089f00000, 0x0000000089f00000, 0x000000008a000000|  0%| F|  |TAMS 0x0000000089f00000, 0x0000000089f00000| Untracked 
|  42|0x000000008a000000, 0x000000008a000000, 0x000000008a100000|  0%| F|  |TAMS 0x000000008a000000, 0x000000008a000000| Untracked 
|  43|0x000000008a100000, 0x000000008a100000, 0x000000008a200000|  0%| F|  |TAMS 0x000000008a100000, 0x000000008a100000| Untracked 
|  44|0x000000008a200000, 0x000000008a200000, 0x000000008a300000|  0%| F|  |TAMS 0x000000008a200000, 0x000000008a200000| Untracked 
|  45|0x000000008a300000, 0x000000008a300000, 0x000000008a400000|  0%| F|  |TAMS 0x000000008a300000, 0x000000008a300000| Untracked 
|  46|0x000000008a400000, 0x000000008a400000, 0x000000008a500000|  0%| F|  |TAMS 0x000000008a400000, 0x000000008a400000| Untracked 
|  47|0x000000008a500000, 0x000000008a500000, 0x000000008a600000|  0%| F|  |TAMS 0x000000008a500000, 0x000000008a500000| Untracked 
|  48|0x000000008a600000, 0x000000008a600000, 0x000000008a700000|  0%| F|  |TAMS 0x000000008a600000, 0x000000008a600000| Untracked 
|  49|0x000000008a700000, 0x000000008a700000, 0x000000008a800000|  0%| F|  |TAMS 0x000000008a700000, 0x000000008a700000| Untracked 
|  50|0x000000008a800000, 0x000000008a800000, 0x000000008a900000|  0%| F|  |TAMS 0x000000008a800000, 0x000000008a800000| Untracked 
|  51|0x000000008a900000, 0x000000008a900000, 0x000000008aa00000|  0%| F|  |TAMS 0x000000008a900000, 0x000000008a900000| Untracked 
|  52|0x000000008aa00000, 0x000000008aa00000, 0x000000008ab00000|  0%| F|  |TAMS 0x000000008aa00000, 0x000000008aa00000| Untracked 
|  53|0x000000008ab00000, 0x000000008ab00000, 0x000000008ac00000|  0%| F|  |TAMS 0x000000008ab00000, 0x000000008ab00000| Untracked 
|  54|0x000000008ac00000, 0x000000008ac00000, 0x000000008ad00000|  0%| F|  |TAMS 0x000000008ac00000, 0x000000008ac00000| Untracked 
|  55|0x000000008ad00000, 0x000000008ad00000, 0x000000008ae00000|  0%| F|  |TAMS 0x000000008ad00000, 0x000000008ad00000| Untracked 
|  56|0x000000008ae00000, 0x000000008ae00000, 0x000000008af00000|  0%| F|  |TAMS 0x000000008ae00000, 0x000000008ae00000| Untracked 
|  57|0x000000008af00000, 0x000000008af00000, 0x000000008b000000|  0%| F|  |TAMS 0x000000008af00000, 0x000000008af00000| Untracked 
|  58|0x000000008b000000, 0x000000008b000000, 0x000000008b100000|  0%| F|  |TAMS 0x000000008b000000, 0x000000008b000000| Untracked 
|  59|0x000000008b100000, 0x000000008b100000, 0x000000008b200000|  0%| F|  |TAMS 0x000000008b100000, 0x000000008b100000| Untracked 
|  60|0x000000008b200000, 0x000000008b200000, 0x000000008b300000|  0%| F|  |TAMS 0x000000008b200000, 0x000000008b200000| Untracked 
|  61|0x000000008b300000, 0x000000008b300000, 0x000000008b400000|  0%| F|  |TAMS 0x000000008b300000, 0x000000008b300000| Untracked 
|  62|0x000000008b400000, 0x000000008b400000, 0x000000008b500000|  0%| F|  |TAMS 0x000000008b400000, 0x000000008b400000| Untracked 
|  63|0x000000008b500000, 0x000000008b500000, 0x000000008b600000|  0%| F|  |TAMS 0x000000008b500000, 0x000000008b500000| Untracked 
|  64|0x000000008b600000, 0x000000008b600000, 0x000000008b700000|  0%| F|  |TAMS 0x000000008b600000, 0x000000008b600000| Untracked 
|  65|0x000000008b700000, 0x000000008b700000, 0x000000008b800000|  0%| F|  |TAMS 0x000000008b700000, 0x000000008b700000| Untracked 
|  66|0x000000008b800000, 0x000000008b800000, 0x000000008b900000|  0%| F|  |TAMS 0x000000008b800000, 0x000000008b800000| Untracked 
|  67|0x000000008b900000, 0x000000008b900000, 0x000000008ba00000|  0%| F|  |TAMS 0x000000008b900000, 0x000000008b900000| Untracked 
|  68|0x000000008ba00000, 0x000000008ba00000, 0x000000008bb00000|  0%| F|  |TAMS 0x000000008ba00000, 0x000000008ba00000| Untracked 
|  69|0x000000008bb00000, 0x000000008bb00000, 0x000000008bc00000|  0%| F|  |TAMS 0x000000008bb00000, 0x000000008bb00000| Untracked 
|  70|0x000000008bc00000, 0x000000008bc00000, 0x000000008bd00000|  0%| F|  |TAMS 0x000000008bc00000, 0x000000008bc00000| Untracked 
|  71|0x000000008bd00000, 0x000000008bd00000, 0x000000008be00000|  0%| F|  |TAMS 0x000000008bd00000, 0x000000008bd00000| Untracked 
|  72|0x000000008be00000, 0x000000008be00000, 0x000000008bf00000|  0%| F|  |TAMS 0x000000008be00000, 0x000000008be00000| Untracked 
|  73|0x000000008bf00000, 0x000000008bf00000, 0x000000008c000000|  0%| F|  |TAMS 0x000000008bf00000, 0x000000008bf00000| Untracked 
|  74|0x000000008c000000, 0x000000008c000000, 0x000000008c100000|  0%| F|  |TAMS 0x000000008c000000, 0x000000008c000000| Untracked 
|  75|0x000000008c100000, 0x000000008c100000, 0x000000008c200000|  0%| F|  |TAMS 0x000000008c100000, 0x000000008c100000| Untracked 
|  76|0x000000008c200000, 0x000000008c200000, 0x000000008c300000|  0%| F|  |TAMS 0x000000008c200000, 0x000000008c200000| Untracked 
|  77|0x000000008c300000, 0x000000008c300000, 0x000000008c400000|  0%| F|  |TAMS 0x000000008c300000, 0x000000008c300000| Untracked 
|  78|0x000000008c400000, 0x000000008c400000, 0x000000008c500000|  0%| F|  |TAMS 0x000000008c400000, 0x000000008c400000| Untracked 
|  79|0x000000008c500000, 0x000000008c500000, 0x000000008c600000|  0%| F|  |TAMS 0x000000008c500000, 0x000000008c500000| Untracked 
|  80|0x000000008c600000, 0x000000008c600000, 0x000000008c700000|  0%| F|  |TAMS 0x000000008c600000, 0x000000008c600000| Untracked 
|  81|0x000000008c700000, 0x000000008c700000, 0x000000008c800000|  0%| F|  |TAMS 0x000000008c700000, 0x000000008c700000| Untracked 
|  82|0x000000008c800000, 0x000000008c800000, 0x000000008c900000|  0%| F|  |TAMS 0x000000008c800000, 0x000000008c800000| Untracked 
|  83|0x000000008c900000, 0x000000008c900000, 0x000000008ca00000|  0%| F|  |TAMS 0x000000008c900000, 0x000000008c900000| Untracked 
|  84|0x000000008ca00000, 0x000000008ca00000, 0x000000008cb00000|  0%| F|  |TAMS 0x000000008ca00000, 0x000000008ca00000| Untracked 
|  85|0x000000008cb00000, 0x000000008cb00000, 0x000000008cc00000|  0%| F|  |TAMS 0x000000008cb00000, 0x000000008cb00000| Untracked 
|  86|0x000000008cc00000, 0x000000008cc00000, 0x000000008cd00000|  0%| F|  |TAMS 0x000000008cc00000, 0x000000008cc00000| Untracked 
|  87|0x000000008cd00000, 0x000000008cd00000, 0x000000008ce00000|  0%| F|  |TAMS 0x000000008cd00000, 0x000000008cd00000| Untracked 
|  88|0x000000008ce00000, 0x000000008ce00000, 0x000000008cf00000|  0%| F|  |TAMS 0x000000008ce00000, 0x000000008ce00000| Untracked 
|  89|0x000000008cf00000, 0x000000008cf00000, 0x000000008d000000|  0%| F|  |TAMS 0x000000008cf00000, 0x000000008cf00000| Untracked 
|  90|0x000000008d000000, 0x000000008d000000, 0x000000008d100000|  0%| F|  |TAMS 0x000000008d000000, 0x000000008d000000| Untracked 
|  91|0x000000008d100000, 0x000000008d100000, 0x000000008d200000|  0%| F|  |TAMS 0x000000008d100000, 0x000000008d100000| Untracked 
|  92|0x000000008d200000, 0x000000008d200000, 0x000000008d300000|  0%| F|  |TAMS 0x000000008d200000, 0x000000008d200000| Untracked 
|  93|0x000000008d300000, 0x000000008d300000, 0x000000008d400000|  0%| F|  |TAMS 0x000000008d300000, 0x000000008d300000| Untracked 
|  94|0x000000008d400000, 0x000000008d400000, 0x000000008d500000|  0%| F|  |TAMS 0x000000008d400000, 0x000000008d400000| Untracked 
|  95|0x000000008d500000, 0x000000008d500000, 0x000000008d600000|  0%| F|  |TAMS 0x000000008d500000, 0x000000008d500000| Untracked 
|  96|0x000000008d600000, 0x000000008d600000, 0x000000008d700000|  0%| F|  |TAMS 0x000000008d600000, 0x000000008d600000| Untracked 
|  97|0x000000008d700000, 0x000000008d700000, 0x000000008d800000|  0%| F|  |TAMS 0x000000008d700000, 0x000000008d700000| Untracked 
|  98|0x000000008d800000, 0x000000008d800000, 0x000000008d900000|  0%| F|  |TAMS 0x000000008d800000, 0x000000008d800000| Untracked 
|  99|0x000000008d900000, 0x000000008d900000, 0x000000008da00000|  0%| F|  |TAMS 0x000000008d900000, 0x000000008d900000| Untracked 
| 100|0x000000008da00000, 0x000000008da00000, 0x000000008db00000|  0%| F|  |TAMS 0x000000008da00000, 0x000000008da00000| Untracked 
| 101|0x000000008db00000, 0x000000008db75c60, 0x000000008dc00000| 46%| E|  |TAMS 0x000000008db00000, 0x000000008db00000| Complete 
| 102|0x000000008dc00000, 0x000000008dd00000, 0x000000008dd00000|100%| E|CS|TAMS 0x000000008dc00000, 0x000000008dc00000| Complete 
| 103|0x000000008dd00000, 0x000000008de00000, 0x000000008de00000|100%| E|CS|TAMS 0x000000008dd00000, 0x000000008dd00000| Complete 
| 104|0x000000008de00000, 0x000000008df00000, 0x000000008df00000|100%| E|CS|TAMS 0x000000008de00000, 0x000000008de00000| Complete 
| 105|0x000000008df00000, 0x000000008e000000, 0x000000008e000000|100%| E|CS|TAMS 0x000000008df00000, 0x000000008df00000| Complete 
| 106|0x000000008e000000, 0x000000008e100000, 0x000000008e100000|100%| E|CS|TAMS 0x000000008e000000, 0x000000008e000000| Complete 
| 107|0x000000008e100000, 0x000000008e200000, 0x000000008e200000|100%| E|CS|TAMS 0x000000008e100000, 0x000000008e100000| Complete 
| 108|0x000000008e200000, 0x000000008e300000, 0x000000008e300000|100%| E|CS|TAMS 0x000000008e200000, 0x000000008e200000| Complete 
| 109|0x000000008e300000, 0x000000008e400000, 0x000000008e400000|100%| E|CS|TAMS 0x000000008e300000, 0x000000008e300000| Complete 
| 110|0x000000008e400000, 0x000000008e500000, 0x000000008e500000|100%| E|CS|TAMS 0x000000008e400000, 0x000000008e400000| Complete 
| 111|0x000000008e500000, 0x000000008e600000, 0x000000008e600000|100%| E|CS|TAMS 0x000000008e500000, 0x000000008e500000| Complete 
| 112|0x000000008e600000, 0x000000008e700000, 0x000000008e700000|100%| E|CS|TAMS 0x000000008e600000, 0x000000008e600000| Complete 
| 113|0x000000008e700000, 0x000000008e800000, 0x000000008e800000|100%| E|CS|TAMS 0x000000008e700000, 0x000000008e700000| Complete 
| 114|0x000000008e800000, 0x000000008e900000, 0x000000008e900000|100%| E|CS|TAMS 0x000000008e800000, 0x000000008e800000| Complete 
| 115|0x000000008e900000, 0x000000008ea00000, 0x000000008ea00000|100%| E|CS|TAMS 0x000000008e900000, 0x000000008e900000| Complete 
| 116|0x000000008ea00000, 0x000000008eb00000, 0x000000008eb00000|100%| E|CS|TAMS 0x000000008ea00000, 0x000000008ea00000| Complete 
| 117|0x000000008eb00000, 0x000000008ec00000, 0x000000008ec00000|100%| E|CS|TAMS 0x000000008eb00000, 0x000000008eb00000| Complete 
| 118|0x000000008ec00000, 0x000000008ed00000, 0x000000008ed00000|100%| E|CS|TAMS 0x000000008ec00000, 0x000000008ec00000| Complete 
| 119|0x000000008ed00000, 0x000000008ee00000, 0x000000008ee00000|100%| E|CS|TAMS 0x000000008ed00000, 0x000000008ed00000| Complete 
| 120|0x000000008ee00000, 0x000000008ef00000, 0x000000008ef00000|100%| E|  |TAMS 0x000000008ee00000, 0x000000008ee00000| Complete 
| 121|0x000000008ef00000, 0x000000008f000000, 0x000000008f000000|100%| E|CS|TAMS 0x000000008ef00000, 0x000000008ef00000| Complete 
|1928|0x00000000ffe00000, 0x00000000ffe75000, 0x00000000fff00000| 45%|OA|  |TAMS 0x00000000ffe00000, 0x00000000ffe00000| Untracked 
|1929|0x00000000fff00000, 0x00000000fff78000, 0x0000000100000000| 46%|CA|  |TAMS 0x00000000fff00000, 0x00000000fff00000| Untracked 

Card table byte_map: [0x0000763150298000,0x000076315065d000] _byte_map_base: 0x000076314fe5d000

Marking Bits (Prev, Next): (CMBitMap*) 0x000076314c0727c0, (CMBitMap*) 0x000076314c072800
 Prev Bits: [0x0000763133213000, 0x000076313503b000)
 Next Bits: [0x00007631313eb000, 0x0000763133213000)

Polling page: 0x0000763152fce000

Metaspace:

Usage:
  Non-class:      4.08 MB used.
      Class:    566.30 KB used.
       Both:      4.63 MB used.

Virtual space:
  Non-class space:       64.00 MB reserved,       4.19 MB (  7%) committed,  1 nodes.
      Class space:        1.00 GB reserved,     640.00 KB ( <1%) committed,  1 nodes.
             Both:        1.06 GB reserved,       4.81 MB ( <1%) committed. 

Chunk freelists:
   Non-Class:  9.47 MB
       Class:  15.33 MB
        Both:  24.80 MB

MaxMetaspaceSize: unlimited
CompressedClassSpaceSize: 1.00 GB
Initial GC threshold: 21.00 MB
Current GC threshold: 21.00 MB
CDS: on
MetaspaceReclaimPolicy: balanced
 - commit_granule_bytes: 65536.
 - commit_granule_words: 8192.
 - virtual_space_node_default_size: 8388608.
 - enlarge_chunks_in_place: 1.
 - new_chunks_are_fully_committed: 0.
 - uncommit_free_chunks: 1.
 - use_allocation_guard: 0.
 - handle_deallocations: 1.


Internal statistics:

num_allocs_failed_limit: 0.
num_arena_births: 16.
num_arena_deaths: 0.
num_vsnodes_births: 2.
num_vsnodes_deaths: 0.
num_space_committed: 77.
num_space_uncommitted: 0.
num_chunks_returned_to_freelist: 0.
num_chunks_taken_from_freelist: 151.
num_chunk_merges: 0.
num_chunk_splits: 109.
num_chunks_enlarged: 92.
num_inconsistent_stats: 0.

CodeHeap 'non-profiled nmethods': size=120028Kb used=262Kb max_used=262Kb free=119766Kb
 bounds [0x000076313cec9000, 0x000076313d139000, 0x0000763144400000]
CodeHeap 'profiled nmethods': size=120028Kb used=1715Kb max_used=1715Kb free=118312Kb
 bounds [0x0000763135400000, 0x0000763135670000, 0x000076313c937000]
CodeHeap 'non-nmethods': size=5704Kb used=1136Kb max_used=1172Kb free=4567Kb
 bounds [0x000076313c937000, 0x000076313cba7000, 0x000076313cec9000]
 total_blobs=1269 nmethods=844 adapters=339
 compilation: enabled
              stopped_count=0, restarted_count=0
 full_count=0

Compilation events (20 events):
Event: 0.340 Thread 0x000076314c135190  828       3       java.lang.String::trim (35 bytes)
Event: 0.340 Thread 0x000076314c135190 nmethod 828 0x00007631355a0d10 code [0x00007631355a0ee0, 0x00007631355a11b0]
Event: 0.340 Thread 0x000076314c135190  840       3       org.codehaus.plexus.util.xml.pull.MXParser::newString (11 bytes)
Event: 0.340 Thread 0x000076314c135190 nmethod 840 0x00007631355a1290 code [0x00007631355a1440, 0x00007631355a15e0]
Event: 0.341 Thread 0x000076314c135190  847       2       org.codehaus.plexus.util.xml.pull.MXParser::isWhitespace (116 bytes)
Event: 0.341 Thread 0x000076314c135190 nmethod 847 0x00007631355a1710 code [0x00007631355a1900, 0x00007631355a1d60]
Event: 0.341 Thread 0x000076314c135190  841       3       org.codehaus.plexus.util.xml.pull.MXParser::ensureElementsCapacity (265 bytes)
Event: 0.342 Thread 0x000076314c135190 nmethod 841 0x00007631355a1f10 code [0x00007631355a2180, 0x00007631355a31e0]
Event: 0.342 Thread 0x000076314c135190  845       2       org.codehaus.plexus.util.xml.pull.MXParser::nextTag (82 bytes)
Event: 0.342 Thread 0x000076314c135190 nmethod 845 0x00007631355a3510 code [0x00007631355a3740, 0x00007631355a3be0]
Event: 0.342 Thread 0x000076314c135190  846       2       org.codehaus.plexus.util.xml.pull.MXParser::getName (84 bytes)
Event: 0.343 Thread 0x000076314c135190 nmethod 846 0x00007631355a3e90 code [0x00007631355a4060, 0x00007631355a4300]
Event: 0.343 Thread 0x000076314c135190  829       3       org.codehaus.plexus.util.xml.pull.MXParser::getText (125 bytes)
Event: 0.343 Thread 0x000076314c135190 nmethod 829 0x00007631355a4490 code [0x00007631355a4680, 0x00007631355a4b90]
Event: 0.343 Thread 0x000076314c135190  838       1       org.codehaus.plexus.util.xml.pull.MXParser::getEventType (5 bytes)
Event: 0.343 Thread 0x000076314c135190 nmethod 838 0x000076313cf09f10 code [0x000076313cf0a0a0, 0x000076313cf0a170]
Event: 0.343 Thread 0x000076314c135190  839       3       java.util.jar.JavaUtilJarAccessImpl::getTrustedAttributes (6 bytes)
Event: 0.343 Thread 0x000076314c135190 nmethod 839 0x00007631355a4c90 code [0x00007631355a4e40, 0x00007631355a4f80]
Event: 0.343 Thread 0x000076314c135190  833       1       org.codehaus.plexus.util.xml.pull.MXParser::getDepth (5 bytes)
Event: 0.343 Thread 0x000076314c135190 nmethod 833 0x000076313cf0a210 code [0x000076313cf0a3a0, 0x000076313cf0a470]

GC Heap History (0 events):
No events

Dll operation events (6 events):
Event: 0.001 Loaded shared library /usr/lib/jvm/java-17-openjdk-amd64/lib/libjava.so
Event: 0.014 Loaded shared library /usr/lib/jvm/java-17-openjdk-amd64/lib/libjsvml.so
Event: 0.023 Loaded shared library /usr/lib/jvm/java-17-openjdk-amd64/lib/libnio.so
Event: 0.025 Loaded shared library /usr/lib/jvm/java-17-openjdk-amd64/lib/libzip.so
Event: 0.091 Loaded shared library /usr/lib/jvm/java-17-openjdk-amd64/lib/libjimage.so
Event: 0.144 Loaded shared library /usr/lib/jvm/java-17-openjdk-amd64/lib/libverify.so

Deoptimization events (20 events):
Event: 0.055 Thread 0x000076314c018570 DEOPT PACKING pc=0x0000763135411b6c sp=0x00007631517f95f0
Event: 0.055 Thread 0x000076314c018570 DEOPT UNPACKING pc=0x000076313c98de2f sp=0x00007631517f8aa0 mode 0
Event: 0.055 Thread 0x000076314c018570 DEOPT PACKING pc=0x0000763135411b6c sp=0x00007631517f95f0
Event: 0.055 Thread 0x000076314c018570 DEOPT UNPACKING pc=0x000076313c98de2f sp=0x00007631517f8aa0 mode 0
Event: 0.057 Thread 0x000076314c018570 DEOPT PACKING pc=0x0000763135411b6c sp=0x00007631517f95e0
Event: 0.057 Thread 0x000076314c018570 DEOPT UNPACKING pc=0x000076313c98de2f sp=0x00007631517f8a90 mode 0
Event: 0.090 Thread 0x000076314c018570 DEOPT PACKING pc=0x0000763135408136 sp=0x00007631517fcb10
Event: 0.090 Thread 0x000076314c018570 DEOPT UNPACKING pc=0x000076313c98de2f sp=0x00007631517fbf50 mode 0
Event: 0.110 Thread 0x000076314c018570 DEOPT PACKING pc=0x0000763135404142 sp=0x00007631517fc2d0
Event: 0.110 Thread 0x000076314c018570 DEOPT UNPACKING pc=0x000076313c98de2f sp=0x00007631517fb768 mode 0
Event: 0.124 Thread 0x000076314c018570 Uncommon trap: trap_request=0xffffff6e fr.pc=0x000076313cee0988 relative=0x0000000000000468
Event: 0.124 Thread 0x000076314c018570 Uncommon trap: reason=loop_limit_check action=maybe_recompile pc=0x000076313cee0988 method=java.lang.StringLatin1.indexOf([BI[BII)I @ 37 c2
Event: 0.124 Thread 0x000076314c018570 DEOPT PACKING pc=0x000076313cee0988 sp=0x00007631517fd5d0
Event: 0.124 Thread 0x000076314c018570 DEOPT UNPACKING pc=0x000076313c98d699 sp=0x00007631517fd550 mode 2
Event: 0.176 Thread 0x000076314c018570 Uncommon trap: trap_request=0xffffff45 fr.pc=0x000076313cee3a7c relative=0x000000000000005c
Event: 0.176 Thread 0x000076314c018570 Uncommon trap: reason=unstable_if action=reinterpret pc=0x000076313cee3a7c method=java.lang.String.isLatin1()Z @ 10 c2
Event: 0.176 Thread 0x000076314c018570 DEOPT PACKING pc=0x000076313cee3a7c sp=0x00007631517fcff0
Event: 0.176 Thread 0x000076314c018570 DEOPT UNPACKING pc=0x000076313c98d699 sp=0x00007631517fcfa0 mode 2
Event: 0.314 Thread 0x000076314c018570 DEOPT PACKING pc=0x000076313544dd64 sp=0x00007631517fcf10
Event: 0.314 Thread 0x000076314c018570 DEOPT UNPACKING pc=0x000076313c98de2f sp=0x00007631517fc410 mode 0

Classes loaded (20 events):
Event: 0.295 Loading class sun/reflect/generics/repository/GenericDeclRepository done
Event: 0.295 Loading class sun/reflect/generics/repository/ClassRepository done
Event: 0.295 Loading class java/lang/reflect/TypeVariable
Event: 0.295 Loading class java/lang/reflect/TypeVariable done
Event: 0.295 Loading class sun/reflect/generics/tree/FormalTypeParameter
Event: 0.295 Loading class sun/reflect/generics/tree/FormalTypeParameter done
Event: 0.295 Loading class sun/reflect/generics/tree/ClassSignature
Event: 0.295 Loading class sun/reflect/generics/tree/Signature
Event: 0.295 Loading class sun/reflect/generics/tree/Signature done
Event: 0.295 Loading class sun/reflect/generics/tree/ClassSignature done
Event: 0.295 Loading class java/lang/reflect/WildcardType
Event: 0.295 Loading class java/lang/reflect/WildcardType done
Event: 0.297 Loading class sun/reflect/generics/tree/TypeVariableSignature
Event: 0.297 Loading class sun/reflect/generics/tree/TypeVariableSignature done
Event: 0.303 Loading class java/lang/annotation/IncompleteAnnotationException
Event: 0.303 Loading class java/lang/annotation/IncompleteAnnotationException done
Event: 0.303 Loading class sun/security/util/ManifestEntryVerifier
Event: 0.304 Loading class sun/security/util/ManifestEntryVerifier done
Event: 0.328 Loading class jdk/internal/access/foreign/MemorySegmentProxy
Event: 0.328 Loading class jdk/internal/access/foreign/MemorySegmentProxy done

Classes unloaded (0 events):
No events

Classes redefined (0 events):
No events

Internal exceptions (6 events):
Event: 0.078 Thread 0x000076314c018570 Exception <a 'java/lang/NoClassDefFoundError'{0x000000008ec2b9c8}: org/fusesource/jansi/internal/CLibrary> (0x000000008ec2b9c8) 
thrown [./src/hotspot/share/classfile/systemDictionary.cpp, line 245]
Event: 0.078 Thread 0x000076314c018570 Exception <a 'java/lang/NoClassDefFoundError'{0x000000008ec2c1d0}: org/fusesource/jansi/internal/CLibrary> (0x000000008ec2c1d0) 
thrown [./src/hotspot/share/oops/constantPool.cpp, line 837]
Event: 0.079 Thread 0x000076314c018570 Exception <a 'java/lang/NoClassDefFoundError'{0x000000008ec37ab8}: org/fusesource/jansi/internal/CLibrary> (0x000000008ec37ab8) 
thrown [./src/hotspot/share/oops/constantPool.cpp, line 837]
Event: 0.079 Thread 0x000076314c018570 Exception <a 'java/lang/NoClassDefFoundError'{0x000000008ec380f8}: org/fusesource/jansi/internal/CLibrary> (0x000000008ec380f8) 
thrown [./src/hotspot/share/oops/constantPool.cpp, line 837]
Event: 0.231 Thread 0x000076314c018570 Exception <a 'java/lang/NoSuchMethodError'{0x000000008e6fc010}: 'void java.lang.invoke.DirectMethodHandle$Holder.invokeSpecial(java.lang.Object, java.lang.Object, java.lang.Object)'> (0x000000008e6fc010) 
thrown [./src/hotspot/share/interpreter/linkResolver.cpp, line 758]
Event: 0.281 Thread 0x000076314c018570 Exception <a 'java/lang/NoSuchMethodError'{0x000000008e3c23c8}: 'java.lang.Object java.lang.invoke.DirectMethodHandle$Holder.newInvokeSpecial(java.lang.Object, java.lang.Object, java.lang.Object, java.lang.Object, java.lang.Object)'> (0x000000008e3c23c8) 
thrown [./src/hotspot/share/interpreter/linkResolver.cpp, line 758]

VM Operations (2 events):
Event: 0.094 Executing VM operation: HandshakeAllThreads
Event: 0.094 Executing VM operation: HandshakeAllThreads done

Memory protections (13 events):
Event: 0.001 Protecting memory [0x0000763151700000,0x0000763151704000] with protection modes 0
Event: 0.016 Protecting memory [0x000076313068e000,0x0000763130692000] with protection modes 0
Event: 0.016 Protecting memory [0x000076313058e000,0x0000763130592000] with protection modes 0
Event: 0.018 Protecting memory [0x000076313048e000,0x0000763130492000] with protection modes 0
Event: 0.018 Protecting memory [0x000076313038e000,0x0000763130392000] with protection modes 0
Event: 0.019 Protecting memory [0x000076313028e000,0x0000763130292000] with protection modes 0
Event: 0.019 Protecting memory [0x000076313018e000,0x0000763130192000] with protection modes 0
Event: 0.019 Protecting memory [0x000076313008e000,0x0000763130092000] with protection modes 0
Event: 0.019 Protecting memory [0x0000763121900000,0x0000763121904000] with protection modes 0
Event: 0.021 Protecting memory [0x0000763121800000,0x0000763121804000] with protection modes 0
Event: 0.022 Protecting memory [0x00007631215ff000,0x0000763121603000] with protection modes 0
Event: 0.221 Protecting memory [0x00007631214ff000,0x0000763121503000] with protection modes 0
Event: 0.325 Protecting memory [0x00007631213ff000,0x0000763121403000] with protection modes 0

Nmethod flushes (0 events):
No events

Events (13 events):
Event: 0.015 Thread 0x000076314c018570 Thread added: 0x000076314c018570
Event: 0.016 Thread 0x000076314c018570 Thread added: 0x000076314c129180
Event: 0.016 Thread 0x000076314c018570 Thread added: 0x000076314c12a560
Event: 0.018 Thread 0x000076314c018570 Thread added: 0x000076314c12faf0
Event: 0.018 Thread 0x000076314c018570 Thread added: 0x000076314c130ea0
Event: 0.019 Thread 0x000076314c018570 Thread added: 0x000076314c1322b0
Event: 0.019 Thread 0x000076314c018570 Thread added: 0x000076314c133c60
Event: 0.019 Thread 0x000076314c018570 Thread added: 0x000076314c135190
Event: 0.019 Thread 0x000076314c018570 Thread added: 0x000076314c13e5f0
Event: 0.021 Thread 0x000076314c018570 Thread added: 0x000076314c146440
Event: 0.022 Thread 0x000076314c018570 Thread added: 0x000076314c149c50
Event: 0.221 Thread 0x000076314c135190 Thread added: 0x00007630b416a640
Event: 0.325 Thread 0x000076314c135190 Thread added: 0x00007630b418a280


Dynamic libraries:
87600000-8f000000 rw-p 00000000 00:00 0 
8f000000-ffe00000 ---p 00000000 00:00 0 
ffe00000-ffe75000 rw-p 00c7a000 103:02 9045259                           /usr/lib/jvm/java-17-openjdk-amd64/lib/server/classes.jsa
ffe75000-fff00000 rw-p 00000000 00:00 0 
fff00000-fff78000 rw-p 00c02000 103:02 9045259                           /usr/lib/jvm/java-17-openjdk-amd64/lib/server/classes.jsa
fff78000-100000000 rw-p 00000000 00:00 0 
6256d5d06000-6256d5d07000 r--p 00000000 103:02 9045186                   /usr/lib/jvm/java-17-openjdk-amd64/bin/java
6256d5d07000-6256d5d08000 r-xp 00001000 103:02 9045186                   /usr/lib/jvm/java-17-openjdk-amd64/bin/java
6256d5d08000-6256d5d09000 r--p 00002000 103:02 9045186                   /usr/lib/jvm/java-17-openjdk-amd64/bin/java
6256d5d09000-6256d5d0a000 r--p 00002000 103:02 9045186                   /usr/lib/jvm/java-17-openjdk-amd64/bin/java
6256d5d0a000-6256d5d0b000 rw-p 00003000 103:02 9045186                   /usr/lib/jvm/java-17-openjdk-amd64/bin/java
6256dd61f000-6256dd666000 rw-p 00000000 00:00 0                          [heap]
763098000000-763098359000 rw-p 00000000 00:00 0 
763098359000-76309c000000 ---p 00000000 00:00 0 
76309c000000-76309c274000 rw-p 00000000 00:00 0 
76309c274000-7630a0000000 ---p 00000000 00:00 0 
7630a0000000-7630a0021000 rw-p 00000000 00:00 0 
7630a0021000-7630a4000000 ---p 00000000 00:00 0 
7630a4000000-7630a4021000 rw-p 00000000 00:00 0 
7630a4021000-7630a8000000 ---p 00000000 00:00 0 
7630a8000000-7630a8021000 rw-p 00000000 00:00 0 
7630a8021000-7630ac000000 ---p 00000000 00:00 0 
7630ac000000-7630ac021000 rw-p 00000000 00:00 0 
7630ac021000-7630b0000000 ---p 00000000 00:00 0 
7630b0000000-7630b04ca000 rw-p 00000000 00:00 0 
7630b04ca000-7630b4000000 ---p 00000000 00:00 0 
7630b4000000-7630b43ea000 rw-p 00000000 00:00 0 
7630b43ea000-7630b8000000 ---p 00000000 00:00 0 
7630b8000000-7630b8021000 rw-p 00000000 00:00 0 
7630b8021000-7630bc000000 ---p 00000000 00:00 0 
7630bc000000-7630bc021000 rw-p 00000000 00:00 0 
7630bc021000-7630c0000000 ---p 00000000 00:00 0 
7630c0000000-7630c0021000 rw-p 00000000 00:00 0 
7630c0021000-7630c4000000 ---p 00000000 00:00 0 
7630c4000000-7630c4021000 rw-p 00000000 00:00 0 
7630c4021000-7630c8000000 ---p 00000000 00:00 0 
7630c8000000-7630c8021000 rw-p 00000000 00:00 0 
7630c8021000-7630cc000000 ---p 00000000 00:00 0 
7630cf000000-7630cf1a0000 rw-p 00000000 00:00 0 
7630cf1a0000-7630cf400000 ---p 00000000 00:00 0 
7630cf400000-7630cf690000 rw-p 00000000 00:00 0 
7630cf690000-7630d3000000 ---p 00000000 00:00 0 
7630d3000000-7630d3bca000 rw-p 00001000 103:02 9045259                   /usr/lib/jvm/java-17-openjdk-amd64/lib/server/classes.jsa
7630d3bca000-7630d4000000 ---p 00000000 00:00 0 
7630d4000000-7630d4030000 rw-p 00000000 00:00 0 
7630d4030000-7630d4070000 rw-p 00000000 00:00 0 
7630d4070000-7630d4080000 ---p 00000000 00:00 0 
7630d4080000-7630d40b0000 rw-p 00000000 00:00 0 
7630d40b0000-763114000000 ---p 00000000 00:00 0 
763114000000-763114021000 rw-p 00000000 00:00 0 
763114021000-763118000000 ---p 00000000 00:00 0 
763118000000-763118021000 rw-p 00000000 00:00 0 
763118021000-76311c000000 ---p 00000000 00:00 0 
76311c000000-76311c021000 rw-p 00000000 00:00 0 
76311c021000-763120000000 ---p 00000000 00:00 0 
76312101d000-7631213ff000 rw-p 00000000 00:00 0 
7631213ff000-763121403000 ---p 00000000 00:00 0 
763121403000-7631214ff000 rw-p 00000000 00:00 0 
7631214ff000-763121503000 ---p 00000000 00:00 0 
763121503000-7631215ff000 rw-p 00000000 00:00 0 
7631215ff000-763121603000 ---p 00000000 00:00 0 
763121603000-7631216ff000 rw-p 00000000 00:00 0 
7631216ff000-763121700000 ---p 00000000 00:00 0 
763121700000-763121800000 rw-p 00000000 00:00 0 
763121800000-763121804000 ---p 00000000 00:00 0 
763121804000-763121900000 rw-p 00000000 00:00 0 
763121900000-763121904000 ---p 00000000 00:00 0 
763121904000-763121a00000 rw-p 00000000 00:00 0 
763121a00000-763121f73000 r--p 00000000 103:02 7865433                   /usr/lib/locale/locale-archive
763122000000-763124000000 rw-p 00000000 00:00 0 
763124000000-763124021000 rw-p 00000000 00:00 0 
763124021000-763128000000 ---p 00000000 00:00 0 
763128000000-763128021000 rw-p 00000000 00:00 0 
763128021000-76312c000000 ---p 00000000 00:00 0 
76312c000000-76312c021000 rw-p 00000000 00:00 0 
76312c021000-763130000000 ---p 00000000 00:00 0 
76313008e000-763130092000 ---p 00000000 00:00 0 
763130092000-76313018e000 rw-p 00000000 00:00 0 
76313018e000-763130192000 ---p 00000000 00:00 0 
763130192000-76313028e000 rw-p 00000000 00:00 0 
76313028e000-763130292000 ---p 00000000 00:00 0 
763130292000-76313038e000 rw-p 00000000 00:00 0 
76313038e000-763130392000 ---p 00000000 00:00 0 
763130392000-76313048e000 rw-p 00000000 00:00 0 
76313048e000-763130492000 ---p 00000000 00:00 0 
763130492000-76313058e000 rw-p 00000000 00:00 0 
76313058e000-763130592000 ---p 00000000 00:00 0 
763130592000-76313068e000 rw-p 00000000 00:00 0 
76313068e000-763130692000 ---p 00000000 00:00 0 
763130692000-76313078e000 rw-p 00000000 00:00 0 
76313078e000-76313078f000 ---p 00000000 00:00 0 
76313078f000-76313088f000 rw-p 00000000 00:00 0 
76313088f000-763130894000 r--p 00000000 103:02 9045243                   /usr/lib/jvm/java-17-openjdk-amd64/lib/libjsvml.so
763130894000-7631308d5000 r-xp 00005000 103:02 9045243                   /usr/lib/jvm/java-17-openjdk-amd64/lib/libjsvml.so
7631308d5000-76313095e000 r--p 00046000 103:02 9045243                   /usr/lib/jvm/java-17-openjdk-amd64/lib/libjsvml.so
76313095e000-76313095f000 r--p 000ce000 103:02 9045243                   /usr/lib/jvm/java-17-openjdk-amd64/lib/libjsvml.so
76313095f000-763130960000 rw-p 000cf000 103:02 9045243                   /usr/lib/jvm/java-17-openjdk-amd64/lib/libjsvml.so
763130960000-7631309e1000 rw-p 00000000 00:00 0 
7631309e1000-7631309e2000 ---p 00000000 00:00 0 
7631309e2000-763130ae2000 rw-p 00000000 00:00 0 
763130ae2000-763130ae3000 ---p 00000000 00:00 0 
763130ae3000-763130be3000 rw-p 00000000 00:00 0 
763130be3000-7631315d3000 rw-p 00000000 00:00 0 
7631315d3000-76313320b000 ---p 00000000 00:00 0 
76313320b000-7631333fb000 rw-p 00000000 00:00 0 
7631333fb000-763135033000 ---p 00000000 00:00 0 
763135033000-763135078000 rw-p 00000000 00:00 0 
763135078000-7631353ff000 ---p 00000000 00:00 0 
7631353ff000-763135400000 rw-p 00000000 00:00 0 
763135400000-763135670000 rwxp 00000000 00:00 0 
763135670000-76313c937000 ---p 00000000 00:00 0 
76313c937000-76313cba7000 rwxp 00000000 00:00 0 
76313cba7000-76313cec9000 ---p 00000000 00:00 0 
76313cec9000-76313d139000 rwxp 00000000 00:00 0 
76313d139000-763144400000 ---p 00000000 00:00 0 
763144400000-76314bed0000 r--s 00000000 103:02 9045258                   /usr/lib/jvm/java-17-openjdk-amd64/lib/modules
76314beff000-76314bf00000 ---p 00000000 00:00 0 
76314bf00000-76314c000000 rw-p 00000000 00:00 0 
76314c000000-76314c58e000 rw-p 00000000 00:00 0 
76314c58e000-763150000000 ---p 00000000 00:00 0 
76315003b000-763150096000 rw-p 00000000 00:00 0 
763150096000-763150097000 ---p 00000000 00:00 0 
763150097000-763150197000 rw-p 00000000 00:00 0 
763150197000-763150198000 ---p 00000000 00:00 0 
763150198000-763150298000 rw-p 00000000 00:00 0 
763150298000-7631502d5000 rw-p 00000000 00:00 0 
7631502d5000-76315065c000 ---p 00000000 00:00 0 
76315065c000-76315069a000 rw-p 00000000 00:00 0 
76315069a000-763150a21000 ---p 00000000 00:00 0 
763150a21000-76315122f000 rw-p 00000000 00:00 0 
76315122f000-763151315000 ---p 00000000 00:00 0 
763151315000-76315131a000 rw-p 00000000 00:00 0 
76315131a000-763151400000 ---p 00000000 00:00 0 
763151400000-76315149a000 r--p 00000000 103:02 7876710                   /usr/lib/x86_64-linux-gnu/libstdc++.so.6.0.30
76315149a000-7631515ab000 r-xp 0009a000 103:02 7876710                   /usr/lib/x86_64-linux-gnu/libstdc++.so.6.0.30
7631515ab000-76315161a000 r--p 001ab000 103:02 7876710                   /usr/lib/x86_64-linux-gnu/libstdc++.so.6.0.30
76315161a000-76315161b000 ---p 0021a000 103:02 7876710                   /usr/lib/x86_64-linux-gnu/libstdc++.so.6.0.30
76315161b000-763151626000 r--p 0021a000 103:02 7876710                   /usr/lib/x86_64-linux-gnu/libstdc++.so.6.0.30
763151626000-763151629000 rw-p 00225000 103:02 7876710                   /usr/lib/x86_64-linux-gnu/libstdc++.so.6.0.30
763151629000-76315162c000 rw-p 00000000 00:00 0 
763151642000-763151700000 rw-p 00000000 00:00 0 
763151700000-763151704000 ---p 00000000 00:00 0 
763151704000-763151800000 rw-p 00000000 00:00 0 
763151800000-763151a51000 r--p 00000000 103:02 9045262                   /usr/lib/jvm/java-17-openjdk-amd64/lib/server/libjvm.so
763151a51000-7631527c6000 r-xp 00251000 103:02 9045262                   /usr/lib/jvm/java-17-openjdk-amd64/lib/server/libjvm.so
7631527c6000-763152a49000 r--p 00fc6000 103:02 9045262                   /usr/lib/jvm/java-17-openjdk-amd64/lib/server/libjvm.so
763152a49000-763152a4a000 ---p 01249000 103:02 9045262                   /usr/lib/jvm/java-17-openjdk-amd64/lib/server/libjvm.so
763152a4a000-763152b02000 r--p 01249000 103:02 9045262                   /usr/lib/jvm/java-17-openjdk-amd64/lib/server/libjvm.so
763152b02000-763152b37000 rw-p 01301000 103:02 9045262                   /usr/lib/jvm/java-17-openjdk-amd64/lib/server/libjvm.so
763152b37000-763152b91000 rw-p 00000000 00:00 0 
763152bad000-763152bb4000 r--s 00000000 103:02 7875145                   /usr/lib/x86_64-linux-gnu/gconv/gconv-modules.cache
763152bb4000-763152bb8000 r--p 00000000 103:02 9045256                   /usr/lib/jvm/java-17-openjdk-amd64/lib/libverify.so
763152bb8000-763152bbf000 r-xp 00004000 103:02 9045256                   /usr/lib/jvm/java-17-openjdk-amd64/lib/libverify.so
763152bbf000-763152bc1000 r--p 0000b000 103:02 9045256                   /usr/lib/jvm/java-17-openjdk-amd64/lib/libverify.so
763152bc1000-763152bc3000 r--p 0000c000 103:02 9045256                   /usr/lib/jvm/java-17-openjdk-amd64/lib/libverify.so
763152bc3000-763152bc4000 rw-p 0000e000 103:02 9045256                   /usr/lib/jvm/java-17-openjdk-amd64/lib/libverify.so
763152bc4000-763152bc6000 r--p 00000000 103:02 9045257                   /usr/lib/jvm/java-17-openjdk-amd64/lib/libzip.so
763152bc6000-763152bcb000 r-xp 00002000 103:02 9045257                   /usr/lib/jvm/java-17-openjdk-amd64/lib/libzip.so
763152bcb000-763152bcd000 r--p 00007000 103:02 9045257                   /usr/lib/jvm/java-17-openjdk-amd64/lib/libzip.so
763152bcd000-763152bce000 r--p 00008000 103:02 9045257                   /usr/lib/jvm/java-17-openjdk-amd64/lib/libzip.so
763152bce000-763152bcf000 rw-p 00009000 103:02 9045257                   /usr/lib/jvm/java-17-openjdk-amd64/lib/libzip.so
763152bcf000-763152c00000 rw-p 00000000 00:00 0 
763152c00000-763152c28000 r--p 00000000 103:02 7866475                   /usr/lib/x86_64-linux-gnu/libc.so.6
763152c28000-763152dbd000 r-xp 00028000 103:02 7866475                   /usr/lib/x86_64-linux-gnu/libc.so.6
763152dbd000-763152e15000 r--p 001bd000 103:02 7866475                   /usr/lib/x86_64-linux-gnu/libc.so.6
763152e15000-763152e16000 ---p 00215000 103:02 7866475                   /usr/lib/x86_64-linux-gnu/libc.so.6
763152e16000-763152e1a000 r--p 00215000 103:02 7866475                   /usr/lib/x86_64-linux-gnu/libc.so.6
763152e1a000-763152e1c000 rw-p 00219000 103:02 7866475                   /usr/lib/x86_64-linux-gnu/libc.so.6
763152e1c000-763152e29000 rw-p 00000000 00:00 0 
763152e2b000-763152e2f000 r--p 00000000 103:02 9045249                   /usr/lib/jvm/java-17-openjdk-amd64/lib/libnet.so
763152e2f000-763152e3d000 r-xp 00004000 103:02 9045249                   /usr/lib/jvm/java-17-openjdk-amd64/lib/libnet.so
763152e3d000-763152e41000 r--p 00012000 103:02 9045249                   /usr/lib/jvm/java-17-openjdk-amd64/lib/libnet.so
763152e41000-763152e42000 r--p 00015000 103:02 9045249                   /usr/lib/jvm/java-17-openjdk-amd64/lib/libnet.so
763152e42000-763152e43000 rw-p 00016000 103:02 9045249                   /usr/lib/jvm/java-17-openjdk-amd64/lib/libnet.so
763152e43000-763152e4a000 r--p 00000000 103:02 9045250                   /usr/lib/jvm/java-17-openjdk-amd64/lib/libnio.so
763152e4a000-763152e53000 r-xp 00007000 103:02 9045250                   /usr/lib/jvm/java-17-openjdk-amd64/lib/libnio.so
763152e53000-763152e57000 r--p 00010000 103:02 9045250                   /usr/lib/jvm/java-17-openjdk-amd64/lib/libnio.so
763152e57000-763152e58000 ---p 00014000 103:02 9045250                   /usr/lib/jvm/java-17-openjdk-amd64/lib/libnio.so
763152e58000-763152e59000 r--p 00014000 103:02 9045250                   /usr/lib/jvm/java-17-openjdk-amd64/lib/libnio.so
763152e59000-763152e5a000 rw-p 00015000 103:02 9045250                   /usr/lib/jvm/java-17-openjdk-amd64/lib/libnio.so
763152e5a000-763152e5f000 rw-p 00000000 00:00 0 
763152e5f000-763152e66000 ---p 00000000 00:00 0 
763152e66000-763152e72000 r--p 00000000 103:02 9045236                   /usr/lib/jvm/java-17-openjdk-amd64/lib/libjava.so
763152e72000-763152e85000 r-xp 0000c000 103:02 9045236                   /usr/lib/jvm/java-17-openjdk-amd64/lib/libjava.so
763152e85000-763152e8b000 r--p 0001f000 103:02 9045236                   /usr/lib/jvm/java-17-openjdk-amd64/lib/libjava.so
763152e8b000-763152e8c000 r--p 00024000 103:02 9045236                   /usr/lib/jvm/java-17-openjdk-amd64/lib/libjava.so
763152e8c000-763152e8d000 rw-p 00025000 103:02 9045236                   /usr/lib/jvm/java-17-openjdk-amd64/lib/libjava.so
763152e8d000-763152e8e000 rw-p 00000000 00:00 0 
763152e8e000-763152e91000 r--p 00000000 103:02 7876714                   /usr/lib/x86_64-linux-gnu/libgcc_s.so.1
763152e91000-763152ea8000 r-xp 00003000 103:02 7876714                   /usr/lib/x86_64-linux-gnu/libgcc_s.so.1
763152ea8000-763152eac000 r--p 0001a000 103:02 7876714                   /usr/lib/x86_64-linux-gnu/libgcc_s.so.1
763152eac000-763152ead000 r--p 0001d000 103:02 7876714                   /usr/lib/x86_64-linux-gnu/libgcc_s.so.1
763152ead000-763152eae000 rw-p 0001e000 103:02 7876714                   /usr/lib/x86_64-linux-gnu/libgcc_s.so.1
763152eae000-763152ebc000 r--p 00000000 103:02 7866487                   /usr/lib/x86_64-linux-gnu/libm.so.6
763152ebc000-763152f38000 r-xp 0000e000 103:02 7866487                   /usr/lib/x86_64-linux-gnu/libm.so.6
763152f38000-763152f93000 r--p 0008a000 103:02 7866487                   /usr/lib/x86_64-linux-gnu/libm.so.6
763152f93000-763152f94000 r--p 000e4000 103:02 7866487                   /usr/lib/x86_64-linux-gnu/libm.so.6
763152f94000-763152f95000 rw-p 000e5000 103:02 7866487                   /usr/lib/x86_64-linux-gnu/libm.so.6
763152f95000-763152f98000 rw-p 00000000 00:00 0 
763152f98000-763152f9a000 r--p 00000000 103:02 9045240                   /usr/lib/jvm/java-17-openjdk-amd64/lib/libjli.so
763152f9a000-763152fa4000 r-xp 00002000 103:02 9045240                   /usr/lib/jvm/java-17-openjdk-amd64/lib/libjli.so
763152fa4000-763152fa7000 r--p 0000c000 103:02 9045240                   /usr/lib/jvm/java-17-openjdk-amd64/lib/libjli.so
763152fa7000-763152fa8000 r--p 0000e000 103:02 9045240                   /usr/lib/jvm/java-17-openjdk-amd64/lib/libjli.so
763152fa8000-763152fa9000 rw-p 0000f000 103:02 9045240                   /usr/lib/jvm/java-17-openjdk-amd64/lib/libjli.so
763152fa9000-763152fab000 r--p 00000000 103:02 7893590                   /usr/lib/x86_64-linux-gnu/libz.so.1.2.11
763152fab000-763152fbc000 r-xp 00002000 103:02 7893590                   /usr/lib/x86_64-linux-gnu/libz.so.1.2.11
763152fbc000-763152fc2000 r--p 00013000 103:02 7893590                   /usr/lib/x86_64-linux-gnu/libz.so.1.2.11
763152fc2000-763152fc3000 ---p 00019000 103:02 7893590                   /usr/lib/x86_64-linux-gnu/libz.so.1.2.11
763152fc3000-763152fc4000 r--p 00019000 103:02 7893590                   /usr/lib/x86_64-linux-gnu/libz.so.1.2.11
763152fc4000-763152fc5000 rw-p 0001a000 103:02 7893590                   /usr/lib/x86_64-linux-gnu/libz.so.1.2.11
763152fc6000-763152fce000 rw-s 00000000 103:02 7875328                   /tmp/hsperfdata_lee/9644
763152fce000-763152fcf000 ---p 00000000 00:00 0 
763152fcf000-763152fd0000 r--p 00000000 00:00 0 
763152fd0000-763152fd2000 r--p 00000000 103:02 9045239                   /usr/lib/jvm/java-17-openjdk-amd64/lib/libjimage.so
763152fd2000-763152fd5000 r-xp 00002000 103:02 9045239                   /usr/lib/jvm/java-17-openjdk-amd64/lib/libjimage.so
763152fd5000-763152fd6000 r--p 00005000 103:02 9045239                   /usr/lib/jvm/java-17-openjdk-amd64/lib/libjimage.so
763152fd6000-763152fd7000 ---p 00006000 103:02 9045239                   /usr/lib/jvm/java-17-openjdk-amd64/lib/libjimage.so
763152fd7000-763152fd8000 r--p 00006000 103:02 9045239                   /usr/lib/jvm/java-17-openjdk-amd64/lib/libjimage.so
763152fd8000-763152fd9000 rw-p 00007000 103:02 9045239                   /usr/lib/jvm/java-17-openjdk-amd64/lib/libjimage.so
763152fd9000-763152fdb000 rw-p 00000000 00:00 0 
763152fdb000-763152fdd000 r--p 00000000 103:02 7865193                   /usr/lib/x86_64-linux-gnu/ld-linux-x86-64.so.2
763152fdd000-763153007000 r-xp 00002000 103:02 7865193                   /usr/lib/x86_64-linux-gnu/ld-linux-x86-64.so.2
763153007000-763153012000 r--p 0002c000 103:02 7865193                   /usr/lib/x86_64-linux-gnu/ld-linux-x86-64.so.2
763153012000-763153013000 ---p 00000000 00:00 0 
763153013000-763153015000 r--p 00037000 103:02 7865193                   /usr/lib/x86_64-linux-gnu/ld-linux-x86-64.so.2
763153015000-763153017000 rw-p 00039000 103:02 7865193                   /usr/lib/x86_64-linux-gnu/ld-linux-x86-64.so.2
7ffcd0af9000-7ffcd0b1a000 rw-p 00000000 00:00 0                          [stack]
7ffcd0b28000-7ffcd0b2c000 r--p 00000000 00:00 0                          [vvar]
7ffcd0b2c000-7ffcd0b2e000 r-xp 00000000 00:00 0                          [vdso]
ffffffffff600000-ffffffffff601000 --xp 00000000 00:00 0                  [vsyscall]


VM Arguments:
jvm_args: -Dclassworlds.conf=/usr/share/maven/bin/m2.conf -Dmaven.home=/usr/share/maven -Dlibrary.jansi.path=/usr/share/maven/lib/jansi-native -Dmaven.multiModuleProjectDirectory=/home/lee/Documents/kfarms-backend 
java_command: org.codehaus.plexus.classworlds.launcher.Launcher spring-boot:run
java_class_path (initial): /usr/share/maven/boot/plexus-classworlds-2.x.jar
Launcher Type: SUN_STANDARD

[Global flags]
     intx CICompilerCount                          = 4                                         {product} {ergonomic}
     uint ConcGCThreads                            = 2                                         {product} {ergonomic}
     uint G1ConcRefinementThreads                  = 8                                         {product} {ergonomic}
   size_t G1HeapRegionSize                         = 1048576                                   {product} {ergonomic}
    uintx GCDrainStackTargetSize                   = 64                                        {product} {ergonomic}
   size_t InitialHeapSize                          = 127926272                                 {product} {ergonomic}
   size_t MarkStackSize                            = 4194304                                   {product} {ergonomic}
   size_t MaxHeapSize                              = 2023751680                                {product} {ergonomic}
   size_t MaxNewSize                               = 1214251008                                {product} {ergonomic}
   size_t MinHeapDeltaBytes                        = 1048576                                   {product} {ergonomic}
   size_t MinHeapSize                              = 8388608                                   {product} {ergonomic}
    uintx NonNMethodCodeHeapSize                   = 5839372                                {pd product} {ergonomic}
    uintx NonProfiledCodeHeapSize                  = 122909434                              {pd product} {ergonomic}
    uintx ProfiledCodeHeapSize                     = 122909434                              {pd product} {ergonomic}
    uintx ReservedCodeCacheSize                    = 251658240                              {pd product} {ergonomic}
     bool SegmentedCodeCache                       = true                                      {product} {ergonomic}
   size_t SoftMaxHeapSize                          = 2023751680                             {manageable} {ergonomic}
     bool UseCompressedClassPointers               = true                           {product lp64_product} {ergonomic}
     bool UseCompressedOops                        = true                           {product lp64_product} {ergonomic}
     bool UseG1GC                                  = true                                      {product} {ergonomic}

Logging:
Log output configuration:
 #0: stdout all=warning uptime,level,tags
 #1: stderr all=off uptime,level,tags

Environment Variables:
PATH=/usr/local/sbin:/usr/local/bin:/usr/sbin:/usr/bin:/sbin:/bin:/usr/games:/usr/local/games:/snap/bin:/snap/bin
USERNAME=lee
SHELL=/usr/bin/zsh
DISPLAY=:0
LANG=en_US.UTF-8
LC_NUMERIC=en_US.UTF-8
LC_TIME=en_US.UTF-8
TERM=xterm-256color

Active Locale:
LC_ALL=en_US.UTF-8
LC_COLLATE=en_US.UTF-8
LC_CTYPE=en_US.UTF-8
LC_MESSAGES=en_US.UTF-8
LC_MONETARY=en_US.UTF-8
LC_NUMERIC=en_US.UTF-8
LC_TIME=en_US.UTF-8

Signal Handlers:
   SIGSEGV: crash_handler in libjvm.so, mask=11100100010111111101111111111110, flags=SA_RESTART|SA_SIGINFO, unblocked
    SIGBUS: crash_handler in libjvm.so, mask=11100100010111111101111111111110, flags=SA_RESTART|SA_SIGINFO, unblocked
    SIGFPE: crash_handler in libjvm.so, mask=11100100010111111101111111111110, flags=SA_RESTART|SA_SIGINFO, unblocked
   SIGPIPE: javaSignalHandler in libjvm.so, mask=11100100010111111101111111111110, flags=SA_RESTART|SA_SIGINFO, blocked
   SIGXFSZ: javaSignalHandler in libjvm.so, mask=11100100010111111101111111111110, flags=SA_RESTART|SA_SIGINFO, blocked
    SIGILL: crash_handler in libjvm.so, mask=11100100010111111101111111111110, flags=SA_RESTART|SA_SIGINFO, unblocked
   SIGUSR2: SR_handler in libjvm.so, mask=00000000000000000000000000000000, flags=SA_RESTART|SA_SIGINFO, blocked
    SIGHUP: UserHandler in libjvm.so, mask=11100100010111111101111111111110, flags=SA_RESTART|SA_SIGINFO, blocked
    SIGINT: UserHandler in libjvm.so, mask=11100100010111111101111111111110, flags=SA_RESTART|SA_SIGINFO, blocked
   SIGTERM: UserHandler in libjvm.so, mask=11100100010111111101111111111110, flags=SA_RESTART|SA_SIGINFO, blocked
   SIGQUIT: UserHandler in libjvm.so, mask=11100100010111111101111111111110, flags=SA_RESTART|SA_SIGINFO, blocked
   SIGTRAP: crash_handler in libjvm.so, mask=11100100010111111101111111111110, flags=SA_RESTART|SA_SIGINFO, unblocked


Periodic native trim disabled


---------------  S Y S T E M  ---------------

OS:
DISTRIB_ID=Ubuntu
DISTRIB_RELEASE=22.04
DISTRIB_CODENAME=jammy
DISTRIB_DESCRIPTION="Ubuntu 22.04.5 LTS"
uname: Linux 6.8.0-87-generic #88~22.04.1-Ubuntu SMP PREEMPT_DYNAMIC Tue Oct 14 14:03:14 UTC 2 x86_64
OS uptime: 0 days 0:08 hours
libc: glibc 2.35 NPTL 2.35 
rlimit (soft/hard): STACK 8192k/infinity , CORE 0k/infinity , NPROC 30543/30543 , NOFILE 1048576/1048576 , AS infinity/infinity , CPU infinity/infinity , DATA infinity/infinity , FSIZE infinity/infinity , MEMLOCK 988004k/988004k
load average: 2.51 1.58 0.85

/proc/meminfo:
MemTotal:        7904052 kB
MemFree:          775016 kB
MemAvailable:    2439728 kB
Buffers:           37188 kB
Cached:          2225880 kB
SwapCached:         7388 kB
Active:          2564816 kB
Inactive:        3621556 kB
Active(anon):    1835520 kB
Inactive(anon):  2537568 kB
Active(file):     729296 kB
Inactive(file):  1083988 kB
Unevictable:       27020 kB
Mlocked:              48 kB
SwapTotal:       2097148 kB
SwapFree:        2066684 kB
Zswap:                 0 kB
Zswapped:              0 kB
Dirty:               344 kB
Writeback:             0 kB
AnonPages:       3943128 kB
Mapped:          1235732 kB
Shmem:            449784 kB
KReclaimable:     151188 kB
Slab:             398912 kB
SReclaimable:     151188 kB
SUnreclaim:       247724 kB
KernelStack:       19560 kB
PageTables:        54932 kB
SecPageTables:         0 kB
NFS_Unstable:          0 kB
Bounce:                0 kB
WritebackTmp:          0 kB
CommitLimit:     6049172 kB
Committed_AS:   20550396 kB
VmallocTotal:   34359738367 kB
VmallocUsed:       61100 kB
VmallocChunk:          0 kB
Percpu:             9888 kB
HardwareCorrupted:     0 kB
AnonHugePages:     28672 kB
ShmemHugePages:        0 kB
ShmemPmdMapped:        0 kB
FileHugePages:         0 kB
FilePmdMapped:         0 kB
Unaccepted:            0 kB
HugePages_Total:       0
HugePages_Free:        0
HugePages_Rsvd:        0
HugePages_Surp:        0
Hugepagesize:       2048 kB
Hugetlb:               0 kB
DirectMap4k:      284280 kB
DirectMap2M:     4730880 kB
DirectMap1G:     3145728 kB

/sys/kernel/mm/transparent_hugepage/enabled: always [madvise] never
/sys/kernel/mm/transparent_hugepage/hpage_pmd_size: 2097152
/sys/kernel/mm/transparent_hugepage/defrag (defrag/compaction efforts parameter): always defer defer+madvise [madvise] never

Process Memory:
Virtual Size: 4973260K (peak: 4973724K)
Resident Set Size: 87380K (peak: 87380K) (anon: 64764K, file: 22616K, shmem: 0K)
Swapped out: 0K
C-Heap outstanding allocations: 41696K, retained: 2823K
glibc malloc tunables: (default)

/proc/sys/kernel/threads-max (system-wide limit on the number of threads): 61087
/proc/sys/vm/max_map_count (maximum number of memory map areas a process may have): 65530
/proc/sys/vm/swappiness (control to define how aggressively the kernel swaps out anonymous memory): 60
/proc/sys/kernel/pid_max (system-wide limit on number of process identifiers): 4194304

container (cgroup) information:
container_type: cgroupv2
cpu_cpuset_cpus: not supported
cpu_memory_nodes: not supported
active_processor_count: 8
cpu_quota: not supported
cpu_period: not supported
cpu_shares: not supported
memory_limit_in_bytes: unlimited
memory_and_swap_limit_in_bytes: unlimited
memory_soft_limit_in_bytes: 0
memory_usage_in_bytes: 2126488 k
memory_max_usage_in_bytes: not supported
rss_usage_in_bytes: 1304940 k
cache_usage_in_bytes: 790356 k
memory_swap_current_in_bytes: 0
memory_swap_max_limit_in_bytes: unlimited
maximum number of tasks: 9163
current number of tasks: 165

Steal ticks since vm start: 0
Steal ticks percentage since vm start:  0.000

CPU: total 8 (initial active 8) (4 cores per cpu, 2 threads per core) family 6 model 142 stepping 10 microcode 0xf6, cx8, cmov, fxsr, ht, mmx, 3dnowpref, sse, sse2, sse3, ssse3, sse4.1, sse4.2, popcnt, lzcnt, tsc, tscinvbit, avx, avx2, aes, erms, clmul, bmi1, bmi2, adx, fma, vzeroupper, clflush, clflushopt
CPU Model and flags from /proc/cpuinfo:
model name	: Intel(R) Core(TM) i5-8250U CPU @ 1.60GHz
flags		: fpu vme de pse tsc msr pae mce cx8 apic sep mtrr pge mca cmov pat pse36 clflush dts acpi mmx fxsr sse sse2 ss ht tm pbe syscall nx pdpe1gb rdtscp lm constant_tsc art arch_perfmon pebs bts rep_good nopl xtopology nonstop_tsc cpuid aperfmperf pni pclmulqdq dtes64 monitor ds_cpl vmx est tm2 ssse3 sdbg fma cx16 xtpr pdcm pcid sse4_1 sse4_2 x2apic movbe popcnt tsc_deadline_timer aes xsave avx f16c rdrand lahf_lm abm 3dnowprefetch cpuid_fault epb pti ssbd ibrs ibpb stibp tpr_shadow flexpriority ept vpid ept_ad fsgsbase tsc_adjust sgx bmi1 avx2 smep bmi2 erms invpcid mpx rdseed adx smap clflushopt intel_pt xsaveopt xsavec xgetbv1 xsaves dtherm ida arat pln pts hwp hwp_notify hwp_act_window hwp_epp vnmi md_clear flush_l1d arch_capabilities ibpb_exit_to_user

Online cpus: 0-7
Offline cpus: 
BIOS frequency limitation: <Not Available>
Frequency switch latency (ns): 0
Available cpu frequencies: <Not Available>
Current governor: powersave
Core performance/turbo boost: <Not Available>

Memory: 4k page, physical 7904052k(775016k free), swap 2097148k(2066684k free)
Page Sizes: 4k

vm_info: OpenJDK 64-Bit Server VM (17.0.17+10-Ubuntu-122.04) for linux-amd64 JRE (17.0.17+10-Ubuntu-122.04), built on Oct 23 2025 18:49:23 by "buildd" with gcc 11.4.0

END.
