#
# A fatal error has been detected by the Java Runtime Environment:
#
#  SIGSEGV (0xb) at pc=0x00007cb10761bca8, pid=3661, tid=3699
#
# JRE version: OpenJDK Runtime Environment (21.0.8+9) (build 21.0.8+9-Ubuntu-0ubuntu122.04.1)
# Java VM: OpenJDK 64-Bit Server VM (21.0.8+9-Ubuntu-0ubuntu122.04.1, mixed mode, sharing, tiered, compressed oops, compressed class ptrs, g1 gc, linux-amd64)
# Problematic frame:
# C  0x00007cb10761bca8
#
# Core dump will be written. Default location: Core dumps may be processed with "/usr/share/apport/apport -p%p -s%s -c%c -d%d -P%P -u%u -g%g -F%F -- %E" (or dumping to /home/lee/Documents/kfarms-backend/core.3661)
#
# If you would like to submit a bug report, please visit:
#   https://bugs.launchpad.net/ubuntu/+source/openjdk-21
#

---------------  S U M M A R Y ------------

Command Line: -Dclassworlds.conf=/usr/share/maven/bin/m2.conf -Dmaven.home=/usr/share/maven -Dlibrary.jansi.path=/usr/share/maven/lib/jansi-native -Dmaven.multiModuleProjectDirectory=/home/lee/Documents/kfarms-backend org.codehaus.plexus.classworlds.launcher.Launcher spring-boot:run

Host: Intel(R) Core(TM) i5-8250U CPU @ 1.60GHz, 8 cores, 7G, Ubuntu 22.04.5 LTS
Time: Mon Oct 13 17:19:23 2025 WAT elapsed time: 0.524981 seconds (0d 0h 0m 0s)

---------------  T H R E A D  ---------------

Current thread (0x00007cb0f4007e00):  WorkerThread "GC Thread#1"    [id=3699, stack(0x00007cb105c00000,0x00007cb105d00000) (1024K)]

Stack: [0x00007cb105c00000,0x00007cb105d00000],  sp=0x00007cb105cfe928,  free space=1018k
Native frames: (J=compiled Java code, j=interpreted, Vv=VM code, C=native code)
C  0x00007cb10761bca8
V  [libjvm.so+0x8365a2]  G1ParCopyClosure<(G1Barrier)1, false>::do_oop(oopDesc**)+0xe2
V  [libjvm.so+0x619520]  ClassLoaderData::oops_do(OopClosure*, int, bool)+0x90
V  [libjvm.so+0x80f2ed]  G1CLDScanClosure::do_cld(ClassLoaderData*)+0x3d
V  [libjvm.so+0x61e631]  ClassLoaderDataGraph::roots_cld_do(CLDClosure*, CLDClosure*)+0x41
V  [libjvm.so+0x839363]  G1RootProcessor::process_java_roots(G1RootClosures*, G1GCPhaseTimes*, unsigned int)+0xd3
V  [libjvm.so+0x8393e5]  G1RootProcessor::evacuate_roots(G1ParScanThreadState*, unsigned int)+0x65
V  [libjvm.so+0x84eae6]  G1EvacuateRegionsTask::scan_roots(G1ParScanThreadState*, unsigned int)+0x26
V  [libjvm.so+0x84ed59]  G1EvacuateRegionsBaseTask::work(unsigned int)+0x89
V  [libjvm.so+0x104dad0]  WorkerThread::run()+0x80
V  [libjvm.so+0xf92fc7]  Thread::call_run()+0xa7
V  [libjvm.so+0xd07c05]  thread_native_entry(Thread*)+0xd5

siginfo: si_signo: 11 (SIGSEGV), si_code: 2 (SEGV_ACCERR), si_addr: 0x00007cb10761bca8
Error accessing class data sharing archive. Mapped file inaccessible during execution, possible disk/network problem.
Registers:
RAX=0x00007cb10761bca8, RBX=0x00007cb0c4000d80, RCX=0x0000000000000000, RDX=0x00007cb17dce6530
RSP=0x00007cb105cfe928, RBP=0x00007cb105cfe9d0, RSI=0x000000008e5ed740, RDI=0x00007cb108084500
R8 =0x0000000000000000, R9 =0x0000000000000001, R10=0x0000000000000001, R11=0x0000000000000001
R12=0x000000008d8e1f75, R13=0x000000008e5ed740, R14=0x00007cb17eed1708, R15=0x00007cb17eecfeb0
RIP=0x00007cb10761bca8, EFLAGS=0x0000000000010287, CSGSFS=0x002b000000000033, ERR=0x0000000000000015
  TRAPNO=0x000000000000000e

XMM[0]=0x0000000000041db8 0x0000000000000001
XMM[1]=0xffe7faa88ef31058 0x8e4a8a0000000001
XMM[2]=0x0000000000000000 0x0000000000000000
XMM[3]=0x8e4a8a0000000001 0x000000018ef0ed50
XMM[4]=0x7542676e69646e69 0x4264657461746f6e
XMM[5]=0x2f656c676f6f672f 0x6d6f634c293b3e3b
XMM[6]=0x63656a6e692f656c 0x676f6f672f6d6f63
XMM[7]=0x6176616a4c3a543c 0x0000007300002318
XMM[8]=0x0000000000000000 0x0000000000000000
XMM[9]=0x0000000000000000 0x0000000000000000
XMM[10]=0x0000000000000000 0x0000000000000000
XMM[11]=0x0000000000000000 0x00007cb17eb2ea60
XMM[12]=0x0000000000000000 0x0000000000000000
XMM[13]=0x0000000000000000 0x0000000000000000
XMM[14]=0x0000000000000000 0x0000000000000000
XMM[15]=0xcafebabecafebabe 0xcafebabecafebabe
  MXCSR=0x00001fa2


Register to memory mapping:

RAX=0x00007cb10761bca8 is pointing into metadata
RBX=0x00007cb0c4000d80 points into unknown readable memory: 0x00007cb17ee055d8 | d8 55 e0 7e b1 7c 00 00
RCX=0x0 is null
RDX=0x00007cb17dce6530: <offset 0x00000000002e6530> in /usr/lib/jvm/java-21-openjdk-amd64/lib/server/libjvm.so at 0x00007cb17da00000
RSP=0x00007cb105cfe928 points into unknown readable memory: 0x00007cb17e2168d0 | d0 68 21 7e b1 7c 00 00
RBP=0x00007cb105cfe9d0 points into unknown readable memory: 0x00007cb105cfea20 | 20 ea cf 05 b1 7c 00 00
RSI=
[error occurred during error reporting (printing register info), id 0xb, SIGSEGV (0xb) at pc=0x00007cb10761bca8]
RDI=0x00007cb108084500 is pointing into metadata
R8 =0x0 is null
R9 =0x0000000000000001 is an unknown value
R10=0x0000000000000001 is an unknown value
R11=0x0000000000000001 is an unknown value
R12=
[error occurred during error reporting (printing register info, attempt 2), id 0xb, SIGSEGV (0xb) at pc=0x00007cb17e1c3afe]
R13=
[error occurred during error reporting (printing register info, attempt 3), id 0xb, SIGSEGV (0xb) at pc=0x00007cb10761bca8]
Top of Stack: (sp=0x00007cb105cfe928)
0x00007cb105cfe928:   00007cb17e2168d0 00007cb105cfe990
0x00007cb105cfe938:   000000008e4aa438 00007cb17ef125f4
0x00007cb105cfe948:   000000b0c4000f08 000000008d8e1d60
0x00007cb105cfe958:   0000000000000001 0000000000000001
0x00007cb105cfe968:   00007cb17ef12501 00007cb108084500
0x00007cb105cfe978:   000000008d8e1f00 0000004005cfe9b0
0x00007cb105cfe988:   0000000000000000 00017cb0d0000d88
0x00007cb105cfe998:   0000000000000001 000000000000006a
0x00007cb105cfe9a8:   00007cb0c4000d80 00007cb178562b80
0x00007cb105cfe9b8:   00007cb178562bf0 00007cb178562af0
0x00007cb105cfe9c8:   00007cb105cfeae0 00007cb105cfea20
0x00007cb105cfe9d8:   00007cb17e2365a2 000000001f1606b8
0x00007cb105cfe9e8:   0000000037c06827 000000001f161511
0x00007cb105cfe9f8:   0000000037c081f7 00007cb178562b88
0x00007cb105cfea08:   00007cb0c40013f8 00007cb178562bf0
0x00007cb105cfea18:   00007cb178562af0 00007cb105cfea50
0x00007cb105cfea28:   00007cb17e019520 00007cb0c4001458
0x00007cb105cfea38:   00007cb0c4001458 00007cb0c4001458
0x00007cb105cfea48:   00007cb0c4001301 00007cb105cfea90
0x00007cb105cfea58:   00007cb17e20f2ed 000000000000006a
0x00007cb105cfea68:   0000000001cbe70d 00007cb105cfea90
0x00007cb105cfea78:   00007cb17e9a1f25 00007cb1781ddc10
0x00007cb105cfea88:   00007cb0c4001458 00007cb105cfeac0
0x00007cb105cfea98:   00007cb17e01e631 000000001f0ab304
0x00007cb105cfeaa8:   00007cb0c40013c0 00007cb0c4001458
0x00007cb105cfeab8:   00007cb0f4001360 00007cb105cfeb70
0x00007cb105cfeac8:   00007cb17e239363 0000000100000004
0x00007cb105cfead8:   00007cb0c4001470 00007cb17ee051d8
0x00007cb105cfeae8:   000000001f0ab304 0000000037ac04b5
0x00007cb105cfeaf8:   00007cb100000005 00007cb0f4001360
0x00007cb105cfeb08:   00007cb100000001 0000000000000000
0x00007cb105cfeb18:   0000000000000000 00007cb105000000 

Instructions: (pc=0x00007cb10761bca8)
0x00007cb10761bba8:   d0 72 48 07 b1 7c 00 00 90 99 48 07 b1 7c 00 00
0x00007cb10761bbb8:   60 da 48 07 b1 7c 00 00 e8 3f 48 07 b1 7c 00 00
0x00007cb10761bbc8:   18 79 48 07 b1 7c 00 00 e0 9e 48 07 b1 7c 00 00
0x00007cb10761bbd8:   70 3f 48 07 b1 7c 00 00 09 00 64 00 00 00 00 00
0x00007cb10761bbe8:   88 42 48 07 b1 7c 00 00 28 79 48 07 b1 7c 00 00
0x00007cb10761bbf8:   38 79 48 07 b1 7c 00 00 70 da 48 07 b1 7c 00 00
0x00007cb10761bc08:   a8 a0 48 07 b1 7c 00 00 80 da 48 07 b1 7c 00 00
0x00007cb10761bc18:   88 da 48 07 b1 7c 00 00 b0 da 48 07 b1 7c 00 00
0x00007cb10761bc28:   50 98 48 07 b1 7c 00 00 c8 da 48 07 b1 7c 00 00
0x00007cb10761bc38:   0a 00 6f 00 00 00 00 00 68 32 48 07 b1 7c 00 00
0x00007cb10761bc48:   d8 da 48 07 b1 7c 00 00 e8 da 48 07 b1 7c 00 00
0x00007cb10761bc58:   48 98 48 07 b1 7c 00 00 60 6d 48 07 b1 7c 00 00
0x00007cb10761bc68:   10 40 48 07 b1 7c 00 00 f8 da 48 07 b1 7c 00 00
0x00007cb10761bc78:   18 db 48 07 b1 7c 00 00 28 db 48 07 b1 7c 00 00
0x00007cb10761bc88:   30 db 48 07 b1 7c 00 00 01 00 00 00 00 00 00 00
0x00007cb10761bc98:   f8 3e 48 07 b1 7c 00 00 40 db 48 07 b1 7c 00 00
0x00007cb10761bca8:   00 00 00 00 00 00 00 00 0d 00 00 00 00 00 00 00
0x00007cb10761bcb8:   50 6d 47 07 b1 7c 00 00 98 10 00 07 b1 7c 00 00
0x00007cb10761bcc8:   e8 6c 47 07 b1 7c 00 00 f0 10 00 07 b1 7c 00 00
0x00007cb10761bcd8:   48 11 00 07 b1 7c 00 00 a0 11 00 07 b1 7c 00 00
0x00007cb10761bce8:   80 6c 47 07 b1 7c 00 00 08 12 00 07 b1 7c 00 00
0x00007cb10761bcf8:   18 6c 47 07 b1 7c 00 00 b0 6b 47 07 b1 7c 00 00
0x00007cb10761bd08:   58 6b 47 07 b1 7c 00 00 00 6b 47 07 b1 7c 00 00
0x00007cb10761bd18:   a8 6a 47 07 b1 7c 00 00 00 00 00 00 00 00 00 00
0x00007cb10761bd28:   00 00 00 00 00 00 00 00 0d 00 00 00 00 00 00 00
0x00007cb10761bd38:   0c 00 00 00 0a 00 00 00 03 00 00 00 05 00 00 00
0x00007cb10761bd48:   02 00 00 00 01 00 00 00 04 00 00 00 06 00 00 00
0x00007cb10761bd58:   07 00 00 00 09 00 00 00 0b 00 00 00 08 00 00 00
0x00007cb10761bd68:   03 00 00 00 01 01 00 00 00 00 00 00 00 00 00 00
0x00007cb10761bd78:   60 00 00 07 b1 7c 00 00 68 16 00 07 b1 7c 00 00
0x00007cb10761bd88:   78 16 00 07 b1 7c 00 00 88 0c 00 07 b1 7c 00 00
0x00007cb10761bd98:   00 00 00 00 00 00 00 00 b0 16 00 07 b1 7c 00 00 


Stack slot to memory mapping:

stack at sp + 0 slots: 0x00007cb17e2168d0: <offset 0x00000000008168d0> in /usr/lib/jvm/java-21-openjdk-amd64/lib/server/libjvm.so at 0x00007cb17da00000
stack at sp + 1 slots: 0x00007cb105cfe990 points into unknown readable memory: 0x00017cb0d0000d88 | 88 0d 00 d0 b0 7c 01 00
stack at sp + 2 slots: 0x000000008e4aa438 is an oop: java.lang.Class 
{0x000000008e4aa438} - klass: 'java/lang/Class'
 - ---- fields (total size 14 words):
 - private volatile transient 'classRedefinedCount' 'I' @12  0 (0x00000000)
 - injected 'klass' 'J' @16  137099785876800 (0x00007cb108093540)
 - injected 'array_klass' 'J' @24  137099785877944 (0x00007cb1080939b8)
 - injected 'oop_size' 'I' @32  14 (0x0000000e)
 - injected 'static_oop_field_count' 'I' @36  0 (0x00000000)
 - private volatile transient 'cachedConstructor' 'Ljava/lang/reflect/Constructor;' @40  null (0x00000000)
 - private transient 'name' 'Ljava/lang/String;' @44  "com.google.inject.Key$AnnotationStrategy"{0x000000008e4aa4b8} (0x8e4aa4b8)
 - private transient 'module' 'Ljava/lang/Module;' @48  a 'java/lang/Module'{0x000000008ef47d80} (0x8ef47d80)
 - private final 'classLoader' 'Ljava/lang/ClassLoader;' @52  a 'org/codehaus/plexus/classworlds/realm/ClassRealm'{0x000000008ef47b30} (0x8ef47b30)
 - private transient 'classData' 'Ljava/lang/Object;' @56  null (0x00000000)
 - private transient 'packageName' 'Ljava/lang/String;' @60  "com.google.inject"{0x000000008ea46850} (0x8ea46850)
 - private final 'componentType' 'Ljava/lang/Class;' @64  null (0x00000000)
 - private volatile transient 'reflectionData' 'Ljava/lang/ref/SoftReference;' @68  null (0x00000000)
 - private volatile transient 'genericInfo' 'Lsun/reflect/generics/repository/ClassRepository;' @72  null (0x00000000)
 - private volatile transient 'enumConstants' '[Ljava/lang/Object;' @76  null (0x00000000)
 - private volatile transient 'enumConstantDirectory' 'Ljava/util/Map;' @80  null (0x00000000)
 - private volatile transient 'annotationData' 'Ljava/lang/Class$AnnotationData;' @84  null (0x00000000)
 - private volatile transient 'annotationType' 'Lsun/reflect/annotation/AnnotationType;' @88  null (0x00000000)
 - transient 'classValueMap' 'Ljava/lang/ClassValue$ClassValueMap;' @92  null (0x00000000)
 - injected 'protection_domain' 'Ljava/lang/Object;' @96  a 'java/security/ProtectionDomain'{0x000000008ea4ad98} (0x8ea4ad98)
 - injected 'signers_name' 'Ljava/lang/Object;' @100  null (0x00000000)
 - injected 'source_file' 'Ljava/lang/Object;' @104  null (0x00000000)
 - injected '<init_lock>' 'Ljava/lang/Object;' @108  [I{0x000000008e4aa4a8} (0x8e4aa4a8)
 - signature: Lcom/google/inject/Key$AnnotationStrategy;
 - ---- static fields (0):
stack at sp + 3 slots: 0x00007cb17ef125f4: <offset 0x00000000015125f4> in /usr/lib/jvm/java-21-openjdk-amd64/lib/server/libjvm.so at 0x00007cb17da00000
stack at sp + 4 slots: 0x000000b0c4000f08 is an unknown value
stack at sp + 5 slots: 0x000000008d8e1d60 is an oop: java.lang.reflect.Method 
{0x000000008d8e1d60} - klass: 'java/lang/reflect/Method'
 - ---- fields (total size 11 words):
 - 'override' 'Z' @12  false (0x00)
 - volatile 'accessCheckCache' 'Ljava/lang/Object;' @16  null (0x00000000)
 - private transient 'parameterData' 'Ljava/lang/reflect/Executable$ParameterData;' @20  null (0x00000000)
 - private volatile transient 'declaredAnnotations' 'Ljava/util/Map;' @24  a 'java/util/Collections$EmptyMap'{0x000000008d801ba8} (0x8d801ba8)
 - private 'callerSensitive' 'B' @13  0 (0x00)
 - private final 'slot' 'I' @28  1 (0x00000001)
 - private final 'modifiers' 'I' @32  1 (0x00000001)
 - private final 'clazz' 'Ljava/lang/Class;' @36  a 'java/lang/Class'{0x000000008d8e1b50} = 'org/eclipse/sisu/wire/ElementAnalyzer$1' (0x8d8e1b50)
 - private final 'name' 'Ljava/lang/String;' @40  "configure"{0x000000008d8e0ec0} (0x8d8e0ec0)
 - private final 'returnType' 'Ljava/lang/Class;' @44  a 'java/lang/Class'{0x00000000ffe7faa8} = void (0xffe7faa8)
 - private final 'parameterTypes' '[Ljava/lang/Class;' @48  a 'java/lang/Class'[1] {0x000000008d8e1db8} (0x8d8e1db8)
 - private final 'exceptionTypes' '[Ljava/lang/Class;' @52  a 'java/lang/Class'[0] {0x000000008d8015e0} (0x8d8015e0)
 - private final transient 'signature' 'Ljava/lang/String;' @56  null (0x00000000)
 - private volatile transient 'genericInfo' 'Lsun/reflect/generics/repository/MethodRepository;' @60  null (0x00000000)
 - private final 'annotations' '[B' @64  null (0x00000000)
 - private final 'parameterAnnotations' '[B' @68  null (0x00000000)
 - private final 'annotationDefault' '[B' @72  null (0x00000000)
 - private 'methodAccessor' 'Ljdk/internal/reflect/MethodAccessor;' @76  null (0x00000000)
 - private 'root' 'Ljava/lang/reflect/Method;' @80  null (0x00000000)
stack at sp + 6 slots: 0x0000000000000001 is an unknown value
stack at sp + 7 slots: 0x0000000000000001 is an unknown value


---------------  P R O C E S S  ---------------

Threads class SMR info:
_java_thread_list=0x00007cb0e017e4d0, length=12, elements={
0x00007cb178019720, 0x00007cb178149ae0, 0x00007cb17814b160, 0x00007cb17814c8f0,
0x00007cb17814df20, 0x00007cb17814f4b0, 0x00007cb178150fe0, 0x00007cb178152690,
0x00007cb17815e520, 0x00007cb178161840, 0x00007cb0dc0a7880, 0x00007cb0e017d340
}

Java Threads: ( => current thread )
  0x00007cb178019720 JavaThread "main"                              [_thread_blocked, id=3680, stack(0x00007cb17d900000,0x00007cb17da00000) (1024K)]
  0x00007cb178149ae0 JavaThread "Reference Handler"          daemon [_thread_blocked, id=3688, stack(0x00007cb106700000,0x00007cb106800000) (1024K)]
  0x00007cb17814b160 JavaThread "Finalizer"                  daemon [_thread_blocked, id=3689, stack(0x00007cb106600000,0x00007cb106700000) (1024K)]
  0x00007cb17814c8f0 JavaThread "Signal Dispatcher"          daemon [_thread_blocked, id=3690, stack(0x00007cb106500000,0x00007cb106600000) (1024K)]
  0x00007cb17814df20 JavaThread "Service Thread"             daemon [_thread_blocked, id=3691, stack(0x00007cb106400000,0x00007cb106500000) (1024K)]
  0x00007cb17814f4b0 JavaThread "Monitor Deflation Thread"   daemon [_thread_blocked, id=3692, stack(0x00007cb106300000,0x00007cb106400000) (1024K)]
  0x00007cb178150fe0 JavaThread "C2 CompilerThread0"         daemon [_thread_blocked, id=3693, stack(0x00007cb106200000,0x00007cb106300000) (1024K)]
  0x00007cb178152690 JavaThread "C1 CompilerThread0"         daemon [_thread_blocked, id=3694, stack(0x00007cb106100000,0x00007cb106200000) (1024K)]
  0x00007cb17815e520 JavaThread "Notification Thread"        daemon [_thread_blocked, id=3695, stack(0x00007cb106000000,0x00007cb106100000) (1024K)]
  0x00007cb178161840 JavaThread "Common-Cleaner"             daemon [_thread_blocked, id=3696, stack(0x00007cb105f00000,0x00007cb106000000) (1024K)]
  0x00007cb0dc0a7880 JavaThread "C2 CompilerThread1"         daemon [_thread_blocked, id=3697, stack(0x00007cb105e00000,0x00007cb105f00000) (1024K)]
  0x00007cb0e017d340 JavaThread "C2 CompilerThread2"         daemon [_thread_blocked, id=3698, stack(0x00007cb105d00000,0x00007cb105e00000) (1024K)]
Total: 12

Other Threads:
  0x00007cb178140690 VMThread "VM Thread"                           [id=3687, stack(0x00007cb106dff000,0x00007cb106eff000) (1024K)]
  0x00007cb17812e970 WatcherThread "VM Periodic Task Thread"        [id=3686, stack(0x00007cb106f00000,0x00007cb107000000) (1024K)]
  0x00007cb178070260 WorkerThread "GC Thread#0"                     [id=3681, stack(0x00007cb17c398000,0x00007cb17c498000) (1024K)]
=>0x00007cb0f4007e00 WorkerThread "GC Thread#1"                     [id=3699, stack(0x00007cb105c00000,0x00007cb105d00000) (1024K)]
  0x00007cb1780809b0 ConcurrentGCThread "G1 Main Marker"            [id=3682, stack(0x00007cb17c297000,0x00007cb17c397000) (1024K)]
  0x00007cb178081950 WorkerThread "G1 Conc#0"                       [id=3683, stack(0x00007cb17c196000,0x00007cb17c296000) (1024K)]
  0x00007cb178112fb0 ConcurrentGCThread "G1 Refine#0"               [id=3684, stack(0x00007cb15c1fb000,0x00007cb15c2fb000) (1024K)]
  0x00007cb178113f60 ConcurrentGCThread "G1 Service"                [id=3685, stack(0x00007cb15c0fa000,0x00007cb15c1fa000) (1024K)]
Total: 8

Threads with active compile tasks:
C1 CompilerThread0  628 1137       3       org.eclipse.sisu.space.asm.ClassReader::readUTF8 (60 bytes)
C2 CompilerThread1  629 1114       4       jdk.internal.loader.URLClassPath::getResource (74 bytes)
C2 CompilerThread2  629 1136       4       org.eclipse.sisu.space.asm.ClassReader::readUnsignedShort (26 bytes)
Total: 3

VM state: at safepoint (normal execution)

VM Mutex/Monitor currently owned by a thread:  ([mutex/lock_event])
[0x00007cb17ef2ce10] Threads_lock - owner thread: 0x00007cb178140690
[0x00007cb17ef2cd10] Heap_lock - owner thread: 0x00007cb178019720

Heap address: 0x0000000087600000, size: 1930 MB, Compressed Oops mode: 32-bit

CDS archive(s) mapped at: [0x00007cb107000000-0x00007cb107ca0000-0x00007cb107ca0000), size 13238272, SharedBaseAddress: 0x00007cb107000000, ArchiveRelocationMode: 1.
Compressed class space mapped at: 0x00007cb108000000-0x00007cb148000000, reserved size: 1073741824
Narrow klass base: 0x00007cb107000000, Narrow klass shift: 0, Narrow klass range: 0x100000000

GC Precious Log:
 CardTable entry size: 512
 Card Set container configuration: InlinePtr #cards 5 size 8 Array Of Cards #cards 12 size 40 Howl #buckets 4 coarsen threshold 1843 Howl Bitmap #cards 512 size 80 coarsen threshold 460 Card regions per heap region 1 cards per card region 2048
 CPUs: 8 total, 8 available
 Memory: 7718M
 Large Page Support: Disabled
 NUMA Support: Disabled
 Compressed Oops: Enabled (32-bit)
 Heap Region Size: 1M
 Heap Min Capacity: 8M
 Heap Initial Capacity: 122M
 Heap Max Capacity: 1930M
 Pre-touch: Disabled
 Parallel Workers: 8
 Concurrent Workers: 2
 Concurrent Refinement Workers: 8
 Periodic GC: Disabled

Heap:
 garbage-first heap   total 126976K, used 24626K [0x0000000087600000, 0x0000000100000000)
  region size 1024K, 25 young (25600K), 2 survivors (2048K)
 Metaspace       used 5386K, committed 5504K, reserved 1114112K
  class space    used 619K, committed 704K, reserved 1048576K

Heap Regions: E=young(eden), S=young(survivor), O=old, HS=humongous(starts), HC=humongous(continues), CS=collection set, F=free, TAMS=top-at-mark-start, PB=parsable bottom
|   0|0x0000000087600000, 0x0000000087600000, 0x0000000087700000|  0%| F|  |TAMS 0x0000000087600000| PB 0x0000000087600000| Untracked 
|   1|0x0000000087700000, 0x0000000087700000, 0x0000000087800000|  0%| F|  |TAMS 0x0000000087700000| PB 0x0000000087700000| Untracked 
|   2|0x0000000087800000, 0x0000000087800000, 0x0000000087900000|  0%| F|  |TAMS 0x0000000087800000| PB 0x0000000087800000| Untracked 
|   3|0x0000000087900000, 0x0000000087900000, 0x0000000087a00000|  0%| F|  |TAMS 0x0000000087900000| PB 0x0000000087900000| Untracked 
|   4|0x0000000087a00000, 0x0000000087a00000, 0x0000000087b00000|  0%| F|  |TAMS 0x0000000087a00000| PB 0x0000000087a00000| Untracked 
|   5|0x0000000087b00000, 0x0000000087b00000, 0x0000000087c00000|  0%| F|  |TAMS 0x0000000087b00000| PB 0x0000000087b00000| Untracked 
|   6|0x0000000087c00000, 0x0000000087c00000, 0x0000000087d00000|  0%| F|  |TAMS 0x0000000087c00000| PB 0x0000000087c00000| Untracked 
|   7|0x0000000087d00000, 0x0000000087d00000, 0x0000000087e00000|  0%| F|  |TAMS 0x0000000087d00000| PB 0x0000000087d00000| Untracked 
|   8|0x0000000087e00000, 0x0000000087e00000, 0x0000000087f00000|  0%| F|  |TAMS 0x0000000087e00000| PB 0x0000000087e00000| Untracked 
|   9|0x0000000087f00000, 0x0000000087f00000, 0x0000000088000000|  0%| F|  |TAMS 0x0000000087f00000| PB 0x0000000087f00000| Untracked 
|  10|0x0000000088000000, 0x0000000088000000, 0x0000000088100000|  0%| F|  |TAMS 0x0000000088000000| PB 0x0000000088000000| Untracked 
|  11|0x0000000088100000, 0x0000000088100000, 0x0000000088200000|  0%| F|  |TAMS 0x0000000088100000| PB 0x0000000088100000| Untracked 
|  12|0x0000000088200000, 0x0000000088200000, 0x0000000088300000|  0%| F|  |TAMS 0x0000000088200000| PB 0x0000000088200000| Untracked 
|  13|0x0000000088300000, 0x0000000088300000, 0x0000000088400000|  0%| F|  |TAMS 0x0000000088300000| PB 0x0000000088300000| Untracked 
|  14|0x0000000088400000, 0x0000000088400000, 0x0000000088500000|  0%| F|  |TAMS 0x0000000088400000| PB 0x0000000088400000| Untracked 
|  15|0x0000000088500000, 0x0000000088500000, 0x0000000088600000|  0%| F|  |TAMS 0x0000000088500000| PB 0x0000000088500000| Untracked 
|  16|0x0000000088600000, 0x0000000088600000, 0x0000000088700000|  0%| F|  |TAMS 0x0000000088600000| PB 0x0000000088600000| Untracked 
|  17|0x0000000088700000, 0x0000000088700000, 0x0000000088800000|  0%| F|  |TAMS 0x0000000088700000| PB 0x0000000088700000| Untracked 
|  18|0x0000000088800000, 0x0000000088800000, 0x0000000088900000|  0%| F|  |TAMS 0x0000000088800000| PB 0x0000000088800000| Untracked 
|  19|0x0000000088900000, 0x0000000088900000, 0x0000000088a00000|  0%| F|  |TAMS 0x0000000088900000| PB 0x0000000088900000| Untracked 
|  20|0x0000000088a00000, 0x0000000088a00000, 0x0000000088b00000|  0%| F|  |TAMS 0x0000000088a00000| PB 0x0000000088a00000| Untracked 
|  21|0x0000000088b00000, 0x0000000088b00000, 0x0000000088c00000|  0%| F|  |TAMS 0x0000000088b00000| PB 0x0000000088b00000| Untracked 
|  22|0x0000000088c00000, 0x0000000088c00000, 0x0000000088d00000|  0%| F|  |TAMS 0x0000000088c00000| PB 0x0000000088c00000| Untracked 
|  23|0x0000000088d00000, 0x0000000088d00000, 0x0000000088e00000|  0%| F|  |TAMS 0x0000000088d00000| PB 0x0000000088d00000| Untracked 
|  24|0x0000000088e00000, 0x0000000088e00000, 0x0000000088f00000|  0%| F|  |TAMS 0x0000000088e00000| PB 0x0000000088e00000| Untracked 
|  25|0x0000000088f00000, 0x0000000088f00000, 0x0000000089000000|  0%| F|  |TAMS 0x0000000088f00000| PB 0x0000000088f00000| Untracked 
|  26|0x0000000089000000, 0x0000000089000000, 0x0000000089100000|  0%| F|  |TAMS 0x0000000089000000| PB 0x0000000089000000| Untracked 
|  27|0x0000000089100000, 0x0000000089100000, 0x0000000089200000|  0%| F|  |TAMS 0x0000000089100000| PB 0x0000000089100000| Untracked 
|  28|0x0000000089200000, 0x0000000089200000, 0x0000000089300000|  0%| F|  |TAMS 0x0000000089200000| PB 0x0000000089200000| Untracked 
|  29|0x0000000089300000, 0x0000000089300000, 0x0000000089400000|  0%| F|  |TAMS 0x0000000089300000| PB 0x0000000089300000| Untracked 
|  30|0x0000000089400000, 0x0000000089400000, 0x0000000089500000|  0%| F|  |TAMS 0x0000000089400000| PB 0x0000000089400000| Untracked 
|  31|0x0000000089500000, 0x0000000089500000, 0x0000000089600000|  0%| F|  |TAMS 0x0000000089500000| PB 0x0000000089500000| Untracked 
|  32|0x0000000089600000, 0x0000000089600000, 0x0000000089700000|  0%| F|  |TAMS 0x0000000089600000| PB 0x0000000089600000| Untracked 
|  33|0x0000000089700000, 0x0000000089700000, 0x0000000089800000|  0%| F|  |TAMS 0x0000000089700000| PB 0x0000000089700000| Untracked 
|  34|0x0000000089800000, 0x0000000089800000, 0x0000000089900000|  0%| F|  |TAMS 0x0000000089800000| PB 0x0000000089800000| Untracked 
|  35|0x0000000089900000, 0x0000000089900000, 0x0000000089a00000|  0%| F|  |TAMS 0x0000000089900000| PB 0x0000000089900000| Untracked 
|  36|0x0000000089a00000, 0x0000000089a00000, 0x0000000089b00000|  0%| F|  |TAMS 0x0000000089a00000| PB 0x0000000089a00000| Untracked 
|  37|0x0000000089b00000, 0x0000000089b00000, 0x0000000089c00000|  0%| F|  |TAMS 0x0000000089b00000| PB 0x0000000089b00000| Untracked 
|  38|0x0000000089c00000, 0x0000000089c00000, 0x0000000089d00000|  0%| F|  |TAMS 0x0000000089c00000| PB 0x0000000089c00000| Untracked 
|  39|0x0000000089d00000, 0x0000000089d00000, 0x0000000089e00000|  0%| F|  |TAMS 0x0000000089d00000| PB 0x0000000089d00000| Untracked 
|  40|0x0000000089e00000, 0x0000000089e00000, 0x0000000089f00000|  0%| F|  |TAMS 0x0000000089e00000| PB 0x0000000089e00000| Untracked 
|  41|0x0000000089f00000, 0x0000000089f00000, 0x000000008a000000|  0%| F|  |TAMS 0x0000000089f00000| PB 0x0000000089f00000| Untracked 
|  42|0x000000008a000000, 0x000000008a000000, 0x000000008a100000|  0%| F|  |TAMS 0x000000008a000000| PB 0x000000008a000000| Untracked 
|  43|0x000000008a100000, 0x000000008a100000, 0x000000008a200000|  0%| F|  |TAMS 0x000000008a100000| PB 0x000000008a100000| Untracked 
|  44|0x000000008a200000, 0x000000008a200000, 0x000000008a300000|  0%| F|  |TAMS 0x000000008a200000| PB 0x000000008a200000| Untracked 
|  45|0x000000008a300000, 0x000000008a300000, 0x000000008a400000|  0%| F|  |TAMS 0x000000008a300000| PB 0x000000008a300000| Untracked 
|  46|0x000000008a400000, 0x000000008a400000, 0x000000008a500000|  0%| F|  |TAMS 0x000000008a400000| PB 0x000000008a400000| Untracked 
|  47|0x000000008a500000, 0x000000008a500000, 0x000000008a600000|  0%| F|  |TAMS 0x000000008a500000| PB 0x000000008a500000| Untracked 
|  48|0x000000008a600000, 0x000000008a600000, 0x000000008a700000|  0%| F|  |TAMS 0x000000008a600000| PB 0x000000008a600000| Untracked 
|  49|0x000000008a700000, 0x000000008a700000, 0x000000008a800000|  0%| F|  |TAMS 0x000000008a700000| PB 0x000000008a700000| Untracked 
|  50|0x000000008a800000, 0x000000008a800000, 0x000000008a900000|  0%| F|  |TAMS 0x000000008a800000| PB 0x000000008a800000| Untracked 
|  51|0x000000008a900000, 0x000000008a900000, 0x000000008aa00000|  0%| F|  |TAMS 0x000000008a900000| PB 0x000000008a900000| Untracked 
|  52|0x000000008aa00000, 0x000000008aa00000, 0x000000008ab00000|  0%| F|  |TAMS 0x000000008aa00000| PB 0x000000008aa00000| Untracked 
|  53|0x000000008ab00000, 0x000000008ab00000, 0x000000008ac00000|  0%| F|  |TAMS 0x000000008ab00000| PB 0x000000008ab00000| Untracked 
|  54|0x000000008ac00000, 0x000000008ac00000, 0x000000008ad00000|  0%| F|  |TAMS 0x000000008ac00000| PB 0x000000008ac00000| Untracked 
|  55|0x000000008ad00000, 0x000000008ad00000, 0x000000008ae00000|  0%| F|  |TAMS 0x000000008ad00000| PB 0x000000008ad00000| Untracked 
|  56|0x000000008ae00000, 0x000000008ae00000, 0x000000008af00000|  0%| F|  |TAMS 0x000000008ae00000| PB 0x000000008ae00000| Untracked 
|  57|0x000000008af00000, 0x000000008af00000, 0x000000008b000000|  0%| F|  |TAMS 0x000000008af00000| PB 0x000000008af00000| Untracked 
|  58|0x000000008b000000, 0x000000008b000000, 0x000000008b100000|  0%| F|  |TAMS 0x000000008b000000| PB 0x000000008b000000| Untracked 
|  59|0x000000008b100000, 0x000000008b100000, 0x000000008b200000|  0%| F|  |TAMS 0x000000008b100000| PB 0x000000008b100000| Untracked 
|  60|0x000000008b200000, 0x000000008b200000, 0x000000008b300000|  0%| F|  |TAMS 0x000000008b200000| PB 0x000000008b200000| Untracked 
|  61|0x000000008b300000, 0x000000008b300000, 0x000000008b400000|  0%| F|  |TAMS 0x000000008b300000| PB 0x000000008b300000| Untracked 
|  62|0x000000008b400000, 0x000000008b400000, 0x000000008b500000|  0%| F|  |TAMS 0x000000008b400000| PB 0x000000008b400000| Untracked 
|  63|0x000000008b500000, 0x000000008b500000, 0x000000008b600000|  0%| F|  |TAMS 0x000000008b500000| PB 0x000000008b500000| Untracked 
|  64|0x000000008b600000, 0x000000008b600000, 0x000000008b700000|  0%| F|  |TAMS 0x000000008b600000| PB 0x000000008b600000| Untracked 
|  65|0x000000008b700000, 0x000000008b700000, 0x000000008b800000|  0%| F|  |TAMS 0x000000008b700000| PB 0x000000008b700000| Untracked 
|  66|0x000000008b800000, 0x000000008b800000, 0x000000008b900000|  0%| F|  |TAMS 0x000000008b800000| PB 0x000000008b800000| Untracked 
|  67|0x000000008b900000, 0x000000008b900000, 0x000000008ba00000|  0%| F|  |TAMS 0x000000008b900000| PB 0x000000008b900000| Untracked 
|  68|0x000000008ba00000, 0x000000008ba00000, 0x000000008bb00000|  0%| F|  |TAMS 0x000000008ba00000| PB 0x000000008ba00000| Untracked 
|  69|0x000000008bb00000, 0x000000008bb00000, 0x000000008bc00000|  0%| F|  |TAMS 0x000000008bb00000| PB 0x000000008bb00000| Untracked 
|  70|0x000000008bc00000, 0x000000008bc00000, 0x000000008bd00000|  0%| F|  |TAMS 0x000000008bc00000| PB 0x000000008bc00000| Untracked 
|  71|0x000000008bd00000, 0x000000008bd00000, 0x000000008be00000|  0%| F|  |TAMS 0x000000008bd00000| PB 0x000000008bd00000| Untracked 
|  72|0x000000008be00000, 0x000000008be00000, 0x000000008bf00000|  0%| F|  |TAMS 0x000000008be00000| PB 0x000000008be00000| Untracked 
|  73|0x000000008bf00000, 0x000000008bf00000, 0x000000008c000000|  0%| F|  |TAMS 0x000000008bf00000| PB 0x000000008bf00000| Untracked 
|  74|0x000000008c000000, 0x000000008c000000, 0x000000008c100000|  0%| F|  |TAMS 0x000000008c000000| PB 0x000000008c000000| Untracked 
|  75|0x000000008c100000, 0x000000008c100000, 0x000000008c200000|  0%| F|  |TAMS 0x000000008c100000| PB 0x000000008c100000| Untracked 
|  76|0x000000008c200000, 0x000000008c200000, 0x000000008c300000|  0%| F|  |TAMS 0x000000008c200000| PB 0x000000008c200000| Untracked 
|  77|0x000000008c300000, 0x000000008c300000, 0x000000008c400000|  0%| F|  |TAMS 0x000000008c300000| PB 0x000000008c300000| Untracked 
|  78|0x000000008c400000, 0x000000008c400000, 0x000000008c500000|  0%| F|  |TAMS 0x000000008c400000| PB 0x000000008c400000| Untracked 
|  79|0x000000008c500000, 0x000000008c500000, 0x000000008c600000|  0%| F|  |TAMS 0x000000008c500000| PB 0x000000008c500000| Untracked 
|  80|0x000000008c600000, 0x000000008c600000, 0x000000008c700000|  0%| F|  |TAMS 0x000000008c600000| PB 0x000000008c600000| Untracked 
|  81|0x000000008c700000, 0x000000008c700000, 0x000000008c800000|  0%| F|  |TAMS 0x000000008c700000| PB 0x000000008c700000| Untracked 
|  82|0x000000008c800000, 0x000000008c800000, 0x000000008c900000|  0%| F|  |TAMS 0x000000008c800000| PB 0x000000008c800000| Untracked 
|  83|0x000000008c900000, 0x000000008c900000, 0x000000008ca00000|  0%| F|  |TAMS 0x000000008c900000| PB 0x000000008c900000| Untracked 
|  84|0x000000008ca00000, 0x000000008ca00000, 0x000000008cb00000|  0%| F|  |TAMS 0x000000008ca00000| PB 0x000000008ca00000| Untracked 
|  85|0x000000008cb00000, 0x000000008cb00000, 0x000000008cc00000|  0%| F|  |TAMS 0x000000008cb00000| PB 0x000000008cb00000| Untracked 
|  86|0x000000008cc00000, 0x000000008cc00000, 0x000000008cd00000|  0%| F|  |TAMS 0x000000008cc00000| PB 0x000000008cc00000| Untracked 
|  87|0x000000008cd00000, 0x000000008cd00000, 0x000000008ce00000|  0%| F|  |TAMS 0x000000008cd00000| PB 0x000000008cd00000| Untracked 
|  88|0x000000008ce00000, 0x000000008ce00000, 0x000000008cf00000|  0%| F|  |TAMS 0x000000008ce00000| PB 0x000000008ce00000| Untracked 
|  89|0x000000008cf00000, 0x000000008cf00000, 0x000000008d000000|  0%| F|  |TAMS 0x000000008cf00000| PB 0x000000008cf00000| Untracked 
|  90|0x000000008d000000, 0x000000008d000000, 0x000000008d100000|  0%| F|  |TAMS 0x000000008d000000| PB 0x000000008d000000| Untracked 
|  91|0x000000008d100000, 0x000000008d100000, 0x000000008d200000|  0%| F|  |TAMS 0x000000008d100000| PB 0x000000008d100000| Untracked 
|  92|0x000000008d200000, 0x000000008d200000, 0x000000008d300000|  0%| F|  |TAMS 0x000000008d200000| PB 0x000000008d200000| Untracked 
|  93|0x000000008d300000, 0x000000008d300000, 0x000000008d400000|  0%| F|  |TAMS 0x000000008d300000| PB 0x000000008d300000| Untracked 
|  94|0x000000008d400000, 0x000000008d400000, 0x000000008d500000|  0%| F|  |TAMS 0x000000008d400000| PB 0x000000008d400000| Untracked 
|  95|0x000000008d500000, 0x000000008d500000, 0x000000008d600000|  0%| F|  |TAMS 0x000000008d500000| PB 0x000000008d500000| Untracked 
|  96|0x000000008d600000, 0x000000008d600000, 0x000000008d700000|  0%| F|  |TAMS 0x000000008d600000| PB 0x000000008d600000| Untracked 
|  97|0x000000008d700000, 0x000000008d760000, 0x000000008d800000| 37%| S|  |TAMS 0x000000008d700000| PB 0x000000008d700000| Complete 
|  98|0x000000008d800000, 0x000000008d900000, 0x000000008d900000|100%| S|  |TAMS 0x000000008d800000| PB 0x000000008d800000| Complete 
|  99|0x000000008d900000, 0x000000008da00000, 0x000000008da00000|100%| E|CS|TAMS 0x000000008d900000| PB 0x000000008d900000| Complete 
| 100|0x000000008da00000, 0x000000008db00000, 0x000000008db00000|100%| E|CS|TAMS 0x000000008da00000| PB 0x000000008da00000| Complete 
| 101|0x000000008db00000, 0x000000008dc00000, 0x000000008dc00000|100%| E|CS|TAMS 0x000000008db00000| PB 0x000000008db00000| Complete 
| 102|0x000000008dc00000, 0x000000008dd00000, 0x000000008dd00000|100%| E|CS|TAMS 0x000000008dc00000| PB 0x000000008dc00000| Complete 
| 103|0x000000008dd00000, 0x000000008de00000, 0x000000008de00000|100%| E|CS|TAMS 0x000000008dd00000| PB 0x000000008dd00000| Complete 
| 104|0x000000008de00000, 0x000000008df00000, 0x000000008df00000|100%| E|CS|TAMS 0x000000008de00000| PB 0x000000008de00000| Complete 
| 105|0x000000008df00000, 0x000000008e000000, 0x000000008e000000|100%| E|CS|TAMS 0x000000008df00000| PB 0x000000008df00000| Complete 
| 106|0x000000008e000000, 0x000000008e100000, 0x000000008e100000|100%| E|CS|TAMS 0x000000008e000000| PB 0x000000008e000000| Complete 
| 107|0x000000008e100000, 0x000000008e200000, 0x000000008e200000|100%| E|CS|TAMS 0x000000008e100000| PB 0x000000008e100000| Complete 
| 108|0x000000008e200000, 0x000000008e300000, 0x000000008e300000|100%| E|CS|TAMS 0x000000008e200000| PB 0x000000008e200000| Complete 
| 109|0x000000008e300000, 0x000000008e400000, 0x000000008e400000|100%| E|CS|TAMS 0x000000008e300000| PB 0x000000008e300000| Complete 
| 110|0x000000008e400000, 0x000000008e500000, 0x000000008e500000|100%| E|CS|TAMS 0x000000008e400000| PB 0x000000008e400000| Complete 
| 111|0x000000008e500000, 0x000000008e600000, 0x000000008e600000|100%| E|CS|TAMS 0x000000008e500000| PB 0x000000008e500000| Complete 
| 112|0x000000008e600000, 0x000000008e700000, 0x000000008e700000|100%| E|CS|TAMS 0x000000008e600000| PB 0x000000008e600000| Complete 
| 113|0x000000008e700000, 0x000000008e800000, 0x000000008e800000|100%| E|CS|TAMS 0x000000008e700000| PB 0x000000008e700000| Complete 
| 114|0x000000008e800000, 0x000000008e900000, 0x000000008e900000|100%| E|CS|TAMS 0x000000008e800000| PB 0x000000008e800000| Complete 
| 115|0x000000008e900000, 0x000000008ea00000, 0x000000008ea00000|100%| E|CS|TAMS 0x000000008e900000| PB 0x000000008e900000| Complete 
| 116|0x000000008ea00000, 0x000000008eb00000, 0x000000008eb00000|100%| E|CS|TAMS 0x000000008ea00000| PB 0x000000008ea00000| Complete 
| 117|0x000000008eb00000, 0x000000008ec00000, 0x000000008ec00000|100%| E|CS|TAMS 0x000000008eb00000| PB 0x000000008eb00000| Complete 
| 118|0x000000008ec00000, 0x000000008ed00000, 0x000000008ed00000|100%| E|CS|TAMS 0x000000008ec00000| PB 0x000000008ec00000| Complete 
| 119|0x000000008ed00000, 0x000000008ee00000, 0x000000008ee00000|100%| E|CS|TAMS 0x000000008ed00000| PB 0x000000008ed00000| Complete 
| 120|0x000000008ee00000, 0x000000008ef00000, 0x000000008ef00000|100%| E|CS|TAMS 0x000000008ee00000| PB 0x000000008ee00000| Complete 
| 121|0x000000008ef00000, 0x000000008f000000, 0x000000008f000000|100%| E|CS|TAMS 0x000000008ef00000| PB 0x000000008ef00000| Complete 
|1928|0x00000000ffe00000, 0x00000000fff00000, 0x00000000fff00000|100%| O|  |TAMS 0x00000000ffe00000| PB 0x00000000ffe00000| Untracked 
|1929|0x00000000fff00000, 0x00000000fff0ca78, 0x0000000100000000|  4%| O|  |TAMS 0x00000000fff00000| PB 0x00000000fff00000| Untracked 

Card table byte_map: [0x00007cb17c498000,0x00007cb17c85d000] _byte_map_base: 0x00007cb17c05d000

Marking Bits: (CMBitMap*) 0x00007cb178070d80
 Bits: [0x00007cb15e9d8000, 0x00007cb160800000)

Polling page: 0x00007cb17f3aa000

Metaspace:

Usage:
  Non-class:      4.65 MB used.
      Class:    619.57 KB used.
       Both:      5.26 MB used.

Virtual space:
  Non-class space:       64.00 MB reserved,       4.69 MB (  7%) committed,  1 nodes.
      Class space:        1.00 GB reserved,     704.00 KB ( <1%) committed,  1 nodes.
             Both:        1.06 GB reserved,       5.38 MB ( <1%) committed. 

Chunk freelists:
   Non-Class:  9.19 MB
       Class:  15.28 MB
        Both:  24.47 MB

MaxMetaspaceSize: unlimited
CompressedClassSpaceSize: 1.00 GB
Initial GC threshold: 21.00 MB
Current GC threshold: 21.00 MB
CDS: on
 - commit_granule_bytes: 65536.
 - commit_granule_words: 8192.
 - virtual_space_node_default_size: 8388608.
 - enlarge_chunks_in_place: 1.
 - use_allocation_guard: 0.


Internal statistics:

num_allocs_failed_limit: 0.
num_arena_births: 36.
num_arena_deaths: 0.
num_vsnodes_births: 2.
num_vsnodes_deaths: 0.
num_space_committed: 86.
num_space_uncommitted: 0.
num_chunks_returned_to_freelist: 0.
num_chunks_taken_from_freelist: 180.
num_chunk_merges: 0.
num_chunk_splits: 126.
num_chunks_enlarged: 110.
num_inconsistent_stats: 0.

CodeHeap 'non-profiled nmethods': size=120028Kb used=420Kb max_used=420Kb free=119607Kb
 bounds [0x00007cb1682c9000, 0x00007cb168539000, 0x00007cb16f800000]
CodeHeap 'profiled nmethods': size=120028Kb used=2191Kb max_used=2191Kb free=117836Kb
 bounds [0x00007cb160800000, 0x00007cb160a70000, 0x00007cb167d37000]
CodeHeap 'non-nmethods': size=5704Kb used=1329Kb max_used=1377Kb free=4374Kb
 bounds [0x00007cb167d37000, 0x00007cb167fa7000, 0x00007cb1682c9000]
CodeCache: size=245760Kb, used=3940Kb, max_used=3988Kb, free=241817Kb
 total_blobs=1586, nmethods=1134, adapters=358, full_count=0
Compilation: enabled, stopped_count=0, restarted_count=0

Compilation events (20 events):
Event: 0.517 Thread 0x00007cb178152690 nmethod 1126 0x00007cb160a1e890 code [0x00007cb160a1ebe0, 0x00007cb160a20128]
Event: 0.517 Thread 0x00007cb178152690 1128       3       org.eclipse.sisu.space.asm.ClassReader::readUnsignedShort (26 bytes)
Event: 0.517 Thread 0x00007cb178152690 nmethod 1128 0x00007cb160a20a90 code [0x00007cb160a20c20, 0x00007cb160a20d88]
Event: 0.517 Thread 0x00007cb178152690 1129       3       java.util.jar.Attributes::putValue (13 bytes)
Event: 0.517 Thread 0x00007cb178152690 nmethod 1129 0x00007cb160a20e90 code [0x00007cb160a210c0, 0x00007cb160a218e8]
Event: 0.517 Thread 0x00007cb178152690 1130       3       java.util.Objects::hashCode (13 bytes)
Event: 0.517 Thread 0x00007cb178152690 nmethod 1130 0x00007cb160a21b90 code [0x00007cb160a21d40, 0x00007cb160a21f58]
Event: 0.517 Thread 0x00007cb178152690 1131       3       java.util.LinkedHashMap$LinkedHashIterator::nextNode (68 bytes)
Event: 0.518 Thread 0x00007cb178152690 nmethod 1131 0x00007cb160a22010 code [0x00007cb160a221e0, 0x00007cb160a225c0]
Event: 0.518 Thread 0x00007cb178152690 1132       3       jdk.internal.org.objectweb.asm.Frame::<init> (10 bytes)
Event: 0.518 Thread 0x00007cb178152690 nmethod 1132 0x00007cb160a22790 code [0x00007cb160a22920, 0x00007cb160a22ad0]
Event: 0.518 Thread 0x00007cb178152690 1133       3       jdk.internal.org.objectweb.asm.ByteVector::putByteArray (49 bytes)
Event: 0.518 Thread 0x00007cb178152690 nmethod 1133 0x00007cb160a22b90 code [0x00007cb160a22d40, 0x00007cb160a22ff8]
Event: 0.518 Thread 0x00007cb178152690 1134       3       com.google.inject.internal.BindingImpl::<init> (30 bytes)
Event: 0.518 Thread 0x00007cb178150fe0 nmethod 1127 0x00007cb168331a90 code [0x00007cb168331c40, 0x00007cb168331f98]
Event: 0.518 Thread 0x00007cb178152690 nmethod 1134 0x00007cb160a23110 code [0x00007cb160a232c0, 0x00007cb160a23590]
Event: 0.519 Thread 0x00007cb178152690 1135       3       org.eclipse.sisu.space.asm.ClassReader::readUTF (194 bytes)
Event: 0.519 Thread 0x00007cb178152690 nmethod 1135 0x00007cb160a23690 code [0x00007cb160a23860, 0x00007cb160a23cf0]
Event: 0.520 Thread 0x00007cb0e017d340 1136       4       org.eclipse.sisu.space.asm.ClassReader::readUnsignedShort (26 bytes)
Event: 0.520 Thread 0x00007cb178152690 1137       3       org.eclipse.sisu.space.asm.ClassReader::readUTF8 (60 bytes)

GC Heap History (1 events):
Event: 0.520 GC heap before
{Heap before GC invocations=0 (full 0):
 garbage-first heap   total 126976K, used 24626K [0x0000000087600000, 0x0000000100000000)
  region size 1024K, 23 young (23552K), 0 survivors (0K)
 Metaspace       used 5386K, committed 5504K, reserved 1114112K
  class space    used 619K, committed 704K, reserved 1048576K
}

Dll operation events (6 events):
Event: 0.001 Loaded shared library /usr/lib/jvm/java-21-openjdk-amd64/lib/libjava.so
Event: 0.020 Loaded shared library /usr/lib/jvm/java-21-openjdk-amd64/lib/libjsvml.so
Event: 0.024 Loaded shared library /usr/lib/jvm/java-21-openjdk-amd64/lib/libnio.so
Event: 0.026 Loaded shared library /usr/lib/jvm/java-21-openjdk-amd64/lib/libzip.so
Event: 0.099 Loaded shared library /usr/lib/jvm/java-21-openjdk-amd64/lib/libjimage.so
Event: 0.141 Loaded shared library /usr/lib/jvm/java-21-openjdk-amd64/lib/libverify.so

Deoptimization events (20 events):
Event: 0.369 Thread 0x00007cb178019720 DEOPT PACKING pc=0x00007cb1682eedec sp=0x00007cb17d9fd310
Event: 0.369 Thread 0x00007cb178019720 DEOPT UNPACKING pc=0x00007cb167d8af99 sp=0x00007cb17d9fd2e8 mode 2
Event: 0.370 Thread 0x00007cb178019720 Uncommon trap: trap_request=0xffffff45 fr.pc=0x00007cb1682e95e8 relative=0x00000000000000c8
Event: 0.370 Thread 0x00007cb178019720 Uncommon trap: reason=unstable_if action=reinterpret pc=0x00007cb1682e95e8 method=org.codehaus.plexus.util.xml.pull.MXParser.more()C @ 8 c2
Event: 0.370 Thread 0x00007cb178019720 DEOPT PACKING pc=0x00007cb1682e95e8 sp=0x00007cb17d9fd750
Event: 0.370 Thread 0x00007cb178019720 DEOPT UNPACKING pc=0x00007cb167d8af99 sp=0x00007cb17d9fd700 mode 2
Event: 0.381 Thread 0x00007cb178019720 DEOPT PACKING pc=0x00007cb16086a8d8 sp=0x00007cb17d9fd320
Event: 0.381 Thread 0x00007cb178019720 DEOPT UNPACKING pc=0x00007cb167d8b72f sp=0x00007cb17d9fc918 mode 0
Event: 0.477 Thread 0x00007cb178019720 Uncommon trap: trap_request=0xffffffc6 fr.pc=0x00007cb1682ff1cc relative=0x00000000000003ec
Event: 0.477 Thread 0x00007cb178019720 Uncommon trap: reason=bimorphic_or_optimized_type_check action=maybe_recompile pc=0x00007cb1682ff1cc method=java.util.concurrent.ConcurrentHashMap.get(Ljava/lang/Object;)Ljava/lang/Object; @ 149 c2
Event: 0.477 Thread 0x00007cb178019720 DEOPT PACKING pc=0x00007cb1682ff1cc sp=0x00007cb17d9fcb10
Event: 0.477 Thread 0x00007cb178019720 DEOPT UNPACKING pc=0x00007cb167d8af99 sp=0x00007cb17d9fcaa0 mode 2
Event: 0.512 Thread 0x00007cb178019720 Uncommon trap: trap_request=0xffffffc6 fr.pc=0x00007cb1682ff1cc relative=0x00000000000003ec
Event: 0.512 Thread 0x00007cb178019720 Uncommon trap: reason=bimorphic_or_optimized_type_check action=maybe_recompile pc=0x00007cb1682ff1cc method=java.util.concurrent.ConcurrentHashMap.get(Ljava/lang/Object;)Ljava/lang/Object; @ 149 c2
Event: 0.512 Thread 0x00007cb178019720 DEOPT PACKING pc=0x00007cb1682ff1cc sp=0x00007cb17d9fc700
Event: 0.513 Thread 0x00007cb178019720 DEOPT UNPACKING pc=0x00007cb167d8af99 sp=0x00007cb17d9fc690 mode 2
Event: 0.514 Thread 0x00007cb178019720 Uncommon trap: trap_request=0xffffffc6 fr.pc=0x00007cb1682ff1cc relative=0x00000000000003ec
Event: 0.514 Thread 0x00007cb178019720 Uncommon trap: reason=bimorphic_or_optimized_type_check action=maybe_recompile pc=0x00007cb1682ff1cc method=java.util.concurrent.ConcurrentHashMap.get(Ljava/lang/Object;)Ljava/lang/Object; @ 149 c2
Event: 0.514 Thread 0x00007cb178019720 DEOPT PACKING pc=0x00007cb1682ff1cc sp=0x00007cb17d9fcb00
Event: 0.514 Thread 0x00007cb178019720 DEOPT UNPACKING pc=0x00007cb167d8af99 sp=0x00007cb17d9fca90 mode 2

Classes loaded (20 events):
Event: 0.366 Loading class jdk/internal/misc/ThreadTracker
Event: 0.366 Loading class jdk/internal/misc/ThreadTracker done
Event: 0.366 Loading class jdk/internal/misc/ThreadTracker$ThreadRef
Event: 0.366 Loading class jdk/internal/misc/ThreadTracker$ThreadRef done
Event: 0.366 Loading class sun/security/util/ManifestEntryVerifier
Event: 0.366 Loading class sun/security/util/ManifestEntryVerifier done
Event: 0.401 Loading class java/lang/foreign/MemorySegment
Event: 0.401 Loading class java/lang/foreign/MemorySegment done
Event: 0.480 Loading class sun/reflect/generics/reflectiveObjects/TypeVariableImpl
Event: 0.480 Loading class sun/reflect/generics/reflectiveObjects/LazyReflectiveObjectGenerator
Event: 0.480 Loading class sun/reflect/generics/reflectiveObjects/LazyReflectiveObjectGenerator done
Event: 0.480 Loading class sun/reflect/generics/reflectiveObjects/TypeVariableImpl done
Event: 0.480 Loading class sun/reflect/generics/reflectiveObjects/ParameterizedTypeImpl
Event: 0.480 Loading class sun/reflect/generics/reflectiveObjects/ParameterizedTypeImpl done
Event: 0.481 Loading class sun/reflect/misc/ReflectUtil
Event: 0.481 Loading class sun/reflect/misc/ReflectUtil done
Event: 0.508 Loading class jdk/internal/foreign/MemorySessionImpl
Event: 0.508 Loading class java/lang/foreign/MemorySegment$Scope
Event: 0.508 Loading class java/lang/foreign/MemorySegment$Scope done
Event: 0.508 Loading class jdk/internal/foreign/MemorySessionImpl done

Classes unloaded (0 events):
No events

Classes redefined (0 events):
No events

Internal exceptions (7 events):
Event: 0.075 Thread 0x00007cb178019720 Exception <a 'java/lang/NoSuchMethodError'{0x000000008ec09040}: 'java.lang.Object java.lang.invoke.Invokers$Holder.invokeExact_MT(java.lang.Object, java.lang.Object, java.lang.Object, java.lang.Object, java.lang.Object)'> (0x000000008ec09040) 
thrown [./src/hotspot/share/interpreter/linkResolver.cpp, line 772]
Event: 0.084 Thread 0x00007cb178019720 Exception <a 'java/lang/NoClassDefFoundError'{0x000000008ec78e10}: org/fusesource/jansi/internal/CLibrary> (0x000000008ec78e10) 
thrown [./src/hotspot/share/classfile/systemDictionary.cpp, line 301]
Event: 0.084 Thread 0x00007cb178019720 Exception <a 'java/lang/NoClassDefFoundError'{0x000000008ec795e8}: org/fusesource/jansi/internal/CLibrary> (0x000000008ec795e8) 
thrown [./src/hotspot/share/oops/constantPool.cpp, line 873]
Event: 0.085 Thread 0x00007cb178019720 Exception <a 'java/lang/NoClassDefFoundError'{0x000000008ec827b0}: org/fusesource/jansi/internal/CLibrary> (0x000000008ec827b0) 
thrown [./src/hotspot/share/oops/constantPool.cpp, line 873]
Event: 0.085 Thread 0x00007cb178019720 Exception <a 'java/lang/NoClassDefFoundError'{0x000000008ec82e00}: org/fusesource/jansi/internal/CLibrary> (0x000000008ec82e00) 
thrown [./src/hotspot/share/oops/constantPool.cpp, line 873]
Event: 0.271 Thread 0x00007cb178019720 Exception <a 'java/lang/NoSuchMethodError'{0x000000008e6f65b0}: 'void java.lang.invoke.DirectMethodHandle$Holder.invokeSpecial(java.lang.Object, java.lang.Object, java.lang.Object)'> (0x000000008e6f65b0) 
thrown [./src/hotspot/share/interpreter/linkResolver.cpp, line 772]
Event: 0.327 Thread 0x00007cb178019720 Exception <a 'java/lang/NoSuchMethodError'{0x000000008e38a5f8}: 'java.lang.Object java.lang.invoke.DirectMethodHandle$Holder.newInvokeSpecial(java.lang.Object, java.lang.Object, java.lang.Object, java.lang.Object, java.lang.Object)'> (0x000000008e38a5f8) 
thrown [./src/hotspot/share/interpreter/linkResolver.cpp, line 772]

ZGC Phase Switch (0 events):
No events

VM Operations (5 events):
Event: 0.102 Executing VM operation: HandshakeAllThreads (Deoptimize)
Event: 0.102 Executing VM operation: HandshakeAllThreads (Deoptimize) done
Event: 0.461 Executing VM operation: ICBufferFull
Event: 0.461 Executing VM operation: ICBufferFull done
Event: 0.520 Executing VM operation: G1CollectForAllocation (G1 Evacuation Pause)

Memory protections (12 events):
Event: 0.001 Protecting memory [0x00007cb17d900000,0x00007cb17d904000] with protection modes 0
Event: 0.019 Protecting memory [0x00007cb106700000,0x00007cb106704000] with protection modes 0
Event: 0.019 Protecting memory [0x00007cb106600000,0x00007cb106604000] with protection modes 0
Event: 0.019 Protecting memory [0x00007cb106500000,0x00007cb106504000] with protection modes 0
Event: 0.019 Protecting memory [0x00007cb106400000,0x00007cb106404000] with protection modes 0
Event: 0.019 Protecting memory [0x00007cb106300000,0x00007cb106304000] with protection modes 0
Event: 0.019 Protecting memory [0x00007cb106200000,0x00007cb106204000] with protection modes 0
Event: 0.019 Protecting memory [0x00007cb106100000,0x00007cb106104000] with protection modes 0
Event: 0.022 Protecting memory [0x00007cb106000000,0x00007cb106004000] with protection modes 0
Event: 0.023 Protecting memory [0x00007cb105f00000,0x00007cb105f04000] with protection modes 0
Event: 0.066 Protecting memory [0x00007cb105e00000,0x00007cb105e04000] with protection modes 0
Event: 0.392 Protecting memory [0x00007cb105d00000,0x00007cb105d04000] with protection modes 0

Nmethod flushes (0 events):
No events

Events (12 events):
Event: 0.013 Thread 0x00007cb178019720 Thread added: 0x00007cb178019720
Event: 0.019 Thread 0x00007cb178019720 Thread added: 0x00007cb178149ae0
Event: 0.019 Thread 0x00007cb178019720 Thread added: 0x00007cb17814b160
Event: 0.019 Thread 0x00007cb178019720 Thread added: 0x00007cb17814c8f0
Event: 0.019 Thread 0x00007cb178019720 Thread added: 0x00007cb17814df20
Event: 0.019 Thread 0x00007cb178019720 Thread added: 0x00007cb17814f4b0
Event: 0.019 Thread 0x00007cb178019720 Thread added: 0x00007cb178150fe0
Event: 0.019 Thread 0x00007cb178019720 Thread added: 0x00007cb178152690
Event: 0.022 Thread 0x00007cb178019720 Thread added: 0x00007cb17815e520
Event: 0.023 Thread 0x00007cb178019720 Thread added: 0x00007cb178161840
Event: 0.066 Thread 0x00007cb178150fe0 Thread added: 0x00007cb0dc0a7880
Event: 0.392 Thread 0x00007cb178152690 Thread added: 0x00007cb0e017d340


Dynamic libraries:
87600000-8f000000 rw-p 00000000 00:00 0 
8f000000-ffe00000 ---p 00000000 00:00 0 
ffe00000-fff0d000 rw-p 00cdf000 103:02 9208005                           /usr/lib/jvm/java-21-openjdk-amd64/lib/server/classes.jsa
fff0d000-100000000 rw-p 00000000 00:00 0 
62f92a975000-62f92a976000 r--p 00000000 103:02 9207852                   /usr/lib/jvm/java-21-openjdk-amd64/bin/java
62f92a976000-62f92a977000 r-xp 00001000 103:02 9207852                   /usr/lib/jvm/java-21-openjdk-amd64/bin/java
62f92a977000-62f92a978000 r--p 00002000 103:02 9207852                   /usr/lib/jvm/java-21-openjdk-amd64/bin/java
62f92a978000-62f92a979000 r--p 00002000 103:02 9207852                   /usr/lib/jvm/java-21-openjdk-amd64/bin/java
62f92a979000-62f92a97a000 rw-p 00003000 103:02 9207852                   /usr/lib/jvm/java-21-openjdk-amd64/bin/java
62f957628000-62f95766f000 rw-p 00000000 00:00 0                          [heap]
7cb0c4000000-7cb0c4021000 rw-p 00000000 00:00 0 
7cb0c4021000-7cb0c8000000 ---p 00000000 00:00 0 
7cb0cc000000-7cb0cc69e000 rw-p 00000000 00:00 0 
7cb0cc69e000-7cb0d0000000 ---p 00000000 00:00 0 
7cb0d0000000-7cb0d051a000 rw-p 00000000 00:00 0 
7cb0d051a000-7cb0d4000000 ---p 00000000 00:00 0 
7cb0d4000000-7cb0d4021000 rw-p 00000000 00:00 0 
7cb0d4021000-7cb0d8000000 ---p 00000000 00:00 0 
7cb0d8000000-7cb0d8021000 rw-p 00000000 00:00 0 
7cb0d8021000-7cb0dc000000 ---p 00000000 00:00 0 
7cb0dc000000-7cb0dc52a000 rw-p 00000000 00:00 0 
7cb0dc52a000-7cb0e0000000 ---p 00000000 00:00 0 
7cb0e0000000-7cb0e047c000 rw-p 00000000 00:00 0 
7cb0e047c000-7cb0e4000000 ---p 00000000 00:00 0 
7cb0e4000000-7cb0e4021000 rw-p 00000000 00:00 0 
7cb0e4021000-7cb0e8000000 ---p 00000000 00:00 0 
7cb0e8000000-7cb0e8021000 rw-p 00000000 00:00 0 
7cb0e8021000-7cb0ec000000 ---p 00000000 00:00 0 
7cb0ec000000-7cb0ec021000 rw-p 00000000 00:00 0 
7cb0ec021000-7cb0f0000000 ---p 00000000 00:00 0 
7cb0f0000000-7cb0f0021000 rw-p 00000000 00:00 0 
7cb0f0021000-7cb0f4000000 ---p 00000000 00:00 0 
7cb0f4000000-7cb0f4021000 rw-p 00000000 00:00 0 
7cb0f4021000-7cb0f8000000 ---p 00000000 00:00 0 
7cb0f8000000-7cb0f8021000 rw-p 00000000 00:00 0 
7cb0f8021000-7cb0fc000000 ---p 00000000 00:00 0 
7cb0fc000000-7cb0fc1e0000 rw-p 00000000 00:00 0 
7cb0fc1e0000-7cb0fc400000 ---p 00000000 00:00 0 
7cb0fc400000-7cb0fc6d0000 rw-p 00000000 00:00 0 
7cb0fc6d0000-7cb100000000 ---p 00000000 00:00 0 
7cb100000000-7cb100021000 rw-p 00000000 00:00 0 
7cb100021000-7cb104000000 ---p 00000000 00:00 0 
7cb105798000-7cb105bff000 rw-p 00000000 00:00 0 
7cb105bff000-7cb105c00000 ---p 00000000 00:00 0 
7cb105c00000-7cb105d00000 rw-p 00000000 00:00 0 
7cb105d00000-7cb105d04000 ---p 00000000 00:00 0 
7cb105d04000-7cb105e00000 rw-p 00000000 00:00 0 
7cb105e00000-7cb105e04000 ---p 00000000 00:00 0 
7cb105e04000-7cb105f00000 rw-p 00000000 00:00 0 
7cb105f00000-7cb105f04000 ---p 00000000 00:00 0 
7cb105f04000-7cb106000000 rw-p 00000000 00:00 0 
7cb106000000-7cb106004000 ---p 00000000 00:00 0 
7cb106004000-7cb106100000 rw-p 00000000 00:00 0 
7cb106100000-7cb106104000 ---p 00000000 00:00 0 
7cb106104000-7cb106200000 rw-p 00000000 00:00 0 
7cb106200000-7cb106204000 ---p 00000000 00:00 0 
7cb106204000-7cb106300000 rw-p 00000000 00:00 0 
7cb106300000-7cb106304000 ---p 00000000 00:00 0 
7cb106304000-7cb106400000 rw-p 00000000 00:00 0 
7cb106400000-7cb106404000 ---p 00000000 00:00 0 
7cb106404000-7cb106500000 rw-p 00000000 00:00 0 
7cb106500000-7cb106504000 ---p 00000000 00:00 0 
7cb106504000-7cb106600000 rw-p 00000000 00:00 0 
7cb106600000-7cb106604000 ---p 00000000 00:00 0 
7cb106604000-7cb106700000 rw-p 00000000 00:00 0 
7cb106700000-7cb106704000 ---p 00000000 00:00 0 
7cb106704000-7cb106800000 rw-p 00000000 00:00 0 
7cb106800000-7cb106d73000 r--p 00000000 103:02 7865433                   /usr/lib/locale/locale-archive
7cb106dfe000-7cb106dff000 ---p 00000000 00:00 0 
7cb106dff000-7cb106eff000 rw-p 00000000 00:00 0 
7cb106eff000-7cb106f00000 ---p 00000000 00:00 0 
7cb106f00000-7cb107000000 rw-p 00000000 00:00 0 
7cb107000000-7cb107ca0000 rw-p 00001000 103:02 9208005                   /usr/lib/jvm/java-21-openjdk-amd64/lib/server/classes.jsa
7cb107ca0000-7cb108000000 ---p 00000000 00:00 0 
7cb108000000-7cb108030000 rw-p 00000000 00:00 0 
7cb108030000-7cb108070000 rw-p 00000000 00:00 0 
7cb108070000-7cb108080000 ---p 00000000 00:00 0 
7cb108080000-7cb1080c0000 rw-p 00000000 00:00 0 
7cb1080c0000-7cb148000000 ---p 00000000 00:00 0 
7cb148000000-7cb148021000 rw-p 00000000 00:00 0 
7cb148021000-7cb14c000000 ---p 00000000 00:00 0 
7cb14c000000-7cb14c021000 rw-p 00000000 00:00 0 
7cb14c021000-7cb150000000 ---p 00000000 00:00 0 
7cb150000000-7cb150021000 rw-p 00000000 00:00 0 
7cb150021000-7cb154000000 ---p 00000000 00:00 0 
7cb154000000-7cb154021000 rw-p 00000000 00:00 0 
7cb154021000-7cb158000000 ---p 00000000 00:00 0 
7cb158000000-7cb158021000 rw-p 00000000 00:00 0 
7cb158021000-7cb15c000000 ---p 00000000 00:00 0 
7cb15c0f9000-7cb15c0fa000 ---p 00000000 00:00 0 
7cb15c0fa000-7cb15c1fa000 rw-p 00000000 00:00 0 
7cb15c1fa000-7cb15c1fb000 ---p 00000000 00:00 0 
7cb15c1fb000-7cb15c2fb000 rw-p 00000000 00:00 0 
7cb15c2fb000-7cb15e800000 rw-p 00000000 00:00 0 
7cb15e8d7000-7cb15ebc0000 rw-p 00000000 00:00 0 
7cb15ebc0000-7cb1607f8000 ---p 00000000 00:00 0 
7cb1607f8000-7cb160800000 rw-p 00000000 00:00 0 
7cb160800000-7cb160a70000 rwxp 00000000 00:00 0 
7cb160a70000-7cb167d37000 ---p 00000000 00:00 0 
7cb167d37000-7cb167fa7000 rwxp 00000000 00:00 0 
7cb167fa7000-7cb1682c9000 ---p 00000000 00:00 0 
7cb1682c9000-7cb168539000 rwxp 00000000 00:00 0 
7cb168539000-7cb16f800000 ---p 00000000 00:00 0 
7cb16f800000-7cb177e2d000 r--s 00000000 103:02 9208002                   /usr/lib/jvm/java-21-openjdk-amd64/lib/modules
7cb177e2e000-7cb177e33000 r--p 00000000 103:02 9207986                   /usr/lib/jvm/java-21-openjdk-amd64/lib/libjsvml.so
7cb177e33000-7cb177e74000 r-xp 00005000 103:02 9207986                   /usr/lib/jvm/java-21-openjdk-amd64/lib/libjsvml.so
7cb177e74000-7cb177efd000 r--p 00046000 103:02 9207986                   /usr/lib/jvm/java-21-openjdk-amd64/lib/libjsvml.so
7cb177efd000-7cb177efe000 r--p 000ce000 103:02 9207986                   /usr/lib/jvm/java-21-openjdk-amd64/lib/libjsvml.so
7cb177efe000-7cb177eff000 rw-p 000cf000 103:02 9207986                   /usr/lib/jvm/java-21-openjdk-amd64/lib/libjsvml.so
7cb177eff000-7cb178000000 rw-p 00000000 00:00 0 
7cb178000000-7cb17871c000 rw-p 00000000 00:00 0 
7cb17871c000-7cb17c000000 ---p 00000000 00:00 0 
7cb17c013000-7cb17c195000 rw-p 00000000 00:00 0 
7cb17c195000-7cb17c196000 ---p 00000000 00:00 0 
7cb17c196000-7cb17c296000 rw-p 00000000 00:00 0 
7cb17c296000-7cb17c297000 ---p 00000000 00:00 0 
7cb17c297000-7cb17c397000 rw-p 00000000 00:00 0 
7cb17c397000-7cb17c398000 ---p 00000000 00:00 0 
7cb17c398000-7cb17c498000 rw-p 00000000 00:00 0 
7cb17c498000-7cb17c4d5000 rw-p 00000000 00:00 0 
7cb17c4d5000-7cb17c85c000 ---p 00000000 00:00 0 
7cb17c85c000-7cb17c89a000 rw-p 00000000 00:00 0 
7cb17c89a000-7cb17cc21000 ---p 00000000 00:00 0 
7cb17cc21000-7cb17d42f000 rw-p 00000000 00:00 0 
7cb17d42f000-7cb17d515000 ---p 00000000 00:00 0 
7cb17d515000-7cb17d51a000 rw-p 00000000 00:00 0 
7cb17d51a000-7cb17d600000 ---p 00000000 00:00 0 
7cb17d600000-7cb17d69a000 r--p 00000000 103:02 7876710                   /usr/lib/x86_64-linux-gnu/libstdc++.so.6.0.30
7cb17d69a000-7cb17d7ab000 r-xp 0009a000 103:02 7876710                   /usr/lib/x86_64-linux-gnu/libstdc++.so.6.0.30
7cb17d7ab000-7cb17d81a000 r--p 001ab000 103:02 7876710                   /usr/lib/x86_64-linux-gnu/libstdc++.so.6.0.30
7cb17d81a000-7cb17d81b000 ---p 0021a000 103:02 7876710                   /usr/lib/x86_64-linux-gnu/libstdc++.so.6.0.30
7cb17d81b000-7cb17d826000 r--p 0021a000 103:02 7876710                   /usr/lib/x86_64-linux-gnu/libstdc++.so.6.0.30
7cb17d826000-7cb17d829000 rw-p 00225000 103:02 7876710                   /usr/lib/x86_64-linux-gnu/libstdc++.so.6.0.30
7cb17d829000-7cb17d82c000 rw-p 00000000 00:00 0 
7cb17d84d000-7cb17d854000 r--s 00000000 103:02 7875145                   /usr/lib/x86_64-linux-gnu/gconv/gconv-modules.cache
7cb17d854000-7cb17d858000 r--p 00000000 103:02 9208000                   /usr/lib/jvm/java-21-openjdk-amd64/lib/libverify.so
7cb17d858000-7cb17d85f000 r-xp 00004000 103:02 9208000                   /usr/lib/jvm/java-21-openjdk-amd64/lib/libverify.so
7cb17d85f000-7cb17d861000 r--p 0000b000 103:02 9208000                   /usr/lib/jvm/java-21-openjdk-amd64/lib/libverify.so
7cb17d861000-7cb17d863000 r--p 0000c000 103:02 9208000                   /usr/lib/jvm/java-21-openjdk-amd64/lib/libverify.so
7cb17d863000-7cb17d864000 rw-p 0000e000 103:02 9208000                   /usr/lib/jvm/java-21-openjdk-amd64/lib/libverify.so
7cb17d864000-7cb17d900000 rw-p 00000000 00:00 0 
7cb17d900000-7cb17d904000 ---p 00000000 00:00 0 
7cb17d904000-7cb17da00000 rw-p 00000000 00:00 0 
7cb17da00000-7cb17dca2000 r--p 00000000 103:02 9208008                   /usr/lib/jvm/java-21-openjdk-amd64/lib/server/libjvm.so
7cb17dca2000-7cb17eb1d000 r-xp 002a2000 103:02 9208008                   /usr/lib/jvm/java-21-openjdk-amd64/lib/server/libjvm.so
7cb17eb1d000-7cb17edf7000 r--p 0111d000 103:02 9208008                   /usr/lib/jvm/java-21-openjdk-amd64/lib/server/libjvm.so
7cb17edf7000-7cb17eecb000 r--p 013f6000 103:02 9208008                   /usr/lib/jvm/java-21-openjdk-amd64/lib/server/libjvm.so
7cb17eecb000-7cb17eefb000 rw-p 014ca000 103:02 9208008                   /usr/lib/jvm/java-21-openjdk-amd64/lib/server/libjvm.so
7cb17eefb000-7cb17ef61000 rw-p 00000000 00:00 0 
7cb17ef61000-7cb17ef63000 r--p 00000000 103:02 9208001                   /usr/lib/jvm/java-21-openjdk-amd64/lib/libzip.so
7cb17ef63000-7cb17ef68000 r-xp 00002000 103:02 9208001                   /usr/lib/jvm/java-21-openjdk-amd64/lib/libzip.so
7cb17ef68000-7cb17ef6a000 r--p 00007000 103:02 9208001                   /usr/lib/jvm/java-21-openjdk-amd64/lib/libzip.so
7cb17ef6a000-7cb17ef6b000 r--p 00008000 103:02 9208001                   /usr/lib/jvm/java-21-openjdk-amd64/lib/libzip.so
7cb17ef6b000-7cb17ef6c000 rw-p 00009000 103:02 9208001                   /usr/lib/jvm/java-21-openjdk-amd64/lib/libzip.so
7cb17ef6c000-7cb17ef73000 r--p 00000000 103:02 9207994                   /usr/lib/jvm/java-21-openjdk-amd64/lib/libnio.so
7cb17ef73000-7cb17ef7c000 r-xp 00007000 103:02 9207994                   /usr/lib/jvm/java-21-openjdk-amd64/lib/libnio.so
7cb17ef7c000-7cb17ef80000 r--p 00010000 103:02 9207994                   /usr/lib/jvm/java-21-openjdk-amd64/lib/libnio.so
7cb17ef80000-7cb17ef81000 ---p 00014000 103:02 9207994                   /usr/lib/jvm/java-21-openjdk-amd64/lib/libnio.so
7cb17ef81000-7cb17ef82000 r--p 00014000 103:02 9207994                   /usr/lib/jvm/java-21-openjdk-amd64/lib/libnio.so
7cb17ef82000-7cb17ef83000 rw-p 00015000 103:02 9207994                   /usr/lib/jvm/java-21-openjdk-amd64/lib/libnio.so
7cb17ef83000-7cb17f000000 rw-p 00000000 00:00 0 
7cb17f000000-7cb17f028000 r--p 00000000 103:02 7866475                   /usr/lib/x86_64-linux-gnu/libc.so.6
7cb17f028000-7cb17f1bd000 r-xp 00028000 103:02 7866475                   /usr/lib/x86_64-linux-gnu/libc.so.6
7cb17f1bd000-7cb17f215000 r--p 001bd000 103:02 7866475                   /usr/lib/x86_64-linux-gnu/libc.so.6
7cb17f215000-7cb17f216000 ---p 00215000 103:02 7866475                   /usr/lib/x86_64-linux-gnu/libc.so.6
7cb17f216000-7cb17f21a000 r--p 00215000 103:02 7866475                   /usr/lib/x86_64-linux-gnu/libc.so.6
7cb17f21a000-7cb17f21c000 rw-p 00219000 103:02 7866475                   /usr/lib/x86_64-linux-gnu/libc.so.6
7cb17f21c000-7cb17f229000 rw-p 00000000 00:00 0 
7cb17f22a000-7cb17f22d000 r--p 00000000 103:02 9207993                   /usr/lib/jvm/java-21-openjdk-amd64/lib/libnet.so
7cb17f22d000-7cb17f235000 r-xp 00003000 103:02 9207993                   /usr/lib/jvm/java-21-openjdk-amd64/lib/libnet.so
7cb17f235000-7cb17f237000 r--p 0000b000 103:02 9207993                   /usr/lib/jvm/java-21-openjdk-amd64/lib/libnet.so
7cb17f237000-7cb17f238000 r--p 0000c000 103:02 9207993                   /usr/lib/jvm/java-21-openjdk-amd64/lib/libnet.so
7cb17f238000-7cb17f239000 rw-p 0000d000 103:02 9207993                   /usr/lib/jvm/java-21-openjdk-amd64/lib/libnet.so
7cb17f239000-7cb17f23e000 rw-p 00000000 00:00 0 
7cb17f23e000-7cb17f245000 ---p 00000000 00:00 0 
7cb17f245000-7cb17f252000 r--p 00000000 103:02 9207979                   /usr/lib/jvm/java-21-openjdk-amd64/lib/libjava.so
7cb17f252000-7cb17f260000 r-xp 0000d000 103:02 9207979                   /usr/lib/jvm/java-21-openjdk-amd64/lib/libjava.so
7cb17f260000-7cb17f265000 r--p 0001b000 103:02 9207979                   /usr/lib/jvm/java-21-openjdk-amd64/lib/libjava.so
7cb17f265000-7cb17f266000 ---p 00020000 103:02 9207979                   /usr/lib/jvm/java-21-openjdk-amd64/lib/libjava.so
7cb17f266000-7cb17f267000 r--p 00020000 103:02 9207979                   /usr/lib/jvm/java-21-openjdk-amd64/lib/libjava.so
7cb17f267000-7cb17f268000 rw-p 00021000 103:02 9207979                   /usr/lib/jvm/java-21-openjdk-amd64/lib/libjava.so
7cb17f268000-7cb17f269000 rw-p 00000000 00:00 0 
7cb17f269000-7cb17f26c000 r--p 00000000 103:02 7876714                   /usr/lib/x86_64-linux-gnu/libgcc_s.so.1
7cb17f26c000-7cb17f283000 r-xp 00003000 103:02 7876714                   /usr/lib/x86_64-linux-gnu/libgcc_s.so.1
7cb17f283000-7cb17f287000 r--p 0001a000 103:02 7876714                   /usr/lib/x86_64-linux-gnu/libgcc_s.so.1
7cb17f287000-7cb17f288000 r--p 0001d000 103:02 7876714                   /usr/lib/x86_64-linux-gnu/libgcc_s.so.1
7cb17f288000-7cb17f289000 rw-p 0001e000 103:02 7876714                   /usr/lib/x86_64-linux-gnu/libgcc_s.so.1
7cb17f289000-7cb17f297000 r--p 00000000 103:02 7866487                   /usr/lib/x86_64-linux-gnu/libm.so.6
7cb17f297000-7cb17f313000 r-xp 0000e000 103:02 7866487                   /usr/lib/x86_64-linux-gnu/libm.so.6
7cb17f313000-7cb17f36e000 r--p 0008a000 103:02 7866487                   /usr/lib/x86_64-linux-gnu/libm.so.6
7cb17f36e000-7cb17f36f000 r--p 000e4000 103:02 7866487                   /usr/lib/x86_64-linux-gnu/libm.so.6
7cb17f36f000-7cb17f370000 rw-p 000e5000 103:02 7866487                   /usr/lib/x86_64-linux-gnu/libm.so.6
7cb17f370000-7cb17f373000 rw-p 00000000 00:00 0 
7cb17f373000-7cb17f375000 r--p 00000000 103:02 9207983                   /usr/lib/jvm/java-21-openjdk-amd64/lib/libjli.so
7cb17f375000-7cb17f37f000 r-xp 00002000 103:02 9207983                   /usr/lib/jvm/java-21-openjdk-amd64/lib/libjli.so
7cb17f37f000-7cb17f382000 r--p 0000c000 103:02 9207983                   /usr/lib/jvm/java-21-openjdk-amd64/lib/libjli.so
7cb17f382000-7cb17f383000 ---p 0000f000 103:02 9207983                   /usr/lib/jvm/java-21-openjdk-amd64/lib/libjli.so
7cb17f383000-7cb17f384000 r--p 0000f000 103:02 9207983                   /usr/lib/jvm/java-21-openjdk-amd64/lib/libjli.so
7cb17f384000-7cb17f385000 rw-p 00010000 103:02 9207983                   /usr/lib/jvm/java-21-openjdk-amd64/lib/libjli.so
7cb17f385000-7cb17f387000 r--p 00000000 103:02 7893590                   /usr/lib/x86_64-linux-gnu/libz.so.1.2.11
7cb17f387000-7cb17f398000 r-xp 00002000 103:02 7893590                   /usr/lib/x86_64-linux-gnu/libz.so.1.2.11
7cb17f398000-7cb17f39e000 r--p 00013000 103:02 7893590                   /usr/lib/x86_64-linux-gnu/libz.so.1.2.11
7cb17f39e000-7cb17f39f000 ---p 00019000 103:02 7893590                   /usr/lib/x86_64-linux-gnu/libz.so.1.2.11
7cb17f39f000-7cb17f3a0000 r--p 00019000 103:02 7893590                   /usr/lib/x86_64-linux-gnu/libz.so.1.2.11
7cb17f3a0000-7cb17f3a1000 rw-p 0001a000 103:02 7893590                   /usr/lib/x86_64-linux-gnu/libz.so.1.2.11
7cb17f3a2000-7cb17f3aa000 rw-s 00000000 103:02 7208989                   /tmp/hsperfdata_lee/3661
7cb17f3aa000-7cb17f3ab000 ---p 00000000 00:00 0 
7cb17f3ab000-7cb17f3ac000 r--p 00000000 00:00 0 
7cb17f3ac000-7cb17f3ae000 r--p 00000000 103:02 9207982                   /usr/lib/jvm/java-21-openjdk-amd64/lib/libjimage.so
7cb17f3ae000-7cb17f3b1000 r-xp 00002000 103:02 9207982                   /usr/lib/jvm/java-21-openjdk-amd64/lib/libjimage.so
7cb17f3b1000-7cb17f3b2000 r--p 00005000 103:02 9207982                   /usr/lib/jvm/java-21-openjdk-amd64/lib/libjimage.so
7cb17f3b2000-7cb17f3b3000 ---p 00006000 103:02 9207982                   /usr/lib/jvm/java-21-openjdk-amd64/lib/libjimage.so
7cb17f3b3000-7cb17f3b4000 r--p 00006000 103:02 9207982                   /usr/lib/jvm/java-21-openjdk-amd64/lib/libjimage.so
7cb17f3b4000-7cb17f3b5000 rw-p 00007000 103:02 9207982                   /usr/lib/jvm/java-21-openjdk-amd64/lib/libjimage.so
7cb17f3b5000-7cb17f3b7000 rw-p 00000000 00:00 0 
7cb17f3b7000-7cb17f3b9000 r--p 00000000 103:02 7865193                   /usr/lib/x86_64-linux-gnu/ld-linux-x86-64.so.2
7cb17f3b9000-7cb17f3e3000 r-xp 00002000 103:02 7865193                   /usr/lib/x86_64-linux-gnu/ld-linux-x86-64.so.2
7cb17f3e3000-7cb17f3ee000 r--p 0002c000 103:02 7865193                   /usr/lib/x86_64-linux-gnu/ld-linux-x86-64.so.2
7cb17f3ee000-7cb17f3ef000 ---p 00000000 00:00 0 
7cb17f3ef000-7cb17f3f1000 r--p 00037000 103:02 7865193                   /usr/lib/x86_64-linux-gnu/ld-linux-x86-64.so.2
7cb17f3f1000-7cb17f3f3000 rw-p 00039000 103:02 7865193                   /usr/lib/x86_64-linux-gnu/ld-linux-x86-64.so.2
7ffde8618000-7ffde8639000 rw-p 00000000 00:00 0                          [stack]
7ffde876d000-7ffde8771000 r--p 00000000 00:00 0                          [vvar]
7ffde8771000-7ffde8773000 r-xp 00000000 00:00 0                          [vdso]
ffffffffff600000-ffffffffff601000 --xp 00000000 00:00 0                  [vsyscall]
Total number of mappings: 225

JVMTI agents: none


VM Arguments:
jvm_args: -Dclassworlds.conf=/usr/share/maven/bin/m2.conf -Dmaven.home=/usr/share/maven -Dlibrary.jansi.path=/usr/share/maven/lib/jansi-native -Dmaven.multiModuleProjectDirectory=/home/lee/Documents/kfarms-backend 
java_command: org.codehaus.plexus.classworlds.launcher.Launcher spring-boot:run
java_class_path (initial): /usr/share/maven/boot/plexus-classworlds-2.x.jar
Launcher Type: SUN_STANDARD

[Global flags]
     intx CICompilerCount                          = 4                                         {product} {ergonomic}
     uint ConcGCThreads                            = 2                                         {product} {ergonomic}
     uint G1ConcRefinementThreads                  = 8                                         {product} {ergonomic}
   size_t G1HeapRegionSize                         = 1048576                                   {product} {ergonomic}
    uintx GCDrainStackTargetSize                   = 64                                        {product} {ergonomic}
   size_t InitialHeapSize                          = 127926272                                 {product} {ergonomic}
   size_t MarkStackSize                            = 4194304                                   {product} {ergonomic}
   size_t MaxHeapSize                              = 2023751680                                {product} {ergonomic}
   size_t MaxNewSize                               = 1214251008                                {product} {ergonomic}
   size_t MinHeapDeltaBytes                        = 1048576                                   {product} {ergonomic}
   size_t MinHeapSize                              = 8388608                                   {product} {ergonomic}
    uintx NonNMethodCodeHeapSize                   = 5839372                                {pd product} {ergonomic}
    uintx NonProfiledCodeHeapSize                  = 122909434                              {pd product} {ergonomic}
    uintx ProfiledCodeHeapSize                     = 122909434                              {pd product} {ergonomic}
    uintx ReservedCodeCacheSize                    = 251658240                              {pd product} {ergonomic}
     bool SegmentedCodeCache                       = true                                      {product} {ergonomic}
   size_t SoftMaxHeapSize                          = 2023751680                             {manageable} {ergonomic}
     bool UseCompressedOops                        = true                           {product lp64_product} {ergonomic}
     bool UseG1GC                                  = true                                      {product} {ergonomic}

Logging:
Log output configuration:
 #0: stdout all=warning uptime,level,tags foldmultilines=false
 #1: stderr all=off uptime,level,tags foldmultilines=false

Environment Variables:
PATH=/usr/local/sbin:/usr/local/bin:/usr/sbin:/usr/bin:/sbin:/bin:/usr/games:/usr/local/games:/snap/bin:/snap/bin
USERNAME=lee
SHELL=/usr/bin/zsh
DISPLAY=:0
LANG=en_US.UTF-8
LC_NUMERIC=en_US.UTF-8
LC_TIME=en_US.UTF-8
TERM=xterm-256color

Active Locale:
LC_ALL=en_US.UTF-8
LC_COLLATE=en_US.UTF-8
LC_CTYPE=en_US.UTF-8
LC_MESSAGES=en_US.UTF-8
LC_MONETARY=en_US.UTF-8
LC_NUMERIC=en_US.UTF-8
LC_TIME=en_US.UTF-8

Signal Handlers:
   SIGSEGV: crash_handler in libjvm.so, mask=11100100010111111101111111111110, flags=SA_RESTART|SA_SIGINFO, unblocked
    SIGBUS: crash_handler in libjvm.so, mask=11100100010111111101111111111110, flags=SA_RESTART|SA_SIGINFO, unblocked
    SIGFPE: crash_handler in libjvm.so, mask=11100100010111111101111111111110, flags=SA_RESTART|SA_SIGINFO, unblocked
   SIGPIPE: javaSignalHandler in libjvm.so, mask=11100100010111111101111111111110, flags=SA_RESTART|SA_SIGINFO, blocked
   SIGXFSZ: javaSignalHandler in libjvm.so, mask=11100100010111111101111111111110, flags=SA_RESTART|SA_SIGINFO, blocked
    SIGILL: crash_handler in libjvm.so, mask=11100100010111111101111111111110, flags=SA_RESTART|SA_SIGINFO, unblocked
   SIGUSR2: SR_handler in libjvm.so, mask=00000000000000000000000000000000, flags=SA_RESTART|SA_SIGINFO, blocked
    SIGHUP: UserHandler in libjvm.so, mask=11100100010111111101111111111110, flags=SA_RESTART|SA_SIGINFO, blocked
    SIGINT: UserHandler in libjvm.so, mask=11100100010111111101111111111110, flags=SA_RESTART|SA_SIGINFO, blocked
   SIGTERM: UserHandler in libjvm.so, mask=11100100010111111101111111111110, flags=SA_RESTART|SA_SIGINFO, blocked
   SIGQUIT: UserHandler in libjvm.so, mask=11100100010111111101111111111110, flags=SA_RESTART|SA_SIGINFO, blocked
   SIGTRAP: crash_handler in libjvm.so, mask=11100100010111111101111111111110, flags=SA_RESTART|SA_SIGINFO, unblocked


Periodic native trim disabled

---------------  S Y S T E M  ---------------

OS:
DISTRIB_ID=Ubuntu
DISTRIB_RELEASE=22.04
DISTRIB_CODENAME=jammy
DISTRIB_DESCRIPTION="Ubuntu 22.04.5 LTS"
uname: Linux 6.8.0-85-generic #85~22.04.1-Ubuntu SMP PREEMPT_DYNAMIC Fri Sep 19 16:18:59 UTC 2 x86_64
OS uptime: 0 days 0:01 hours
libc: glibc 2.35 NPTL 2.35 
rlimit (soft/hard): STACK 8192k/infinity , CORE 0k/infinity , NPROC 30551/30551 , NOFILE 1048576/1048576 , AS infinity/infinity , CPU infinity/infinity , DATA infinity/infinity , FSIZE infinity/infinity , MEMLOCK 988016k/988016k
load average: 5.53 2.15 0.78

/proc/meminfo:
MemTotal:        7904140 kB
MemFree:         2567832 kB
MemAvailable:    4372008 kB
Buffers:          126936 kB
Cached:          2199968 kB
SwapCached:            0 kB
Active:          3720892 kB
Inactive:         522100 kB
Active(anon):    2260372 kB
Inactive(anon):        0 kB
Active(file):    1460520 kB
Inactive(file):   522100 kB
Unevictable:      297744 kB
Mlocked:               0 kB
SwapTotal:       2097148 kB
SwapFree:        2097148 kB
Zswap:                 0 kB
Zswapped:              0 kB
Dirty:                92 kB
Writeback:             0 kB
AnonPages:       2213984 kB
Mapped:           978764 kB
Shmem:            344236 kB
KReclaimable:      91448 kB
Slab:             298608 kB
SReclaimable:      91448 kB
SUnreclaim:       207160 kB
KernelStack:       13504 kB
PageTables:        27096 kB
SecPageTables:         0 kB
NFS_Unstable:          0 kB
Bounce:                0 kB
WritebackTmp:          0 kB
CommitLimit:     6049216 kB
Committed_AS:    6343768 kB
VmallocTotal:   34359738367 kB
VmallocUsed:       52716 kB
VmallocChunk:          0 kB
Percpu:             9248 kB
HardwareCorrupted:     0 kB
AnonHugePages:         0 kB
ShmemHugePages:        0 kB
ShmemPmdMapped:        0 kB
FileHugePages:         0 kB
FilePmdMapped:         0 kB
Unaccepted:            0 kB
HugePages_Total:       0
HugePages_Free:        0
HugePages_Rsvd:        0
HugePages_Surp:        0
Hugepagesize:       2048 kB
Hugetlb:               0 kB
DirectMap4k:      325240 kB
DirectMap2M:     4689920 kB
DirectMap1G:     3145728 kB

/sys/kernel/mm/transparent_hugepage/enabled: always [madvise] never
/sys/kernel/mm/transparent_hugepage/hpage_pmd_size: 2097152
/sys/kernel/mm/transparent_hugepage/defrag (defrag/compaction efforts parameter): always defer defer+madvise [madvise] never

Process Memory:
Virtual Size: 4952304K (peak: 5013304K)
Resident Set Size: 101892K (peak: 101892K) (anon: 77784K, file: 24108K, shmem: 0K)
Swapped out: 0K
C-Heap outstanding allocations: 44660K, retained: 7547K
glibc malloc tunables: (default)

/proc/sys/kernel/threads-max (system-wide limit on the number of threads): 61103
/proc/sys/vm/max_map_count (maximum number of memory map areas a process may have): 65530
/proc/sys/vm/swappiness (control to define how aggressively the kernel swaps out anonymous memory): 60
/proc/sys/kernel/pid_max (system-wide limit on number of process identifiers): 4194304

container (cgroup) information:
container_type: cgroupv2
cpu_cpuset_cpus: not supported
cpu_memory_nodes: not supported
active_processor_count: 8
cpu_quota: not supported
cpu_period: not supported
cpu_shares: not supported
memory_limit_in_bytes: unlimited
memory_and_swap_limit_in_bytes: unlimited
memory_soft_limit_in_bytes: 0
memory_usage_in_bytes: 2443184 k
memory_max_usage_in_bytes: not supported
memory_swap_current_in_bytes: 0
memory_swap_max_limit_in_bytes: unlimited
maximum number of tasks: 9165
current number of tasks: 182

Steal ticks since vm start: 0
Steal ticks percentage since vm start:  0.000

CPU: total 8 (initial active 8) (4 cores per cpu, 2 threads per core) family 6 model 142 stepping 10 microcode 0xf6, cx8, cmov, fxsr, ht, mmx, 3dnowpref, sse, sse2, sse3, ssse3, sse4.1, sse4.2, popcnt, lzcnt, tsc, tscinvbit, avx, avx2, aes, erms, clmul, bmi1, bmi2, adx, fma, vzeroupper, clflush, clflushopt, rdtscp, f16c
CPU Model and flags from /proc/cpuinfo:
model name	: Intel(R) Core(TM) i5-8250U CPU @ 1.60GHz
flags		: fpu vme de pse tsc msr pae mce cx8 apic sep mtrr pge mca cmov pat pse36 clflush dts acpi mmx fxsr sse sse2 ss ht tm pbe syscall nx pdpe1gb rdtscp lm constant_tsc art arch_perfmon pebs bts rep_good nopl xtopology nonstop_tsc cpuid aperfmperf pni pclmulqdq dtes64 monitor ds_cpl vmx est tm2 ssse3 sdbg fma cx16 xtpr pdcm pcid sse4_1 sse4_2 x2apic movbe popcnt tsc_deadline_timer aes xsave avx f16c rdrand lahf_lm abm 3dnowprefetch cpuid_fault epb pti ssbd ibrs ibpb stibp tpr_shadow flexpriority ept vpid ept_ad fsgsbase tsc_adjust sgx bmi1 avx2 smep bmi2 erms invpcid mpx rdseed adx smap clflushopt intel_pt xsaveopt xsavec xgetbv1 xsaves dtherm ida arat pln pts hwp hwp_notify hwp_act_window hwp_epp vnmi md_clear flush_l1d arch_capabilities

Online cpus: 0-7
Offline cpus: 
BIOS frequency limitation: <Not Available>
Frequency switch latency (ns): 0
Available cpu frequencies: <Not Available>
Current governor: powersave
Core performance/turbo boost: <Not Available>

Memory: 4k page, physical 7904140k(4372008k free), swap 2097148k(2097148k free)
Page Sizes: 4k

vm_info: OpenJDK 64-Bit Server VM (21.0.8+9-Ubuntu-0ubuntu122.04.1) for linux-amd64 JRE (21.0.8+9-Ubuntu-0ubuntu122.04.1), built on 2025-07-16T21:56:18Z by "buildd" with gcc 12.3.0

END.
