#
# A fatal error has been detected by the Java Runtime Environment:
#
#  SIGSEGV (0xb) at pc=0x000074ab80006a85, pid=10039, tid=10076
#
# JRE version: OpenJDK Runtime Environment (17.0.17+10) (build 17.0.17+10-Ubuntu-122.04)
# Java VM: OpenJDK 64-Bit Server VM (17.0.17+10-Ubuntu-122.04, mixed mode, sharing, tiered, compressed oops, compressed class ptrs, g1 gc, linux-amd64)
# Problematic frame:
# V  [libjvm.so+0x806a85]  PhaseChaitin::add_input_to_liveout(Block*, Node*, IndexSet*, double, PhaseChaitin::Pressure&, PhaseChaitin::Pressure&)+0x35
#
# Core dump will be written. Default location: Core dumps may be processed with "/usr/share/apport/apport -p%p -s%s -c%c -d%d -P%P -u%u -g%g -F%F -- %E" (or dumping to /home/lee/Documents/kfarms-backend/core.10039)
#
# If you would like to submit a bug report, please visit:
#   https://bugs.launchpad.net/ubuntu/+source/openjdk-17
#

---------------  S U M M A R Y ------------

Command Line: -Dclassworlds.conf=/usr/share/maven/bin/m2.conf -Dmaven.home=/usr/share/maven -Dlibrary.jansi.path=/usr/share/maven/lib/jansi-native -Dmaven.multiModuleProjectDirectory=/home/lee/Documents/kfarms-backend org.codehaus.plexus.classworlds.launcher.Launcher spring-boot:run

Host: Intel(R) Core(TM) i5-8250U CPU @ 1.60GHz, 8 cores, 7G, Ubuntu 22.04.5 LTS
Time: Fri Dec  5 10:55:11 2025 WAT elapsed time: 2.411632 seconds (0d 0h 0m 2s)

---------------  T H R E A D  ---------------

Current thread (0x000074aadc12d7f0):  JavaThread "C2 CompilerThread1" daemon [_thread_in_native, id=10076, stack(0x000074ab023ff000,0x000074ab024ff000)]


Current CompileTask:
C2:2411 3212       4       sun.nio.cs.StreamDecoder::implRead (243 bytes)

Stack: [0x000074ab023ff000,0x000074ab024ff000],  sp=0x000074ab024fa350,  free space=1004k
Native frames: (J=compiled Java code, j=interpreted, Vv=VM code, C=native code)
V  [libjvm.so+0x806a85]  PhaseChaitin::add_input_to_liveout(Block*, Node*, IndexSet*, double, PhaseChaitin::Pressure&, PhaseChaitin::Pressure&)+0x35
V  [libjvm.so+0x807090]  PhaseChaitin::build_ifg_physical(ResourceArea*)+0x2d0
V  [libjvm.so+0x545a83]  PhaseChaitin::Register_Allocate()+0x883
V  [libjvm.so+0x5d651e]  Compile::Code_Gen()+0x33e
V  [libjvm.so+0x5dbfa4]  Compile::Compile(ciEnv*, ciMethod*, int, bool, bool, bool, bool, bool, DirectiveSet*)+0x13a4
V  [libjvm.so+0x5199ab]  C2Compiler::compile_method(ciEnv*, ciMethod*, int, bool, DirectiveSet*)+0xfb
V  [libjvm.so+0x5e4b0b]  CompileBroker::invoke_compiler_on_method(CompileTask*)+0xebb
V  [libjvm.so+0x5e5a68]  CompileBroker::compiler_thread_loop()+0x708
V  [libjvm.so+0xebe49d]  JavaThread::thread_main_inner()+0x1ed
V  [libjvm.so+0xec1dfe]  Thread::call_run()+0xae
V  [libjvm.so+0xc487ab]  thread_native_entry(Thread*)+0xeb


siginfo: si_signo: 11 (SIGSEGV), si_code: 1 (SEGV_MAPERR), si_addr: 0x0000000000000088

Registers:
RAX=0x0000000000000000, RBX=0x0000000000000000, RCX=0x000074ab024fa4d0, RDX=0x000074aae88a63b8
RSP=0x000074ab024fa350, RBP=0x000074ab024fa3b0, RSI=0x000074aad0120a60, RDI=0x000074aae88a63b8
R8 =0x000074ab024fa430, R9 =0x000074ab024fa450, R10=0x000074ab024fa9b0, R11=0x000074aad034f570
R12=0x000074ab024fa4d0, R13=0x000074ab024fa9b0, R14=0x000074aae88a63b8, R15=0x000074aad0120a60
RIP=0x000074ab80006a85, EFLAGS=0x0000000000010206, CSGSFS=0x002b000000000033, ERR=0x0000000000000004
  TRAPNO=0x000000000000000e

XMM[0]=0x0000000000000000 0x0000000000000000
XMM[1]=0x0000000000000000 0x3e312ec6b5a00000
XMM[2]=0x0000000000000000 0x7fefffffffffffff
XMM[3]=0x0000000000000000 0x0000000000000000
XMM[4]=0x0000000000000000 0x0000400000000000
XMM[5]=0x0000000800000008 0x0000000000000000
XMM[6]=0x0000000000000000 0x0000000000000000
XMM[7]=0x0000000000000000 0x0000000000000000
XMM[8]=0x0000000000000000 0x3f73d0dd4ee5a6eb
XMM[9]=0x0000000000000000 0x4008000000000000
XMM[10]=0x0000000000000000 0x46293e5939a08cea
XMM[11]=0x0000000000000000 0x4376345785d8a000
XMM[12]=0x000074aac4064f90 0x000074aac4064f30
XMM[13]=0x0000000000000000 0x000074aac4065410
XMM[14]=0x0000000000000000 0x000074aac40654d0
XMM[15]=0x0000000000000000 0x000074aac4065590
  MXCSR=0x00001fa0


Register to memory mapping:

RAX=0x0 is NULL
RBX=0x0 is NULL
RCX=0x000074ab024fa4d0 is pointing into the stack for thread: 0x000074aadc12d7f0
RDX=0x000074aae88a63b8 points into unknown readable memory: 0x0000000000000000 | 00 00 00 00 00 00 00 00
RSP=0x000074ab024fa350 is pointing into the stack for thread: 0x000074aadc12d7f0
RBP=0x000074ab024fa3b0 is pointing into the stack for thread: 0x000074aadc12d7f0
RSI=0x000074aad0120a60 points into unknown readable memory: 0x000074ab80a4c7b0 | b0 c7 a4 80 ab 74 00 00
RDI=0x000074aae88a63b8 points into unknown readable memory: 0x0000000000000000 | 00 00 00 00 00 00 00 00
R8 =0x000074ab024fa430 is pointing into the stack for thread: 0x000074aadc12d7f0
R9 =0x000074ab024fa450 is pointing into the stack for thread: 0x000074aadc12d7f0
R10=0x000074ab024fa9b0 is pointing into the stack for thread: 0x000074aadc12d7f0
R11=0x000074aad034f570 points into unknown readable memory: 0x3e112ec6b5a00000 | 00 00 a0 b5 c6 2e 11 3e
R12=0x000074ab024fa4d0 is pointing into the stack for thread: 0x000074aadc12d7f0
R13=0x000074ab024fa9b0 is pointing into the stack for thread: 0x000074aadc12d7f0
R14=0x000074aae88a63b8 points into unknown readable memory: 0x0000000000000000 | 00 00 00 00 00 00 00 00
R15=0x000074aad0120a60 points into unknown readable memory: 0x000074ab80a4c7b0 | b0 c7 a4 80 ab 74 00 00


Top of Stack: (sp=0x000074ab024fa350)
0x000074ab024fa350:   000074ab024fa430 000074ab024fa450
0x000074ab024fa360:   000074aad0120a60 0000000000000000
0x000074ab024fa370:   000074ab024fa4e0 000f423f024fa4d0
0x000074ab024fa380:   0000000000000000 0000000000000000
0x000074ab024fa390:   000074aae88a63b8 0000000000000002
0x000074ab024fa3a0:   0000000000000000 000074aad0120a60
0x000074ab024fa3b0:   000074ab024fa5a0 000074ab80007090
0x000074ab024fa3c0:   0000000000000000 000074ab024fa470
0x000074ab024fa3d0:   000074ab024fa9b0 0000000000000001
0x000074ab024fa3e0:   0000000000000008 000074ab024fa9b0
0x000074ab024fa3f0:   000074ab024fa450 000074ab024fa430
0x000074ab024fa400:   000074ab024fa4d0 00000009000000cf
0x000074ab024fa410:   0000000000000000 000074ab024fa9b0
0x000074ab024fa420:   0000000000000000 00000001d0364cc0
0x000074ab024fa430:   0000000a00000002 0000000d00000004
0x000074ab024fa440:   000074ab00000000 000074ab80ca5453
0x000074ab024fa450:   0000000a00000000 0000000e00000000
0x000074ab024fa460:   0000000000000000 000074ab806c55db
0x000074ab024fa470:   000074ab024f0000 0000000000000000
0x000074ab024fa480:   000074aae811feb0 000074ab8000eb00
0x000074ab024fa490:   000074ab024fa730 000074ab80811613
0x000074ab024fa4a0:   0000000000000000 0000000000000000
0x000074ab024fa4b0:   0000000000000000 000074ab80811613
0x000074ab024fa4c0:   000074ab024fa500 000074ab802b8f37
0x000074ab024fa4d0:   0000000200000005 000074ab024fa4e0
0x000074ab024fa4e0:   000074aae8623c20 000074aae8623c00
0x000074ab024fa4f0:   000074ab80b4eaa0 000074ab80b4eaa0
0x000074ab024fa500:   000074aae80ff1a0 000074aadc12cd40
0x000074ab024fa510:   000074ab00000000 fffffffffffffff8
0x000074ab024fa520:   0000000000000000 000074aae811fe00
0x000074ab024fa530:   000074aa00000001 0000000000000120
0x000074ab024fa540:   000074ab024fa550 000074ab000000d3 

Instructions: (pc=0x000074ab80006a85)
0x000074ab80006985:   48 8b 5d 10 4c 8d 0c d7 48 89 c2 49 8b 39 48 f7
0x000074ab80006995:   d2 48 21 fa 49 89 11 48 85 f8 74 63 41 83 28 01
0x000074ab800069a5:   48 8b 46 70 89 c9 48 8d 14 89 48 8b 40 20 48 8d
0x000074ab800069b5:   14 91 4c 8d 34 d0 f2 41 0f 10 4e 08 49 8d 7e 38
0x000074ab800069c5:   f2 0f 5c c8 f2 41 0f 11 4e 08 e8 7c 9a 4d 00 84
0x000074ab800069d5:   c0 74 2c 41 8b 86 98 00 00 00 85 c0 74 21 41 f6
0x000074ab800069e5:   86 a6 00 00 00 06 74 23 41 0f b7 96 a4 00 00 00
0x000074ab800069f5:   8b 03 29 d0 89 03 3b 43 0c 75 04 44 89 63 04 5b
0x000074ab80006a05:   41 5c 41 5d 41 5e 5d c3 0f 1f 00 5b 4c 89 ea 4c
0x000074ab80006a15:   89 f6 44 89 e7 41 5c 41 5d 41 5e 5d e9 fa d0 ff
0x000074ab80006a25:   ff 66 2e 0f 1f 84 00 00 00 00 00 f3 0f 1e fa 8b
0x000074ab80006a35:   02 85 c0 75 06 c3 0f 1f 44 00 00 e9 4b d7 ff ff
0x000074ab80006a45:   90 66 2e 0f 1f 84 00 00 00 00 00 f3 0f 1e fa 55
0x000074ab80006a55:   48 89 e5 41 57 41 56 49 89 d6 41 55 49 89 fd 48
0x000074ab80006a65:   89 d7 41 54 49 89 cc 53 48 83 ec 38 48 8b 02 48
0x000074ab80006a75:   89 75 b0 4c 89 45 a0 4c 89 4d a8 f2 0f 11 45 b8
0x000074ab80006a85:   ff 90 88 00 00 00 c7 45 cc 3f 42 0f 00 48 85 c0
0x000074ab80006a95:   74 0b 48 89 c7 e8 41 c3 d1 ff 89 45 cc 49 8b 06
0x000074ab80006aa5:   4c 89 f7 45 31 ff ff 10 41 8b 76 18 3d 1f 01 00
0x000074ab80006ab5:   00 41 0f 95 c7 41 39 f7 0f 83 06 01 00 00 4c 89
0x000074ab80006ac5:   f0 4c 89 e3 4d 89 ee 49 89 c5 90 49 8b 4d 08 44
0x000074ab80006ad5:   89 f8 48 8b 3c c1 49 8b 86 08 01 00 00 48 63 4f
0x000074ab80006ae5:   28 44 8b 24 88 45 85 e4 0f 84 c9 00 00 00 44 89
0x000074ab80006af5:   e0 49 8b 76 70 48 8d 0c 80 48 8d 0c 88 48 8b 46
0x000074ab80006b05:   20 4c 8d 0c c8 44 39 7d cc 0f 87 cc 00 00 00 48
0x000074ab80006b15:   8b 4b 08 44 89 e0 c1 e8 08 48 8b 04 c1 48 3b 05
0x000074ab80006b25:   0f b3 af 00 0f 84 e1 00 00 00 44 89 e1 41 c1 ec
0x000074ab80006b35:   06 ba 01 00 00 00 41 83 e4 03 48 d3 e2 4a 8d 34
0x000074ab80006b45:   e0 48 89 d7 48 8b 06 48 09 c7 48 89 3e 48 85 c2
0x000074ab80006b55:   75 61 83 03 01 f2 0f 10 45 b8 49 8d 79 38 f2 41
0x000074ab80006b65:   0f 58 41 08 4c 89 4d c0 f2 41 0f 11 41 08 e8 d8
0x000074ab80006b75:   98 4d 00 4c 8b 4d c0 84 c0 74 38 41 8b 81 98 00 


Stack slot to memory mapping:
stack at sp + 0 slots: 0x000074ab024fa430 is pointing into the stack for thread: 0x000074aadc12d7f0
stack at sp + 1 slots: 0x000074ab024fa450 is pointing into the stack for thread: 0x000074aadc12d7f0
stack at sp + 2 slots: 0x000074aad0120a60 points into unknown readable memory: 0x000074ab80a4c7b0 | b0 c7 a4 80 ab 74 00 00
stack at sp + 3 slots: 0x0 is NULL
stack at sp + 4 slots: 0x000074ab024fa4e0 is pointing into the stack for thread: 0x000074aadc12d7f0
stack at sp + 5 slots: 0x000f423f024fa4d0 is an unknown value
stack at sp + 6 slots: 0x0 is NULL
stack at sp + 7 slots: 0x0 is NULL


---------------  P R O C E S S  ---------------

Threads class SMR info:
_java_thread_list=0x000074aadc130950, length=13, elements={
0x000074ab78018570, 0x000074ab78129180, 0x000074ab7812a560, 0x000074ab7812faf0,
0x000074ab78130ea0, 0x000074ab781322b0, 0x000074ab78133c60, 0x000074ab78135190,
0x000074ab7813e5f0, 0x000074ab78146440, 0x000074ab78149730, 0x000074aadc12d7f0,
0x000074aadc12f940
}

Java Threads: ( => current thread )
  0x000074ab78018570 JavaThread "main" [_thread_in_Java, id=10058, stack(0x000074ab7f300000,0x000074ab7f400000)]
  0x000074ab78129180 JavaThread "Reference Handler" daemon [_thread_blocked, id=10065, stack(0x000074ab5c5a4000,0x000074ab5c6a4000)]
  0x000074ab7812a560 JavaThread "Finalizer" daemon [_thread_blocked, id=10066, stack(0x000074ab5c4a4000,0x000074ab5c5a4000)]
  0x000074ab7812faf0 JavaThread "Signal Dispatcher" daemon [_thread_blocked, id=10067, stack(0x000074ab5c3a4000,0x000074ab5c4a4000)]
  0x000074ab78130ea0 JavaThread "Service Thread" daemon [_thread_blocked, id=10068, stack(0x000074ab5c2a4000,0x000074ab5c3a4000)]
  0x000074ab781322b0 JavaThread "Monitor Deflation Thread" daemon [_thread_blocked, id=10069, stack(0x000074ab5c1a4000,0x000074ab5c2a4000)]
  0x000074ab78133c60 JavaThread "C2 CompilerThread0" daemon [_thread_in_native, id=10070, stack(0x000074ab5c0a4000,0x000074ab5c1a4000)]
  0x000074ab78135190 JavaThread "C1 CompilerThread0" daemon [_thread_in_vm, id=10071, stack(0x000074ab02900000,0x000074ab02a00000)]
  0x000074ab7813e5f0 JavaThread "Sweeper thread" daemon [_thread_blocked, id=10072, stack(0x000074ab02800000,0x000074ab02900000)]
  0x000074ab78146440 JavaThread "Notification Thread" daemon [_thread_blocked, id=10073, stack(0x000074ab02700000,0x000074ab02800000)]
  0x000074ab78149730 JavaThread "Common-Cleaner" daemon [_thread_blocked, id=10075, stack(0x000074ab024ff000,0x000074ab025ff000)]
=>0x000074aadc12d7f0 JavaThread "C2 CompilerThread1" daemon [_thread_in_native, id=10076, stack(0x000074ab023ff000,0x000074ab024ff000)]
  0x000074aadc12f940 JavaThread "C2 CompilerThread2" daemon [_thread_in_native, id=10077, stack(0x000074ab022ff000,0x000074ab023ff000)]

Other Threads:
  0x000074ab78125430 VMThread "VM Thread" [stack: 0x000074ab5c6a5000,0x000074ab5c7a5000] [id=10064]
  0x000074ab78147d80 WatcherThread [stack: 0x000074ab02600000,0x000074ab02700000] [id=10074]
  0x000074ab78071d30 GCTaskThread "GC Thread#0" [stack: 0x000074ab77f00000,0x000074ab78000000] [id=10059]
  0x000074aafc006110 GCTaskThread "GC Thread#1" [stack: 0x000074ab021ff000,0x000074ab022ff000] [id=10078]
  0x000074aafc00c930 GCTaskThread "GC Thread#2" [stack: 0x000074ab020fe000,0x000074ab021fe000] [id=10079]
  0x000074aafc00c000 GCTaskThread "GC Thread#3" [stack: 0x000074ab01ffd000,0x000074ab020fd000] [id=10089]
  0x000074aafc00f300 GCTaskThread "GC Thread#4" [stack: 0x000074ab01efc000,0x000074ab01ffc000] [id=10090]
  0x000074aafc00fd10 GCTaskThread "GC Thread#5" [stack: 0x000074ab01dfb000,0x000074ab01efb000] [id=10091]
  0x000074aafc010720 GCTaskThread "GC Thread#6" [stack: 0x000074ab01cfa000,0x000074ab01dfa000] [id=10092]
  0x000074aafc011170 GCTaskThread "GC Thread#7" [stack: 0x000074ab01bf9000,0x000074ab01cf9000] [id=10093]
  0x000074ab78082480 ConcurrentGCThread "G1 Main Marker" [stack: 0x000074ab5f4d8000,0x000074ab5f5d8000] [id=10060]
  0x000074ab780833f0 ConcurrentGCThread "G1 Conc#0" [stack: 0x000074ab5f3d7000,0x000074ab5f4d7000] [id=10061]
  0x000074ab780f7850 ConcurrentGCThread "G1 Refine#0" [stack: 0x000074ab5c9f9000,0x000074ab5caf9000] [id=10062]
  0x000074ab48000ea0 ConcurrentGCThread "G1 Refine#1" [stack: 0x000074ab01af8000,0x000074ab01bf8000] [id=10094]
  0x000074ab780f8750 ConcurrentGCThread "G1 Service" [stack: 0x000074ab5c8f8000,0x000074ab5c9f8000] [id=10063]

Threads with active compile tasks:
C2 CompilerThread0  2455 3143       4       org.codehaus.plexus.util.xml.pull.MXParser::ensureElementsCapacity (265 bytes)
C1 CompilerThread0  2455 3295       3       org.apache.maven.repository.internal.DefaultVersionResolver::resolveVersion (953 bytes)
C2 CompilerThread1  2455 3212       4       sun.nio.cs.StreamDecoder::implRead (243 bytes)
C2 CompilerThread2  2455 2996   !   4       org.codehaus.plexus.interpolation.StringSearchInterpolator::interpolate (668 bytes)

VM state: not at safepoint (normal execution)

VM Mutex/Monitor currently owned by a thread: None

Heap address: 0x0000000087600000, size: 1930 MB, Compressed Oops mode: 32-bit

CDS archive(s) mapped at: [0x000074ab07000000-0x000074ab07bca000-0x000074ab07bca000), size 12361728, SharedBaseAddress: 0x000074ab07000000, ArchiveRelocationMode: 1.
Compressed class space mapped at: 0x000074ab08000000-0x000074ab48000000, reserved size: 1073741824
Narrow klass base: 0x000074ab07000000, Narrow klass shift: 0, Narrow klass range: 0x100000000

GC Precious Log:
 CPUs: 8 total, 8 available
 Memory: 7718M
 Large Page Support: Disabled
 NUMA Support: Disabled
 Compressed Oops: Enabled (32-bit)
 Heap Region Size: 1M
 Heap Min Capacity: 8M
 Heap Initial Capacity: 122M
 Heap Max Capacity: 1930M
 Pre-touch: Disabled
 Parallel Workers: 8
 Concurrent Workers: 2
 Concurrent Refinement Workers: 8
 Periodic GC: Disabled

Heap:
 garbage-first heap   total 126976K, used 27981K [0x0000000087600000, 0x0000000100000000)
  region size 1024K, 24 young (24576K), 10 survivors (10240K)
 Metaspace       used 13169K, committed 13312K, reserved 1114112K
  class space    used 1475K, committed 1536K, reserved 1048576K

Heap Regions: E=young(eden), S=young(survivor), O=old, HS=humongous(starts), HC=humongous(continues), CS=collection set, F=free, OA=open archive, CA=closed archive, TAMS=top-at-mark-start (previous, next)
|   0|0x0000000087600000, 0x0000000087700000, 0x0000000087700000|100%| O|  |TAMS 0x0000000087600000, 0x0000000087600000| Untracked 
|   1|0x0000000087700000, 0x0000000087800000, 0x0000000087800000|100%| O|  |TAMS 0x0000000087700000, 0x0000000087700000| Untracked 
|   2|0x0000000087800000, 0x0000000087900000, 0x0000000087900000|100%| O|  |TAMS 0x0000000087800000, 0x0000000087800000| Untracked 
|   3|0x0000000087900000, 0x000000008797e400, 0x0000000087a00000| 49%| O|  |TAMS 0x0000000087900000, 0x0000000087900000| Untracked 
|   4|0x0000000087a00000, 0x0000000087a00000, 0x0000000087b00000|  0%| F|  |TAMS 0x0000000087a00000, 0x0000000087a00000| Untracked 
|   5|0x0000000087b00000, 0x0000000087b00000, 0x0000000087c00000|  0%| F|  |TAMS 0x0000000087b00000, 0x0000000087b00000| Untracked 
|   6|0x0000000087c00000, 0x0000000087c00000, 0x0000000087d00000|  0%| F|  |TAMS 0x0000000087c00000, 0x0000000087c00000| Untracked 
|   7|0x0000000087d00000, 0x0000000087d00000, 0x0000000087e00000|  0%| F|  |TAMS 0x0000000087d00000, 0x0000000087d00000| Untracked 
|   8|0x0000000087e00000, 0x0000000087e00000, 0x0000000087f00000|  0%| F|  |TAMS 0x0000000087e00000, 0x0000000087e00000| Untracked 
|   9|0x0000000087f00000, 0x0000000087f00000, 0x0000000088000000|  0%| F|  |TAMS 0x0000000087f00000, 0x0000000087f00000| Untracked 
|  10|0x0000000088000000, 0x0000000088000000, 0x0000000088100000|  0%| F|  |TAMS 0x0000000088000000, 0x0000000088000000| Untracked 
|  11|0x0000000088100000, 0x0000000088100000, 0x0000000088200000|  0%| F|  |TAMS 0x0000000088100000, 0x0000000088100000| Untracked 
|  12|0x0000000088200000, 0x0000000088200000, 0x0000000088300000|  0%| F|  |TAMS 0x0000000088200000, 0x0000000088200000| Untracked 
|  13|0x0000000088300000, 0x0000000088300000, 0x0000000088400000|  0%| F|  |TAMS 0x0000000088300000, 0x0000000088300000| Untracked 
|  14|0x0000000088400000, 0x0000000088400000, 0x0000000088500000|  0%| F|  |TAMS 0x0000000088400000, 0x0000000088400000| Untracked 
|  15|0x0000000088500000, 0x0000000088500000, 0x0000000088600000|  0%| F|  |TAMS 0x0000000088500000, 0x0000000088500000| Untracked 
|  16|0x0000000088600000, 0x0000000088600000, 0x0000000088700000|  0%| F|  |TAMS 0x0000000088600000, 0x0000000088600000| Untracked 
|  17|0x0000000088700000, 0x0000000088700000, 0x0000000088800000|  0%| F|  |TAMS 0x0000000088700000, 0x0000000088700000| Untracked 
|  18|0x0000000088800000, 0x0000000088800000, 0x0000000088900000|  0%| F|  |TAMS 0x0000000088800000, 0x0000000088800000| Untracked 
|  19|0x0000000088900000, 0x0000000088900000, 0x0000000088a00000|  0%| F|  |TAMS 0x0000000088900000, 0x0000000088900000| Untracked 
|  20|0x0000000088a00000, 0x0000000088a00000, 0x0000000088b00000|  0%| F|  |TAMS 0x0000000088a00000, 0x0000000088a00000| Untracked 
|  21|0x0000000088b00000, 0x0000000088b00000, 0x0000000088c00000|  0%| F|  |TAMS 0x0000000088b00000, 0x0000000088b00000| Untracked 
|  22|0x0000000088c00000, 0x0000000088c00000, 0x0000000088d00000|  0%| F|  |TAMS 0x0000000088c00000, 0x0000000088c00000| Untracked 
|  23|0x0000000088d00000, 0x0000000088d00000, 0x0000000088e00000|  0%| F|  |TAMS 0x0000000088d00000, 0x0000000088d00000| Untracked 
|  24|0x0000000088e00000, 0x0000000088e00000, 0x0000000088f00000|  0%| F|  |TAMS 0x0000000088e00000, 0x0000000088e00000| Untracked 
|  25|0x0000000088f00000, 0x0000000088f00000, 0x0000000089000000|  0%| F|  |TAMS 0x0000000088f00000, 0x0000000088f00000| Untracked 
|  26|0x0000000089000000, 0x0000000089000000, 0x0000000089100000|  0%| F|  |TAMS 0x0000000089000000, 0x0000000089000000| Untracked 
|  27|0x0000000089100000, 0x0000000089100000, 0x0000000089200000|  0%| F|  |TAMS 0x0000000089100000, 0x0000000089100000| Untracked 
|  28|0x0000000089200000, 0x0000000089200000, 0x0000000089300000|  0%| F|  |TAMS 0x0000000089200000, 0x0000000089200000| Untracked 
|  29|0x0000000089300000, 0x0000000089300000, 0x0000000089400000|  0%| F|  |TAMS 0x0000000089300000, 0x0000000089300000| Untracked 
|  30|0x0000000089400000, 0x0000000089400000, 0x0000000089500000|  0%| F|  |TAMS 0x0000000089400000, 0x0000000089400000| Untracked 
|  31|0x0000000089500000, 0x0000000089500000, 0x0000000089600000|  0%| F|  |TAMS 0x0000000089500000, 0x0000000089500000| Untracked 
|  32|0x0000000089600000, 0x0000000089600000, 0x0000000089700000|  0%| F|  |TAMS 0x0000000089600000, 0x0000000089600000| Untracked 
|  33|0x0000000089700000, 0x0000000089700000, 0x0000000089800000|  0%| F|  |TAMS 0x0000000089700000, 0x0000000089700000| Untracked 
|  34|0x0000000089800000, 0x0000000089800000, 0x0000000089900000|  0%| F|  |TAMS 0x0000000089800000, 0x0000000089800000| Untracked 
|  35|0x0000000089900000, 0x0000000089900000, 0x0000000089a00000|  0%| F|  |TAMS 0x0000000089900000, 0x0000000089900000| Untracked 
|  36|0x0000000089a00000, 0x0000000089a00000, 0x0000000089b00000|  0%| F|  |TAMS 0x0000000089a00000, 0x0000000089a00000| Untracked 
|  37|0x0000000089b00000, 0x0000000089b00000, 0x0000000089c00000|  0%| F|  |TAMS 0x0000000089b00000, 0x0000000089b00000| Untracked 
|  38|0x0000000089c00000, 0x0000000089c00000, 0x0000000089d00000|  0%| F|  |TAMS 0x0000000089c00000, 0x0000000089c00000| Untracked 
|  39|0x0000000089d00000, 0x0000000089de8030, 0x0000000089e00000| 90%| S|CS|TAMS 0x0000000089d00000, 0x0000000089d00000| Complete 
|  40|0x0000000089e00000, 0x0000000089f00000, 0x0000000089f00000|100%| S|CS|TAMS 0x0000000089e00000, 0x0000000089e00000| Complete 
|  41|0x0000000089f00000, 0x000000008a000000, 0x000000008a000000|100%| S|CS|TAMS 0x0000000089f00000, 0x0000000089f00000| Complete 
|  42|0x000000008a000000, 0x000000008a100000, 0x000000008a100000|100%| S|CS|TAMS 0x000000008a000000, 0x000000008a000000| Complete 
|  43|0x000000008a100000, 0x000000008a200000, 0x000000008a200000|100%| S|CS|TAMS 0x000000008a100000, 0x000000008a100000| Complete 
|  44|0x000000008a200000, 0x000000008a300000, 0x000000008a300000|100%| S|CS|TAMS 0x000000008a200000, 0x000000008a200000| Complete 
|  45|0x000000008a300000, 0x000000008a400000, 0x000000008a400000|100%| S|CS|TAMS 0x000000008a300000, 0x000000008a300000| Complete 
|  46|0x000000008a400000, 0x000000008a500000, 0x000000008a500000|100%| S|CS|TAMS 0x000000008a400000, 0x000000008a400000| Complete 
|  47|0x000000008a500000, 0x000000008a600000, 0x000000008a600000|100%| S|CS|TAMS 0x000000008a500000, 0x000000008a500000| Complete 
|  48|0x000000008a600000, 0x000000008a700000, 0x000000008a700000|100%| S|CS|TAMS 0x000000008a600000, 0x000000008a600000| Complete 
|  49|0x000000008a700000, 0x000000008a700000, 0x000000008a800000|  0%| F|  |TAMS 0x000000008a700000, 0x000000008a700000| Untracked 
|  50|0x000000008a800000, 0x000000008a800000, 0x000000008a900000|  0%| F|  |TAMS 0x000000008a800000, 0x000000008a800000| Untracked 
|  51|0x000000008a900000, 0x000000008a900000, 0x000000008aa00000|  0%| F|  |TAMS 0x000000008a900000, 0x000000008a900000| Untracked 
|  52|0x000000008aa00000, 0x000000008aa00000, 0x000000008ab00000|  0%| F|  |TAMS 0x000000008aa00000, 0x000000008aa00000| Untracked 
|  53|0x000000008ab00000, 0x000000008ab00000, 0x000000008ac00000|  0%| F|  |TAMS 0x000000008ab00000, 0x000000008ab00000| Untracked 
|  54|0x000000008ac00000, 0x000000008ac00000, 0x000000008ad00000|  0%| F|  |TAMS 0x000000008ac00000, 0x000000008ac00000| Untracked 
|  55|0x000000008ad00000, 0x000000008ad00000, 0x000000008ae00000|  0%| F|  |TAMS 0x000000008ad00000, 0x000000008ad00000| Untracked 
|  56|0x000000008ae00000, 0x000000008ae00000, 0x000000008af00000|  0%| F|  |TAMS 0x000000008ae00000, 0x000000008ae00000| Untracked 
|  57|0x000000008af00000, 0x000000008af00000, 0x000000008b000000|  0%| F|  |TAMS 0x000000008af00000, 0x000000008af00000| Untracked 
|  58|0x000000008b000000, 0x000000008b000000, 0x000000008b100000|  0%| F|  |TAMS 0x000000008b000000, 0x000000008b000000| Untracked 
|  59|0x000000008b100000, 0x000000008b100000, 0x000000008b200000|  0%| F|  |TAMS 0x000000008b100000, 0x000000008b100000| Untracked 
|  60|0x000000008b200000, 0x000000008b200000, 0x000000008b300000|  0%| F|  |TAMS 0x000000008b200000, 0x000000008b200000| Untracked 
|  61|0x000000008b300000, 0x000000008b300000, 0x000000008b400000|  0%| F|  |TAMS 0x000000008b300000, 0x000000008b300000| Untracked 
|  62|0x000000008b400000, 0x000000008b400000, 0x000000008b500000|  0%| F|  |TAMS 0x000000008b400000, 0x000000008b400000| Untracked 
|  63|0x000000008b500000, 0x000000008b500000, 0x000000008b600000|  0%| F|  |TAMS 0x000000008b500000, 0x000000008b500000| Untracked 
|  64|0x000000008b600000, 0x000000008b600000, 0x000000008b700000|  0%| F|  |TAMS 0x000000008b600000, 0x000000008b600000| Untracked 
|  65|0x000000008b700000, 0x000000008b700000, 0x000000008b800000|  0%| F|  |TAMS 0x000000008b700000, 0x000000008b700000| Untracked 
|  66|0x000000008b800000, 0x000000008b800000, 0x000000008b900000|  0%| F|  |TAMS 0x000000008b800000, 0x000000008b800000| Untracked 
|  67|0x000000008b900000, 0x000000008b900000, 0x000000008ba00000|  0%| F|  |TAMS 0x000000008b900000, 0x000000008b900000| Untracked 
|  68|0x000000008ba00000, 0x000000008ba00000, 0x000000008bb00000|  0%| F|  |TAMS 0x000000008ba00000, 0x000000008ba00000| Untracked 
|  69|0x000000008bb00000, 0x000000008bb00000, 0x000000008bc00000|  0%| F|  |TAMS 0x000000008bb00000, 0x000000008bb00000| Untracked 
|  70|0x000000008bc00000, 0x000000008bc00000, 0x000000008bd00000|  0%| F|  |TAMS 0x000000008bc00000, 0x000000008bc00000| Untracked 
|  71|0x000000008bd00000, 0x000000008bd00000, 0x000000008be00000|  0%| F|  |TAMS 0x000000008bd00000, 0x000000008bd00000| Untracked 
|  72|0x000000008be00000, 0x000000008be00000, 0x000000008bf00000|  0%| F|  |TAMS 0x000000008be00000, 0x000000008be00000| Untracked 
|  73|0x000000008bf00000, 0x000000008bf00000, 0x000000008c000000|  0%| F|  |TAMS 0x000000008bf00000, 0x000000008bf00000| Untracked 
|  74|0x000000008c000000, 0x000000008c000000, 0x000000008c100000|  0%| F|  |TAMS 0x000000008c000000, 0x000000008c000000| Untracked 
|  75|0x000000008c100000, 0x000000008c100000, 0x000000008c200000|  0%| F|  |TAMS 0x000000008c100000, 0x000000008c100000| Untracked 
|  76|0x000000008c200000, 0x000000008c200000, 0x000000008c300000|  0%| F|  |TAMS 0x000000008c200000, 0x000000008c200000| Untracked 
|  77|0x000000008c300000, 0x000000008c300000, 0x000000008c400000|  0%| F|  |TAMS 0x000000008c300000, 0x000000008c300000| Untracked 
|  78|0x000000008c400000, 0x000000008c400000, 0x000000008c500000|  0%| F|  |TAMS 0x000000008c400000, 0x000000008c400000| Untracked 
|  79|0x000000008c500000, 0x000000008c500000, 0x000000008c600000|  0%| F|  |TAMS 0x000000008c500000, 0x000000008c500000| Untracked 
|  80|0x000000008c600000, 0x000000008c600000, 0x000000008c700000|  0%| F|  |TAMS 0x000000008c600000, 0x000000008c600000| Untracked 
|  81|0x000000008c700000, 0x000000008c700000, 0x000000008c800000|  0%| F|  |TAMS 0x000000008c700000, 0x000000008c700000| Untracked 
|  82|0x000000008c800000, 0x000000008c800000, 0x000000008c900000|  0%| F|  |TAMS 0x000000008c800000, 0x000000008c800000| Untracked 
|  83|0x000000008c900000, 0x000000008c900000, 0x000000008ca00000|  0%| F|  |TAMS 0x000000008c900000, 0x000000008c900000| Untracked 
|  84|0x000000008ca00000, 0x000000008ca00000, 0x000000008cb00000|  0%| F|  |TAMS 0x000000008ca00000, 0x000000008ca00000| Untracked 
|  85|0x000000008cb00000, 0x000000008cb00000, 0x000000008cc00000|  0%| F|  |TAMS 0x000000008cb00000, 0x000000008cb00000| Untracked 
|  86|0x000000008cc00000, 0x000000008cc00000, 0x000000008cd00000|  0%| F|  |TAMS 0x000000008cc00000, 0x000000008cc00000| Untracked 
|  87|0x000000008cd00000, 0x000000008cd00000, 0x000000008ce00000|  0%| F|  |TAMS 0x000000008cd00000, 0x000000008cd00000| Untracked 
|  88|0x000000008ce00000, 0x000000008ce00000, 0x000000008cf00000|  0%| F|  |TAMS 0x000000008ce00000, 0x000000008ce00000| Untracked 
|  89|0x000000008cf00000, 0x000000008cf00000, 0x000000008d000000|  0%| F|  |TAMS 0x000000008cf00000, 0x000000008cf00000| Untracked 
|  90|0x000000008d000000, 0x000000008d000000, 0x000000008d100000|  0%| F|  |TAMS 0x000000008d000000, 0x000000008d000000| Untracked 
|  91|0x000000008d100000, 0x000000008d100000, 0x000000008d200000|  0%| F|  |TAMS 0x000000008d100000, 0x000000008d100000| Untracked 
|  92|0x000000008d200000, 0x000000008d200000, 0x000000008d300000|  0%| F|  |TAMS 0x000000008d200000, 0x000000008d200000| Untracked 
|  93|0x000000008d300000, 0x000000008d300000, 0x000000008d400000|  0%| F|  |TAMS 0x000000008d300000, 0x000000008d300000| Untracked 
|  94|0x000000008d400000, 0x000000008d400000, 0x000000008d500000|  0%| F|  |TAMS 0x000000008d400000, 0x000000008d400000| Untracked 
|  95|0x000000008d500000, 0x000000008d500000, 0x000000008d600000|  0%| F|  |TAMS 0x000000008d500000, 0x000000008d500000| Untracked 
|  96|0x000000008d600000, 0x000000008d600000, 0x000000008d700000|  0%| F|  |TAMS 0x000000008d600000, 0x000000008d600000| Untracked 
|  97|0x000000008d700000, 0x000000008d700000, 0x000000008d800000|  0%| F|  |TAMS 0x000000008d700000, 0x000000008d700000| Untracked 
|  98|0x000000008d800000, 0x000000008d800000, 0x000000008d900000|  0%| F|  |TAMS 0x000000008d800000, 0x000000008d800000| Untracked 
|  99|0x000000008d900000, 0x000000008d900000, 0x000000008da00000|  0%| F|  |TAMS 0x000000008d900000, 0x000000008d900000| Untracked 
| 100|0x000000008da00000, 0x000000008da00000, 0x000000008db00000|  0%| F|  |TAMS 0x000000008da00000, 0x000000008da00000| Untracked 
| 101|0x000000008db00000, 0x000000008db00000, 0x000000008dc00000|  0%| F|  |TAMS 0x000000008db00000, 0x000000008db00000| Untracked 
| 102|0x000000008dc00000, 0x000000008dc00000, 0x000000008dd00000|  0%| F|  |TAMS 0x000000008dc00000, 0x000000008dc00000| Untracked 
| 103|0x000000008dd00000, 0x000000008dd00000, 0x000000008de00000|  0%| F|  |TAMS 0x000000008dd00000, 0x000000008dd00000| Untracked 
| 104|0x000000008de00000, 0x000000008de00000, 0x000000008df00000|  0%| F|  |TAMS 0x000000008de00000, 0x000000008de00000| Untracked 
| 105|0x000000008df00000, 0x000000008df00000, 0x000000008e000000|  0%| F|  |TAMS 0x000000008df00000, 0x000000008df00000| Untracked 
| 106|0x000000008e000000, 0x000000008e000000, 0x000000008e100000|  0%| F|  |TAMS 0x000000008e000000, 0x000000008e000000| Untracked 
| 107|0x000000008e100000, 0x000000008e100000, 0x000000008e200000|  0%| F|  |TAMS 0x000000008e100000, 0x000000008e100000| Untracked 
| 108|0x000000008e200000, 0x000000008e280000, 0x000000008e300000| 50%| E|  |TAMS 0x000000008e200000, 0x000000008e200000| Complete 
| 109|0x000000008e300000, 0x000000008e400000, 0x000000008e400000|100%| E|CS|TAMS 0x000000008e300000, 0x000000008e300000| Complete 
| 110|0x000000008e400000, 0x000000008e500000, 0x000000008e500000|100%| E|CS|TAMS 0x000000008e400000, 0x000000008e400000| Complete 
| 111|0x000000008e500000, 0x000000008e600000, 0x000000008e600000|100%| E|CS|TAMS 0x000000008e500000, 0x000000008e500000| Complete 
| 112|0x000000008e600000, 0x000000008e700000, 0x000000008e700000|100%| E|CS|TAMS 0x000000008e600000, 0x000000008e600000| Complete 
| 113|0x000000008e700000, 0x000000008e800000, 0x000000008e800000|100%| E|CS|TAMS 0x000000008e700000, 0x000000008e700000| Complete 
| 114|0x000000008e800000, 0x000000008e900000, 0x000000008e900000|100%| E|CS|TAMS 0x000000008e800000, 0x000000008e800000| Complete 
| 115|0x000000008e900000, 0x000000008ea00000, 0x000000008ea00000|100%| E|CS|TAMS 0x000000008e900000, 0x000000008e900000| Complete 
| 116|0x000000008ea00000, 0x000000008eb00000, 0x000000008eb00000|100%| E|CS|TAMS 0x000000008ea00000, 0x000000008ea00000| Complete 
| 117|0x000000008eb00000, 0x000000008ec00000, 0x000000008ec00000|100%| E|CS|TAMS 0x000000008eb00000, 0x000000008eb00000| Complete 
| 118|0x000000008ec00000, 0x000000008ed00000, 0x000000008ed00000|100%| E|CS|TAMS 0x000000008ec00000, 0x000000008ec00000| Complete 
| 119|0x000000008ed00000, 0x000000008ee00000, 0x000000008ee00000|100%| E|CS|TAMS 0x000000008ed00000, 0x000000008ed00000| Complete 
| 120|0x000000008ee00000, 0x000000008ef00000, 0x000000008ef00000|100%| E|CS|TAMS 0x000000008ee00000, 0x000000008ee00000| Complete 
| 121|0x000000008ef00000, 0x000000008f000000, 0x000000008f000000|100%| E|CS|TAMS 0x000000008ef00000, 0x000000008ef00000| Complete 
|1928|0x00000000ffe00000, 0x00000000ffe75000, 0x00000000fff00000| 45%|OA|  |TAMS 0x00000000ffe00000, 0x00000000ffe00000| Untracked 
|1929|0x00000000fff00000, 0x00000000fff78000, 0x0000000100000000| 46%|CA|  |TAMS 0x00000000fff00000, 0x00000000fff00000| Untracked 

Card table byte_map: [0x000074ab7e283000,0x000074ab7e648000] _byte_map_base: 0x000074ab7de48000

Marking Bits (Prev, Next): (CMBitMap*) 0x000074ab780727c0, (CMBitMap*) 0x000074ab78072800
 Prev Bits: [0x000074ab7c096000, 0x000074ab7debe000)
 Next Bits: [0x000074ab5f5d8000, 0x000074ab61400000)

Polling page: 0x000074ab80edb000

Metaspace:

Usage:
  Non-class:     11.42 MB used.
      Class:      1.44 MB used.
       Both:     12.86 MB used.

Virtual space:
  Non-class space:       64.00 MB reserved,      11.50 MB ( 18%) committed,  1 nodes.
      Class space:        1.00 GB reserved,       1.50 MB ( <1%) committed,  1 nodes.
             Both:        1.06 GB reserved,      13.00 MB (  1%) committed. 

Chunk freelists:
   Non-Class:  3.41 MB
       Class:  14.51 MB
        Both:  17.92 MB

MaxMetaspaceSize: unlimited
CompressedClassSpaceSize: 1.00 GB
Initial GC threshold: 21.00 MB
Current GC threshold: 21.00 MB
CDS: on
MetaspaceReclaimPolicy: balanced
 - commit_granule_bytes: 65536.
 - commit_granule_words: 8192.
 - virtual_space_node_default_size: 8388608.
 - enlarge_chunks_in_place: 1.
 - new_chunks_are_fully_committed: 0.
 - uncommit_free_chunks: 1.
 - use_allocation_guard: 0.
 - handle_deallocations: 1.


Internal statistics:

num_allocs_failed_limit: 0.
num_arena_births: 72.
num_arena_deaths: 0.
num_vsnodes_births: 2.
num_vsnodes_deaths: 0.
num_space_committed: 208.
num_space_uncommitted: 0.
num_chunks_returned_to_freelist: 0.
num_chunks_taken_from_freelist: 506.
num_chunk_merges: 0.
num_chunk_splits: 369.
num_chunks_enlarged: 289.
num_inconsistent_stats: 0.

CodeHeap 'non-profiled nmethods': size=120028Kb used=1575Kb max_used=1575Kb free=118452Kb
 bounds [0x000074ab68ec9000, 0x000074ab69139000, 0x000074ab70400000]
CodeHeap 'profiled nmethods': size=120028Kb used=6365Kb max_used=6365Kb free=113662Kb
 bounds [0x000074ab61400000, 0x000074ab61a40000, 0x000074ab68937000]
CodeHeap 'non-nmethods': size=5704Kb used=1161Kb max_used=1243Kb free=4542Kb
 bounds [0x000074ab68937000, 0x000074ab68ba7000, 0x000074ab68ec9000]
 total_blobs=3730 nmethods=3277 adapters=366
 compilation: enabled
              stopped_count=0, restarted_count=0
 full_count=0

Compilation events (20 events):
Event: 2.349 Thread 0x000074ab78135190 nmethod 3281 0x000074ab61a2e510 code [0x000074ab61a2e740, 0x000074ab61a2ed10]
Event: 2.349 Thread 0x000074ab78135190 3282       2       org.eclipse.aether.util.repository.DefaultMirrorSelector::findMirror (149 bytes)
Event: 2.353 Thread 0x000074ab78135190 nmethod 3282 0x000074ab61a2f110 code [0x000074ab61a2f380, 0x000074ab61a2f9a0]
Event: 2.354 Thread 0x000074ab78135190 3277       2       java.util.Objects::hash (5 bytes)
Event: 2.354 Thread 0x000074ab78135190 nmethod 3277 0x000074ab61a2fd90 code [0x000074ab61a2ff40, 0x000074ab61a30040]
Event: 2.355 Thread 0x000074ab78135190 3283       2       java.lang.AbstractStringBuilder::checkRangeSIOOBE (63 bytes)
Event: 2.358 Thread 0x000074ab78135190 nmethod 3283 0x000074ab61a30110 code [0x000074ab61a30340, 0x000074ab61a30710]
Event: 2.358 Thread 0x000074ab78135190 3284       2       java.util.Properties::keys (11 bytes)
Event: 2.360 Thread 0x000074ab78135190 nmethod 3284 0x000074ab61a30990 code [0x000074ab61a30b40, 0x000074ab61a30db0]
Event: 2.360 Thread 0x000074ab78135190 3285       2       org.apache.maven.model.building.DefaultModelBuildingResult::addModelId (20 bytes)
Event: 2.362 Thread 0x000074ab78135190 nmethod 3285 0x000074ab61a30f10 code [0x000074ab61a310c0, 0x000074ab61a312b0]
Event: 2.362 Thread 0x000074ab78135190 3286       2       org.apache.maven.model.building.DefaultModelBuildingResult::setActivePomProfiles (46 bytes)
Event: 2.364 Thread 0x000074ab78135190 nmethod 3286 0x000074ab61a31410 code [0x000074ab61a315e0, 0x000074ab61a318b0]
Event: 2.364 Thread 0x000074ab78135190 3287       2       org.apache.maven.model.building.DefaultModelBuildingResult::setRawModel (21 bytes)
Event: 2.366 Thread 0x000074ab78135190 nmethod 3287 0x000074ab61a31a10 code [0x000074ab61a31bc0, 0x000074ab61a31db0]
Event: 2.366 Thread 0x000074ab78135190 3288       2       org.codehaus.plexus.interpolation.StringSearchInterpolator::<init> (55 bytes)
Event: 2.368 Thread 0x000074ab78135190 nmethod 3288 0x000074ab61a31f10 code [0x000074ab61a320e0, 0x000074ab61a325f0]
Event: 2.377 Thread 0x000074ab78135190 3289   !   2       java.lang.Class::getEnumConstantsShared (71 bytes)
Event: 2.379 Thread 0x000074ab78133c60 nmethod 3155 0x000074ab6904bd90 code [0x000074ab6904c0c0, 0x000074ab6904f8f0]
Event: 2.380 Thread 0x000074ab78133c60 3184       4       org.codehaus.plexus.util.xml.XmlReader::read (11 bytes)

GC Heap History (6 events):
Event: 0.426 GC heap before
{Heap before GC invocations=0 (full 0):
 garbage-first heap   total 126976K, used 23476K [0x0000000087600000, 0x0000000100000000)
  region size 1024K, 23 young (23552K), 0 survivors (0K)
 Metaspace       used 5034K, committed 5248K, reserved 1114112K
  class space    used 600K, committed 704K, reserved 1048576K
}
Event: 0.432 GC heap after
{Heap after GC invocations=1 (full 0):
 garbage-first heap   total 126976K, used 4116K [0x0000000087600000, 0x0000000100000000)
  region size 1024K, 3 young (3072K), 3 survivors (3072K)
 Metaspace       used 5034K, committed 5248K, reserved 1114112K
  class space    used 600K, committed 704K, reserved 1048576K
}
Event: 1.476 GC heap before
{Heap before GC invocations=1 (full 0):
 garbage-first heap   total 126976K, used 49172K [0x0000000087600000, 0x0000000100000000)
  region size 1024K, 47 young (48128K), 3 survivors (3072K)
 Metaspace       used 12160K, committed 12352K, reserved 1114112K
  class space    used 1435K, committed 1536K, reserved 1048576K
}
Event: 1.488 GC heap after
{Heap after GC invocations=2 (full 0):
 garbage-first heap   total 126976K, used 8165K [0x0000000087600000, 0x0000000100000000)
  region size 1024K, 6 young (6144K), 6 survivors (6144K)
 Metaspace       used 12160K, committed 12352K, reserved 1114112K
  class space    used 1435K, committed 1536K, reserved 1048576K
}
Event: 1.922 GC heap before
{Heap before GC invocations=2 (full 0):
 garbage-first heap   total 126976K, used 76773K [0x0000000087600000, 0x0000000100000000)
  region size 1024K, 73 young (74752K), 6 survivors (6144K)
 Metaspace       used 13044K, committed 13184K, reserved 1114112K
  class space    used 1474K, committed 1536K, reserved 1048576K
}
Event: 1.939 GC heap after
{Heap after GC invocations=3 (full 0):
 garbage-first heap   total 126976K, used 14669K [0x0000000087600000, 0x0000000100000000)
  region size 1024K, 10 young (10240K), 10 survivors (10240K)
 Metaspace       used 13044K, committed 13184K, reserved 1114112K
  class space    used 1474K, committed 1536K, reserved 1048576K
}

Dll operation events (7 events):
Event: 0.002 Loaded shared library /usr/lib/jvm/java-17-openjdk-amd64/lib/libjava.so
Event: 0.015 Loaded shared library /usr/lib/jvm/java-17-openjdk-amd64/lib/libjsvml.so
Event: 0.024 Loaded shared library /usr/lib/jvm/java-17-openjdk-amd64/lib/libnio.so
Event: 0.026 Loaded shared library /usr/lib/jvm/java-17-openjdk-amd64/lib/libzip.so
Event: 0.105 Loaded shared library /usr/lib/jvm/java-17-openjdk-amd64/lib/libjimage.so
Event: 0.143 Loaded shared library /usr/lib/jvm/java-17-openjdk-amd64/lib/libverify.so
Event: 0.934 Loaded shared library /usr/lib/jvm/java-17-openjdk-amd64/lib/libnet.so

Deoptimization events (20 events):
Event: 1.762 Thread 0x000074ab78018570 Uncommon trap: trap_request=0xffffffbe fr.pc=0x000074ab6902809c relative=0x000000000000193c
Event: 1.762 Thread 0x000074ab78018570 Uncommon trap: reason=profile_predicate action=maybe_recompile pc=0x000074ab6902809c method=java.util.regex.Pattern$CharPropertyGreedy.match(Ljava/util/regex/Matcher;ILjava/lang/CharSequence;)Z @ 103 c2
Event: 1.762 Thread 0x000074ab78018570 DEOPT PACKING pc=0x000074ab6902809c sp=0x000074ab7f3fbeb0
Event: 1.762 Thread 0x000074ab78018570 DEOPT UNPACKING pc=0x000074ab6898d699 sp=0x000074ab7f3fbe60 mode 2
Event: 1.762 Thread 0x000074ab78018570 Uncommon trap: trap_request=0xffffffbe fr.pc=0x000074ab6902809c relative=0x000000000000193c
Event: 1.762 Thread 0x000074ab78018570 Uncommon trap: reason=profile_predicate action=maybe_recompile pc=0x000074ab6902809c method=java.util.regex.Pattern$CharPropertyGreedy.match(Ljava/util/regex/Matcher;ILjava/lang/CharSequence;)Z @ 103 c2
Event: 1.762 Thread 0x000074ab78018570 DEOPT PACKING pc=0x000074ab6902809c sp=0x000074ab7f3fbac0
Event: 1.762 Thread 0x000074ab78018570 DEOPT UNPACKING pc=0x000074ab6898d699 sp=0x000074ab7f3fba70 mode 2
Event: 1.768 Thread 0x000074ab78018570 Uncommon trap: trap_request=0xffffff45 fr.pc=0x000074ab6902ac2c relative=0x000000000000034c
Event: 1.768 Thread 0x000074ab78018570 Uncommon trap: reason=unstable_if action=reinterpret pc=0x000074ab6902ac2c method=org.apache.maven.model.ConfigurationContainer.getLocation(Ljava/lang/Object;)Lorg/apache/maven/model/InputLocation; @ 18 c2
Event: 1.768 Thread 0x000074ab78018570 DEOPT PACKING pc=0x000074ab6902ac2c sp=0x000074ab7f3fb8b0
Event: 1.768 Thread 0x000074ab78018570 DEOPT UNPACKING pc=0x000074ab6898d699 sp=0x000074ab7f3fb870 mode 2
Event: 1.771 Thread 0x000074ab78018570 Uncommon trap: trap_request=0xffffff45 fr.pc=0x000074ab68f3e7c8 relative=0x00000000000005e8
Event: 1.771 Thread 0x000074ab78018570 Uncommon trap: reason=unstable_if action=reinterpret pc=0x000074ab68f3e7c8 method=java.lang.String.regionMatches(ZILjava/lang/String;II)Z @ 21 c2
Event: 1.771 Thread 0x000074ab78018570 DEOPT PACKING pc=0x000074ab68f3e7c8 sp=0x000074ab7f3fc030
Event: 1.771 Thread 0x000074ab78018570 DEOPT UNPACKING pc=0x000074ab6898d699 sp=0x000074ab7f3fbff8 mode 2
Event: 1.795 Thread 0x000074ab78018570 Uncommon trap: trap_request=0xffffff45 fr.pc=0x000074ab68f8df0c relative=0x0000000000002a0c
Event: 1.795 Thread 0x000074ab78018570 Uncommon trap: reason=unstable_if action=reinterpret pc=0x000074ab68f8df0c method=org.codehaus.plexus.util.xml.pull.MXParser.isS(C)Z @ 21 c2
Event: 1.795 Thread 0x000074ab78018570 DEOPT PACKING pc=0x000074ab68f8df0c sp=0x000074ab7f3fbb80
Event: 1.795 Thread 0x000074ab78018570 DEOPT UNPACKING pc=0x000074ab6898d699 sp=0x000074ab7f3fbab0 mode 2

Classes loaded (20 events):
Event: 0.934 Loading class sun/nio/ch/NativeThread
Event: 0.935 Loading class sun/nio/ch/NativeThread done
Event: 0.935 Loading class sun/nio/ch/FileLockTable
Event: 0.935 Loading class sun/nio/ch/FileLockTable done
Event: 0.935 Loading class sun/nio/ch/FileKey
Event: 0.935 Loading class sun/nio/ch/FileKey done
Event: 0.935 Loading class sun/nio/ch/FileLockTable$FileLockReference
Event: 0.935 Loading class sun/nio/ch/FileLockTable$FileLockReference done
Event: 0.935 Loading class java/nio/channels/spi/AbstractInterruptibleChannel$1
Event: 0.935 Loading class sun/nio/ch/Interruptible
Event: 0.935 Loading class sun/nio/ch/Interruptible done
Event: 0.935 Loading class java/nio/channels/spi/AbstractInterruptibleChannel$1 done
Event: 0.989 Loading class java/lang/Character$UnicodeBlock
Event: 0.990 Loading class java/lang/Character$Subset
Event: 0.990 Loading class java/lang/Character$Subset done
Event: 0.990 Loading class java/lang/Character$UnicodeBlock done
Event: 1.541 Loading class java/util/LinkedList$ListItr
Event: 1.542 Loading class java/util/LinkedList$ListItr done
Event: 1.874 Loading class sun/nio/cs/ISO_8859_1$Decoder
Event: 1.874 Loading class sun/nio/cs/ISO_8859_1$Decoder done

Classes unloaded (0 events):
No events

Classes redefined (0 events):
No events

Internal exceptions (13 events):
Event: 0.093 Thread 0x000074ab78018570 Exception <a 'java/lang/NoClassDefFoundError'{0x000000008ec2b9c8}: org/fusesource/jansi/internal/CLibrary> (0x000000008ec2b9c8) 
thrown [./src/hotspot/share/classfile/systemDictionary.cpp, line 245]
Event: 0.093 Thread 0x000074ab78018570 Exception <a 'java/lang/NoClassDefFoundError'{0x000000008ec2c1d0}: org/fusesource/jansi/internal/CLibrary> (0x000000008ec2c1d0) 
thrown [./src/hotspot/share/oops/constantPool.cpp, line 837]
Event: 0.094 Thread 0x000074ab78018570 Exception <a 'java/lang/NoClassDefFoundError'{0x000000008ec37ab8}: org/fusesource/jansi/internal/CLibrary> (0x000000008ec37ab8) 
thrown [./src/hotspot/share/oops/constantPool.cpp, line 837]
Event: 0.094 Thread 0x000074ab78018570 Exception <a 'java/lang/NoClassDefFoundError'{0x000000008ec380f8}: org/fusesource/jansi/internal/CLibrary> (0x000000008ec380f8) 
thrown [./src/hotspot/share/oops/constantPool.cpp, line 837]
Event: 0.254 Thread 0x000074ab78018570 Exception <a 'java/lang/NoSuchMethodError'{0x000000008e6fc010}: 'void java.lang.invoke.DirectMethodHandle$Holder.invokeSpecial(java.lang.Object, java.lang.Object, java.lang.Object)'> (0x000000008e6fc010) 
thrown [./src/hotspot/share/interpreter/linkResolver.cpp, line 758]
Event: 0.306 Thread 0x000074ab78018570 Exception <a 'java/lang/NoSuchMethodError'{0x000000008e3c23c8}: 'java.lang.Object java.lang.invoke.DirectMethodHandle$Holder.newInvokeSpecial(java.lang.Object, java.lang.Object, java.lang.Object, java.lang.Object, java.lang.Object)'> (0x000000008e3c23c8) 
thrown [./src/hotspot/share/interpreter/linkResolver.cpp, line 758]
Event: 0.800 Thread 0x000074ab78018570 Exception <a 'java/lang/NoClassDefFoundError'{0x000000008d5b33d8}: com/google/inject/servlet/ServletModuleTargetVisitor> (0x000000008d5b33d8) 
thrown [./src/hotspot/share/classfile/systemDictionary.cpp, line 245]
Event: 0.918 Thread 0x000074ab78018570 Implicit null exception at 0x000074ab68f07954 to 0x000074ab68f07f78
Event: 0.919 Thread 0x000074ab78018570 Implicit null exception at 0x000074ab68ef3454 to 0x000074ab68ef3a48
Event: 0.994 Thread 0x000074ab78018570 Exception <a 'java/lang/NoSuchMethodError'{0x000000008cde6880}: 'int java.lang.invoke.DirectMethodHandle$Holder.invokeStatic(java.lang.Object, java.lang.Object, int)'> (0x000000008cde6880) 
thrown [./src/hotspot/share/interpreter/linkResolver.cpp, line 758]
Event: 1.605 Thread 0x000074ab78018570 Implicit null exception at 0x000074ab68fb55e0 to 0x000074ab68fb569c
Event: 1.605 Thread 0x000074ab78018570 Implicit null exception at 0x000074ab68f5a76f to 0x000074ab68f5a94c
Event: 1.605 Thread 0x000074ab78018570 Implicit null exception at 0x000074ab68f344e0 to 0x000074ab68f34572

VM Operations (20 events):
Event: 0.857 Executing VM operation: HandshakeAllThreads
Event: 0.857 Executing VM operation: HandshakeAllThreads done
Event: 0.909 Executing VM operation: HandshakeAllThreads
Event: 0.909 Executing VM operation: HandshakeAllThreads done
Event: 0.995 Executing VM operation: ICBufferFull
Event: 0.995 Executing VM operation: ICBufferFull done
Event: 1.476 Executing VM operation: G1CollectForAllocation
Event: 1.488 Executing VM operation: G1CollectForAllocation done
Event: 1.703 Executing VM operation: ICBufferFull
Event: 1.703 Executing VM operation: ICBufferFull done
Event: 1.873 Executing VM operation: HandshakeAllThreads
Event: 1.873 Executing VM operation: HandshakeAllThreads done
Event: 1.874 Executing VM operation: HandshakeAllThreads
Event: 1.874 Executing VM operation: HandshakeAllThreads done
Event: 1.874 Executing VM operation: HandshakeAllThreads
Event: 1.874 Executing VM operation: HandshakeAllThreads done
Event: 1.874 Executing VM operation: HandshakeAllThreads
Event: 1.874 Executing VM operation: HandshakeAllThreads done
Event: 1.922 Executing VM operation: G1CollectForAllocation
Event: 1.939 Executing VM operation: G1CollectForAllocation done

Memory protections (13 events):
Event: 0.001 Protecting memory [0x000074ab7f300000,0x000074ab7f304000] with protection modes 0
Event: 0.017 Protecting memory [0x000074ab5c5a4000,0x000074ab5c5a8000] with protection modes 0
Event: 0.017 Protecting memory [0x000074ab5c4a4000,0x000074ab5c4a8000] with protection modes 0
Event: 0.019 Protecting memory [0x000074ab5c3a4000,0x000074ab5c3a8000] with protection modes 0
Event: 0.019 Protecting memory [0x000074ab5c2a4000,0x000074ab5c2a8000] with protection modes 0
Event: 0.019 Protecting memory [0x000074ab5c1a4000,0x000074ab5c1a8000] with protection modes 0
Event: 0.019 Protecting memory [0x000074ab5c0a4000,0x000074ab5c0a8000] with protection modes 0
Event: 0.019 Protecting memory [0x000074ab02900000,0x000074ab02904000] with protection modes 0
Event: 0.020 Protecting memory [0x000074ab02800000,0x000074ab02804000] with protection modes 0
Event: 0.021 Protecting memory [0x000074ab02700000,0x000074ab02704000] with protection modes 0
Event: 0.023 Protecting memory [0x000074ab024ff000,0x000074ab02503000] with protection modes 0
Event: 0.244 Protecting memory [0x000074ab023ff000,0x000074ab02403000] with protection modes 0
Event: 0.259 Protecting memory [0x000074ab022ff000,0x000074ab02303000] with protection modes 0

Nmethod flushes (0 events):
No events

Events (13 events):
Event: 0.015 Thread 0x000074ab78018570 Thread added: 0x000074ab78018570
Event: 0.017 Thread 0x000074ab78018570 Thread added: 0x000074ab78129180
Event: 0.017 Thread 0x000074ab78018570 Thread added: 0x000074ab7812a560
Event: 0.019 Thread 0x000074ab78018570 Thread added: 0x000074ab7812faf0
Event: 0.019 Thread 0x000074ab78018570 Thread added: 0x000074ab78130ea0
Event: 0.019 Thread 0x000074ab78018570 Thread added: 0x000074ab781322b0
Event: 0.019 Thread 0x000074ab78018570 Thread added: 0x000074ab78133c60
Event: 0.019 Thread 0x000074ab78018570 Thread added: 0x000074ab78135190
Event: 0.020 Thread 0x000074ab78018570 Thread added: 0x000074ab7813e5f0
Event: 0.021 Thread 0x000074ab78018570 Thread added: 0x000074ab78146440
Event: 0.023 Thread 0x000074ab78018570 Thread added: 0x000074ab78149730
Event: 0.243 Thread 0x000074ab78135190 Thread added: 0x000074aadc12d7f0
Event: 0.259 Thread 0x000074ab78135190 Thread added: 0x000074aadc12f940


Dynamic libraries:
87600000-8f000000 rw-p 00000000 00:00 0 
8f000000-ffe00000 ---p 00000000 00:00 0 
ffe00000-ffe75000 rw-p 00c7a000 103:02 9045259                           /usr/lib/jvm/java-17-openjdk-amd64/lib/server/classes.jsa
ffe75000-fff00000 rw-p 00000000 00:00 0 
fff00000-fff78000 rw-p 00c02000 103:02 9045259                           /usr/lib/jvm/java-17-openjdk-amd64/lib/server/classes.jsa
fff78000-100000000 rw-p 00000000 00:00 0 
55a3c90b9000-55a3c90ba000 r--p 00000000 103:02 9045186                   /usr/lib/jvm/java-17-openjdk-amd64/bin/java
55a3c90ba000-55a3c90bb000 r-xp 00001000 103:02 9045186                   /usr/lib/jvm/java-17-openjdk-amd64/bin/java
55a3c90bb000-55a3c90bc000 r--p 00002000 103:02 9045186                   /usr/lib/jvm/java-17-openjdk-amd64/bin/java
55a3c90bc000-55a3c90bd000 r--p 00002000 103:02 9045186                   /usr/lib/jvm/java-17-openjdk-amd64/bin/java
55a3c90bd000-55a3c90be000 rw-p 00003000 103:02 9045186                   /usr/lib/jvm/java-17-openjdk-amd64/bin/java
55a3e720e000-55a3e7255000 rw-p 00000000 00:00 0                          [heap]
74aaa4000000-74aaa4021000 rw-p 00000000 00:00 0 
74aaa4021000-74aaa8000000 ---p 00000000 00:00 0 
74aaac000000-74aaac021000 rw-p 00000000 00:00 0 
74aaac021000-74aab0000000 ---p 00000000 00:00 0 
74aab0000000-74aab0021000 rw-p 00000000 00:00 0 
74aab0021000-74aab4000000 ---p 00000000 00:00 0 
74aab4000000-74aab4021000 rw-p 00000000 00:00 0 
74aab4021000-74aab8000000 ---p 00000000 00:00 0 
74aab8000000-74aab8021000 rw-p 00000000 00:00 0 
74aab8021000-74aabc000000 ---p 00000000 00:00 0 
74aabc000000-74aabc021000 rw-p 00000000 00:00 0 
74aabc021000-74aac0000000 ---p 00000000 00:00 0 
74aac0000000-74aac0021000 rw-p 00000000 00:00 0 
74aac0021000-74aac4000000 ---p 00000000 00:00 0 
74aac4000000-74aac4a69000 rw-p 00000000 00:00 0 
74aac4a69000-74aac8000000 ---p 00000000 00:00 0 
74aac8000000-74aac8023000 rw-p 00000000 00:00 0 
74aac8023000-74aacc000000 ---p 00000000 00:00 0 
74aacc000000-74aacc021000 rw-p 00000000 00:00 0 
74aacc021000-74aad0000000 ---p 00000000 00:00 0 
74aad0000000-74aad097f000 rw-p 00000000 00:00 0 
74aad097f000-74aad4000000 ---p 00000000 00:00 0 
74aad4000000-74aad4021000 rw-p 00000000 00:00 0 
74aad4021000-74aad8000000 ---p 00000000 00:00 0 
74aad8000000-74aad8021000 rw-p 00000000 00:00 0 
74aad8021000-74aadc000000 ---p 00000000 00:00 0 
74aadc000000-74aadc6ab000 rw-p 00000000 00:00 0 
74aadc6ab000-74aae0000000 ---p 00000000 00:00 0 
74aae0000000-74aae0021000 rw-p 00000000 00:00 0 
74aae0021000-74aae4000000 ---p 00000000 00:00 0 
74aae4000000-74aae4021000 rw-p 00000000 00:00 0 
74aae4021000-74aae8000000 ---p 00000000 00:00 0 
74aae8000000-74aae8a65000 rw-p 00000000 00:00 0 
74aae8a65000-74aaec000000 ---p 00000000 00:00 0 
74aaec000000-74aaec021000 rw-p 00000000 00:00 0 
74aaec021000-74aaf0000000 ---p 00000000 00:00 0 
74aaf0000000-74aaf0021000 rw-p 00000000 00:00 0 
74aaf0021000-74aaf4000000 ---p 00000000 00:00 0 
74aaf4000000-74aaf4021000 rw-p 00000000 00:00 0 
74aaf4021000-74aaf8000000 ---p 00000000 00:00 0 
74aaf8000000-74aaf8021000 rw-p 00000000 00:00 0 
74aaf8021000-74aafc000000 ---p 00000000 00:00 0 
74aafc000000-74aafc021000 rw-p 00000000 00:00 0 
74aafc021000-74ab00000000 ---p 00000000 00:00 0 
74ab016d7000-74ab01af7000 rw-p 00000000 00:00 0 
74ab01af7000-74ab01af8000 ---p 00000000 00:00 0 
74ab01af8000-74ab01bf8000 rw-p 00000000 00:00 0 
74ab01bf8000-74ab01bf9000 ---p 00000000 00:00 0 
74ab01bf9000-74ab01cf9000 rw-p 00000000 00:00 0 
74ab01cf9000-74ab01cfa000 ---p 00000000 00:00 0 
74ab01cfa000-74ab01dfa000 rw-p 00000000 00:00 0 
74ab01dfa000-74ab01dfb000 ---p 00000000 00:00 0 
74ab01dfb000-74ab01efb000 rw-p 00000000 00:00 0 
74ab01efb000-74ab01efc000 ---p 00000000 00:00 0 
74ab01efc000-74ab01ffc000 rw-p 00000000 00:00 0 
74ab01ffc000-74ab01ffd000 ---p 00000000 00:00 0 
74ab01ffd000-74ab020fd000 rw-p 00000000 00:00 0 
74ab020fd000-74ab020fe000 ---p 00000000 00:00 0 
74ab020fe000-74ab021fe000 rw-p 00000000 00:00 0 
74ab021fe000-74ab021ff000 ---p 00000000 00:00 0 
74ab021ff000-74ab022ff000 rw-p 00000000 00:00 0 
74ab022ff000-74ab02303000 ---p 00000000 00:00 0 
74ab02303000-74ab023ff000 rw-p 00000000 00:00 0 
74ab023ff000-74ab02403000 ---p 00000000 00:00 0 
74ab02403000-74ab024ff000 rw-p 00000000 00:00 0 
74ab024ff000-74ab02503000 ---p 00000000 00:00 0 
74ab02503000-74ab025ff000 rw-p 00000000 00:00 0 
74ab025ff000-74ab02600000 ---p 00000000 00:00 0 
74ab02600000-74ab02700000 rw-p 00000000 00:00 0 
74ab02700000-74ab02704000 ---p 00000000 00:00 0 
74ab02704000-74ab02800000 rw-p 00000000 00:00 0 
74ab02800000-74ab02804000 ---p 00000000 00:00 0 
74ab02804000-74ab02900000 rw-p 00000000 00:00 0 
74ab02900000-74ab02904000 ---p 00000000 00:00 0 
74ab02904000-74ab02a00000 rw-p 00000000 00:00 0 
74ab02a00000-74ab02f73000 r--p 00000000 103:02 7865433                   /usr/lib/locale/locale-archive
74ab03000000-74ab032e0000 rw-p 00000000 00:00 0 
74ab032e0000-74ab03400000 ---p 00000000 00:00 0 
74ab03400000-74ab03ca0000 rw-p 00000000 00:00 0 
74ab03ca0000-74ab07000000 ---p 00000000 00:00 0 
74ab07000000-74ab07bca000 rw-p 00001000 103:02 9045259                   /usr/lib/jvm/java-17-openjdk-amd64/lib/server/classes.jsa
74ab07bca000-74ab08000000 ---p 00000000 00:00 0 
74ab08000000-74ab08030000 rw-p 00000000 00:00 0 
74ab08030000-74ab08070000 rw-p 00000000 00:00 0 
74ab08070000-74ab08180000 rw-p 00000000 00:00 0 
74ab08180000-74ab48000000 ---p 00000000 00:00 0 
74ab48000000-74ab48021000 rw-p 00000000 00:00 0 
74ab48021000-74ab4c000000 ---p 00000000 00:00 0 
74ab4c000000-74ab4c021000 rw-p 00000000 00:00 0 
74ab4c021000-74ab50000000 ---p 00000000 00:00 0 
74ab50000000-74ab50021000 rw-p 00000000 00:00 0 
74ab50021000-74ab54000000 ---p 00000000 00:00 0 
74ab54000000-74ab54021000 rw-p 00000000 00:00 0 
74ab54021000-74ab58000000 ---p 00000000 00:00 0 
74ab58000000-74ab58021000 rw-p 00000000 00:00 0 
74ab58021000-74ab5c000000 ---p 00000000 00:00 0 
74ab5c0a4000-74ab5c0a8000 ---p 00000000 00:00 0 
74ab5c0a8000-74ab5c1a4000 rw-p 00000000 00:00 0 
74ab5c1a4000-74ab5c1a8000 ---p 00000000 00:00 0 
74ab5c1a8000-74ab5c2a4000 rw-p 00000000 00:00 0 
74ab5c2a4000-74ab5c2a8000 ---p 00000000 00:00 0 
74ab5c2a8000-74ab5c3a4000 rw-p 00000000 00:00 0 
74ab5c3a4000-74ab5c3a8000 ---p 00000000 00:00 0 
74ab5c3a8000-74ab5c4a4000 rw-p 00000000 00:00 0 
74ab5c4a4000-74ab5c4a8000 ---p 00000000 00:00 0 
74ab5c4a8000-74ab5c5a4000 rw-p 00000000 00:00 0 
74ab5c5a4000-74ab5c5a8000 ---p 00000000 00:00 0 
74ab5c5a8000-74ab5c6a4000 rw-p 00000000 00:00 0 
74ab5c6a4000-74ab5c6a5000 ---p 00000000 00:00 0 
74ab5c6a5000-74ab5c7a5000 rw-p 00000000 00:00 0 
74ab5c7a5000-74ab5c7aa000 r--p 00000000 103:02 9045243                   /usr/lib/jvm/java-17-openjdk-amd64/lib/libjsvml.so
74ab5c7aa000-74ab5c7eb000 r-xp 00005000 103:02 9045243                   /usr/lib/jvm/java-17-openjdk-amd64/lib/libjsvml.so
74ab5c7eb000-74ab5c874000 r--p 00046000 103:02 9045243                   /usr/lib/jvm/java-17-openjdk-amd64/lib/libjsvml.so
74ab5c874000-74ab5c875000 r--p 000ce000 103:02 9045243                   /usr/lib/jvm/java-17-openjdk-amd64/lib/libjsvml.so
74ab5c875000-74ab5c876000 rw-p 000cf000 103:02 9045243                   /usr/lib/jvm/java-17-openjdk-amd64/lib/libjsvml.so
74ab5c876000-74ab5c8f7000 rw-p 00000000 00:00 0 
74ab5c8f7000-74ab5c8f8000 ---p 00000000 00:00 0 
74ab5c8f8000-74ab5c9f8000 rw-p 00000000 00:00 0 
74ab5c9f8000-74ab5c9f9000 ---p 00000000 00:00 0 
74ab5c9f9000-74ab5caf9000 rw-p 00000000 00:00 0 
74ab5caf9000-74ab5f200000 rw-p 00000000 00:00 0 
74ab5f239000-74ab5f3d6000 rw-p 00000000 00:00 0 
74ab5f3d6000-74ab5f3d7000 ---p 00000000 00:00 0 
74ab5f3d7000-74ab5f4d7000 rw-p 00000000 00:00 0 
74ab5f4d7000-74ab5f4d8000 ---p 00000000 00:00 0 
74ab5f4d8000-74ab5f5d8000 rw-p 00000000 00:00 0 
74ab5f5d8000-74ab5f7c0000 rw-p 00000000 00:00 0 
74ab5f7c0000-74ab613f8000 ---p 00000000 00:00 0 
74ab613f8000-74ab61400000 rw-p 00000000 00:00 0 
74ab61400000-74ab61a40000 rwxp 00000000 00:00 0 
74ab61a40000-74ab68937000 ---p 00000000 00:00 0 
74ab68937000-74ab68ba7000 rwxp 00000000 00:00 0 
74ab68ba7000-74ab68ec9000 ---p 00000000 00:00 0 
74ab68ec9000-74ab69139000 rwxp 00000000 00:00 0 
74ab69139000-74ab70400000 ---p 00000000 00:00 0 
74ab70400000-74ab77ed0000 r--s 00000000 103:02 9045258                   /usr/lib/jvm/java-17-openjdk-amd64/lib/modules
74ab77eff000-74ab77f00000 ---p 00000000 00:00 0 
74ab77f00000-74ab78000000 rw-p 00000000 00:00 0 
74ab78000000-74ab78876000 rw-p 00000000 00:00 0 
74ab78876000-74ab7c000000 ---p 00000000 00:00 0 
74ab7c019000-74ab7c27e000 rw-p 00000000 00:00 0 
74ab7c27e000-74ab7deb6000 ---p 00000000 00:00 0 
74ab7deb6000-74ab7defb000 rw-p 00000000 00:00 0 
74ab7defb000-74ab7e282000 ---p 00000000 00:00 0 
74ab7e282000-74ab7e2c0000 rw-p 00000000 00:00 0 
74ab7e2c0000-74ab7e647000 ---p 00000000 00:00 0 
74ab7e647000-74ab7e685000 rw-p 00000000 00:00 0 
74ab7e685000-74ab7ea0c000 ---p 00000000 00:00 0 
74ab7ea0c000-74ab7f21a000 rw-p 00000000 00:00 0 
74ab7f21a000-74ab7f300000 ---p 00000000 00:00 0 
74ab7f300000-74ab7f304000 ---p 00000000 00:00 0 
74ab7f304000-74ab7f400000 rw-p 00000000 00:00 0 
74ab7f400000-74ab7f49a000 r--p 00000000 103:02 7876710                   /usr/lib/x86_64-linux-gnu/libstdc++.so.6.0.30
74ab7f49a000-74ab7f5ab000 r-xp 0009a000 103:02 7876710                   /usr/lib/x86_64-linux-gnu/libstdc++.so.6.0.30
74ab7f5ab000-74ab7f61a000 r--p 001ab000 103:02 7876710                   /usr/lib/x86_64-linux-gnu/libstdc++.so.6.0.30
74ab7f61a000-74ab7f61b000 ---p 0021a000 103:02 7876710                   /usr/lib/x86_64-linux-gnu/libstdc++.so.6.0.30
74ab7f61b000-74ab7f626000 r--p 0021a000 103:02 7876710                   /usr/lib/x86_64-linux-gnu/libstdc++.so.6.0.30
74ab7f626000-74ab7f629000 rw-p 00225000 103:02 7876710                   /usr/lib/x86_64-linux-gnu/libstdc++.so.6.0.30
74ab7f629000-74ab7f62c000 rw-p 00000000 00:00 0 
74ab7f62e000-74ab7f63b000 rw-p 00000000 00:00 0 
74ab7f63b000-74ab7f719000 ---p 00000000 00:00 0 
74ab7f719000-74ab7f727000 r--p 00000000 103:02 7866487                   /usr/lib/x86_64-linux-gnu/libm.so.6
74ab7f727000-74ab7f7a3000 r-xp 0000e000 103:02 7866487                   /usr/lib/x86_64-linux-gnu/libm.so.6
74ab7f7a3000-74ab7f7fe000 r--p 0008a000 103:02 7866487                   /usr/lib/x86_64-linux-gnu/libm.so.6
74ab7f7fe000-74ab7f7ff000 r--p 000e4000 103:02 7866487                   /usr/lib/x86_64-linux-gnu/libm.so.6
74ab7f7ff000-74ab7f800000 rw-p 000e5000 103:02 7866487                   /usr/lib/x86_64-linux-gnu/libm.so.6
74ab7f800000-74ab7fa51000 r--p 00000000 103:02 9045262                   /usr/lib/jvm/java-17-openjdk-amd64/lib/server/libjvm.so
74ab7fa51000-74ab807c6000 r-xp 00251000 103:02 9045262                   /usr/lib/jvm/java-17-openjdk-amd64/lib/server/libjvm.so
74ab807c6000-74ab80a49000 r--p 00fc6000 103:02 9045262                   /usr/lib/jvm/java-17-openjdk-amd64/lib/server/libjvm.so
74ab80a49000-74ab80a4a000 ---p 01249000 103:02 9045262                   /usr/lib/jvm/java-17-openjdk-amd64/lib/server/libjvm.so
74ab80a4a000-74ab80b02000 r--p 01249000 103:02 9045262                   /usr/lib/jvm/java-17-openjdk-amd64/lib/server/libjvm.so
74ab80b02000-74ab80b37000 rw-p 01301000 103:02 9045262                   /usr/lib/jvm/java-17-openjdk-amd64/lib/server/libjvm.so
74ab80b37000-74ab80b91000 rw-p 00000000 00:00 0 
74ab80ba0000-74ab80ba7000 r--s 00000000 103:02 7875145                   /usr/lib/x86_64-linux-gnu/gconv/gconv-modules.cache
74ab80ba7000-74ab80bab000 r--p 00000000 103:02 9045256                   /usr/lib/jvm/java-17-openjdk-amd64/lib/libverify.so
74ab80bab000-74ab80bb2000 r-xp 00004000 103:02 9045256                   /usr/lib/jvm/java-17-openjdk-amd64/lib/libverify.so
74ab80bb2000-74ab80bb4000 r--p 0000b000 103:02 9045256                   /usr/lib/jvm/java-17-openjdk-amd64/lib/libverify.so
74ab80bb4000-74ab80bb6000 r--p 0000c000 103:02 9045256                   /usr/lib/jvm/java-17-openjdk-amd64/lib/libverify.so
74ab80bb6000-74ab80bb7000 rw-p 0000e000 103:02 9045256                   /usr/lib/jvm/java-17-openjdk-amd64/lib/libverify.so
74ab80bb7000-74ab80be8000 rw-p 00000000 00:00 0 
74ab80be8000-74ab80bec000 r--p 00000000 103:02 9045249                   /usr/lib/jvm/java-17-openjdk-amd64/lib/libnet.so
74ab80bec000-74ab80bfa000 r-xp 00004000 103:02 9045249                   /usr/lib/jvm/java-17-openjdk-amd64/lib/libnet.so
74ab80bfa000-74ab80bfe000 r--p 00012000 103:02 9045249                   /usr/lib/jvm/java-17-openjdk-amd64/lib/libnet.so
74ab80bfe000-74ab80bff000 r--p 00015000 103:02 9045249                   /usr/lib/jvm/java-17-openjdk-amd64/lib/libnet.so
74ab80bff000-74ab80c00000 rw-p 00016000 103:02 9045249                   /usr/lib/jvm/java-17-openjdk-amd64/lib/libnet.so
74ab80c00000-74ab80c28000 r--p 00000000 103:02 7866475                   /usr/lib/x86_64-linux-gnu/libc.so.6
74ab80c28000-74ab80dbd000 r-xp 00028000 103:02 7866475                   /usr/lib/x86_64-linux-gnu/libc.so.6
74ab80dbd000-74ab80e15000 r--p 001bd000 103:02 7866475                   /usr/lib/x86_64-linux-gnu/libc.so.6
74ab80e15000-74ab80e16000 ---p 00215000 103:02 7866475                   /usr/lib/x86_64-linux-gnu/libc.so.6
74ab80e16000-74ab80e1a000 r--p 00215000 103:02 7866475                   /usr/lib/x86_64-linux-gnu/libc.so.6
74ab80e1a000-74ab80e1c000 rw-p 00219000 103:02 7866475                   /usr/lib/x86_64-linux-gnu/libc.so.6
74ab80e1c000-74ab80e29000 rw-p 00000000 00:00 0 
74ab80e2c000-74ab80e2e000 r--p 00000000 103:02 9045257                   /usr/lib/jvm/java-17-openjdk-amd64/lib/libzip.so
74ab80e2e000-74ab80e33000 r-xp 00002000 103:02 9045257                   /usr/lib/jvm/java-17-openjdk-amd64/lib/libzip.so
74ab80e33000-74ab80e35000 r--p 00007000 103:02 9045257                   /usr/lib/jvm/java-17-openjdk-amd64/lib/libzip.so
74ab80e35000-74ab80e36000 r--p 00008000 103:02 9045257                   /usr/lib/jvm/java-17-openjdk-amd64/lib/libzip.so
74ab80e36000-74ab80e37000 rw-p 00009000 103:02 9045257                   /usr/lib/jvm/java-17-openjdk-amd64/lib/libzip.so
74ab80e37000-74ab80e3e000 r--p 00000000 103:02 9045250                   /usr/lib/jvm/java-17-openjdk-amd64/lib/libnio.so
74ab80e3e000-74ab80e47000 r-xp 00007000 103:02 9045250                   /usr/lib/jvm/java-17-openjdk-amd64/lib/libnio.so
74ab80e47000-74ab80e4b000 r--p 00010000 103:02 9045250                   /usr/lib/jvm/java-17-openjdk-amd64/lib/libnio.so
74ab80e4b000-74ab80e4c000 ---p 00014000 103:02 9045250                   /usr/lib/jvm/java-17-openjdk-amd64/lib/libnio.so
74ab80e4c000-74ab80e4d000 r--p 00014000 103:02 9045250                   /usr/lib/jvm/java-17-openjdk-amd64/lib/libnio.so
74ab80e4d000-74ab80e4e000 rw-p 00015000 103:02 9045250                   /usr/lib/jvm/java-17-openjdk-amd64/lib/libnio.so
74ab80e4e000-74ab80e53000 rw-p 00000000 00:00 0 
74ab80e53000-74ab80e5a000 ---p 00000000 00:00 0 
74ab80e5a000-74ab80e66000 r--p 00000000 103:02 9045236                   /usr/lib/jvm/java-17-openjdk-amd64/lib/libjava.so
74ab80e66000-74ab80e79000 r-xp 0000c000 103:02 9045236                   /usr/lib/jvm/java-17-openjdk-amd64/lib/libjava.so
74ab80e79000-74ab80e7f000 r--p 0001f000 103:02 9045236                   /usr/lib/jvm/java-17-openjdk-amd64/lib/libjava.so
74ab80e7f000-74ab80e80000 r--p 00024000 103:02 9045236                   /usr/lib/jvm/java-17-openjdk-amd64/lib/libjava.so
74ab80e80000-74ab80e81000 rw-p 00025000 103:02 9045236                   /usr/lib/jvm/java-17-openjdk-amd64/lib/libjava.so
74ab80e81000-74ab80e82000 rw-p 00000000 00:00 0 
74ab80e82000-74ab80e85000 r--p 00000000 103:02 7876714                   /usr/lib/x86_64-linux-gnu/libgcc_s.so.1
74ab80e85000-74ab80e9c000 r-xp 00003000 103:02 7876714                   /usr/lib/x86_64-linux-gnu/libgcc_s.so.1
74ab80e9c000-74ab80ea0000 r--p 0001a000 103:02 7876714                   /usr/lib/x86_64-linux-gnu/libgcc_s.so.1
74ab80ea0000-74ab80ea1000 r--p 0001d000 103:02 7876714                   /usr/lib/x86_64-linux-gnu/libgcc_s.so.1
74ab80ea1000-74ab80ea2000 rw-p 0001e000 103:02 7876714                   /usr/lib/x86_64-linux-gnu/libgcc_s.so.1
74ab80ea2000-74ab80ea5000 rw-p 00000000 00:00 0 
74ab80ea5000-74ab80ea7000 r--p 00000000 103:02 9045240                   /usr/lib/jvm/java-17-openjdk-amd64/lib/libjli.so
74ab80ea7000-74ab80eb1000 r-xp 00002000 103:02 9045240                   /usr/lib/jvm/java-17-openjdk-amd64/lib/libjli.so
74ab80eb1000-74ab80eb4000 r--p 0000c000 103:02 9045240                   /usr/lib/jvm/java-17-openjdk-amd64/lib/libjli.so
74ab80eb4000-74ab80eb5000 r--p 0000e000 103:02 9045240                   /usr/lib/jvm/java-17-openjdk-amd64/lib/libjli.so
74ab80eb5000-74ab80eb6000 rw-p 0000f000 103:02 9045240                   /usr/lib/jvm/java-17-openjdk-amd64/lib/libjli.so
74ab80eb6000-74ab80eb8000 r--p 00000000 103:02 7893590                   /usr/lib/x86_64-linux-gnu/libz.so.1.2.11
74ab80eb8000-74ab80ec9000 r-xp 00002000 103:02 7893590                   /usr/lib/x86_64-linux-gnu/libz.so.1.2.11
74ab80ec9000-74ab80ecf000 r--p 00013000 103:02 7893590                   /usr/lib/x86_64-linux-gnu/libz.so.1.2.11
74ab80ecf000-74ab80ed0000 ---p 00019000 103:02 7893590                   /usr/lib/x86_64-linux-gnu/libz.so.1.2.11
74ab80ed0000-74ab80ed1000 r--p 00019000 103:02 7893590                   /usr/lib/x86_64-linux-gnu/libz.so.1.2.11
74ab80ed1000-74ab80ed2000 rw-p 0001a000 103:02 7893590                   /usr/lib/x86_64-linux-gnu/libz.so.1.2.11
74ab80ed3000-74ab80edb000 rw-s 00000000 103:02 7875328                   /tmp/hsperfdata_lee/10039
74ab80edb000-74ab80edc000 ---p 00000000 00:00 0 
74ab80edc000-74ab80edd000 r--p 00000000 00:00 0 
74ab80edd000-74ab80edf000 r--p 00000000 103:02 9045239                   /usr/lib/jvm/java-17-openjdk-amd64/lib/libjimage.so
74ab80edf000-74ab80ee2000 r-xp 00002000 103:02 9045239                   /usr/lib/jvm/java-17-openjdk-amd64/lib/libjimage.so
74ab80ee2000-74ab80ee3000 r--p 00005000 103:02 9045239                   /usr/lib/jvm/java-17-openjdk-amd64/lib/libjimage.so
74ab80ee3000-74ab80ee4000 ---p 00006000 103:02 9045239                   /usr/lib/jvm/java-17-openjdk-amd64/lib/libjimage.so
74ab80ee4000-74ab80ee5000 r--p 00006000 103:02 9045239                   /usr/lib/jvm/java-17-openjdk-amd64/lib/libjimage.so
74ab80ee5000-74ab80ee6000 rw-p 00007000 103:02 9045239                   /usr/lib/jvm/java-17-openjdk-amd64/lib/libjimage.so
74ab80ee6000-74ab80ee8000 rw-p 00000000 00:00 0 
74ab80ee8000-74ab80eea000 r--p 00000000 103:02 7865193                   /usr/lib/x86_64-linux-gnu/ld-linux-x86-64.so.2
74ab80eea000-74ab80f14000 r-xp 00002000 103:02 7865193                   /usr/lib/x86_64-linux-gnu/ld-linux-x86-64.so.2
74ab80f14000-74ab80f1f000 r--p 0002c000 103:02 7865193                   /usr/lib/x86_64-linux-gnu/ld-linux-x86-64.so.2
74ab80f1f000-74ab80f20000 ---p 00000000 00:00 0 
74ab80f20000-74ab80f22000 r--p 00037000 103:02 7865193                   /usr/lib/x86_64-linux-gnu/ld-linux-x86-64.so.2
74ab80f22000-74ab80f24000 rw-p 00039000 103:02 7865193                   /usr/lib/x86_64-linux-gnu/ld-linux-x86-64.so.2
7fffc3a65000-7fffc3a86000 rw-p 00000000 00:00 0                          [stack]
7fffc3b6a000-7fffc3b6e000 r--p 00000000 00:00 0                          [vvar]
7fffc3b6e000-7fffc3b70000 r-xp 00000000 00:00 0                          [vdso]
ffffffffff600000-ffffffffff601000 --xp 00000000 00:00 0                  [vsyscall]


VM Arguments:
jvm_args: -Dclassworlds.conf=/usr/share/maven/bin/m2.conf -Dmaven.home=/usr/share/maven -Dlibrary.jansi.path=/usr/share/maven/lib/jansi-native -Dmaven.multiModuleProjectDirectory=/home/lee/Documents/kfarms-backend 
java_command: org.codehaus.plexus.classworlds.launcher.Launcher spring-boot:run
java_class_path (initial): /usr/share/maven/boot/plexus-classworlds-2.x.jar
Launcher Type: SUN_STANDARD

[Global flags]
     intx CICompilerCount                          = 4                                         {product} {ergonomic}
     uint ConcGCThreads                            = 2                                         {product} {ergonomic}
     uint G1ConcRefinementThreads                  = 8                                         {product} {ergonomic}
   size_t G1HeapRegionSize                         = 1048576                                   {product} {ergonomic}
    uintx GCDrainStackTargetSize                   = 64                                        {product} {ergonomic}
   size_t InitialHeapSize                          = 127926272                                 {product} {ergonomic}
   size_t MarkStackSize                            = 4194304                                   {product} {ergonomic}
   size_t MaxHeapSize                              = 2023751680                                {product} {ergonomic}
   size_t MaxNewSize                               = 1214251008                                {product} {ergonomic}
   size_t MinHeapDeltaBytes                        = 1048576                                   {product} {ergonomic}
   size_t MinHeapSize                              = 8388608                                   {product} {ergonomic}
    uintx NonNMethodCodeHeapSize                   = 5839372                                {pd product} {ergonomic}
    uintx NonProfiledCodeHeapSize                  = 122909434                              {pd product} {ergonomic}
    uintx ProfiledCodeHeapSize                     = 122909434                              {pd product} {ergonomic}
    uintx ReservedCodeCacheSize                    = 251658240                              {pd product} {ergonomic}
     bool SegmentedCodeCache                       = true                                      {product} {ergonomic}
   size_t SoftMaxHeapSize                          = 2023751680                             {manageable} {ergonomic}
     bool UseCompressedClassPointers               = true                           {product lp64_product} {ergonomic}
     bool UseCompressedOops                        = true                           {product lp64_product} {ergonomic}
     bool UseG1GC                                  = true                                      {product} {ergonomic}

Logging:
Log output configuration:
 #0: stdout all=warning uptime,level,tags
 #1: stderr all=off uptime,level,tags

Environment Variables:
PATH=/usr/local/sbin:/usr/local/bin:/usr/sbin:/usr/bin:/sbin:/bin:/usr/games:/usr/local/games:/snap/bin:/snap/bin
USERNAME=lee
SHELL=/usr/bin/zsh
DISPLAY=:0
LANG=en_US.UTF-8
LC_NUMERIC=en_US.UTF-8
LC_TIME=en_US.UTF-8
TERM=xterm-256color

Active Locale:
LC_ALL=en_US.UTF-8
LC_COLLATE=en_US.UTF-8
LC_CTYPE=en_US.UTF-8
LC_MESSAGES=en_US.UTF-8
LC_MONETARY=en_US.UTF-8
LC_NUMERIC=en_US.UTF-8
LC_TIME=en_US.UTF-8

Signal Handlers:
   SIGSEGV: crash_handler in libjvm.so, mask=11100100010111111101111111111110, flags=SA_RESTART|SA_SIGINFO, unblocked
    SIGBUS: crash_handler in libjvm.so, mask=11100100010111111101111111111110, flags=SA_RESTART|SA_SIGINFO, unblocked
    SIGFPE: crash_handler in libjvm.so, mask=11100100010111111101111111111110, flags=SA_RESTART|SA_SIGINFO, unblocked
   SIGPIPE: javaSignalHandler in libjvm.so, mask=11100100010111111101111111111110, flags=SA_RESTART|SA_SIGINFO, blocked
   SIGXFSZ: javaSignalHandler in libjvm.so, mask=11100100010111111101111111111110, flags=SA_RESTART|SA_SIGINFO, blocked
    SIGILL: crash_handler in libjvm.so, mask=11100100010111111101111111111110, flags=SA_RESTART|SA_SIGINFO, unblocked
   SIGUSR2: SR_handler in libjvm.so, mask=00000000000000000000000000000000, flags=SA_RESTART|SA_SIGINFO, blocked
    SIGHUP: UserHandler in libjvm.so, mask=11100100010111111101111111111110, flags=SA_RESTART|SA_SIGINFO, blocked
    SIGINT: UserHandler in libjvm.so, mask=11100100010111111101111111111110, flags=SA_RESTART|SA_SIGINFO, blocked
   SIGTERM: UserHandler in libjvm.so, mask=11100100010111111101111111111110, flags=SA_RESTART|SA_SIGINFO, blocked
   SIGQUIT: UserHandler in libjvm.so, mask=11100100010111111101111111111110, flags=SA_RESTART|SA_SIGINFO, blocked
   SIGTRAP: crash_handler in libjvm.so, mask=11100100010111111101111111111110, flags=SA_RESTART|SA_SIGINFO, unblocked


Periodic native trim disabled


---------------  S Y S T E M  ---------------

OS:
DISTRIB_ID=Ubuntu
DISTRIB_RELEASE=22.04
DISTRIB_CODENAME=jammy
DISTRIB_DESCRIPTION="Ubuntu 22.04.5 LTS"
uname: Linux 6.8.0-87-generic #88~22.04.1-Ubuntu SMP PREEMPT_DYNAMIC Tue Oct 14 14:03:14 UTC 2 x86_64
OS uptime: 0 days 0:08 hours
libc: glibc 2.35 NPTL 2.35 
rlimit (soft/hard): STACK 8192k/infinity , CORE 0k/infinity , NPROC 30543/30543 , NOFILE 1048576/1048576 , AS infinity/infinity , CPU infinity/infinity , DATA infinity/infinity , FSIZE infinity/infinity , MEMLOCK 988004k/988004k
load average: 4.47 2.00 0.99

/proc/meminfo:
MemTotal:        7904052 kB
MemFree:          621964 kB
MemAvailable:    2290076 kB
Buffers:           37792 kB
Cached:          2228452 kB
SwapCached:         7388 kB
Active:          2684604 kB
Inactive:        3622892 kB
Active(anon):    1953636 kB
Inactive(anon):  2537140 kB
Active(file):     730968 kB
Inactive(file):  1085752 kB
Unevictable:       26760 kB
Mlocked:              48 kB
SwapTotal:       2097148 kB
SwapFree:        2066684 kB
Zswap:                 0 kB
Zswapped:              0 kB
Dirty:              1132 kB
Writeback:             0 kB
AnonPages:       4060788 kB
Mapped:          1237628 kB
Shmem:            449524 kB
KReclaimable:     151116 kB
Slab:             398808 kB
SReclaimable:     151116 kB
SUnreclaim:       247692 kB
KernelStack:       19744 kB
PageTables:        55424 kB
SecPageTables:         0 kB
NFS_Unstable:          0 kB
Bounce:                0 kB
WritebackTmp:          0 kB
CommitLimit:     6049172 kB
Committed_AS:   20583344 kB
VmallocTotal:   34359738367 kB
VmallocUsed:       61180 kB
VmallocChunk:          0 kB
Percpu:             9888 kB
HardwareCorrupted:     0 kB
AnonHugePages:     28672 kB
ShmemHugePages:        0 kB
ShmemPmdMapped:        0 kB
FileHugePages:         0 kB
FilePmdMapped:         0 kB
Unaccepted:            0 kB
HugePages_Total:       0
HugePages_Free:        0
HugePages_Rsvd:        0
HugePages_Surp:        0
Hugepagesize:       2048 kB
Hugetlb:               0 kB
DirectMap4k:      284280 kB
DirectMap2M:     4730880 kB
DirectMap1G:     3145728 kB

/sys/kernel/mm/transparent_hugepage/enabled: always [madvise] never
/sys/kernel/mm/transparent_hugepage/hpage_pmd_size: 2097152
/sys/kernel/mm/transparent_hugepage/defrag (defrag/compaction efforts parameter): always defer defer+madvise [madvise] never

Process Memory:
Virtual Size: 5506020K (peak: 5567304K)
Resident Set Size: 196016K (peak: 196016K) (anon: 173268K, file: 22748K, shmem: 0K)
Swapped out: 0K
C-Heap outstanding allocations: 60362K, retained: 11493K
glibc malloc tunables: (default)

/proc/sys/kernel/threads-max (system-wide limit on the number of threads): 61087
/proc/sys/vm/max_map_count (maximum number of memory map areas a process may have): 65530
/proc/sys/vm/swappiness (control to define how aggressively the kernel swaps out anonymous memory): 60
/proc/sys/kernel/pid_max (system-wide limit on number of process identifiers): 4194304

container (cgroup) information:
container_type: cgroupv2
cpu_cpuset_cpus: not supported
cpu_memory_nodes: not supported
active_processor_count: 8
cpu_quota: not supported
cpu_period: not supported
cpu_shares: not supported
memory_limit_in_bytes: unlimited
memory_and_swap_limit_in_bytes: unlimited
memory_soft_limit_in_bytes: 0
memory_usage_in_bytes: 2247824 k
memory_max_usage_in_bytes: not supported
rss_usage_in_bytes: 1423248 k
cache_usage_in_bytes: 792108 k
memory_swap_current_in_bytes: 0
memory_swap_max_limit_in_bytes: unlimited
maximum number of tasks: 9163
current number of tasks: 173

Steal ticks since vm start: 0
Steal ticks percentage since vm start:  0.000

CPU: total 8 (initial active 8) (4 cores per cpu, 2 threads per core) family 6 model 142 stepping 10 microcode 0xf6, cx8, cmov, fxsr, ht, mmx, 3dnowpref, sse, sse2, sse3, ssse3, sse4.1, sse4.2, popcnt, lzcnt, tsc, tscinvbit, avx, avx2, aes, erms, clmul, bmi1, bmi2, adx, fma, vzeroupper, clflush, clflushopt
CPU Model and flags from /proc/cpuinfo:
model name	: Intel(R) Core(TM) i5-8250U CPU @ 1.60GHz
flags		: fpu vme de pse tsc msr pae mce cx8 apic sep mtrr pge mca cmov pat pse36 clflush dts acpi mmx fxsr sse sse2 ss ht tm pbe syscall nx pdpe1gb rdtscp lm constant_tsc art arch_perfmon pebs bts rep_good nopl xtopology nonstop_tsc cpuid aperfmperf pni pclmulqdq dtes64 monitor ds_cpl vmx est tm2 ssse3 sdbg fma cx16 xtpr pdcm pcid sse4_1 sse4_2 x2apic movbe popcnt tsc_deadline_timer aes xsave avx f16c rdrand lahf_lm abm 3dnowprefetch cpuid_fault epb pti ssbd ibrs ibpb stibp tpr_shadow flexpriority ept vpid ept_ad fsgsbase tsc_adjust sgx bmi1 avx2 smep bmi2 erms invpcid mpx rdseed adx smap clflushopt intel_pt xsaveopt xsavec xgetbv1 xsaves dtherm ida arat pln pts hwp hwp_notify hwp_act_window hwp_epp vnmi md_clear flush_l1d arch_capabilities ibpb_exit_to_user

Online cpus: 0-7
Offline cpus: 
BIOS frequency limitation: <Not Available>
Frequency switch latency (ns): 0
Available cpu frequencies: <Not Available>
Current governor: powersave
Core performance/turbo boost: <Not Available>

Memory: 4k page, physical 7904052k(621964k free), swap 2097148k(2066684k free)
Page Sizes: 4k

vm_info: OpenJDK 64-Bit Server VM (17.0.17+10-Ubuntu-122.04) for linux-amd64 JRE (17.0.17+10-Ubuntu-122.04), built on Oct 23 2025 18:49:23 by "buildd" with gcc 11.4.0

END.
