#
# A fatal error has been detected by the Java Runtime Environment:
#
#  Internal Error (macroAssembler_x86.cpp:829), pid=6981, tid=7008
#  fatal error: DEBUG MESSAGE: illegal bytecode sequence - method not verified
#
# JRE version: OpenJDK Runtime Environment (21.0.8+9) (build 21.0.8+9-Ubuntu-0ubuntu122.04.1)
# Java VM: OpenJDK 64-Bit Server VM (21.0.8+9-Ubuntu-0ubuntu122.04.1, mixed mode, emulated-client, sharing, tiered, compressed oops, compressed class ptrs, g1 gc, linux-amd64)
# Core dump will be written. Default location: Core dumps may be processed with "/usr/share/apport/apport -p%p -s%s -c%c -d%d -P%P -u%u -g%g -F%F -- %E" (or dumping to /home/lee/Documents/kfarms-backend/core.6981)
#
# If you would like to submit a bug report, please visit:
#   https://bugs.launchpad.net/ubuntu/+source/openjdk-21
#

---------------  S U M M A R Y ------------

Command Line: -XX:TieredStopAtLevel=1 com.kfarms.KfarmsBackendApplication

Host: Intel(R) Core(TM) i5-8250U CPU @ 1.60GHz, 8 cores, 7G, Ubuntu 22.04.5 LTS
Time: Sun Aug 31 18:36:47 2025 WAT elapsed time: 2.775561 seconds (0d 0h 0m 2s)

---------------  T H R E A D  ---------------

Current thread (0x000079121400afa0):  WorkerThread "GC Thread#5"    [id=7008, stack(0x000079126d1fc000,0x000079126d2fc000) (1024K)]

Stack: [0x000079126d1fc000,0x000079126d2fc000],  sp=0x000079126d2fa660,  free space=1017k
Native frames: (J=compiled Java code, j=interpreted, Vv=VM code, C=native code)
V  [libjvm.so+0x101de3b]  VMError::report_and_die(int, char const*, char const*, __va_list_tag*, Thread*, unsigned char*, void*, void*, char const*, int, unsigned long)+0x27b  (macroAssembler_x86.cpp:829)
V  [libjvm.so+0x6aff79]  report_fatal(VMErrorType, char const*, int, char const*, ...)+0x109
V  [libjvm.so+0xbfdb7f]  MacroAssembler::debug64(char*, long, long*)+0x4f

[error occurred during error reporting (printing native stack (with source info)), id 0xb, SIGSEGV (0xb) at pc=0x0000791290e886d9]

Retrying call stack printing without source information...
Native frames: (J=compiled Java code, j=interpreted, Vv=VM code, C=native code)
V  [libjvm.so+0x101de3b]  VMError::report_and_die(int, char const*, char const*, __va_list_tag*, Thread*, unsigned char*, void*, void*, char const*, int, unsigned long)+0x27b  (macroAssembler_x86.cpp:829)
V  [libjvm.so+0x101e78f]
V  [libjvm.so+0x101e7b2]
V  [libjvm.so+0x101eaf7]
C  [libc.so.6+0x42520]
V  [libjvm.so+0x796a41]  frame::print_on_error(outputStream*, char*, int, bool) const+0x81
V  [libjvm.so+0x1019db9]  VMError::report(outputStream*, bool)+0xdb9
V  [libjvm.so+0x101de3b]  VMError::report_and_die(int, char const*, char const*, __va_list_tag*, Thread*, unsigned char*, void*, void*, char const*, int, unsigned long)+0x27b
V  [libjvm.so+0x6aff79]  report_fatal(VMErrorType, char const*, int, char const*, ...)+0x109
V  [libjvm.so+0xbfdb7f]  MacroAssembler::debug64(char*, long, long*)+0x4f

[error occurred during error reporting (retry printing native stack (no source info)), id 0xb, SIGSEGV (0xb) at pc=0x0000791290e886d9]

---------------  P R O C E S S  ---------------

Threads class SMR info:
_java_thread_list=0x00007911c4073510, length=18, elements={
0x000079128801aac0, 0x000079128814abd0, 0x000079128814c250, 0x000079128814d9e0,
0x000079128814f010, 0x00007912881505a0, 0x0000791288151c90, 0x000079128815e280,
0x0000791288161300, 0x000079120009d770, 0x00007912000f6230, 0x00007912000f7540,
0x000079128860e9f0, 0x00007911e80072c0, 0x0000791204001120, 0x00007912040022d0,
0x00007912040036c0, 0x00007911c8003e70
}

Java Threads: ( => current thread )
  0x000079128801aac0 JavaThread "main"                              [_thread_blocked, id=6982, stack(0x0000791290100000,0x0000791290200000) (1024K)]
  0x000079128814abd0 JavaThread "Reference Handler"          daemon [_thread_blocked, id=6991, stack(0x000079127c300000,0x000079127c400000) (1024K)]
  0x000079128814c250 JavaThread "Finalizer"                  daemon [_thread_blocked, id=6992, stack(0x000079127c200000,0x000079127c300000) (1024K)]
  0x000079128814d9e0 JavaThread "Signal Dispatcher"          daemon [_thread_blocked, id=6993, stack(0x000079127c100000,0x000079127c200000) (1024K)]
  0x000079128814f010 JavaThread "Service Thread"             daemon [_thread_blocked, id=6994, stack(0x000079127c000000,0x000079127c100000) (1024K)]
  0x00007912881505a0 JavaThread "Monitor Deflation Thread"   daemon [_thread_blocked, id=6995, stack(0x000079126df00000,0x000079126e000000) (1024K)]
  0x0000791288151c90 JavaThread "C1 CompilerThread0"         daemon [_thread_blocked, id=6996, stack(0x000079126de00000,0x000079126df00000) (1024K)]
  0x000079128815e280 JavaThread "Notification Thread"        daemon [_thread_blocked, id=6997, stack(0x000079126dd00000,0x000079126de00000) (1024K)]
  0x0000791288161300 JavaThread "Common-Cleaner"             daemon [_thread_blocked, id=6998, stack(0x000079126dc00000,0x000079126dd00000) (1024K)]
  0x000079120009d770 JavaThread "C1 CompilerThread1"         daemon [_thread_blocked, id=6999, stack(0x000079126db00000,0x000079126dc00000) (1024K)]
  0x00007912000f6230 JavaThread "C1 CompilerThread2"         daemon [_thread_blocked, id=7000, stack(0x000079126da00000,0x000079126db00000) (1024K)]
  0x00007912000f7540 JavaThread "C1 CompilerThread3"         daemon [_thread_blocked, id=7001, stack(0x000079126d900000,0x000079126da00000) (1024K)]
  0x000079128860e9f0 JavaThread "Thread-0"                          [_thread_blocked, id=7002, stack(0x000079126d800000,0x000079126d900000) (1024K)]
  0x00007911e80072c0 JavaThread "restartedMain"                     [_thread_blocked, id=7003, stack(0x000079126d700000,0x000079126d800000) (1024K)]
  0x0000791204001120 JavaThread "SIGHUP handler"             daemon [_thread_blocked, id=7019, stack(0x000079126cffb000,0x000079126d0fb000) (1024K)]
  0x00007912040022d0 JavaThread "SIGHUP handler"             daemon [_thread_blocked, id=7021, stack(0x000079126cefb000,0x000079126cffb000) (1024K)]
  0x00007912040036c0 JavaThread "SIGTERM handler"            daemon [_thread_blocked, id=7024, stack(0x000079126cdfb000,0x000079126cefb000) (1024K)]
  0x00007911c8003e70 JavaThread "SpringApplicationShutdownHook"        [_thread_blocked, id=7032, stack(0x000079126cbfb000,0x000079126ccfb000) (1024K)]
Total: 18

Other Threads:
  0x00007912881414f0 VMThread "VM Thread"                           [id=6990, stack(0x000079127c987000,0x000079127ca87000) (1024K)]
  0x000079128812fad0 WatcherThread "VM Periodic Task Thread"        [id=6989, stack(0x000079127ca88000,0x000079127cb88000) (1024K)]
  0x0000791288071180 WorkerThread "GC Thread#0"                     [id=6983, stack(0x000079128c133000,0x000079128c233000) (1024K)]
  0x0000791214008460 WorkerThread "GC Thread#1"                     [id=7004, stack(0x000079126d600000,0x000079126d700000) (1024K)]
  0x0000791214008f00 WorkerThread "GC Thread#2"                     [id=7005, stack(0x000079126d4ff000,0x000079126d5ff000) (1024K)]
  0x00007912140099e0 WorkerThread "GC Thread#3"                     [id=7006, stack(0x000079126d3fe000,0x000079126d4fe000) (1024K)]
  0x000079121400a4c0 WorkerThread "GC Thread#4"                     [id=7007, stack(0x000079126d2fd000,0x000079126d3fd000) (1024K)]
=>0x000079121400afa0 WorkerThread "GC Thread#5"                     [id=7008, stack(0x000079126d1fc000,0x000079126d2fc000) (1024K)]
  0x0000791214013bc0 WorkerThread "GC Thread#6"                     [id=7034, stack(0x000079126cafb000,0x000079126cbfb000) (1024K)]
  0x000079121400d080 WorkerThread "GC Thread#7"                     [id=7035, stack(0x000079126c9fa000,0x000079126cafa000) (1024K)]
  0x00007912880818d0 ConcurrentGCThread "G1 Main Marker"            [id=6984, stack(0x000079128c032000,0x000079128c132000) (1024K)]
  0x0000791288082870 WorkerThread "G1 Conc#0"                       [id=6985, stack(0x0000791287f00000,0x0000791288000000) (1024K)]
  0x0000791270000d80 WorkerThread "G1 Conc#1"                       [id=7059, stack(0x000079126c8f9000,0x000079126c9f9000) (1024K)]
  0x0000791288113ed0 ConcurrentGCThread "G1 Refine#0"               [id=6987, stack(0x000079127cd0b000,0x000079127ce0b000) (1024K)]
  0x0000791288114e80 ConcurrentGCThread "G1 Service"                [id=6988, stack(0x000079127cc0a000,0x000079127cd0a000) (1024K)]
Total: 15

Threads with active compile tasks:
Total: 0

VM state: at safepoint (normal execution)

VM Mutex/Monitor currently owned by a thread:  ([mutex/lock_event])
[0x000079129172ce10] Threads_lock - owner thread: 0x00007912881414f0
[0x000079129172cd10] Heap_lock - owner thread: 0x00007911e80072c0

Heap address: 0x0000000087600000, size: 1930 MB, Compressed Oops mode: 32-bit

CDS archive(s) mapped at: [0x000079121f000000-0x000079121fca0000-0x000079121fca0000), size 13238272, SharedBaseAddress: 0x000079121f000000, ArchiveRelocationMode: 1.
Compressed class space mapped at: 0x0000791220000000-0x0000791260000000, reserved size: 1073741824
Narrow klass base: 0x000079121f000000, Narrow klass shift: 0, Narrow klass range: 0x100000000

GC Precious Log:
 CardTable entry size: 512
 Card Set container configuration: InlinePtr #cards 5 size 8 Array Of Cards #cards 12 size 40 Howl #buckets 4 coarsen threshold 1843 Howl Bitmap #cards 512 size 80 coarsen threshold 460 Card regions per heap region 1 cards per card region 2048
 CPUs: 8 total, 8 available
 Memory: 7718M
 Large Page Support: Disabled
 NUMA Support: Disabled
 Compressed Oops: Enabled (32-bit)
 Heap Region Size: 1M
 Heap Min Capacity: 8M
 Heap Initial Capacity: 122M
 Heap Max Capacity: 1930M
 Pre-touch: Disabled
 Parallel Workers: 8
 Concurrent Workers: 2
 Concurrent Refinement Workers: 8
 Periodic GC: Disabled

Heap:
 garbage-first heap   total 69632K, used 50939K [0x0000000087600000, 0x0000000100000000)
  region size 1024K, 34 young (34816K), 2 survivors (2048K)
 Metaspace       used 31404K, committed 31808K, reserved 1114112K
  class space    used 4438K, committed 4608K, reserved 1048576K

Heap Regions: E=young(eden), S=young(survivor), O=old, HS=humongous(starts), HC=humongous(continues), CS=collection set, F=free, TAMS=top-at-mark-start, PB=parsable bottom
|   0|0x0000000087600000, 0x0000000087700000, 0x0000000087700000|100%|HS|  |TAMS 0x0000000087600000| PB 0x0000000087600000| Complete 
|   1|0x0000000087700000, 0x0000000087800000, 0x0000000087800000|100%|HS|  |TAMS 0x0000000087700000| PB 0x0000000087700000| Complete 
|   2|0x0000000087800000, 0x0000000087900000, 0x0000000087900000|100%| O|  |TAMS 0x0000000087800000| PB 0x0000000087800000| Untracked 
|   3|0x0000000087900000, 0x0000000087a00000, 0x0000000087a00000|100%| O|  |TAMS 0x0000000087900000| PB 0x0000000087900000| Untracked 
|   4|0x0000000087a00000, 0x0000000087b00000, 0x0000000087b00000|100%| O|  |TAMS 0x0000000087a00000| PB 0x0000000087a00000| Untracked 
|   5|0x0000000087b00000, 0x0000000087c00000, 0x0000000087c00000|100%| O|  |TAMS 0x0000000087b00000| PB 0x0000000087b00000| Untracked 
|   6|0x0000000087c00000, 0x0000000087cfeb28, 0x0000000087d00000| 99%| O|  |TAMS 0x0000000087c00000| PB 0x0000000087c00000| Untracked 
|   7|0x0000000087d00000, 0x0000000087e00000, 0x0000000087e00000|100%| O|  |TAMS 0x0000000087d00000| PB 0x0000000087d00000| Untracked 
|   8|0x0000000087e00000, 0x0000000087e00000, 0x0000000087f00000|  0%| F|  |TAMS 0x0000000087e00000| PB 0x0000000087e00000| Untracked 
|   9|0x0000000087f00000, 0x0000000087f00000, 0x0000000088000000|  0%| F|  |TAMS 0x0000000087f00000| PB 0x0000000087f00000| Untracked 
|  10|0x0000000088000000, 0x0000000088000000, 0x0000000088100000|  0%| F|  |TAMS 0x0000000088000000| PB 0x0000000088000000| Untracked 
|  11|0x0000000088100000, 0x0000000088100000, 0x0000000088200000|  0%| F|  |TAMS 0x0000000088100000| PB 0x0000000088100000| Untracked 
|  12|0x0000000088200000, 0x0000000088200000, 0x0000000088300000|  0%| F|  |TAMS 0x0000000088200000| PB 0x0000000088200000| Untracked 
|  13|0x0000000088300000, 0x0000000088300000, 0x0000000088400000|  0%| F|  |TAMS 0x0000000088300000| PB 0x0000000088300000| Untracked 
|  14|0x0000000088400000, 0x0000000088400000, 0x0000000088500000|  0%| F|  |TAMS 0x0000000088400000| PB 0x0000000088400000| Untracked 
|  15|0x0000000088500000, 0x0000000088500000, 0x0000000088600000|  0%| F|  |TAMS 0x0000000088500000| PB 0x0000000088500000| Untracked 
|  16|0x0000000088600000, 0x0000000088600000, 0x0000000088700000|  0%| F|  |TAMS 0x0000000088600000| PB 0x0000000088600000| Untracked 
|  17|0x0000000088700000, 0x0000000088700000, 0x0000000088800000|  0%| F|  |TAMS 0x0000000088700000| PB 0x0000000088700000| Untracked 
|  18|0x0000000088800000, 0x0000000088800000, 0x0000000088900000|  0%| F|  |TAMS 0x0000000088800000| PB 0x0000000088800000| Untracked 
|  19|0x0000000088900000, 0x0000000088900000, 0x0000000088a00000|  0%| F|  |TAMS 0x0000000088900000| PB 0x0000000088900000| Untracked 
|  20|0x0000000088a00000, 0x0000000088a00000, 0x0000000088b00000|  0%| F|  |TAMS 0x0000000088a00000| PB 0x0000000088a00000| Untracked 
|  21|0x0000000088b00000, 0x0000000088c00000, 0x0000000088c00000|100%| S|  |TAMS 0x0000000088b00000| PB 0x0000000088b00000| Complete 
|  22|0x0000000088c00000, 0x0000000088d00000, 0x0000000088d00000|100%| S|  |TAMS 0x0000000088c00000| PB 0x0000000088c00000| Complete 
|  23|0x0000000088d00000, 0x0000000088e00000, 0x0000000088e00000|100%| E|CS|TAMS 0x0000000088d00000| PB 0x0000000088d00000| Complete 
|  24|0x0000000088e00000, 0x0000000088f00000, 0x0000000088f00000|100%| E|CS|TAMS 0x0000000088e00000| PB 0x0000000088e00000| Complete 
|  25|0x0000000088f00000, 0x0000000089000000, 0x0000000089000000|100%| E|CS|TAMS 0x0000000088f00000| PB 0x0000000088f00000| Complete 
|  26|0x0000000089000000, 0x0000000089100000, 0x0000000089100000|100%| E|CS|TAMS 0x0000000089000000| PB 0x0000000089000000| Complete 
|  27|0x0000000089100000, 0x0000000089200000, 0x0000000089200000|100%| E|CS|TAMS 0x0000000089100000| PB 0x0000000089100000| Complete 
|  28|0x0000000089200000, 0x0000000089300000, 0x0000000089300000|100%| E|CS|TAMS 0x0000000089200000| PB 0x0000000089200000| Complete 
|  29|0x0000000089300000, 0x0000000089400000, 0x0000000089400000|100%| E|CS|TAMS 0x0000000089300000| PB 0x0000000089300000| Complete 
|  30|0x0000000089400000, 0x0000000089500000, 0x0000000089500000|100%| E|CS|TAMS 0x0000000089400000| PB 0x0000000089400000| Complete 
|  31|0x0000000089500000, 0x0000000089600000, 0x0000000089600000|100%| E|CS|TAMS 0x0000000089500000| PB 0x0000000089500000| Complete 
|  32|0x0000000089600000, 0x0000000089700000, 0x0000000089700000|100%| E|CS|TAMS 0x0000000089600000| PB 0x0000000089600000| Complete 
|  33|0x0000000089700000, 0x0000000089800000, 0x0000000089800000|100%| E|CS|TAMS 0x0000000089700000| PB 0x0000000089700000| Complete 
|  34|0x0000000089800000, 0x0000000089900000, 0x0000000089900000|100%| E|CS|TAMS 0x0000000089800000| PB 0x0000000089800000| Complete 
|  35|0x0000000089900000, 0x0000000089a00000, 0x0000000089a00000|100%| E|CS|TAMS 0x0000000089900000| PB 0x0000000089900000| Complete 
|  36|0x0000000089a00000, 0x0000000089b00000, 0x0000000089b00000|100%| E|CS|TAMS 0x0000000089a00000| PB 0x0000000089a00000| Complete 
|  37|0x0000000089b00000, 0x0000000089c00000, 0x0000000089c00000|100%| E|CS|TAMS 0x0000000089b00000| PB 0x0000000089b00000| Complete 
|  38|0x0000000089c00000, 0x0000000089d00000, 0x0000000089d00000|100%| E|CS|TAMS 0x0000000089c00000| PB 0x0000000089c00000| Complete 
|  39|0x0000000089d00000, 0x0000000089e00000, 0x0000000089e00000|100%| E|CS|TAMS 0x0000000089d00000| PB 0x0000000089d00000| Complete 
|  40|0x0000000089e00000, 0x0000000089f00000, 0x0000000089f00000|100%| E|CS|TAMS 0x0000000089e00000| PB 0x0000000089e00000| Complete 
|  41|0x0000000089f00000, 0x000000008a000000, 0x000000008a000000|100%| E|CS|TAMS 0x0000000089f00000| PB 0x0000000089f00000| Complete 
|  42|0x000000008a000000, 0x000000008a100000, 0x000000008a100000|100%| E|CS|TAMS 0x000000008a000000| PB 0x000000008a000000| Complete 
|  43|0x000000008a100000, 0x000000008a200000, 0x000000008a200000|100%| E|CS|TAMS 0x000000008a100000| PB 0x000000008a100000| Complete 
|  44|0x000000008a200000, 0x000000008a300000, 0x000000008a300000|100%| E|CS|TAMS 0x000000008a200000| PB 0x000000008a200000| Complete 
|  45|0x000000008a300000, 0x000000008a400000, 0x000000008a400000|100%| E|CS|TAMS 0x000000008a300000| PB 0x000000008a300000| Complete 
|  46|0x000000008a400000, 0x000000008a500000, 0x000000008a500000|100%| E|CS|TAMS 0x000000008a400000| PB 0x000000008a400000| Complete 
|  47|0x000000008a500000, 0x000000008a600000, 0x000000008a600000|100%| E|CS|TAMS 0x000000008a500000| PB 0x000000008a500000| Complete 
|  48|0x000000008a600000, 0x000000008a700000, 0x000000008a700000|100%| E|CS|TAMS 0x000000008a600000| PB 0x000000008a600000| Complete 
|  49|0x000000008a700000, 0x000000008a800000, 0x000000008a800000|100%| E|CS|TAMS 0x000000008a700000| PB 0x000000008a700000| Complete 
|  50|0x000000008a800000, 0x000000008a900000, 0x000000008a900000|100%| E|CS|TAMS 0x000000008a800000| PB 0x000000008a800000| Complete 
|  51|0x000000008a900000, 0x000000008aa00000, 0x000000008aa00000|100%| E|CS|TAMS 0x000000008a900000| PB 0x000000008a900000| Complete 
|  52|0x000000008aa00000, 0x000000008ab00000, 0x000000008ab00000|100%| E|CS|TAMS 0x000000008aa00000| PB 0x000000008aa00000| Complete 
|  53|0x000000008ab00000, 0x000000008ab6b328, 0x000000008ac00000| 41%| E|CS|TAMS 0x000000008ab00000| PB 0x000000008ab00000| Complete 
|  63|0x000000008b500000, 0x000000008b600000, 0x000000008b600000|100%| E|CS|TAMS 0x000000008b500000| PB 0x000000008b500000| Complete 
|  64|0x000000008b600000, 0x000000008b700000, 0x000000008b700000|100%| E|CS|TAMS 0x000000008b600000| PB 0x000000008b600000| Complete 
|  65|0x000000008b700000, 0x000000008b800000, 0x000000008b800000|100%| E|CS|TAMS 0x000000008b700000| PB 0x000000008b700000| Complete 
|  66|0x000000008b800000, 0x000000008b900000, 0x000000008b900000|100%| E|CS|TAMS 0x000000008b800000| PB 0x000000008b800000| Complete 
|  67|0x000000008b900000, 0x000000008ba00000, 0x000000008ba00000|100%| E|CS|TAMS 0x000000008b900000| PB 0x000000008b900000| Complete 
|  68|0x000000008ba00000, 0x000000008bb00000, 0x000000008bb00000|100%| E|CS|TAMS 0x000000008ba00000| PB 0x000000008ba00000| Complete 
|  69|0x000000008bb00000, 0x000000008bc00000, 0x000000008bc00000|100%| E|CS|TAMS 0x000000008bb00000| PB 0x000000008bb00000| Complete 
|  70|0x000000008bc00000, 0x000000008bd00000, 0x000000008bd00000|100%| E|CS|TAMS 0x000000008bc00000| PB 0x000000008bc00000| Complete 
| 121|0x000000008ef00000, 0x000000008f000000, 0x000000008f000000|100%| E|CS|TAMS 0x000000008ef00000| PB 0x000000008ef00000| Complete 
|1925|0x00000000ffb00000, 0x00000000ffc00000, 0x00000000ffc00000|100%| O|  |TAMS 0x00000000ffb00000| PB 0x00000000ffb00000| Untracked 
|1926|0x00000000ffc00000, 0x00000000ffd00000, 0x00000000ffd00000|100%| O|  |TAMS 0x00000000ffc00000| PB 0x00000000ffc00000| Untracked 
|1927|0x00000000ffd00000, 0x00000000ffe00000, 0x00000000ffe00000|100%| O|  |TAMS 0x00000000ffd00000| PB 0x00000000ffd00000| Untracked 
|1928|0x00000000ffe00000, 0x00000000fff00000, 0x00000000fff00000|100%| O|  |TAMS 0x00000000ffe00000| PB 0x00000000ffe00000| Untracked 
|1929|0x00000000fff00000, 0x00000000fff0ca78, 0x0000000100000000|  4%| O|CS|TAMS 0x00000000fff00000| PB 0x00000000fff00000| Complete 

Card table byte_map: [0x000079127f43b000,0x000079127f800000] _byte_map_base: 0x000079127f000000

Marking Bits: (CMBitMap*) 0x0000791288071ca0
 Bits: [0x000079127d613000, 0x000079127f43b000)

Polling page: 0x0000791291ba1000

Metaspace:

Usage:
  Non-class:     26.33 MB used.
      Class:      4.33 MB used.
       Both:     30.67 MB used.

Virtual space:
  Non-class space:       64.00 MB reserved,      26.56 MB ( 42%) committed,  1 nodes.
      Class space:        1.00 GB reserved,       4.50 MB ( <1%) committed,  1 nodes.
             Both:        1.06 GB reserved,      31.06 MB (  3%) committed. 

Chunk freelists:
   Non-Class:  4.50 MB
       Class:  11.50 MB
        Both:  16.00 MB

MaxMetaspaceSize: unlimited
CompressedClassSpaceSize: 1.00 GB
Initial GC threshold: 21.00 MB
Current GC threshold: 34.31 MB
CDS: on
 - commit_granule_bytes: 65536.
 - commit_granule_words: 8192.
 - virtual_space_node_default_size: 8388608.
 - enlarge_chunks_in_place: 1.
 - use_allocation_guard: 0.


Internal statistics:

num_allocs_failed_limit: 0.
num_arena_births: 588.
num_arena_deaths: 0.
num_vsnodes_births: 2.
num_vsnodes_deaths: 0.
num_space_committed: 497.
num_space_uncommitted: 0.
num_chunks_returned_to_freelist: 0.
num_chunks_taken_from_freelist: 1799.
num_chunk_merges: 0.
num_chunk_splits: 1214.
num_chunks_enlarged: 879.
num_inconsistent_stats: 0.

CodeCache: size=49152Kb used=9440Kb max_used=9440Kb free=39711Kb
 bounds [0x000079128ce00000, 0x000079128d740000, 0x000079128fe00000]
 total_blobs=4729, nmethods=4195, adapters=456, full_count=0
Compilation: enabled, stopped_count=0, restarted_count=0

Compilation events (20 events):
Event: 2.771 Thread 0x0000791288151c90 nmethod 4185 0x000079128d733710 code [0x000079128d7338c0, 0x000079128d733a70]
Event: 2.771 Thread 0x00007912000f7540 nmethod 4184 0x000079128d733b90 code [0x000079128d733d60, 0x000079128d734100]
Event: 2.773 Thread 0x000079120009d770 4187       1       java.io.UnixFileSystem::resolve (40 bytes)
Event: 2.773 Thread 0x00007912000f6230 4188       1       java.io.UnixFileSystem::isAbsolute (13 bytes)
Event: 2.773 Thread 0x00007912000f6230 nmethod 4188 0x000079128d734290 code [0x000079128d734420, 0x000079128d7344f8]
Event: 2.773 Thread 0x000079120009d770 nmethod 4187 0x000079128d734590 code [0x000079128d734740, 0x000079128d734878]
Event: 2.773 Thread 0x00007912000f6230 4189       1       java.net.URI::quote (214 bytes)
Event: 2.773 Thread 0x00007912000f7540 4190       1       java.net.URI::toURL (6 bytes)
Event: 2.773 Thread 0x000079120009d770 4191   !   1       java.net.URL::of (255 bytes)
Event: 2.773 Thread 0x0000791288151c90 4192       1       java.io.File::isDirectory (34 bytes)
Event: 2.773 Thread 0x00007912000f7540 nmethod 4190 0x000079128d734990 code [0x000079128d734b20, 0x000079128d734c08]
Event: 2.773 Thread 0x00007912000f7540 4193       1       java.net.URI::toString (16 bytes)
Event: 2.773 Thread 0x0000791288151c90 nmethod 4192 0x000079128d734c90 code [0x000079128d734e40, 0x000079128d734f90]
Event: 2.773 Thread 0x00007912000f7540 nmethod 4193 0x000079128d735010 code [0x000079128d7351a0, 0x000079128d735290]
Event: 2.774 Thread 0x0000791288151c90 4194       1       java.util.WeakHashMap::<init> (9 bytes)
Event: 2.774 Thread 0x0000791288151c90 nmethod 4194 0x000079128d735310 code [0x000079128d7354c0, 0x000079128d7355b0]
Event: 2.774 Thread 0x000079120009d770 nmethod 4191 0x000079128d735610 code [0x000079128d735920, 0x000079128d736588]
Event: 2.774 Thread 0x00007912000f6230 nmethod 4189 0x000079128d736c10 code [0x000079128d736ea0, 0x000079128d7377d0]
Event: 2.774 Thread 0x00007912000f7540 4195       1       java.util.jar.JarFile::getManEntry (39 bytes)
Event: 2.774 Thread 0x00007912000f7540 nmethod 4195 0x000079128d737e10 code [0x000079128d737fc0, 0x000079128d738180]

GC Heap History (9 events):
Event: 0.476 GC heap before
{Heap before GC invocations=0 (full 0):
 garbage-first heap   total 126976K, used 25650K [0x0000000087600000, 0x0000000100000000)
  region size 1024K, 23 young (23552K), 0 survivors (0K)
 Metaspace       used 5069K, committed 5248K, reserved 1114112K
  class space    used 671K, committed 768K, reserved 1048576K
}
Event: 0.479 GC heap after
{Heap after GC invocations=1 (full 0):
 garbage-first heap   total 126976K, used 8263K [0x0000000087600000, 0x0000000100000000)
  region size 1024K, 3 young (3072K), 3 survivors (3072K)
 Metaspace       used 5069K, committed 5248K, reserved 1114112K
  class space    used 671K, committed 768K, reserved 1048576K
}
Event: 1.220 GC heap before
{Heap before GC invocations=1 (full 0):
 garbage-first heap   total 126976K, used 41031K [0x0000000087600000, 0x0000000100000000)
  region size 1024K, 36 young (36864K), 3 survivors (3072K)
 Metaspace       used 12050K, committed 12416K, reserved 1114112K
  class space    used 1842K, committed 1984K, reserved 1048576K
}
Event: 1.228 GC heap after
{Heap after GC invocations=2 (full 0):
 garbage-first heap   total 126976K, used 10923K [0x0000000087600000, 0x0000000100000000)
  region size 1024K, 3 young (3072K), 3 survivors (3072K)
 Metaspace       used 12050K, committed 12416K, reserved 1114112K
  class space    used 1842K, committed 1984K, reserved 1048576K
}
Event: 1.892 GC heap before
{Heap before GC invocations=2 (full 0):
 garbage-first heap   total 126976K, used 58027K [0x0000000087600000, 0x0000000100000000)
  region size 1024K, 51 young (52224K), 3 survivors (3072K)
 Metaspace       used 20628K, committed 21056K, reserved 1114112K
  class space    used 2918K, committed 3136K, reserved 1048576K
}
Event: 1.897 GC heap after
{Heap after GC invocations=3 (full 0):
 garbage-first heap   total 126976K, used 15510K [0x0000000087600000, 0x0000000100000000)
  region size 1024K, 8 young (8192K), 8 survivors (8192K)
 Metaspace       used 20628K, committed 21056K, reserved 1114112K
  class space    used 2918K, committed 3136K, reserved 1048576K
}
Event: 2.395 GC heap before
{Heap before GC invocations=4 (full 0):
 garbage-first heap   total 58368K, used 56470K [0x0000000087600000, 0x0000000100000000)
  region size 1024K, 48 young (49152K), 8 survivors (8192K)
 Metaspace       used 25098K, committed 25536K, reserved 1114112K
  class space    used 3590K, committed 3776K, reserved 1048576K
}
Event: 2.401 GC heap after
{Heap after GC invocations=5 (full 0):
 garbage-first heap   total 69632K, used 18171K [0x0000000087600000, 0x0000000100000000)
  region size 1024K, 8 young (8192K), 8 survivors (8192K)
 Metaspace       used 25098K, committed 25536K, reserved 1114112K
  class space    used 3590K, committed 3776K, reserved 1048576K
}
Event: 2.774 GC heap before
{Heap before GC invocations=5 (full 0):
 garbage-first heap   total 69632K, used 50939K [0x0000000087600000, 0x0000000100000000)
  region size 1024K, 40 young (40960K), 8 survivors (8192K)
 Metaspace       used 31404K, committed 31808K, reserved 1114112K
  class space    used 4438K, committed 4608K, reserved 1048576K
}

Dll operation events (7 events):
Event: 0.015 Loaded shared library /usr/lib/jvm/java-21-openjdk-amd64/lib/libjava.so
Event: 0.127 Loaded shared library /usr/lib/jvm/java-21-openjdk-amd64/lib/libnio.so
Event: 0.129 Loaded shared library /usr/lib/jvm/java-21-openjdk-amd64/lib/libzip.so
Event: 0.193 Loaded shared library /usr/lib/jvm/java-21-openjdk-amd64/lib/libjimage.so
Event: 0.359 Loaded shared library /usr/lib/jvm/java-21-openjdk-amd64/lib/libmanagement.so
Event: 0.362 Loaded shared library /usr/lib/jvm/java-21-openjdk-amd64/lib/libmanagement_ext.so
Event: 1.425 Loaded shared library /usr/lib/jvm/java-21-openjdk-amd64/lib/libnet.so

Deoptimization events (0 events):
No events

Classes loaded (20 events):
Event: 2.741 Loading class java/lang/instrument/IllegalClassFormatException
Event: 2.741 Loading class java/lang/instrument/IllegalClassFormatException done
Event: 2.761 Loading class com/sun/jmx/mbeanserver/GetPropertyAction
Event: 2.762 Loading class com/sun/jmx/mbeanserver/GetPropertyAction done
Event: 2.762 Loading class javax/management/ObjectName$Property
Event: 2.762 Loading class javax/management/ObjectName$Property done
Event: 2.762 Loading class com/sun/jmx/mbeanserver/Util
Event: 2.762 Loading class com/sun/jmx/mbeanserver/Util done
Event: 2.768 Loading class java/util/logging/LogRecord
Event: 2.768 Loading class java/util/logging/LogRecord done
Event: 2.769 Loading class java/util/concurrent/ScheduledThreadPoolExecutor
Event: 2.769 Loading class java/util/concurrent/ScheduledThreadPoolExecutor done
Event: 2.770 Loading class java/util/concurrent/ScheduledThreadPoolExecutor$DelayedWorkQueue
Event: 2.770 Loading class java/util/concurrent/ScheduledThreadPoolExecutor$DelayedWorkQueue done
Event: 2.770 Loading class java/util/concurrent/RunnableScheduledFuture
Event: 2.770 Loading class java/util/concurrent/ScheduledFuture
Event: 2.770 Loading class java/util/concurrent/Delayed
Event: 2.770 Loading class java/util/concurrent/Delayed done
Event: 2.770 Loading class java/util/concurrent/ScheduledFuture done
Event: 2.770 Loading class java/util/concurrent/RunnableScheduledFuture done

Classes unloaded (0 events):
No events

Classes redefined (0 events):
No events

Internal exceptions (20 events):
Event: 2.560 Thread 0x00007911e80072c0 Exception <a 'java/lang/ArrayIndexOutOfBoundsException'{0x0000000089f9bac8}: Index 10 out of bounds for length 10> (0x0000000089f9bac8) 
thrown [./src/hotspot/share/interpreter/interpreterRuntime.cpp, line 439]
Event: 2.560 Thread 0x00007911e80072c0 Exception <a 'java/lang/ArrayIndexOutOfBoundsException'{0x0000000089f9c0a0}: Index 10 out of bounds for length 10> (0x0000000089f9c0a0) 
thrown [./src/hotspot/share/interpreter/interpreterRuntime.cpp, line 439]
Event: 2.560 Thread 0x00007911e80072c0 Exception <a 'java/lang/ArrayIndexOutOfBoundsException'{0x0000000089fa32a0}> (0x0000000089fa32a0) 
thrown [./src/hotspot/share/runtime/sharedRuntime.cpp, line 625]
Event: 2.560 Thread 0x00007911e80072c0 Exception <a 'java/lang/ArrayIndexOutOfBoundsException'{0x0000000089fa3b28}> (0x0000000089fa3b28) 
thrown [./src/hotspot/share/runtime/sharedRuntime.cpp, line 625]
Event: 2.584 Thread 0x00007911e80072c0 Exception <a 'java/lang/NoSuchMethodError'{0x0000000089d4e2d0}: 'java.lang.Object java.lang.invoke.DirectMethodHandle$Holder.invokeVirtual(java.lang.Object, java.lang.Object, java.lang.Object, java.lang.Object, java.lang.Object)'> (0x0000000089d4e2d0) 
thrown [./src/hotspot/share/interpreter/linkResolver.cpp, line 772]
Event: 2.614 Thread 0x00007911e80072c0 Exception <a 'java/lang/NoSuchMethodError'{0x0000000089befc30}: 'void java.lang.invoke.DirectMethodHandle$Holder.invokeStatic(java.lang.Object, java.lang.Object, int)'> (0x0000000089befc30) 
thrown [./src/hotspot/share/interpreter/linkResolver.cpp, line 772]
Event: 2.622 Thread 0x00007911e80072c0 Exception <a 'java/lang/NoSuchMethodError'{0x0000000089a646e8}: 'java.lang.Object java.lang.invoke.DirectMethodHandle$Holder.invokeVirtual(java.lang.Object, java.lang.Object, java.lang.Object, java.lang.Object, java.lang.Object, java.lang.Object)'> (0x0000000089a646e8) 
thrown [./src/hotspot/share/interpreter/linkResolver.cpp, line 772]
Event: 2.640 Thread 0x00007911e80072c0 Exception <a 'java/lang/NoSuchMethodError'{0x00000000899becb0}: 'void java.lang.invoke.DirectMethodHandle$Holder.invokeInterface(java.lang.Object, java.lang.Object, int)'> (0x00000000899becb0) 
thrown [./src/hotspot/share/interpreter/linkResolver.cpp, line 772]
Event: 2.642 Thread 0x00007911e80072c0 Exception <a 'java/lang/IncompatibleClassChangeError'{0x0000000089803110}: Found class java.lang.Object, but interface was expected> (0x0000000089803110) 
thrown [./src/hotspot/share/interpreter/linkResolver.cpp, line 840]
Event: 2.643 Thread 0x00007911e80072c0 Exception <a 'java/lang/NoSuchMethodError'{0x0000000089811678}: 'int java.lang.invoke.DirectMethodHandle$Holder.invokeSpecialIFC(java.lang.Object, java.lang.Object, java.lang.Object)'> (0x0000000089811678) 
thrown [./src/hotspot/share/interpreter/linkResolver.cpp, line 772]
Event: 2.644 Thread 0x00007911e80072c0 Exception <a 'java/lang/NoSuchMethodError'{0x0000000089826b90}: 'void java.lang.invoke.DirectMethodHandle$Holder.invokeStatic(java.lang.Object, int, java.lang.Object)'> (0x0000000089826b90) 
thrown [./src/hotspot/share/interpreter/linkResolver.cpp, line 772]
Event: 2.645 Thread 0x00007911e80072c0 Exception <a 'java/lang/NoSuchMethodError'{0x00000000898541e0}: 'int java.lang.invoke.DirectMethodHandle$Holder.invokeSpecial(java.lang.Object, java.lang.Object, int)'> (0x00000000898541e0) 
thrown [./src/hotspot/share/interpreter/linkResolver.cpp, line 772]
Event: 2.647 Thread 0x00007911e80072c0 Exception <a 'java/lang/NoSuchMethodError'{0x00000000898632d8}: 'void java.lang.invoke.DirectMethodHandle$Holder.invokeStatic(java.lang.Object, java.lang.Object, java.lang.Object, int, java.lang.Object)'> (0x00000000898632d8) 
thrown [./src/hotspot/share/interpreter/linkResolver.cpp, line 772]
Event: 2.647 Thread 0x00007911e80072c0 Exception <a 'java/lang/NoSuchMethodError'{0x0000000089869c78}: 'java.lang.Object java.lang.invoke.DirectMethodHandle$Holder.newInvokeSpecial(java.lang.Object, java.lang.Object, java.lang.Object, int)'> (0x0000000089869c78) 
thrown [./src/hotspot/share/interpreter/linkResolver.cpp, line 772]
Event: 2.647 Thread 0x00007911e80072c0 Exception <a 'java/lang/NoSuchMethodError'{0x000000008986db08}: 'java.lang.Object java.lang.invoke.DirectMethodHandle$Holder.invokeSpecial(java.lang.Object, java.lang.Object, java.lang.Object, java.lang.Object, int)'> (0x000000008986db08) 
thrown [./src/hotspot/share/interpreter/linkResolver.cpp, line 772]
Event: 2.647 Thread 0x00007911e80072c0 Exception <a 'java/lang/NoSuchMethodError'{0x0000000089870fb0}: 'java.lang.Object java.lang.invoke.Invokers$Holder.linkToTargetMethod(java.lang.Object, java.lang.Object, int, java.lang.Object)'> (0x0000000089870fb0) 
thrown [./src/hotspot/share/interpreter/linkResolver.cpp, line 772]
Event: 2.759 Thread 0x00007911e80072c0 Exception <a 'java/io/IOException'{0x0000000088ece920}> (0x0000000088ece920) 
thrown [./src/hotspot/share/prims/jni.cpp, line 520]
Event: 2.760 Thread 0x00007911e80072c0 Exception <a 'java/lang/NoSuchMethodError'{0x0000000088ed7ca8}: 'int java.lang.invoke.DirectMethodHandle$Holder.invokeVirtual(java.lang.Object, java.lang.Object, java.lang.Object, java.lang.Object)'> (0x0000000088ed7ca8) 
thrown [./src/hotspot/share/interpreter/linkResolver.cpp, line 772]
Event: 2.760 Thread 0x00007911e80072c0 Exception <a 'java/lang/NoSuchMethodError'{0x0000000088edb578}: 'int java.lang.invoke.DelegatingMethodHandle$Holder.reinvoke_L(java.lang.Object, java.lang.Object, java.lang.Object, java.lang.Object)'> (0x0000000088edb578) 
thrown [./src/hotspot/share/interpreter/linkResolver.cpp, line 772]
Event: 2.774 Thread 0x00007911e80072c0 Exception <a 'java/io/FileNotFoundException'{0x0000000088ddbf60}> (0x0000000088ddbf60) 
thrown [./src/hotspot/share/prims/jni.cpp, line 520]

ZGC Phase Switch (0 events):
No events

VM Operations (20 events):
Event: 2.158 Executing VM operation: HandshakeAllThreads (Deoptimize) done
Event: 2.168 Executing VM operation: ICBufferFull
Event: 2.169 Executing VM operation: ICBufferFull done
Event: 2.244 Executing VM operation: HandshakeAllThreads (Deoptimize)
Event: 2.244 Executing VM operation: HandshakeAllThreads (Deoptimize) done
Event: 2.340 Executing VM operation: HandshakeAllThreads (Deoptimize)
Event: 2.340 Executing VM operation: HandshakeAllThreads (Deoptimize) done
Event: 2.342 Executing VM operation: HandshakeAllThreads (Deoptimize)
Event: 2.342 Executing VM operation: HandshakeAllThreads (Deoptimize) done
Event: 2.395 Executing VM operation: G1CollectForAllocation (G1 Evacuation Pause)
Event: 2.401 Executing VM operation: G1CollectForAllocation (G1 Evacuation Pause) done
Event: 2.478 Executing VM operation: HandshakeAllThreads (Deoptimize)
Event: 2.478 Executing VM operation: HandshakeAllThreads (Deoptimize) done
Event: 2.541 Executing VM operation: HandshakeAllThreads (Deoptimize)
Event: 2.541 Executing VM operation: HandshakeAllThreads (Deoptimize) done
Event: 2.613 Executing VM operation: HandshakeAllThreads (Deoptimize)
Event: 2.613 Executing VM operation: HandshakeAllThreads (Deoptimize) done
Event: 2.615 Executing VM operation: HandshakeAllThreads (Deoptimize)
Event: 2.615 Executing VM operation: HandshakeAllThreads (Deoptimize) done
Event: 2.774 Executing VM operation: G1CollectForAllocation (G1 Evacuation Pause)

Memory protections (20 events):
Event: 0.118 Protecting memory [0x000079127c300000,0x000079127c304000] with protection modes 0
Event: 0.118 Protecting memory [0x000079127c200000,0x000079127c204000] with protection modes 0
Event: 0.118 Protecting memory [0x000079127c100000,0x000079127c104000] with protection modes 0
Event: 0.118 Protecting memory [0x000079127c000000,0x000079127c004000] with protection modes 0
Event: 0.118 Protecting memory [0x000079126df00000,0x000079126df04000] with protection modes 0
Event: 0.118 Protecting memory [0x000079126de00000,0x000079126de04000] with protection modes 0
Event: 0.124 Protecting memory [0x000079126dd00000,0x000079126dd04000] with protection modes 0
Event: 0.125 Protecting memory [0x000079126dc00000,0x000079126dc04000] with protection modes 0
Event: 0.142 Protecting memory [0x000079126db00000,0x000079126db04000] with protection modes 0
Event: 0.241 Protecting memory [0x000079126da00000,0x000079126da04000] with protection modes 0
Event: 0.241 Protecting memory [0x000079126d900000,0x000079126d904000] with protection modes 0
Event: 0.389 Protecting memory [0x000079126d800000,0x000079126d804000] with protection modes 0
Event: 0.394 Protecting memory [0x000079126d700000,0x000079126d704000] with protection modes 0
Event: 0.852 Protecting memory [0x000079126d0fb000,0x000079126d0ff000] with protection modes 0
Event: 1.208 Protecting memory [0x000079126cffb000,0x000079126cfff000] with protection modes 0
Event: 1.209 Protecting memory [0x000079126cefb000,0x000079126ceff000] with protection modes 0
Event: 1.209 Protecting memory [0x000079126cdfb000,0x000079126cdff000] with protection modes 0
Event: 1.217 Protecting memory [0x000079126ccfb000,0x000079126ccff000] with protection modes 0
Event: 1.218 Protecting memory [0x000079126cbfb000,0x000079126cbff000] with protection modes 0
Event: 1.712 Protecting memory [0x000079126ccfb000,0x000079126ccff000] with protection modes 0

Nmethod flushes (0 events):
No events

Events (20 events):
Event: 0.118 Thread 0x000079128801aac0 Thread added: 0x000079128814f010
Event: 0.118 Thread 0x000079128801aac0 Thread added: 0x00007912881505a0
Event: 0.118 Thread 0x000079128801aac0 Thread added: 0x0000791288151c90
Event: 0.124 Thread 0x000079128801aac0 Thread added: 0x000079128815e280
Event: 0.125 Thread 0x000079128801aac0 Thread added: 0x0000791288161300
Event: 0.142 Thread 0x0000791288151c90 Thread added: 0x000079120009d770
Event: 0.241 Thread 0x0000791288151c90 Thread added: 0x00007912000f6230
Event: 0.241 Thread 0x0000791288151c90 Thread added: 0x00007912000f7540
Event: 0.389 Thread 0x000079128801aac0 Thread added: 0x000079128860e9f0
Event: 0.394 Thread 0x000079128860e9f0 Thread added: 0x00007911e80072c0
Event: 0.851 Thread 0x00007911e80072c0 Thread added: 0x00007911dc199680
Event: 1.208 Thread 0x000079128814d9e0 Thread added: 0x0000791204001120
Event: 1.209 Thread 0x000079128814d9e0 Thread added: 0x00007912040022d0
Event: 1.209 Thread 0x000079128814d9e0 Thread added: 0x00007912040036c0
Event: 1.217 Thread 0x0000791204001120 Thread added: 0x00007911c8002ce0
Event: 1.218 Thread 0x0000791204001120 Thread added: 0x00007911c8003e70
Event: 1.229 Thread 0x00007911c8002ce0 Thread exited: 0x00007911c8002ce0
Event: 1.712 Thread 0x00007911e80072c0 Thread added: 0x00007911dc33c3c0
Event: 1.751 Thread 0x00007911dc33c3c0 Thread exited: 0x00007911dc33c3c0
Event: 1.823 Thread 0x00007911dc199680 Thread exited: 0x00007911dc199680


Dynamic libraries:
87600000-8ac00000 rw-p 00000000 00:00 0 
8ac00000-8b500000 ---p 00000000 00:00 0 
8b500000-8bd00000 rw-p 00000000 00:00 0 
8bd00000-8ef00000 ---p 00000000 00:00 0 
8ef00000-8f000000 rw-p 00000000 00:00 0 
8f000000-ffb00000 ---p 00000000 00:00 0 
ffb00000-ffe00000 rw-p 00000000 00:00 0 
ffe00000-fff0d000 rw-p 00cdf000 103:02 9208005                           /usr/lib/jvm/java-21-openjdk-amd64/lib/server/classes.jsa
fff0d000-100000000 rw-p 00000000 00:00 0 
6045c6f5d000-6045c6f5e000 r--p 00000000 103:02 9207852                   /usr/lib/jvm/java-21-openjdk-amd64/bin/java
6045c6f5e000-6045c6f5f000 r-xp 00001000 103:02 9207852                   /usr/lib/jvm/java-21-openjdk-amd64/bin/java
6045c6f5f000-6045c6f60000 r--p 00002000 103:02 9207852                   /usr/lib/jvm/java-21-openjdk-amd64/bin/java
6045c6f60000-6045c6f61000 r--p 00002000 103:02 9207852                   /usr/lib/jvm/java-21-openjdk-amd64/bin/java
6045c6f61000-6045c6f62000 rw-p 00003000 103:02 9207852                   /usr/lib/jvm/java-21-openjdk-amd64/bin/java
6045e4444000-6045e448c000 rw-p 00000000 00:00 0                          [heap]
7911ac000000-7911ac021000 rw-p 00000000 00:00 0 
7911ac021000-7911b0000000 ---p 00000000 00:00 0 
7911b0000000-7911b0021000 rw-p 00000000 00:00 0 
7911b0021000-7911b4000000 ---p 00000000 00:00 0 
7911b4000000-7911b4038000 rw-p 00000000 00:00 0 
7911b4038000-7911b8000000 ---p 00000000 00:00 0 
7911b8000000-7911b8021000 rw-p 00000000 00:00 0 
7911b8021000-7911bc000000 ---p 00000000 00:00 0 
7911bc000000-7911bc021000 rw-p 00000000 00:00 0 
7911bc021000-7911c0000000 ---p 00000000 00:00 0 
7911c0000000-7911c0021000 rw-p 00000000 00:00 0 
7911c0021000-7911c4000000 ---p 00000000 00:00 0 
7911c4000000-7911c43d4000 rw-p 00000000 00:00 0 
7911c43d4000-7911c8000000 ---p 00000000 00:00 0 
7911c8000000-7911c8021000 rw-p 00000000 00:00 0 
7911c8021000-7911cc000000 ---p 00000000 00:00 0 
7911cc000000-7911cc021000 rw-p 00000000 00:00 0 
7911cc021000-7911d0000000 ---p 00000000 00:00 0 
7911d0000000-7911d0028000 rw-p 00000000 00:00 0 
7911d0028000-7911d4000000 ---p 00000000 00:00 0 
7911d4000000-7911d4021000 rw-p 00000000 00:00 0 
7911d4021000-7911d8000000 ---p 00000000 00:00 0 
7911d8000000-7911d8021000 rw-p 00000000 00:00 0 
7911d8021000-7911dc000000 ---p 00000000 00:00 0 
7911dc000000-7911dcad1000 rw-p 00000000 00:00 0 
7911dcad1000-7911e0000000 ---p 00000000 00:00 0 
7911e0000000-7911e0021000 rw-p 00000000 00:00 0 
7911e0021000-7911e4000000 ---p 00000000 00:00 0 
7911e4000000-7911e40ff000 rw-p 00000000 00:00 0 
7911e40ff000-7911e8000000 ---p 00000000 00:00 0 
7911e8000000-7911e8021000 rw-p 00000000 00:00 0 
7911e8021000-7911ec000000 ---p 00000000 00:00 0 
7911ec000000-7911ec18c000 rw-p 00000000 00:00 0 
7911ec18c000-7911f0000000 ---p 00000000 00:00 0 
7911f0000000-7911f00ca000 rw-p 00000000 00:00 0 
7911f00ca000-7911f4000000 ---p 00000000 00:00 0 
7911f4000000-7911f4021000 rw-p 00000000 00:00 0 
7911f4021000-7911f8000000 ---p 00000000 00:00 0 
7911f8000000-7911f8021000 rw-p 00000000 00:00 0 
7911f8021000-7911fc000000 ---p 00000000 00:00 0 
7911fc000000-7911fc021000 rw-p 00000000 00:00 0 
7911fc021000-791200000000 ---p 00000000 00:00 0 
791200000000-791200239000 rw-p 00000000 00:00 0 
791200239000-791204000000 ---p 00000000 00:00 0 
791204000000-791204021000 rw-p 00000000 00:00 0 
791204021000-791208000000 ---p 00000000 00:00 0 
791208000000-791208021000 rw-p 00000000 00:00 0 
791208021000-79120c000000 ---p 00000000 00:00 0 
79120c000000-79120c021000 rw-p 00000000 00:00 0 
79120c021000-791210000000 ---p 00000000 00:00 0 
791210000000-791210021000 rw-p 00000000 00:00 0 
791210021000-791214000000 ---p 00000000 00:00 0 
791214000000-791214021000 rw-p 00000000 00:00 0 
791214021000-791218000000 ---p 00000000 00:00 0 
79121b000000-79121b3f0000 rw-p 00000000 00:00 0 
79121b3f0000-79121c5f0000 rw-p 00000000 00:00 0 
79121c5f0000-79121ca80000 rw-p 00000000 00:00 0 
79121ca80000-79121cb00000 ---p 00000000 00:00 0 
79121cb00000-79121cb10000 rw-p 00000000 00:00 0 
79121cb10000-79121f000000 ---p 00000000 00:00 0 
79121f000000-79121fca0000 rw-p 00001000 103:02 9208005                   /usr/lib/jvm/java-21-openjdk-amd64/lib/server/classes.jsa
79121fca0000-791220000000 ---p 00000000 00:00 0 
791220000000-791220030000 rw-p 00000000 00:00 0 
791220030000-791220070000 rw-p 00000000 00:00 0 
791220070000-7912200d0000 rw-p 00000000 00:00 0 
7912200d0000-7912200f0000 rw-p 00000000 00:00 0 
7912200f0000-791220230000 rw-p 00000000 00:00 0 
791220230000-791220270000 rw-p 00000000 00:00 0 
791220270000-791220480000 rw-p 00000000 00:00 0 
791220480000-791260000000 ---p 00000000 00:00 0 
791260000000-791260021000 rw-p 00000000 00:00 0 
791260021000-791264000000 ---p 00000000 00:00 0 
791264000000-791264021000 rw-p 00000000 00:00 0 
791264021000-791268000000 ---p 00000000 00:00 0 
791268000000-791268021000 rw-p 00000000 00:00 0 
791268021000-79126c000000 ---p 00000000 00:00 0 
79126c491000-79126c8f8000 rw-p 00000000 00:00 0 
79126c8f8000-79126c8f9000 ---p 00000000 00:00 0 
79126c8f9000-79126c9f9000 rw-p 00000000 00:00 0 
79126c9f9000-79126c9fa000 ---p 00000000 00:00 0 
79126c9fa000-79126cafa000 rw-p 00000000 00:00 0 
79126cafa000-79126cafb000 ---p 00000000 00:00 0 
79126cafb000-79126cbfb000 rw-p 00000000 00:00 0 
79126cbfb000-79126cbff000 ---p 00000000 00:00 0 
79126cbff000-79126ccfb000 rw-p 00000000 00:00 0 
79126ccfb000-79126ccff000 ---p 00000000 00:00 0 
79126ccff000-79126cdfb000 rw-p 00000000 00:00 0 
79126cdfb000-79126cdff000 ---p 00000000 00:00 0 
79126cdff000-79126cefb000 rw-p 00000000 00:00 0 
79126cefb000-79126ceff000 ---p 00000000 00:00 0 
79126ceff000-79126cffb000 rw-p 00000000 00:00 0 
79126cffb000-79126cfff000 ---p 00000000 00:00 0 
79126cfff000-79126d0fb000 rw-p 00000000 00:00 0 
79126d0fb000-79126d0ff000 ---p 00000000 00:00 0 
79126d0ff000-79126d1fb000 rw-p 00000000 00:00 0 
79126d1fb000-79126d1fc000 ---p 00000000 00:00 0 
79126d1fc000-79126d2fc000 rw-p 00000000 00:00 0 
79126d2fc000-79126d2fd000 ---p 00000000 00:00 0 
79126d2fd000-79126d3fd000 rw-p 00000000 00:00 0 
79126d3fd000-79126d3fe000 ---p 00000000 00:00 0 
79126d3fe000-79126d4fe000 rw-p 00000000 00:00 0 
79126d4fe000-79126d4ff000 ---p 00000000 00:00 0 
79126d4ff000-79126d5ff000 rw-p 00000000 00:00 0 
79126d5ff000-79126d600000 ---p 00000000 00:00 0 
79126d600000-79126d700000 rw-p 00000000 00:00 0 
79126d700000-79126d704000 ---p 00000000 00:00 0 
79126d704000-79126d800000 rw-p 00000000 00:00 0 
79126d800000-79126d804000 ---p 00000000 00:00 0 
79126d804000-79126d900000 rw-p 00000000 00:00 0 
79126d900000-79126d904000 ---p 00000000 00:00 0 
79126d904000-79126da00000 rw-p 00000000 00:00 0 
79126da00000-79126da04000 ---p 00000000 00:00 0 
79126da04000-79126db00000 rw-p 00000000 00:00 0 
79126db00000-79126db04000 ---p 00000000 00:00 0 
79126db04000-79126dc00000 rw-p 00000000 00:00 0 
79126dc00000-79126dc04000 ---p 00000000 00:00 0 
79126dc04000-79126dd00000 rw-p 00000000 00:00 0 
79126dd00000-79126dd04000 ---p 00000000 00:00 0 
79126dd04000-79126de00000 rw-p 00000000 00:00 0 
79126de00000-79126de04000 ---p 00000000 00:00 0 
79126de04000-79126df00000 rw-p 00000000 00:00 0 
79126df00000-79126df04000 ---p 00000000 00:00 0 
79126df04000-79126e000000 rw-p 00000000 00:00 0 
79126e000000-791270000000 rw-p 00000000 00:00 0 
791270000000-791270021000 rw-p 00000000 00:00 0 
791270021000-791274000000 ---p 00000000 00:00 0 
791274000000-791274021000 rw-p 00000000 00:00 0 
791274021000-791278000000 ---p 00000000 00:00 0 
791278000000-791278021000 rw-p 00000000 00:00 0 
791278021000-79127c000000 ---p 00000000 00:00 0 
79127c000000-79127c004000 ---p 00000000 00:00 0 
79127c004000-79127c100000 rw-p 00000000 00:00 0 
79127c100000-79127c104000 ---p 00000000 00:00 0 
79127c104000-79127c200000 rw-p 00000000 00:00 0 
79127c200000-79127c204000 ---p 00000000 00:00 0 
79127c204000-79127c300000 rw-p 00000000 00:00 0 
79127c300000-79127c304000 ---p 00000000 00:00 0 
79127c304000-79127c400000 rw-p 00000000 00:00 0 
79127c400000-79127c973000 r--p 00000000 103:02 7871055                   /usr/lib/locale/locale-archive
79127c986000-79127c987000 ---p 00000000 00:00 0 
79127c987000-79127ca87000 rw-p 00000000 00:00 0 
79127ca87000-79127ca88000 ---p 00000000 00:00 0 
79127ca88000-79127cb88000 rw-p 00000000 00:00 0 
79127cb88000-79127cc09000 rw-p 00000000 00:00 0 
79127cc09000-79127cc0a000 ---p 00000000 00:00 0 
79127cc0a000-79127cd0a000 rw-p 00000000 00:00 0 
79127cd0a000-79127cd0b000 ---p 00000000 00:00 0 
79127cd0b000-79127ce0b000 rw-p 00000000 00:00 0 
79127ce0b000-79127d6eb000 rw-p 00000000 00:00 0 
79127d6eb000-79127d70f000 ---p 00000000 00:00 0 
79127d70f000-79127d72f000 rw-p 00000000 00:00 0 
79127d72f000-79127d7f7000 ---p 00000000 00:00 0 
79127d7f7000-79127d7fb000 rw-p 00000000 00:00 0 
79127d7fb000-79127f427000 ---p 00000000 00:00 0 
79127f427000-79127f437000 rw-p 00000000 00:00 0 
79127f437000-79127f456000 rw-p 00000000 00:00 0 
79127f456000-79127f45a000 ---p 00000000 00:00 0 
79127f45a000-79127f45f000 rw-p 00000000 00:00 0 
79127f45f000-79127f477000 ---p 00000000 00:00 0 
79127f477000-79127f478000 rw-p 00000000 00:00 0 
79127f478000-79127f7fd000 ---p 00000000 00:00 0 
79127f7fd000-79127f800000 rw-p 00000000 00:00 0 
79127f800000-791287e2d000 r--s 00000000 103:02 9208002                   /usr/lib/jvm/java-21-openjdk-amd64/lib/modules
791287ea4000-791287eff000 rw-p 00000000 00:00 0 
791287eff000-791287f00000 ---p 00000000 00:00 0 
791287f00000-791288000000 rw-p 00000000 00:00 0 
791288000000-791288617000 rw-p 00000000 00:00 0 
791288617000-79128c000000 ---p 00000000 00:00 0 
79128c031000-79128c032000 ---p 00000000 00:00 0 
79128c032000-79128c132000 rw-p 00000000 00:00 0 
79128c132000-79128c133000 ---p 00000000 00:00 0 
79128c133000-79128c233000 rw-p 00000000 00:00 0 
79128c233000-79128c24e000 rw-p 00000000 00:00 0 
79128c24e000-79128c252000 ---p 00000000 00:00 0 
79128c252000-79128c257000 rw-p 00000000 00:00 0 
79128c257000-79128c26f000 ---p 00000000 00:00 0 
79128c26f000-79128c270000 rw-p 00000000 00:00 0 
79128c270000-79128c5f5000 ---p 00000000 00:00 0 
79128c5f5000-79128ce00000 rw-p 00000000 00:00 0 
79128ce00000-79128d740000 rwxp 00000000 00:00 0 
79128d740000-79128fe00000 ---p 00000000 00:00 0 
79128fe00000-79128fe9a000 r--p 00000000 103:02 7876710                   /usr/lib/x86_64-linux-gnu/libstdc++.so.6.0.30
79128fe9a000-79128ffab000 r-xp 0009a000 103:02 7876710                   /usr/lib/x86_64-linux-gnu/libstdc++.so.6.0.30
79128ffab000-79129001a000 r--p 001ab000 103:02 7876710                   /usr/lib/x86_64-linux-gnu/libstdc++.so.6.0.30
79129001a000-79129001b000 ---p 0021a000 103:02 7876710                   /usr/lib/x86_64-linux-gnu/libstdc++.so.6.0.30
79129001b000-791290026000 r--p 0021a000 103:02 7876710                   /usr/lib/x86_64-linux-gnu/libstdc++.so.6.0.30
791290026000-791290029000 rw-p 00225000 103:02 7876710                   /usr/lib/x86_64-linux-gnu/libstdc++.so.6.0.30
791290029000-79129002c000 rw-p 00000000 00:00 0 
791290042000-791290100000 rw-p 00000000 00:00 0 
791290100000-791290104000 ---p 00000000 00:00 0 
791290104000-791290200000 rw-p 00000000 00:00 0 
791290200000-7912904a2000 r--p 00000000 103:02 9208008                   /usr/lib/jvm/java-21-openjdk-amd64/lib/server/libjvm.so
7912904a2000-79129131d000 r-xp 002a2000 103:02 9208008                   /usr/lib/jvm/java-21-openjdk-amd64/lib/server/libjvm.so
79129131d000-7912915f7000 r--p 0111d000 103:02 9208008                   /usr/lib/jvm/java-21-openjdk-amd64/lib/server/libjvm.so
7912915f7000-7912916cb000 r--p 013f6000 103:02 9208008                   /usr/lib/jvm/java-21-openjdk-amd64/lib/server/libjvm.so
7912916cb000-7912916fb000 rw-p 014ca000 103:02 9208008                   /usr/lib/jvm/java-21-openjdk-amd64/lib/server/libjvm.so
7912916fb000-791291761000 rw-p 00000000 00:00 0 
791291768000-79129176f000 r--s 00000000 103:02 7866853                   /usr/lib/x86_64-linux-gnu/gconv/gconv-modules.cache
79129176f000-791291771000 r--p 00000000 103:02 9207991                   /usr/lib/jvm/java-21-openjdk-amd64/lib/libmanagement_ext.so
791291771000-791291774000 r-xp 00002000 103:02 9207991                   /usr/lib/jvm/java-21-openjdk-amd64/lib/libmanagement_ext.so
791291774000-791291775000 r--p 00005000 103:02 9207991                   /usr/lib/jvm/java-21-openjdk-amd64/lib/libmanagement_ext.so
791291775000-791291776000 ---p 00006000 103:02 9207991                   /usr/lib/jvm/java-21-openjdk-amd64/lib/libmanagement_ext.so
791291776000-791291777000 r--p 00006000 103:02 9207991                   /usr/lib/jvm/java-21-openjdk-amd64/lib/libmanagement_ext.so
791291777000-791291778000 rw-p 00007000 103:02 9207991                   /usr/lib/jvm/java-21-openjdk-amd64/lib/libmanagement_ext.so
791291778000-79129177a000 r--p 00000000 103:02 9207989                   /usr/lib/jvm/java-21-openjdk-amd64/lib/libmanagement.so
79129177a000-79129177b000 r-xp 00002000 103:02 9207989                   /usr/lib/jvm/java-21-openjdk-amd64/lib/libmanagement.so
79129177b000-79129177c000 r--p 00003000 103:02 9207989                   /usr/lib/jvm/java-21-openjdk-amd64/lib/libmanagement.so
79129177c000-79129177d000 r--p 00003000 103:02 9207989                   /usr/lib/jvm/java-21-openjdk-amd64/lib/libmanagement.so
79129177d000-79129177e000 rw-p 00004000 103:02 9207989                   /usr/lib/jvm/java-21-openjdk-amd64/lib/libmanagement.so
79129177e000-791291780000 r--p 00000000 103:02 9208001                   /usr/lib/jvm/java-21-openjdk-amd64/lib/libzip.so
791291780000-791291785000 r-xp 00002000 103:02 9208001                   /usr/lib/jvm/java-21-openjdk-amd64/lib/libzip.so
791291785000-791291787000 r--p 00007000 103:02 9208001                   /usr/lib/jvm/java-21-openjdk-amd64/lib/libzip.so
791291787000-791291788000 r--p 00008000 103:02 9208001                   /usr/lib/jvm/java-21-openjdk-amd64/lib/libzip.so
791291788000-791291789000 rw-p 00009000 103:02 9208001                   /usr/lib/jvm/java-21-openjdk-amd64/lib/libzip.so
791291789000-791291790000 r--p 00000000 103:02 9207994                   /usr/lib/jvm/java-21-openjdk-amd64/lib/libnio.so
791291790000-791291799000 r-xp 00007000 103:02 9207994                   /usr/lib/jvm/java-21-openjdk-amd64/lib/libnio.so
791291799000-79129179d000 r--p 00010000 103:02 9207994                   /usr/lib/jvm/java-21-openjdk-amd64/lib/libnio.so
79129179d000-79129179e000 ---p 00014000 103:02 9207994                   /usr/lib/jvm/java-21-openjdk-amd64/lib/libnio.so
79129179e000-79129179f000 r--p 00014000 103:02 9207994                   /usr/lib/jvm/java-21-openjdk-amd64/lib/libnio.so
79129179f000-7912917a0000 rw-p 00015000 103:02 9207994                   /usr/lib/jvm/java-21-openjdk-amd64/lib/libnio.so
7912917a0000-7912917b3000 rw-p 00000000 00:00 0 
7912917b3000-791291800000 ---p 00000000 00:00 0 
791291800000-791291828000 r--p 00000000 103:02 7866486                   /usr/lib/x86_64-linux-gnu/libc.so.6
791291828000-7912919bd000 r-xp 00028000 103:02 7866486                   /usr/lib/x86_64-linux-gnu/libc.so.6
7912919bd000-791291a15000 r--p 001bd000 103:02 7866486                   /usr/lib/x86_64-linux-gnu/libc.so.6
791291a15000-791291a16000 ---p 00215000 103:02 7866486                   /usr/lib/x86_64-linux-gnu/libc.so.6
791291a16000-791291a1a000 r--p 00215000 103:02 7866486                   /usr/lib/x86_64-linux-gnu/libc.so.6
791291a1a000-791291a1c000 rw-p 00219000 103:02 7866486                   /usr/lib/x86_64-linux-gnu/libc.so.6
791291a1c000-791291a29000 rw-p 00000000 00:00 0 
791291a2d000-791291a30000 r--p 00000000 103:02 9207993                   /usr/lib/jvm/java-21-openjdk-amd64/lib/libnet.so
791291a30000-791291a38000 r-xp 00003000 103:02 9207993                   /usr/lib/jvm/java-21-openjdk-amd64/lib/libnet.so
791291a38000-791291a3a000 r--p 0000b000 103:02 9207993                   /usr/lib/jvm/java-21-openjdk-amd64/lib/libnet.so
791291a3a000-791291a3b000 r--p 0000c000 103:02 9207993                   /usr/lib/jvm/java-21-openjdk-amd64/lib/libnet.so
791291a3b000-791291a3c000 rw-p 0000d000 103:02 9207993                   /usr/lib/jvm/java-21-openjdk-amd64/lib/libnet.so
791291a3c000-791291a49000 r--p 00000000 103:02 9207979                   /usr/lib/jvm/java-21-openjdk-amd64/lib/libjava.so
791291a49000-791291a57000 r-xp 0000d000 103:02 9207979                   /usr/lib/jvm/java-21-openjdk-amd64/lib/libjava.so
791291a57000-791291a5c000 r--p 0001b000 103:02 9207979                   /usr/lib/jvm/java-21-openjdk-amd64/lib/libjava.so
791291a5c000-791291a5d000 ---p 00020000 103:02 9207979                   /usr/lib/jvm/java-21-openjdk-amd64/lib/libjava.so
791291a5d000-791291a5e000 r--p 00020000 103:02 9207979                   /usr/lib/jvm/java-21-openjdk-amd64/lib/libjava.so
791291a5e000-791291a5f000 rw-p 00021000 103:02 9207979                   /usr/lib/jvm/java-21-openjdk-amd64/lib/libjava.so
791291a5f000-791291a60000 rw-p 00000000 00:00 0 
791291a60000-791291a63000 r--p 00000000 103:02 7876714                   /usr/lib/x86_64-linux-gnu/libgcc_s.so.1
791291a63000-791291a7a000 r-xp 00003000 103:02 7876714                   /usr/lib/x86_64-linux-gnu/libgcc_s.so.1
791291a7a000-791291a7e000 r--p 0001a000 103:02 7876714                   /usr/lib/x86_64-linux-gnu/libgcc_s.so.1
791291a7e000-791291a7f000 r--p 0001d000 103:02 7876714                   /usr/lib/x86_64-linux-gnu/libgcc_s.so.1
791291a7f000-791291a80000 rw-p 0001e000 103:02 7876714                   /usr/lib/x86_64-linux-gnu/libgcc_s.so.1
791291a80000-791291a8e000 r--p 00000000 103:02 7866490                   /usr/lib/x86_64-linux-gnu/libm.so.6
791291a8e000-791291b0a000 r-xp 0000e000 103:02 7866490                   /usr/lib/x86_64-linux-gnu/libm.so.6
791291b0a000-791291b65000 r--p 0008a000 103:02 7866490                   /usr/lib/x86_64-linux-gnu/libm.so.6
791291b65000-791291b66000 r--p 000e4000 103:02 7866490                   /usr/lib/x86_64-linux-gnu/libm.so.6
791291b66000-791291b67000 rw-p 000e5000 103:02 7866490                   /usr/lib/x86_64-linux-gnu/libm.so.6
791291b67000-791291b6a000 rw-p 00000000 00:00 0 
791291b6a000-791291b6c000 r--p 00000000 103:02 9207983                   /usr/lib/jvm/java-21-openjdk-amd64/lib/libjli.so
791291b6c000-791291b76000 r-xp 00002000 103:02 9207983                   /usr/lib/jvm/java-21-openjdk-amd64/lib/libjli.so
791291b76000-791291b79000 r--p 0000c000 103:02 9207983                   /usr/lib/jvm/java-21-openjdk-amd64/lib/libjli.so
791291b79000-791291b7a000 ---p 0000f000 103:02 9207983                   /usr/lib/jvm/java-21-openjdk-amd64/lib/libjli.so
791291b7a000-791291b7b000 r--p 0000f000 103:02 9207983                   /usr/lib/jvm/java-21-openjdk-amd64/lib/libjli.so
791291b7b000-791291b7c000 rw-p 00010000 103:02 9207983                   /usr/lib/jvm/java-21-openjdk-amd64/lib/libjli.so
791291b7c000-791291b7e000 r--p 00000000 103:02 7893590                   /usr/lib/x86_64-linux-gnu/libz.so.1.2.11
791291b7e000-791291b8f000 r-xp 00002000 103:02 7893590                   /usr/lib/x86_64-linux-gnu/libz.so.1.2.11
791291b8f000-791291b95000 r--p 00013000 103:02 7893590                   /usr/lib/x86_64-linux-gnu/libz.so.1.2.11
791291b95000-791291b96000 ---p 00019000 103:02 7893590                   /usr/lib/x86_64-linux-gnu/libz.so.1.2.11
791291b96000-791291b97000 r--p 00019000 103:02 7893590                   /usr/lib/x86_64-linux-gnu/libz.so.1.2.11
791291b97000-791291b98000 rw-p 0001a000 103:02 7893590                   /usr/lib/x86_64-linux-gnu/libz.so.1.2.11
791291b99000-791291ba1000 rw-s 00000000 103:02 8161528                   /tmp/hsperfdata_lee/6981
791291ba1000-791291ba2000 ---p 00000000 00:00 0 
791291ba2000-791291ba3000 r--p 00000000 00:00 0 
791291ba3000-791291ba5000 r--p 00000000 103:02 9207982                   /usr/lib/jvm/java-21-openjdk-amd64/lib/libjimage.so
791291ba5000-791291ba8000 r-xp 00002000 103:02 9207982                   /usr/lib/jvm/java-21-openjdk-amd64/lib/libjimage.so
791291ba8000-791291ba9000 r--p 00005000 103:02 9207982                   /usr/lib/jvm/java-21-openjdk-amd64/lib/libjimage.so
791291ba9000-791291baa000 ---p 00006000 103:02 9207982                   /usr/lib/jvm/java-21-openjdk-amd64/lib/libjimage.so
791291baa000-791291bab000 r--p 00006000 103:02 9207982                   /usr/lib/jvm/java-21-openjdk-amd64/lib/libjimage.so
791291bab000-791291bac000 rw-p 00007000 103:02 9207982                   /usr/lib/jvm/java-21-openjdk-amd64/lib/libjimage.so
791291bac000-791291bae000 rw-p 00000000 00:00 0 
791291bae000-791291bb0000 r--p 00000000 103:02 7866477                   /usr/lib/x86_64-linux-gnu/ld-linux-x86-64.so.2
791291bb0000-791291bda000 r-xp 00002000 103:02 7866477                   /usr/lib/x86_64-linux-gnu/ld-linux-x86-64.so.2
791291bda000-791291be5000 r--p 0002c000 103:02 7866477                   /usr/lib/x86_64-linux-gnu/ld-linux-x86-64.so.2
791291be5000-791291be6000 rwxp 00000000 00:00 0 
791291be6000-791291be8000 r--p 00037000 103:02 7866477                   /usr/lib/x86_64-linux-gnu/ld-linux-x86-64.so.2
791291be8000-791291bea000 rw-p 00039000 103:02 7866477                   /usr/lib/x86_64-linux-gnu/ld-linux-x86-64.so.2
7ffe064ff000-7ffe06522000 rw-p 00000000 00:00 0                          [stack]
7ffe0657d000-7ffe06581000 r--p 00000000 00:00 0                          [vvar]
7ffe06581000-7ffe06583000 r-xp 00000000 00:00 0                          [vdso]
ffffffffff600000-ffffffffff601000 --xp 00000000 00:00 0                  [vsyscall]
Total number of mappings: 299

JVMTI agents: none


VM Arguments:
jvm_args: -XX:TieredStopAtLevel=1 
java_command: com.kfarms.KfarmsBackendApplication
java_class_path (initial): /home/lee/Documents/kfarms-backend/target/classes:/home/lee/.m2/repository/ch/qos/logback/logback-classic/1.5.18/logback-classic-1.5.18.jar:/home/lee/.m2/repository/ch/qos/logback/logback-core/1.5.18/logback-core-1.5.18.jar:/home/lee/.m2/repository/org/apache/logging/log4j/log4j-to-slf4j/2.24.3/log4j-to-slf4j-2.24.3.jar:/home/lee/.m2/repository/org/apache/logging/log4j/log4j-api/2.24.3/log4j-api-2.24.3.jar:/home/lee/.m2/repository/org/slf4j/jul-to-slf4j/2.0.17/jul-to-slf4j-2.0.17.jar:/home/lee/.m2/repository/jakarta/annotation/jakarta.annotation-api/2.1.1/jakarta.annotation-api-2.1.1.jar:/home/lee/.m2/repository/org/yaml/snakeyaml/2.4/snakeyaml-2.4.jar:/home/lee/.m2/repository/com/zaxxer/HikariCP/6.3.0/HikariCP-6.3.0.jar:/home/lee/.m2/repository/org/springframework/spring-jdbc/6.2.8/spring-jdbc-6.2.8.jar:/home/lee/.m2/repository/org/hibernate/orm/hibernate-core/6.6.18.Final/hibernate-core-6.6.18.Final.jar:/home/lee/.m2/repository/jakarta/persistence/jakarta.persistence-api/3.1.0/jakarta.persistence-api-3.1.0.jar:/home/lee/.m2/repository/jakarta/transaction/jakarta.transaction-api/2.0.1/jakarta.transaction-api-2.0.1.jar:/home/lee/.m2/repository/org/jboss/logging/jboss-logging/3.6.1.Final/jboss-logging-3.6.1.Final.jar:/home/lee/.m2/repository/org/hibernate/common/hibernate-commons-annotations/7.0.3.Final/hibernate-commons-annotations-7.0.3.Final.jar:/home/lee/.m2/repository/io/smallrye/jandex/3.2.0/jandex-3.2.0.jar:/home/lee/.m2/repository/com/fasterxml/classmate/1.7.0/classmate-1.7.0.jar:/home/lee/.m2/repository/net/bytebuddy/byte-buddy/1.17.6/byte-buddy-1.17.6.jar:/home/lee/.m2/repository/org/glassfish/jaxb/jaxb-runtime/4.0.5/jaxb-runtime-4.0.5.jar:/home/lee/.m2/repository/org/glassfish/jaxb/jaxb-core/4.0.5/jaxb-core-4.0.5.jar:/home/lee/.m2/repository/org/eclipse/angus/angus-activation/2.0.2/angus-activation-2.0.2.jar:/home/lee/.m2/repository/org/glassfish/jaxb/txw2/4.0.5/txw2-4.0.5.jar:/home/lee/.m2/repository/com/sun/istack/istack-commons-runtime/4.1.2/istack-commons-runtime-4.1.2.jar:/home/lee/.m2/repository/jakarta/inject/jakarta.inject-api/2.0.1/jakarta.inject-api-2.0.1.jar:/home/lee/.m2/repository/org/antlr/antlr4-runtime/4.13.0/antlr4-runtime-4.13.0.jar:/home/lee/.m2/repository/org/springframework/data/spring-data-jpa/3.5.1/spring-data-jpa-3.5.1.jar:/home/lee/.m2/repository/org/springframework/data/spring-data-commons/3.5.1/spring-data-commons-3.5.1.jar:/home/lee/.m2/repository/org/springframework/spring-orm/6.2.8/spring-orm-6.2.8.jar:/home/lee/.m2/repository/org/springframework/spring-context/6.2.8/spring-context-6.2.8.jar:/home/lee/.m2/repository/org/springframework/spring-tx/6.2.8/spring-tx-6.2.8.jar:/home/lee/.m2/repository/org/springframework/spring-beans/6.2.8/spring-beans-6.2.8.jar:/home/lee/.m2/repository/org/slf4j/slf4j-api/2.0.17/slf4j-api-2.0.17.jar:/home/lee/.m2/repository/org/springframework/spring-aspects/6.2.8/spring-aspects-6.2.8.jar:/home/lee/.m2/repository/org/aspectj/aspectjweaver/1.9.24/aspectjweaver-1.9.24.jar:/home/lee/.m2/repository/com/fasterxml/jackson/datatype/jackson-datatype-jdk8/2.19.1/jackson-datatype-jdk8-2.19.1.jar:/home/lee/.m2/repository/com/fasterxml/jackson/module/jackson-module-parameter-names/2.19.1/jackson-module-parameter-names-2.19.1.jar:/home/lee/.m2/repository/org/apache/tomcat/embed/tomcat-embed-core/10.1.42/tomcat-embed-core-10.1.42.jar:/home/lee/.m2/repository/org/apache/tomcat/embed/tomcat-embed-websocket/10.1.42/tomcat-embed-websocket-10.1.42.jar:/home/lee/.m2/repository/org/springframework/spring-web/6.2.8/spring-web-6.2.8.jar:/home/lee/.m2/repository/io/micrometer/micrometer-observation/1.15.1/micrometer-observation-1.15.1.jar:/home/lee/.m2/repository/io/micrometer/micrometer-commons/1.15.1/micrometer-commons-1.15.1.jar:/home/lee/.m2/repository/org/springframework/spring-webmvc/6.2.8/spring-webmvc-6.2.8.jar:/home/lee/.m2/repository/org/springframework/spring-expression/6.2.8/spring-expression-6.2.8.jar:/home/lee/.m2/repository/org/springframework/boot/spring-boot-devtools/3.5.3/spring-boot-devtools-3.5.3.jar:/home/lee/.m2/repository/org/springframework/boot/spring-boot/3.5.3/spring-boot-3.5.3.jar:/home/lee/.m2/repository/org/springframework/boot/spring-boot-autoconfigure/3.5.3/spring-boot-autoconfigure-3.5.3.jar:/home/lee/.m2/repository/org/postgresql/postgresql/42.7.7/postgresql-42.7.7.jar:/home/lee/.m2/repository/org/checkerframework/checker-qual/3.49.3/checker-qual-3.49.3.jar:/home/lee/.m2/repository/jakarta/xml/bind/jakarta.xml.bind-api/4.0.2/jakarta.xml.bind-api-4.0.2.jar:/home/lee/.m2/repository/jakarta/activation/jakarta.activation-api/2.1.3/jakarta.activation-api-2.1.3.jar:/home/lee/.m2/repository/org/springframework/spring-core/6.2.8/spring-core-6.2.8.jar:/home/lee/.m2/repository/org/springframework/spring-jcl/6.2.8/spring-jcl-6.2.8.jar:/home/lee/.m2/repository/org/springframework/spring-aop/6.2.8/spring-aop-6.2.8.jar:/home/lee/.m2/repository/org/springframework/security/spring-security-config/6.5.1/spring-security-config-6.5.1.jar:/home/lee/.m2/repository/org/springframework/security/spring-security-core/6.5.1/spring-security-core-6.5.1.jar:/home/lee/.m2/repository/org/springframework/security/spring-security-crypto/6.5.1/spring-security-crypto-6.5.1.jar:/home/lee/.m2/repository/org/springframework/security/spring-security-web/6.5.1/spring-security-web-6.5.1.jar:/home/lee/.m2/repository/io/jsonwebtoken/jjwt-api/0.12.3/jjwt-api-0.12.3.jar:/home/lee/.m2/repository/io/jsonwebtoken/jjwt-impl/0.12.3/jjwt-impl-0.12.3.jar:/home/lee/.m2/repository/io/jsonwebtoken/jjwt-jackson/0.12.3/jjwt-jackson-0.12.3.jar:/home/lee/.m2/repository/com/fasterxml/jackson/core/jackson-databind/2.19.1/jackson-databind-2.19.1.jar:/home/lee/.m2/repository/com/fasterxml/jackson/datatype/jackson-datatype-jsr310/2.19.1/jackson-datatype-jsr310-2.19.1.jar:/home/lee/.m2/repository/com/fasterxml/jackson/core/jackson-annotations/2.19.1/jackson-annotations-2.19.1.jar:/home/lee/.m2/repository/com/fasterxml/jackson/core/jackson-core/2.19.1/jackson-core-2.19.1.jar:/home/lee/.m2/repository/org/apache/tomcat/embed/tomcat-embed-el/10.1.42/tomcat-embed-el-10.1.42.jar:/home/lee/.m2/repository/org/hibernate/validator/hibernate-validator/8.0.2.Final/hibernate-validator-8.0.2.Final.jar:/home/lee/.m2/repository/jakarta/validation/jakarta.validation-api/3.0.2/jakarta.validation-api-3.0.2.jar
Launcher Type: SUN_STANDARD

[Global flags]
     intx CICompilerCount                          = 4                                         {product} {ergonomic}
     uint ConcGCThreads                            = 2                                         {product} {ergonomic}
     uint G1ConcRefinementThreads                  = 8                                         {product} {ergonomic}
   size_t G1HeapRegionSize                         = 1048576                                   {product} {ergonomic}
    uintx GCDrainStackTargetSize                   = 64                                        {product} {ergonomic}
   size_t InitialHeapSize                          = 127926272                                 {product} {ergonomic}
   size_t MarkStackSize                            = 4194304                                   {product} {ergonomic}
   size_t MaxHeapSize                              = 2023751680                                {product} {ergonomic}
   size_t MaxNewSize                               = 1214251008                                {product} {ergonomic}
   size_t MinHeapDeltaBytes                        = 1048576                                   {product} {ergonomic}
   size_t MinHeapSize                              = 8388608                                   {product} {ergonomic}
    uintx NonNMethodCodeHeapSize                   = 4096                                   {pd product} {ergonomic}
    uintx NonProfiledCodeHeapSize                  = 0                                      {pd product} {ergonomic}
     bool ProfileInterpreter                       = false                                  {pd product} {command line}
    uintx ProfiledCodeHeapSize                     = 0                                      {pd product} {ergonomic}
   size_t SoftMaxHeapSize                          = 2023751680                             {manageable} {ergonomic}
     intx TieredStopAtLevel                        = 1                                         {product} {command line}
     bool UseCompressedOops                        = true                           {product lp64_product} {ergonomic}
     bool UseG1GC                                  = true                                      {product} {ergonomic}

Logging:
Log output configuration:
 #0: stdout all=warning uptime,level,tags foldmultilines=false
 #1: stderr all=off uptime,level,tags foldmultilines=false

Environment Variables:
PATH=/usr/local/sbin:/usr/local/bin:/usr/sbin:/usr/bin:/sbin:/bin:/usr/games:/usr/local/games:/snap/bin:/snap/bin
USERNAME=lee
SHELL=/usr/bin/zsh
DISPLAY=:0
LANG=en_US.UTF-8
LC_NUMERIC=en_US.UTF-8
LC_TIME=en_US.UTF-8
TERM=xterm-256color

Active Locale:
LC_ALL=en_US.UTF-8
LC_COLLATE=en_US.UTF-8
LC_CTYPE=en_US.UTF-8
LC_MESSAGES=en_US.UTF-8
LC_MONETARY=en_US.UTF-8
LC_NUMERIC=en_US.UTF-8
LC_TIME=en_US.UTF-8

Signal Handlers:
   SIGSEGV: crash_handler in libjvm.so, mask=11100100010111111101111111111110, flags=SA_RESTART|SA_SIGINFO, unblocked
    SIGBUS: crash_handler in libjvm.so, mask=11100100010111111101111111111110, flags=SA_RESTART|SA_SIGINFO, unblocked
    SIGFPE: crash_handler in libjvm.so, mask=11100100010111111101111111111110, flags=SA_RESTART|SA_SIGINFO, unblocked
   SIGPIPE: javaSignalHandler in libjvm.so, mask=11100100010111111101111111111110, flags=SA_RESTART|SA_SIGINFO, blocked
   SIGXFSZ: javaSignalHandler in libjvm.so, mask=11100100010111111101111111111110, flags=SA_RESTART|SA_SIGINFO, blocked
    SIGILL: crash_handler in libjvm.so, mask=11100100010111111101111111111110, flags=SA_RESTART|SA_SIGINFO, unblocked
   SIGUSR2: SR_handler in libjvm.so, mask=00000000000000000000000000000000, flags=SA_RESTART|SA_SIGINFO, blocked
    SIGHUP: UserHandler in libjvm.so, mask=11100100010111111101111111111110, flags=SA_RESTART|SA_SIGINFO, blocked
    SIGINT: UserHandler in libjvm.so, mask=11100100010111111101111111111110, flags=SA_RESTART|SA_SIGINFO, blocked
   SIGTERM: UserHandler in libjvm.so, mask=11100100010111111101111111111110, flags=SA_RESTART|SA_SIGINFO, blocked
   SIGQUIT: UserHandler in libjvm.so, mask=11100100010111111101111111111110, flags=SA_RESTART|SA_SIGINFO, blocked
   SIGTRAP: crash_handler in libjvm.so, mask=11100100010111111101111111111110, flags=SA_RESTART|SA_SIGINFO, unblocked


Periodic native trim disabled

---------------  S Y S T E M  ---------------

OS:
DISTRIB_ID=Ubuntu
DISTRIB_RELEASE=22.04
DISTRIB_CODENAME=jammy
DISTRIB_DESCRIPTION="Ubuntu 22.04.5 LTS"
uname: Linux 6.8.0-79-generic #79~22.04.1-Ubuntu SMP PREEMPT_DYNAMIC Fri Aug 15 16:54:53 UTC 2 x86_64
OS uptime: 0 days 0:19 hours
libc: glibc 2.35 NPTL 2.35 
rlimit (soft/hard): STACK 8192k/infinity , CORE 0k/infinity , NPROC 30551/30551 , NOFILE 1048576/1048576 , AS infinity/infinity , CPU infinity/infinity , DATA infinity/infinity , FSIZE infinity/infinity , MEMLOCK 988016k/988016k
load average: 1.79 1.19 1.06

/proc/meminfo:
MemTotal:        7904152 kB
MemFree:         2406740 kB
MemAvailable:    4401188 kB
Buffers:           74924 kB
Cached:          2617120 kB
SwapCached:            4 kB
Active:          1514076 kB
Inactive:        2814460 kB
Active(anon):    1129388 kB
Inactive(anon):  1049408 kB
Active(file):     384688 kB
Inactive(file):  1765052 kB
Unevictable:      260508 kB
Mlocked:              16 kB
SwapTotal:       2097148 kB
SwapFree:        2096380 kB
Zswap:                 0 kB
Zswapped:              0 kB
Dirty:               884 kB
Writeback:             0 kB
AnonPages:       1897484 kB
Mapped:           848284 kB
Shmem:            542044 kB
KReclaimable:     137748 kB
Slab:             323144 kB
SReclaimable:     137748 kB
SUnreclaim:       185396 kB
KernelStack:       15392 kB
PageTables:        37048 kB
SecPageTables:         0 kB
NFS_Unstable:          0 kB
Bounce:                0 kB
WritebackTmp:          0 kB
CommitLimit:     6049224 kB
Committed_AS:   11759164 kB
VmallocTotal:   34359738367 kB
VmallocUsed:       53540 kB
VmallocChunk:          0 kB
Percpu:             9056 kB
HardwareCorrupted:     0 kB
AnonHugePages:         0 kB
ShmemHugePages:        0 kB
ShmemPmdMapped:        0 kB
FileHugePages:         0 kB
FilePmdMapped:         0 kB
Unaccepted:            0 kB
HugePages_Total:       0
HugePages_Free:        0
HugePages_Rsvd:        0
HugePages_Surp:        0
Hugepagesize:       2048 kB
Hugetlb:               0 kB
DirectMap4k:      337528 kB
DirectMap2M:     5726208 kB
DirectMap1G:     2097152 kB

/sys/kernel/mm/transparent_hugepage/enabled: always [madvise] never
/sys/kernel/mm/transparent_hugepage/hpage_pmd_size: 2097152
/sys/kernel/mm/transparent_hugepage/defrag (defrag/compaction efforts parameter): always defer defer+madvise [madvise] never

Process Memory:
Virtual Size: 5686216K (peak: 5686216K)
Resident Set Size: 174236K (peak: 174236K) (anon: 150932K, file: 23304K, shmem: 0K)
Swapped out: 0K
C-Heap outstanding allocations: 49818K, retained: 3185K
glibc malloc tunables: (default)

/proc/sys/kernel/threads-max (system-wide limit on the number of threads): 61103
/proc/sys/vm/max_map_count (maximum number of memory map areas a process may have): 65530
/proc/sys/vm/swappiness (control to define how aggressively the kernel swaps out anonymous memory): 60
/proc/sys/kernel/pid_max (system-wide limit on number of process identifiers): 4194304

container (cgroup) information:
container_type: cgroupv2
cpu_cpuset_cpus: not supported
cpu_memory_nodes: not supported
active_processor_count: 8
cpu_quota: not supported
cpu_period: not supported
cpu_shares: not supported
memory_limit_in_bytes: unlimited
memory_and_swap_limit_in_bytes: unlimited
memory_soft_limit_in_bytes: 0
memory_usage_in_bytes: 1261876 k
memory_max_usage_in_bytes: not supported
memory_swap_current_in_bytes: 0
memory_swap_max_limit_in_bytes: unlimited
maximum number of tasks: 9165
current number of tasks: 67

Steal ticks since vm start: 0
Steal ticks percentage since vm start:  0.000

CPU: total 8 (initial active 8) (4 cores per cpu, 2 threads per core) family 6 model 142 stepping 10 microcode 0xf6, cx8, cmov, fxsr, ht, mmx, 3dnowpref, sse, sse2, sse3, ssse3, sse4.1, sse4.2, popcnt, lzcnt, tsc, tscinvbit, avx, avx2, aes, erms, clmul, bmi1, bmi2, adx, fma, vzeroupper, clflush, clflushopt, rdtscp, f16c
CPU Model and flags from /proc/cpuinfo:
model name	: Intel(R) Core(TM) i5-8250U CPU @ 1.60GHz
flags		: fpu vme de pse tsc msr pae mce cx8 apic sep mtrr pge mca cmov pat pse36 clflush dts acpi mmx fxsr sse sse2 ss ht tm pbe syscall nx pdpe1gb rdtscp lm constant_tsc art arch_perfmon pebs bts rep_good nopl xtopology nonstop_tsc cpuid aperfmperf pni pclmulqdq dtes64 monitor ds_cpl vmx est tm2 ssse3 sdbg fma cx16 xtpr pdcm pcid sse4_1 sse4_2 x2apic movbe popcnt tsc_deadline_timer aes xsave avx f16c rdrand lahf_lm abm 3dnowprefetch cpuid_fault epb pti ssbd ibrs ibpb stibp tpr_shadow flexpriority ept vpid ept_ad fsgsbase tsc_adjust sgx bmi1 avx2 smep bmi2 erms invpcid mpx rdseed adx smap clflushopt intel_pt xsaveopt xsavec xgetbv1 xsaves dtherm ida arat pln pts hwp hwp_notify hwp_act_window hwp_epp vnmi md_clear flush_l1d arch_capabilities

Online cpus: 0-7
Offline cpus: 
BIOS frequency limitation: <Not Available>
Frequency switch latency (ns): 0
Available cpu frequencies: <Not Available>
Current governor: powersave
Core performance/turbo boost: <Not Available>

Memory: 4k page, physical 7904152k(4401188k free), swap 2097148k(2096380k free)
Page Sizes: 4k

vm_info: OpenJDK 64-Bit Server VM (21.0.8+9-Ubuntu-0ubuntu122.04.1) for linux-amd64 JRE (21.0.8+9-Ubuntu-0ubuntu122.04.1), built on 2025-07-16T21:56:18Z by "buildd" with gcc 12.3.0

END.
