#
# A fatal error has been detected by the Java Runtime Environment:
#
#  SIGSEGV (0xb) at pc=0x00007ff5f6cb8b63, pid=10533, tid=10564
#
# JRE version: OpenJDK Runtime Environment (17.0.17+10) (build 17.0.17+10-Ubuntu-122.04)
# Java VM: OpenJDK 64-Bit Server VM (17.0.17+10-Ubuntu-122.04, mixed mode, sharing, tiered, compressed oops, compressed class ptrs, g1 gc, linux-amd64)
# Problematic frame:
# V  [libjvm.so+0xab8b63]  PhaseLive::compute(unsigned int)+0x623
#
# Core dump will be written. Default location: Core dumps may be processed with "/usr/share/apport/apport -p%p -s%s -c%c -d%d -P%P -u%u -g%g -F%F -- %E" (or dumping to /home/lee/Documents/kfarms-backend/core.10533)
#
# If you would like to submit a bug report, please visit:
#   https://bugs.launchpad.net/ubuntu/+source/openjdk-17
#

---------------  S U M M A R Y ------------

Command Line: -Dclassworlds.conf=/usr/share/maven/bin/m2.conf -Dmaven.home=/usr/share/maven -Dlibrary.jansi.path=/usr/share/maven/lib/jansi-native -Dmaven.multiModuleProjectDirectory=/home/lee/Documents/kfarms-backend org.codehaus.plexus.classworlds.launcher.Launcher spring-boot:run

Host: Intel(R) Core(TM) i5-8250U CPU @ 1.60GHz, 8 cores, 7G, Ubuntu 22.04.5 LTS
Time: Fri Dec  5 10:55:22 2025 WAT elapsed time: 0.405571 seconds (0d 0h 0m 0s)

---------------  T H R E A D  ---------------

Current thread (0x00007ff5f0133c60):  JavaThread "C2 CompilerThread0" daemon [_thread_in_native, id=10564, stack(0x00007ff5d4600000,0x00007ff5d4700000)]


Current CompileTask:
C2:405  518  s!   4       jdk.internal.loader.URLClassPath::getLoader (194 bytes)

Stack: [0x00007ff5d4600000,0x00007ff5d4700000],  sp=0x00007ff5d46fb4d0,  free space=1005k
Native frames: (J=compiled Java code, j=interpreted, Vv=VM code, C=native code)
V  [libjvm.so+0xab8b63]  PhaseLive::compute(unsigned int)+0x623
V  [libjvm.so+0x54583f]  PhaseChaitin::Register_Allocate()+0x63f
V  [libjvm.so+0x5d651e]  Compile::Code_Gen()+0x33e
V  [libjvm.so+0x5dbfa4]  Compile::Compile(ciEnv*, ciMethod*, int, bool, bool, bool, bool, bool, DirectiveSet*)+0x13a4
V  [libjvm.so+0x5199ab]  C2Compiler::compile_method(ciEnv*, ciMethod*, int, bool, DirectiveSet*)+0xfb
V  [libjvm.so+0x5e4b0b]  CompileBroker::invoke_compiler_on_method(CompileTask*)+0xebb
V  [libjvm.so+0x5e5a68]  CompileBroker::compiler_thread_loop()+0x708
V  [libjvm.so+0xebe49d]  JavaThread::thread_main_inner()+0x1ed
V  [libjvm.so+0xec1dfe]  Thread::call_run()+0xae
V  [libjvm.so+0xc487ab]  thread_native_entry(Thread*)+0xeb


siginfo: si_signo: 11 (SIGSEGV), si_code: 1 (SEGV_MAPERR), si_addr: 0x0000000300000027

Registers:
RAX=0x00000002ffffffff, RBX=0x0000000000000001, RCX=0x00007ff5d46fb910, RDX=0x0000000000000001
RSP=0x00007ff5d46fb4d0, RBP=0x00007ff5d46fb5a0, RSI=0x0000000000000014, RDI=0x00007ff5d46fb730
R8 =0x00007ff5580a8de0, R9 =0x0000000000000000, R10=0x00007ff554212e60, R11=0x00007ff5d46fb730
R12=0x0000000000000000, R13=0x00007ff5581acbf0, R14=0x00007ff5d46fb730, R15=0x00007ff5d46fb550
RIP=0x00007ff5f6cb8b63, EFLAGS=0x0000000000010297, CSGSFS=0x002b000000000033, ERR=0x0000000000000004
  TRAPNO=0x000000000000000e

XMM[0]=0x0000000000000000 0x0000000000000000
XMM[1]=0xffe5014a51f57fff 0xfff6af883fd51120
XMM[2]=0x0000000000000000 0x00007ff554207c20
XMM[3]=0x00007ff558060970 0x00007ff558060268
XMM[4]=0x00007ff554128600 0x00007ff554127578
XMM[5]=0x0000000000000000 0x00007ff554000090
XMM[6]=0x00007ff5581740b0 0x00007ff5581740a0
XMM[7]=0x00007ff558061ff8 0x00007ff558061a40
XMM[8]=0x00007ff5540ab4b8 0x00007ff5540ab448
XMM[9]=0x00007ff55821be00 0x00007ff55821bda0
XMM[10]=0x00007ff55821b7a0 0x00007ff55821b860
XMM[11]=0x00007ff55821b800 0x00007ff55821b8c0
XMM[12]=0x00007ff55821b740 0x00007ff55821b6e0
XMM[13]=0x0000000000000000 0x00007ff55821bbc0
XMM[14]=0x0000000000000000 0x00007ff55821bc80
XMM[15]=0x0000000000000000 0x00007ff55821bd40
  MXCSR=0x00001fa0


Register to memory mapping:

RAX=0x00000002ffffffff is an unknown value
RBX=0x0000000000000001 is an unknown value
RCX=0x00007ff5d46fb910 is pointing into the stack for thread: 0x00007ff5f0133c60
RDX=0x0000000000000001 is an unknown value
RSP=0x00007ff5d46fb4d0 is pointing into the stack for thread: 0x00007ff5f0133c60
RBP=0x00007ff5d46fb5a0 is pointing into the stack for thread: 0x00007ff5f0133c60
RSI=0x0000000000000014 is an unknown value
RDI=0x00007ff5d46fb730 is pointing into the stack for thread: 0x00007ff5f0133c60
R8 =0x00007ff5580a8de0 points into unknown readable memory: 0x000000060000000b | 0b 00 00 00 06 00 00 00
R9 =0x0 is NULL
R10=0x00007ff554212e60 points into unknown readable memory: 0x000000060000000b | 0b 00 00 00 06 00 00 00
R11=0x00007ff5d46fb730 is pointing into the stack for thread: 0x00007ff5f0133c60
R12=0x0 is NULL
R13=0x00007ff5581acbf0 points into unknown readable memory: 0x00007ff5f744c7b0 | b0 c7 44 f7 f5 7f 00 00
R14=0x00007ff5d46fb730 is pointing into the stack for thread: 0x00007ff5f0133c60
R15=0x00007ff5d46fb550 is pointing into the stack for thread: 0x00007ff5f0133c60


Top of Stack: (sp=0x00007ff5d46fb4d0)
0x00007ff5d46fb4d0:   00007ff554085ed0 00007ff55408ca80
0x00007ff5d46fb4e0:   00007ff5581323f8 00007ff55408ca80
0x00007ff5d46fb4f0:   00007ff55408deb8 00000000000a4f48
0x00007ff5d46fb500:   00007ff554085ed0 00007ff5f0132250
0x00007ff5d46fb510:   00007ff500000000 0000000000000238
0x00007ff5d46fb520:   0000000000000000 00007ff5580a8de0
0x00007ff5d46fb530:   00007ff500000001 0000000000000008
0x00007ff5d46fb540:   0000000000000010 00007ff554212e60
0x00007ff5d46fb550:   00007ff500000010 00007ff5580a9440
0x00007ff5d46fb560:   0000000500000010 00007ff5f0132250
0x00007ff5d46fb570:   00007ff5d46fb660 00007ff5d46fb9b0
0x00007ff5d46fb580:   00007ff5d46fb660 00007ff5d46fb7a0
0x00007ff5d46fb590:   00007ff5d46fb660 00007ff5d46fb730
0x00007ff5d46fb5a0:   00007ff5d46fb890 00007ff5f674583f
0x00007ff5d46fb5b0:   0000000000000000 0000000000000000
0x00007ff5d46fb5c0:   00000000000003d8 00007ff5581740a0
0x00007ff5d46fb5d0:   00007ff5d46fb630 00007ff5d46fb690
0x00007ff5d46fb5e0:   00007ff5d46fb6d0 00007ff5581740b0
0x00007ff5d46fb5f0:   00007ff5581740a0 00007ff5581740b0
0x00007ff5d46fb600:   00007ff5d46fb660 00007ff5581740a0
0x00007ff5d46fb610:   00007ff5581740b0 00007ff558174488
0x00007ff5d46fb620:   00000000000003d8 00007ff5f71e828c
0x00007ff5d46fb630:   0000000000000006 00007ff558000ea0
0x00007ff5d46fb640:   00007ff558000ea0 00007ff558000eb0
0x00007ff5d46fb650:   00007ff558001288 00000000000003d8
0x00007ff5d46fb660:   00007ff500000006 00007ff5581740a0
0x00007ff5d46fb670:   00007ff554021680 00007ff554023010
0x00007ff5d46fb680:   00007ff554029668 0000000000099d18
0x00007ff5d46fb690:   00007ff50000000c 00007ff5d46fdef0
0x00007ff5d46fb6a0:   00007ff5542b4ae0 00007ff5d46fb700
0x00007ff5d46fb6b0:   00007ff5542ea200 00007ff500000558
0x00007ff5d46fb6c0:   00007ff5d46fb660 00007ff5581740b0 

Instructions: (pc=0x00007ff5f6cb8b63)
0x00007ff5f6cb8a63:   8b 41 20 48 8b 04 10 48 63 48 28 48 8b 46 08 41
0x00007ff5f6cb8a73:   be 01 00 00 00 8b 34 88 89 f0 89 f1 41 89 f4 c1
0x00007ff5f6cb8a83:   e8 06 49 d3 e6 83 e0 03 41 c1 ec 08 48 8d 0c c5
0x00007ff5f6cb8a93:   00 00 00 00 85 f6 74 2d 49 8b 47 08 4a 8b 04 e0
0x00007ff5f6cb8aa3:   48 3b 05 8e 93 84 00 0f 84 28 05 00 00 48 01 c8
0x00007ff5f6cb8ab3:   48 8b 30 48 89 f7 4c 09 f7 48 89 38 4c 85 f6 75
0x00007ff5f6cb8ac3:   04 41 83 07 01 49 8b 45 08 4a 03 0c e0 48 8b 31
0x00007ff5f6cb8ad3:   48 89 c8 4c 89 f1 48 f7 d1 48 21 f1 48 89 08 4c
0x00007ff5f6cb8ae3:   85 f6 0f 85 55 ff ff ff 41 8b 49 18 48 83 ea 08
0x00007ff5f6cb8af3:   85 db 0f 85 5a ff ff ff 4d 89 e8 4c 8b 7d 80 4d
0x00007ff5f6cb8b03:   89 cd 4c 89 db 44 8b 8d 70 ff ff ff 4a 8d 04 cd
0x00007ff5f6cb8b13:   00 00 00 00 4c 89 45 88 41 be 01 00 00 00 48 89
0x00007ff5f6cb8b23:   45 80 48 89 d8 44 89 f3 49 89 c6 66 90 31 c0 85
0x00007ff5f6cb8b33:   c9 74 07 49 8b 45 20 48 8b 00 3b 58 18 0f 83 ea
0x00007ff5f6cb8b43:   00 00 00 48 8b 40 08 89 da 49 8b 4e 40 48 8d 3c
0x00007ff5f6cb8b53:   d5 00 00 00 00 48 8b 04 d0 48 89 7d 98 4c 89 f7
0x00007ff5f6cb8b63:   8b 50 28 48 8b 41 78 4c 89 f9 4c 8b 24 d0 48 8b
0x00007ff5f6cb8b73:   55 88 4c 89 e6 e8 b3 f4 ff ff 8b 45 90 41 8b 4d
0x00007ff5f6cb8b83:   18 85 c0 0f 84 95 00 00 00 4c 8b 45 80 4c 89 f7
0x00007ff5f6cb8b93:   4d 89 ee 4d 89 e5 41 89 c4 4c 89 f8 41 89 df 4c
0x00007ff5f6cb8ba3:   89 c3 49 89 c0 eb 0f 66 0f 1f 44 00 00 48 83 eb
0x00007ff5f6cb8bb3:   08 45 85 e4 74 5c 41 83 ec 01 31 c0 41 39 cc 73
0x00007ff5f6cb8bc3:   08 49 8b 46 20 48 8b 04 18 44 3b 78 18 73 de 48
0x00007ff5f6cb8bd3:   8b 55 98 48 8b 40 08 4c 89 ee 4c 89 45 a0 48 8b
0x00007ff5f6cb8be3:   4f 48 48 89 7d a8 48 83 eb 08 48 8b 04 10 48 63
0x00007ff5f6cb8bf3:   50 28 48 8b 41 08 4c 89 c1 8b 14 90 e8 ac f1 ff
0x00007ff5f6cb8c03:   ff 41 8b 4e 18 4c 8b 45 a0 48 8b 7d a8 45 85 e4
0x00007ff5f6cb8c13:   75 a4 44 89 fb 4d 89 f5 4d 89 c7 49 89 fe 83 c3
0x00007ff5f6cb8c23:   01 e9 07 ff ff ff 0f 1f 80 00 00 00 00 41 8b 45
0x00007ff5f6cb8c33:   4c 41 80 7e 60 00 4c 89 f3 8d 50 ff 49 8b 46 28
0x00007ff5f6cb8c43:   4c 8b 24 d0 0f 85 d9 03 00 00 48 8b 43 30 49 89
0x00007ff5f6cb8c53:   84 24 98 00 00 00 4c 89 63 30 41 8b 45 4c 8d 50 


Stack slot to memory mapping:
stack at sp + 0 slots: 0x00007ff554085ed0 points into unknown readable memory: 0x00007ff554207c30 | 30 7c 20 54 f5 7f 00 00
stack at sp + 1 slots: 0x00007ff55408ca80 points into unknown readable memory: 0x0000000000000000 | 00 00 00 00 00 00 00 00
stack at sp + 2 slots: 0x00007ff5581323f8 points into unknown readable memory: 0x00007ff5f7473b40 | 40 3b 47 f7 f5 7f 00 00
stack at sp + 3 slots: 0x00007ff55408ca80 points into unknown readable memory: 0x0000000000000000 | 00 00 00 00 00 00 00 00
stack at sp + 4 slots: 0x00007ff55408deb8 points into unknown readable memory: 0x0000000000007ff5 | f5 7f 00 00 00 00 00 00
stack at sp + 5 slots: 0x00000000000a4f48 is an unknown value
stack at sp + 6 slots: 0x00007ff554085ed0 points into unknown readable memory: 0x00007ff554207c30 | 30 7c 20 54 f5 7f 00 00
stack at sp + 7 slots: 0x00007ff5f0132250 points into unknown readable memory: 0x0000000700000006 | 06 00 00 00 07 00 00 00


---------------  P R O C E S S  ---------------

Threads class SMR info:
_java_thread_list=0x00007ff558173b20, length=12, elements={
0x00007ff5f0018570, 0x00007ff5f0129180, 0x00007ff5f012a560, 0x00007ff5f012faf0,
0x00007ff5f0130ea0, 0x00007ff5f01322b0, 0x00007ff5f0133c60, 0x00007ff5f0135190,
0x00007ff5f013e5f0, 0x00007ff5f0146440, 0x00007ff5f0149c50, 0x00007ff558172b50
}

Java Threads: ( => current thread )
  0x00007ff5f0018570 JavaThread "main" [_thread_in_vm, id=10552, stack(0x00007ff5f6100000,0x00007ff5f6200000)]
  0x00007ff5f0129180 JavaThread "Reference Handler" daemon [_thread_blocked, id=10559, stack(0x00007ff5d50da000,0x00007ff5d51da000)]
  0x00007ff5f012a560 JavaThread "Finalizer" daemon [_thread_blocked, id=10560, stack(0x00007ff5d4fda000,0x00007ff5d50da000)]
  0x00007ff5f012faf0 JavaThread "Signal Dispatcher" daemon [_thread_blocked, id=10561, stack(0x00007ff5d4900000,0x00007ff5d4a00000)]
  0x00007ff5f0130ea0 JavaThread "Service Thread" daemon [_thread_blocked, id=10562, stack(0x00007ff5d4800000,0x00007ff5d4900000)]
  0x00007ff5f01322b0 JavaThread "Monitor Deflation Thread" daemon [_thread_blocked, id=10563, stack(0x00007ff5d4700000,0x00007ff5d4800000)]
=>0x00007ff5f0133c60 JavaThread "C2 CompilerThread0" daemon [_thread_in_native, id=10564, stack(0x00007ff5d4600000,0x00007ff5d4700000)]
  0x00007ff5f0135190 JavaThread "C1 CompilerThread0" daemon [_thread_blocked, id=10565, stack(0x00007ff5d4500000,0x00007ff5d4600000)]
  0x00007ff5f013e5f0 JavaThread "Sweeper thread" daemon [_thread_blocked, id=10566, stack(0x00007ff5d4400000,0x00007ff5d4500000)]
  0x00007ff5f0146440 JavaThread "Notification Thread" daemon [_thread_blocked, id=10567, stack(0x00007ff5d4300000,0x00007ff5d4400000)]
  0x00007ff5f0149c50 JavaThread "Common-Cleaner" daemon [_thread_blocked, id=10569, stack(0x00007ff5d40ff000,0x00007ff5d41ff000)]
  0x00007ff558172b50 JavaThread "C2 CompilerThread1" daemon [_thread_in_native, id=10570, stack(0x00007ff5c5f00000,0x00007ff5c6000000)]

Other Threads:
  0x00007ff5f0125430 VMThread "VM Thread" [stack: 0x00007ff5d51db000,0x00007ff5d52db000] [id=10558]
  0x00007ff5f0147d80 WatcherThread [stack: 0x00007ff5d4200000,0x00007ff5d4300000] [id=10568]
  0x00007ff5f0071d30 GCTaskThread "GC Thread#0" [stack: 0x00007ff5f47d3000,0x00007ff5f48d3000] [id=10553]
  0x00007ff5f0082480 ConcurrentGCThread "G1 Main Marker" [stack: 0x00007ff5f46d2000,0x00007ff5f47d2000] [id=10554]
  0x00007ff5f00833f0 ConcurrentGCThread "G1 Conc#0" [stack: 0x00007ff5f45d1000,0x00007ff5f46d1000] [id=10555]
  0x00007ff5f00f7850 ConcurrentGCThread "G1 Refine#0" [stack: 0x00007ff5d54ae000,0x00007ff5d55ae000] [id=10556]
  0x00007ff5f00f8750 ConcurrentGCThread "G1 Service" [stack: 0x00007ff5d53ad000,0x00007ff5d54ad000] [id=10557]

Threads with active compile tasks:
C2 CompilerThread0  409  518  s!   4       jdk.internal.loader.URLClassPath::getLoader (194 bytes)
C2 CompilerThread1  409  572   !   4       jdk.internal.loader.URLClassPath$JarLoader::getResource (65 bytes)

VM state: not at safepoint (normal execution)

VM Mutex/Monitor currently owned by a thread: None

Heap address: 0x0000000087600000, size: 1930 MB, Compressed Oops mode: 32-bit

CDS archive(s) mapped at: [0x00007ff577000000-0x00007ff577bca000-0x00007ff577bca000), size 12361728, SharedBaseAddress: 0x00007ff577000000, ArchiveRelocationMode: 1.
Compressed class space mapped at: 0x00007ff578000000-0x00007ff5b8000000, reserved size: 1073741824
Narrow klass base: 0x00007ff577000000, Narrow klass shift: 0, Narrow klass range: 0x100000000

GC Precious Log:
 CPUs: 8 total, 8 available
 Memory: 7718M
 Large Page Support: Disabled
 NUMA Support: Disabled
 Compressed Oops: Enabled (32-bit)
 Heap Region Size: 1M
 Heap Min Capacity: 8M
 Heap Initial Capacity: 122M
 Heap Max Capacity: 1930M
 Pre-touch: Disabled
 Parallel Workers: 8
 Concurrent Workers: 2
 Concurrent Refinement Workers: 8
 Periodic GC: Disabled

Heap:
 garbage-first heap   total 126976K, used 9140K [0x0000000087600000, 0x0000000100000000)
  region size 1024K, 10 young (10240K), 0 survivors (0K)
 Metaspace       used 3007K, committed 3200K, reserved 1114112K
  class space    used 310K, committed 384K, reserved 1048576K

Heap Regions: E=young(eden), S=young(survivor), O=old, HS=humongous(starts), HC=humongous(continues), CS=collection set, F=free, OA=open archive, CA=closed archive, TAMS=top-at-mark-start (previous, next)
|   0|0x0000000087600000, 0x0000000087600000, 0x0000000087700000|  0%| F|  |TAMS 0x0000000087600000, 0x0000000087600000| Untracked 
|   1|0x0000000087700000, 0x0000000087700000, 0x0000000087800000|  0%| F|  |TAMS 0x0000000087700000, 0x0000000087700000| Untracked 
|   2|0x0000000087800000, 0x0000000087800000, 0x0000000087900000|  0%| F|  |TAMS 0x0000000087800000, 0x0000000087800000| Untracked 
|   3|0x0000000087900000, 0x0000000087900000, 0x0000000087a00000|  0%| F|  |TAMS 0x0000000087900000, 0x0000000087900000| Untracked 
|   4|0x0000000087a00000, 0x0000000087a00000, 0x0000000087b00000|  0%| F|  |TAMS 0x0000000087a00000, 0x0000000087a00000| Untracked 
|   5|0x0000000087b00000, 0x0000000087b00000, 0x0000000087c00000|  0%| F|  |TAMS 0x0000000087b00000, 0x0000000087b00000| Untracked 
|   6|0x0000000087c00000, 0x0000000087c00000, 0x0000000087d00000|  0%| F|  |TAMS 0x0000000087c00000, 0x0000000087c00000| Untracked 
|   7|0x0000000087d00000, 0x0000000087d00000, 0x0000000087e00000|  0%| F|  |TAMS 0x0000000087d00000, 0x0000000087d00000| Untracked 
|   8|0x0000000087e00000, 0x0000000087e00000, 0x0000000087f00000|  0%| F|  |TAMS 0x0000000087e00000, 0x0000000087e00000| Untracked 
|   9|0x0000000087f00000, 0x0000000087f00000, 0x0000000088000000|  0%| F|  |TAMS 0x0000000087f00000, 0x0000000087f00000| Untracked 
|  10|0x0000000088000000, 0x0000000088000000, 0x0000000088100000|  0%| F|  |TAMS 0x0000000088000000, 0x0000000088000000| Untracked 
|  11|0x0000000088100000, 0x0000000088100000, 0x0000000088200000|  0%| F|  |TAMS 0x0000000088100000, 0x0000000088100000| Untracked 
|  12|0x0000000088200000, 0x0000000088200000, 0x0000000088300000|  0%| F|  |TAMS 0x0000000088200000, 0x0000000088200000| Untracked 
|  13|0x0000000088300000, 0x0000000088300000, 0x0000000088400000|  0%| F|  |TAMS 0x0000000088300000, 0x0000000088300000| Untracked 
|  14|0x0000000088400000, 0x0000000088400000, 0x0000000088500000|  0%| F|  |TAMS 0x0000000088400000, 0x0000000088400000| Untracked 
|  15|0x0000000088500000, 0x0000000088500000, 0x0000000088600000|  0%| F|  |TAMS 0x0000000088500000, 0x0000000088500000| Untracked 
|  16|0x0000000088600000, 0x0000000088600000, 0x0000000088700000|  0%| F|  |TAMS 0x0000000088600000, 0x0000000088600000| Untracked 
|  17|0x0000000088700000, 0x0000000088700000, 0x0000000088800000|  0%| F|  |TAMS 0x0000000088700000, 0x0000000088700000| Untracked 
|  18|0x0000000088800000, 0x0000000088800000, 0x0000000088900000|  0%| F|  |TAMS 0x0000000088800000, 0x0000000088800000| Untracked 
|  19|0x0000000088900000, 0x0000000088900000, 0x0000000088a00000|  0%| F|  |TAMS 0x0000000088900000, 0x0000000088900000| Untracked 
|  20|0x0000000088a00000, 0x0000000088a00000, 0x0000000088b00000|  0%| F|  |TAMS 0x0000000088a00000, 0x0000000088a00000| Untracked 
|  21|0x0000000088b00000, 0x0000000088b00000, 0x0000000088c00000|  0%| F|  |TAMS 0x0000000088b00000, 0x0000000088b00000| Untracked 
|  22|0x0000000088c00000, 0x0000000088c00000, 0x0000000088d00000|  0%| F|  |TAMS 0x0000000088c00000, 0x0000000088c00000| Untracked 
|  23|0x0000000088d00000, 0x0000000088d00000, 0x0000000088e00000|  0%| F|  |TAMS 0x0000000088d00000, 0x0000000088d00000| Untracked 
|  24|0x0000000088e00000, 0x0000000088e00000, 0x0000000088f00000|  0%| F|  |TAMS 0x0000000088e00000, 0x0000000088e00000| Untracked 
|  25|0x0000000088f00000, 0x0000000088f00000, 0x0000000089000000|  0%| F|  |TAMS 0x0000000088f00000, 0x0000000088f00000| Untracked 
|  26|0x0000000089000000, 0x0000000089000000, 0x0000000089100000|  0%| F|  |TAMS 0x0000000089000000, 0x0000000089000000| Untracked 
|  27|0x0000000089100000, 0x0000000089100000, 0x0000000089200000|  0%| F|  |TAMS 0x0000000089100000, 0x0000000089100000| Untracked 
|  28|0x0000000089200000, 0x0000000089200000, 0x0000000089300000|  0%| F|  |TAMS 0x0000000089200000, 0x0000000089200000| Untracked 
|  29|0x0000000089300000, 0x0000000089300000, 0x0000000089400000|  0%| F|  |TAMS 0x0000000089300000, 0x0000000089300000| Untracked 
|  30|0x0000000089400000, 0x0000000089400000, 0x0000000089500000|  0%| F|  |TAMS 0x0000000089400000, 0x0000000089400000| Untracked 
|  31|0x0000000089500000, 0x0000000089500000, 0x0000000089600000|  0%| F|  |TAMS 0x0000000089500000, 0x0000000089500000| Untracked 
|  32|0x0000000089600000, 0x0000000089600000, 0x0000000089700000|  0%| F|  |TAMS 0x0000000089600000, 0x0000000089600000| Untracked 
|  33|0x0000000089700000, 0x0000000089700000, 0x0000000089800000|  0%| F|  |TAMS 0x0000000089700000, 0x0000000089700000| Untracked 
|  34|0x0000000089800000, 0x0000000089800000, 0x0000000089900000|  0%| F|  |TAMS 0x0000000089800000, 0x0000000089800000| Untracked 
|  35|0x0000000089900000, 0x0000000089900000, 0x0000000089a00000|  0%| F|  |TAMS 0x0000000089900000, 0x0000000089900000| Untracked 
|  36|0x0000000089a00000, 0x0000000089a00000, 0x0000000089b00000|  0%| F|  |TAMS 0x0000000089a00000, 0x0000000089a00000| Untracked 
|  37|0x0000000089b00000, 0x0000000089b00000, 0x0000000089c00000|  0%| F|  |TAMS 0x0000000089b00000, 0x0000000089b00000| Untracked 
|  38|0x0000000089c00000, 0x0000000089c00000, 0x0000000089d00000|  0%| F|  |TAMS 0x0000000089c00000, 0x0000000089c00000| Untracked 
|  39|0x0000000089d00000, 0x0000000089d00000, 0x0000000089e00000|  0%| F|  |TAMS 0x0000000089d00000, 0x0000000089d00000| Untracked 
|  40|0x0000000089e00000, 0x0000000089e00000, 0x0000000089f00000|  0%| F|  |TAMS 0x0000000089e00000, 0x0000000089e00000| Untracked 
|  41|0x0000000089f00000, 0x0000000089f00000, 0x000000008a000000|  0%| F|  |TAMS 0x0000000089f00000, 0x0000000089f00000| Untracked 
|  42|0x000000008a000000, 0x000000008a000000, 0x000000008a100000|  0%| F|  |TAMS 0x000000008a000000, 0x000000008a000000| Untracked 
|  43|0x000000008a100000, 0x000000008a100000, 0x000000008a200000|  0%| F|  |TAMS 0x000000008a100000, 0x000000008a100000| Untracked 
|  44|0x000000008a200000, 0x000000008a200000, 0x000000008a300000|  0%| F|  |TAMS 0x000000008a200000, 0x000000008a200000| Untracked 
|  45|0x000000008a300000, 0x000000008a300000, 0x000000008a400000|  0%| F|  |TAMS 0x000000008a300000, 0x000000008a300000| Untracked 
|  46|0x000000008a400000, 0x000000008a400000, 0x000000008a500000|  0%| F|  |TAMS 0x000000008a400000, 0x000000008a400000| Untracked 
|  47|0x000000008a500000, 0x000000008a500000, 0x000000008a600000|  0%| F|  |TAMS 0x000000008a500000, 0x000000008a500000| Untracked 
|  48|0x000000008a600000, 0x000000008a600000, 0x000000008a700000|  0%| F|  |TAMS 0x000000008a600000, 0x000000008a600000| Untracked 
|  49|0x000000008a700000, 0x000000008a700000, 0x000000008a800000|  0%| F|  |TAMS 0x000000008a700000, 0x000000008a700000| Untracked 
|  50|0x000000008a800000, 0x000000008a800000, 0x000000008a900000|  0%| F|  |TAMS 0x000000008a800000, 0x000000008a800000| Untracked 
|  51|0x000000008a900000, 0x000000008a900000, 0x000000008aa00000|  0%| F|  |TAMS 0x000000008a900000, 0x000000008a900000| Untracked 
|  52|0x000000008aa00000, 0x000000008aa00000, 0x000000008ab00000|  0%| F|  |TAMS 0x000000008aa00000, 0x000000008aa00000| Untracked 
|  53|0x000000008ab00000, 0x000000008ab00000, 0x000000008ac00000|  0%| F|  |TAMS 0x000000008ab00000, 0x000000008ab00000| Untracked 
|  54|0x000000008ac00000, 0x000000008ac00000, 0x000000008ad00000|  0%| F|  |TAMS 0x000000008ac00000, 0x000000008ac00000| Untracked 
|  55|0x000000008ad00000, 0x000000008ad00000, 0x000000008ae00000|  0%| F|  |TAMS 0x000000008ad00000, 0x000000008ad00000| Untracked 
|  56|0x000000008ae00000, 0x000000008ae00000, 0x000000008af00000|  0%| F|  |TAMS 0x000000008ae00000, 0x000000008ae00000| Untracked 
|  57|0x000000008af00000, 0x000000008af00000, 0x000000008b000000|  0%| F|  |TAMS 0x000000008af00000, 0x000000008af00000| Untracked 
|  58|0x000000008b000000, 0x000000008b000000, 0x000000008b100000|  0%| F|  |TAMS 0x000000008b000000, 0x000000008b000000| Untracked 
|  59|0x000000008b100000, 0x000000008b100000, 0x000000008b200000|  0%| F|  |TAMS 0x000000008b100000, 0x000000008b100000| Untracked 
|  60|0x000000008b200000, 0x000000008b200000, 0x000000008b300000|  0%| F|  |TAMS 0x000000008b200000, 0x000000008b200000| Untracked 
|  61|0x000000008b300000, 0x000000008b300000, 0x000000008b400000|  0%| F|  |TAMS 0x000000008b300000, 0x000000008b300000| Untracked 
|  62|0x000000008b400000, 0x000000008b400000, 0x000000008b500000|  0%| F|  |TAMS 0x000000008b400000, 0x000000008b400000| Untracked 
|  63|0x000000008b500000, 0x000000008b500000, 0x000000008b600000|  0%| F|  |TAMS 0x000000008b500000, 0x000000008b500000| Untracked 
|  64|0x000000008b600000, 0x000000008b600000, 0x000000008b700000|  0%| F|  |TAMS 0x000000008b600000, 0x000000008b600000| Untracked 
|  65|0x000000008b700000, 0x000000008b700000, 0x000000008b800000|  0%| F|  |TAMS 0x000000008b700000, 0x000000008b700000| Untracked 
|  66|0x000000008b800000, 0x000000008b800000, 0x000000008b900000|  0%| F|  |TAMS 0x000000008b800000, 0x000000008b800000| Untracked 
|  67|0x000000008b900000, 0x000000008b900000, 0x000000008ba00000|  0%| F|  |TAMS 0x000000008b900000, 0x000000008b900000| Untracked 
|  68|0x000000008ba00000, 0x000000008ba00000, 0x000000008bb00000|  0%| F|  |TAMS 0x000000008ba00000, 0x000000008ba00000| Untracked 
|  69|0x000000008bb00000, 0x000000008bb00000, 0x000000008bc00000|  0%| F|  |TAMS 0x000000008bb00000, 0x000000008bb00000| Untracked 
|  70|0x000000008bc00000, 0x000000008bc00000, 0x000000008bd00000|  0%| F|  |TAMS 0x000000008bc00000, 0x000000008bc00000| Untracked 
|  71|0x000000008bd00000, 0x000000008bd00000, 0x000000008be00000|  0%| F|  |TAMS 0x000000008bd00000, 0x000000008bd00000| Untracked 
|  72|0x000000008be00000, 0x000000008be00000, 0x000000008bf00000|  0%| F|  |TAMS 0x000000008be00000, 0x000000008be00000| Untracked 
|  73|0x000000008bf00000, 0x000000008bf00000, 0x000000008c000000|  0%| F|  |TAMS 0x000000008bf00000, 0x000000008bf00000| Untracked 
|  74|0x000000008c000000, 0x000000008c000000, 0x000000008c100000|  0%| F|  |TAMS 0x000000008c000000, 0x000000008c000000| Untracked 
|  75|0x000000008c100000, 0x000000008c100000, 0x000000008c200000|  0%| F|  |TAMS 0x000000008c100000, 0x000000008c100000| Untracked 
|  76|0x000000008c200000, 0x000000008c200000, 0x000000008c300000|  0%| F|  |TAMS 0x000000008c200000, 0x000000008c200000| Untracked 
|  77|0x000000008c300000, 0x000000008c300000, 0x000000008c400000|  0%| F|  |TAMS 0x000000008c300000, 0x000000008c300000| Untracked 
|  78|0x000000008c400000, 0x000000008c400000, 0x000000008c500000|  0%| F|  |TAMS 0x000000008c400000, 0x000000008c400000| Untracked 
|  79|0x000000008c500000, 0x000000008c500000, 0x000000008c600000|  0%| F|  |TAMS 0x000000008c500000, 0x000000008c500000| Untracked 
|  80|0x000000008c600000, 0x000000008c600000, 0x000000008c700000|  0%| F|  |TAMS 0x000000008c600000, 0x000000008c600000| Untracked 
|  81|0x000000008c700000, 0x000000008c700000, 0x000000008c800000|  0%| F|  |TAMS 0x000000008c700000, 0x000000008c700000| Untracked 
|  82|0x000000008c800000, 0x000000008c800000, 0x000000008c900000|  0%| F|  |TAMS 0x000000008c800000, 0x000000008c800000| Untracked 
|  83|0x000000008c900000, 0x000000008c900000, 0x000000008ca00000|  0%| F|  |TAMS 0x000000008c900000, 0x000000008c900000| Untracked 
|  84|0x000000008ca00000, 0x000000008ca00000, 0x000000008cb00000|  0%| F|  |TAMS 0x000000008ca00000, 0x000000008ca00000| Untracked 
|  85|0x000000008cb00000, 0x000000008cb00000, 0x000000008cc00000|  0%| F|  |TAMS 0x000000008cb00000, 0x000000008cb00000| Untracked 
|  86|0x000000008cc00000, 0x000000008cc00000, 0x000000008cd00000|  0%| F|  |TAMS 0x000000008cc00000, 0x000000008cc00000| Untracked 
|  87|0x000000008cd00000, 0x000000008cd00000, 0x000000008ce00000|  0%| F|  |TAMS 0x000000008cd00000, 0x000000008cd00000| Untracked 
|  88|0x000000008ce00000, 0x000000008ce00000, 0x000000008cf00000|  0%| F|  |TAMS 0x000000008ce00000, 0x000000008ce00000| Untracked 
|  89|0x000000008cf00000, 0x000000008cf00000, 0x000000008d000000|  0%| F|  |TAMS 0x000000008cf00000, 0x000000008cf00000| Untracked 
|  90|0x000000008d000000, 0x000000008d000000, 0x000000008d100000|  0%| F|  |TAMS 0x000000008d000000, 0x000000008d000000| Untracked 
|  91|0x000000008d100000, 0x000000008d100000, 0x000000008d200000|  0%| F|  |TAMS 0x000000008d100000, 0x000000008d100000| Untracked 
|  92|0x000000008d200000, 0x000000008d200000, 0x000000008d300000|  0%| F|  |TAMS 0x000000008d200000, 0x000000008d200000| Untracked 
|  93|0x000000008d300000, 0x000000008d300000, 0x000000008d400000|  0%| F|  |TAMS 0x000000008d300000, 0x000000008d300000| Untracked 
|  94|0x000000008d400000, 0x000000008d400000, 0x000000008d500000|  0%| F|  |TAMS 0x000000008d400000, 0x000000008d400000| Untracked 
|  95|0x000000008d500000, 0x000000008d500000, 0x000000008d600000|  0%| F|  |TAMS 0x000000008d500000, 0x000000008d500000| Untracked 
|  96|0x000000008d600000, 0x000000008d600000, 0x000000008d700000|  0%| F|  |TAMS 0x000000008d600000, 0x000000008d600000| Untracked 
|  97|0x000000008d700000, 0x000000008d700000, 0x000000008d800000|  0%| F|  |TAMS 0x000000008d700000, 0x000000008d700000| Untracked 
|  98|0x000000008d800000, 0x000000008d800000, 0x000000008d900000|  0%| F|  |TAMS 0x000000008d800000, 0x000000008d800000| Untracked 
|  99|0x000000008d900000, 0x000000008d900000, 0x000000008da00000|  0%| F|  |TAMS 0x000000008d900000, 0x000000008d900000| Untracked 
| 100|0x000000008da00000, 0x000000008da00000, 0x000000008db00000|  0%| F|  |TAMS 0x000000008da00000, 0x000000008da00000| Untracked 
| 101|0x000000008db00000, 0x000000008db00000, 0x000000008dc00000|  0%| F|  |TAMS 0x000000008db00000, 0x000000008db00000| Untracked 
| 102|0x000000008dc00000, 0x000000008dc00000, 0x000000008dd00000|  0%| F|  |TAMS 0x000000008dc00000, 0x000000008dc00000| Untracked 
| 103|0x000000008dd00000, 0x000000008dd00000, 0x000000008de00000|  0%| F|  |TAMS 0x000000008dd00000, 0x000000008dd00000| Untracked 
| 104|0x000000008de00000, 0x000000008de00000, 0x000000008df00000|  0%| F|  |TAMS 0x000000008de00000, 0x000000008de00000| Untracked 
| 105|0x000000008df00000, 0x000000008df00000, 0x000000008e000000|  0%| F|  |TAMS 0x000000008df00000, 0x000000008df00000| Untracked 
| 106|0x000000008e000000, 0x000000008e000000, 0x000000008e100000|  0%| F|  |TAMS 0x000000008e000000, 0x000000008e000000| Untracked 
| 107|0x000000008e100000, 0x000000008e100000, 0x000000008e200000|  0%| F|  |TAMS 0x000000008e100000, 0x000000008e100000| Untracked 
| 108|0x000000008e200000, 0x000000008e200000, 0x000000008e300000|  0%| F|  |TAMS 0x000000008e200000, 0x000000008e200000| Untracked 
| 109|0x000000008e300000, 0x000000008e300000, 0x000000008e400000|  0%| F|  |TAMS 0x000000008e300000, 0x000000008e300000| Untracked 
| 110|0x000000008e400000, 0x000000008e400000, 0x000000008e500000|  0%| F|  |TAMS 0x000000008e400000, 0x000000008e400000| Untracked 
| 111|0x000000008e500000, 0x000000008e500000, 0x000000008e600000|  0%| F|  |TAMS 0x000000008e500000, 0x000000008e500000| Untracked 
| 112|0x000000008e600000, 0x000000008e700000, 0x000000008e700000|100%| E|  |TAMS 0x000000008e600000, 0x000000008e600000| Complete 
| 113|0x000000008e700000, 0x000000008e800000, 0x000000008e800000|100%| E|CS|TAMS 0x000000008e700000, 0x000000008e700000| Complete 
| 114|0x000000008e800000, 0x000000008e900000, 0x000000008e900000|100%| E|CS|TAMS 0x000000008e800000, 0x000000008e800000| Complete 
| 115|0x000000008e900000, 0x000000008ea00000, 0x000000008ea00000|100%| E|CS|TAMS 0x000000008e900000, 0x000000008e900000| Complete 
| 116|0x000000008ea00000, 0x000000008eb00000, 0x000000008eb00000|100%| E|CS|TAMS 0x000000008ea00000, 0x000000008ea00000| Complete 
| 117|0x000000008eb00000, 0x000000008ec00000, 0x000000008ec00000|100%| E|CS|TAMS 0x000000008eb00000, 0x000000008eb00000| Complete 
| 118|0x000000008ec00000, 0x000000008ed00000, 0x000000008ed00000|100%| E|CS|TAMS 0x000000008ec00000, 0x000000008ec00000| Complete 
| 119|0x000000008ed00000, 0x000000008ee00000, 0x000000008ee00000|100%| E|CS|TAMS 0x000000008ed00000, 0x000000008ed00000| Complete 
| 120|0x000000008ee00000, 0x000000008ef00000, 0x000000008ef00000|100%| E|  |TAMS 0x000000008ee00000, 0x000000008ee00000| Complete 
| 121|0x000000008ef00000, 0x000000008f000000, 0x000000008f000000|100%| E|CS|TAMS 0x000000008ef00000, 0x000000008ef00000| Complete 
|1928|0x00000000ffe00000, 0x00000000ffe75000, 0x00000000fff00000| 45%|OA|  |TAMS 0x00000000ffe00000, 0x00000000ffe00000| Untracked 
|1929|0x00000000fff00000, 0x00000000fff78000, 0x0000000100000000| 46%|CA|  |TAMS 0x00000000fff00000, 0x00000000fff00000| Untracked 

Card table byte_map: [0x00007ff5f4c98000,0x00007ff5f505d000] _byte_map_base: 0x00007ff5f485d000

Marking Bits (Prev, Next): (CMBitMap*) 0x00007ff5f00727c0, (CMBitMap*) 0x00007ff5f0072800
 Prev Bits: [0x00007ff5d75d8000, 0x00007ff5d9400000)
 Next Bits: [0x00007ff5d57b0000, 0x00007ff5d75d8000)

Polling page: 0x00007ff5f7a1c000

Metaspace:

Usage:
  Non-class:      2.65 MB used.
      Class:    314.91 KB used.
       Both:      2.95 MB used.

Virtual space:
  Non-class space:       64.00 MB reserved,       2.75 MB (  4%) committed,  1 nodes.
      Class space:        1.00 GB reserved,     384.00 KB ( <1%) committed,  1 nodes.
             Both:        1.06 GB reserved,       3.12 MB ( <1%) committed. 

Chunk freelists:
   Non-Class:  10.41 MB
       Class:  15.52 MB
        Both:  25.92 MB

MaxMetaspaceSize: unlimited
CompressedClassSpaceSize: 1.00 GB
Initial GC threshold: 21.00 MB
Current GC threshold: 21.00 MB
CDS: on
MetaspaceReclaimPolicy: balanced
 - commit_granule_bytes: 65536.
 - commit_granule_words: 8192.
 - virtual_space_node_default_size: 8388608.
 - enlarge_chunks_in_place: 1.
 - new_chunks_are_fully_committed: 0.
 - uncommit_free_chunks: 1.
 - use_allocation_guard: 0.
 - handle_deallocations: 1.


Internal statistics:

num_allocs_failed_limit: 0.
num_arena_births: 12.
num_arena_deaths: 0.
num_vsnodes_births: 2.
num_vsnodes_deaths: 0.
num_space_committed: 50.
num_space_uncommitted: 0.
num_chunks_returned_to_freelist: 0.
num_chunks_taken_from_freelist: 97.
num_chunk_merges: 0.
num_chunk_splits: 70.
num_chunks_enlarged: 58.
num_inconsistent_stats: 0.

CodeHeap 'non-profiled nmethods': size=120028Kb used=168Kb max_used=168Kb free=119859Kb
 bounds [0x00007ff5e0ec9000, 0x00007ff5e1139000, 0x00007ff5e8400000]
CodeHeap 'profiled nmethods': size=120028Kb used=1135Kb max_used=1135Kb free=118892Kb
 bounds [0x00007ff5d9400000, 0x00007ff5d9670000, 0x00007ff5e0937000]
CodeHeap 'non-nmethods': size=5704Kb used=1132Kb max_used=1146Kb free=4572Kb
 bounds [0x00007ff5e0937000, 0x00007ff5e0ba7000, 0x00007ff5e0ec9000]
 total_blobs=1004 nmethods=585 adapters=333
 compilation: enabled
              stopped_count=0, restarted_count=0
 full_count=0

Compilation events (20 events):
Event: 0.395 Thread 0x00007ff558172b50  572   !   4       jdk.internal.loader.URLClassPath$JarLoader::getResource (65 bytes)
Event: 0.396 Thread 0x00007ff5f0135190  573       3       java.util.WeakHashMap::put (160 bytes)
Event: 0.397 Thread 0x00007ff5f0135190 nmethod 573 0x00007ff5d950df90 code [0x00007ff5d950e220, 0x00007ff5d950f1c0]
Event: 0.397 Thread 0x00007ff5f0135190  574       3       java.util.WeakHashMap$Entry::<init> (24 bytes)
Event: 0.397 Thread 0x00007ff5f0135190 nmethod 574 0x00007ff5d950f710 code [0x00007ff5d950f8e0, 0x00007ff5d950fcd0]
Event: 0.397 Thread 0x00007ff5f0135190  575       3       java.util.Collections$SetFromMap::add (22 bytes)
Event: 0.398 Thread 0x00007ff5f0135190 nmethod 575 0x00007ff5d950fe10 code [0x00007ff5d950ffc0, 0x00007ff5d95101e0]
Event: 0.398 Thread 0x00007ff5f0135190  576  s    3       jdk.internal.perf.PerfCounter::get (9 bytes)
Event: 0.398 Thread 0x00007ff5f0135190 nmethod 576 0x00007ff5d9510290 code [0x00007ff5d9510440, 0x00007ff5d9510640]
Event: 0.398 Thread 0x00007ff5f0135190  577   !   3       java.nio.DirectLongBufferU::get (36 bytes)
Event: 0.398 Thread 0x00007ff5f0135190 nmethod 577 0x00007ff5d9510710 code [0x00007ff5d9510940, 0x00007ff5d9511150]
Event: 0.398 Thread 0x00007ff5f0135190  578   !   3       jdk.internal.misc.ScopedMemoryAccess::getLong (20 bytes)
Event: 0.399 Thread 0x00007ff5f0135190 nmethod 578 0x00007ff5d9511610 code [0x00007ff5d9511800, 0x00007ff5d9511c70]
Event: 0.399 Thread 0x00007ff5f0135190  580   !   3       jdk.internal.ref.PhantomCleanable::remove (60 bytes)
Event: 0.399 Thread 0x00007ff5f0135190 nmethod 580 0x00007ff5d9511e90 code [0x00007ff5d9512060, 0x00007ff5d9512470]
Event: 0.399 Thread 0x00007ff5f0135190  581       3       java.lang.ref.Reference::clear (5 bytes)
Event: 0.399 Thread 0x00007ff5f0135190 nmethod 581 0x00007ff5d9512610 code [0x00007ff5d95127c0, 0x00007ff5d9512900]
Event: 0.400 Thread 0x00007ff5f0135190  583   !   3       java.util.zip.ZipFile$ZipFileInflaterInputStream::close (67 bytes)
Event: 0.400 Thread 0x00007ff5f0135190 nmethod 583 0x00007ff5d9512990 code [0x00007ff5d9512bc0, 0x00007ff5d95133f0]
Event: 0.400 Thread 0x00007ff5f0135190  585   !   3       java.util.concurrent.ConcurrentHashMap::computeIfAbsent (576 bytes)

GC Heap History (0 events):
No events

Dll operation events (6 events):
Event: 0.002 Loaded shared library /usr/lib/jvm/java-17-openjdk-amd64/lib/libjava.so
Event: 0.015 Loaded shared library /usr/lib/jvm/java-17-openjdk-amd64/lib/libjsvml.so
Event: 0.025 Loaded shared library /usr/lib/jvm/java-17-openjdk-amd64/lib/libnio.so
Event: 0.026 Loaded shared library /usr/lib/jvm/java-17-openjdk-amd64/lib/libzip.so
Event: 0.205 Loaded shared library /usr/lib/jvm/java-17-openjdk-amd64/lib/libjimage.so
Event: 0.252 Loaded shared library /usr/lib/jvm/java-17-openjdk-amd64/lib/libverify.so

Deoptimization events (20 events):
Event: 0.051 Thread 0x00007ff5f0018570 DEOPT PACKING pc=0x00007ff5d9411b6c sp=0x00007ff5f61f95f0
Event: 0.051 Thread 0x00007ff5f0018570 DEOPT UNPACKING pc=0x00007ff5e098de2f sp=0x00007ff5f61f8aa0 mode 0
Event: 0.052 Thread 0x00007ff5f0018570 DEOPT PACKING pc=0x00007ff5d9411b6c sp=0x00007ff5f61f95f0
Event: 0.052 Thread 0x00007ff5f0018570 DEOPT UNPACKING pc=0x00007ff5e098de2f sp=0x00007ff5f61f8aa0 mode 0
Event: 0.052 Thread 0x00007ff5f0018570 DEOPT PACKING pc=0x00007ff5d9411b6c sp=0x00007ff5f61f95f0
Event: 0.052 Thread 0x00007ff5f0018570 DEOPT UNPACKING pc=0x00007ff5e098de2f sp=0x00007ff5f61f8aa0 mode 0
Event: 0.053 Thread 0x00007ff5f0018570 DEOPT PACKING pc=0x00007ff5d9411b6c sp=0x00007ff5f61f95f0
Event: 0.053 Thread 0x00007ff5f0018570 DEOPT UNPACKING pc=0x00007ff5e098de2f sp=0x00007ff5f61f8aa0 mode 0
Event: 0.053 Thread 0x00007ff5f0018570 DEOPT PACKING pc=0x00007ff5d9411b6c sp=0x00007ff5f61f95f0
Event: 0.053 Thread 0x00007ff5f0018570 DEOPT UNPACKING pc=0x00007ff5e098de2f sp=0x00007ff5f61f8aa0 mode 0
Event: 0.053 Thread 0x00007ff5f0018570 DEOPT PACKING pc=0x00007ff5d9411b6c sp=0x00007ff5f61f95f0
Event: 0.053 Thread 0x00007ff5f0018570 DEOPT UNPACKING pc=0x00007ff5e098de2f sp=0x00007ff5f61f8aa0 mode 0
Event: 0.204 Thread 0x00007ff5f0018570 DEOPT PACKING pc=0x00007ff5d9408bb6 sp=0x00007ff5f61fcc60
Event: 0.204 Thread 0x00007ff5f0018570 DEOPT UNPACKING pc=0x00007ff5e098de2f sp=0x00007ff5f61fc0a0 mode 0
Event: 0.219 Thread 0x00007ff5f0018570 DEOPT PACKING pc=0x00007ff5d9404442 sp=0x00007ff5f61fcb50
Event: 0.219 Thread 0x00007ff5f0018570 DEOPT UNPACKING pc=0x00007ff5e098de2f sp=0x00007ff5f61fbfe8 mode 0
Event: 0.231 Thread 0x00007ff5f0018570 Uncommon trap: trap_request=0xffffff6e fr.pc=0x00007ff5e0ee0988 relative=0x0000000000000468
Event: 0.231 Thread 0x00007ff5f0018570 Uncommon trap: reason=loop_limit_check action=maybe_recompile pc=0x00007ff5e0ee0988 method=java.lang.StringLatin1.indexOf([BI[BII)I @ 37 c2
Event: 0.231 Thread 0x00007ff5f0018570 DEOPT PACKING pc=0x00007ff5e0ee0988 sp=0x00007ff5f61fd5d0
Event: 0.231 Thread 0x00007ff5f0018570 DEOPT UNPACKING pc=0x00007ff5e098d699 sp=0x00007ff5f61fd550 mode 2

Classes loaded (20 events):
Event: 0.254 Loading class java/util/concurrent/atomic/AtomicReference
Event: 0.254 Loading class java/util/concurrent/atomic/AtomicReference done
Event: 0.261 Loading class java/text/ParseException
Event: 0.261 Loading class java/text/ParseException done
Event: 0.267 Loading class sun/util/calendar/ZoneInfoFile$Checksum
Event: 0.267 Loading class sun/util/calendar/ZoneInfoFile$Checksum done
Event: 0.270 Loading class jdk/internal/module/ModulePatcher$PatchedModuleReader
Event: 0.270 Loading class jdk/internal/module/ModulePatcher$PatchedModuleReader done
Event: 0.270 Loading class sun/net/www/protocol/jrt/Handler
Event: 0.270 Loading class sun/net/www/protocol/jrt/Handler done
Event: 0.305 Loading class sun/text/resources/cldr/FormatData_en
Event: 0.306 Loading class sun/text/resources/cldr/FormatData_en done
Event: 0.306 Loading class sun/text/resources/cldr/FormatData_en_US
Event: 0.306 Loading class sun/text/resources/cldr/FormatData_en_US done
Event: 0.342 Loading class java/lang/ArrayIndexOutOfBoundsException
Event: 0.342 Loading class java/lang/ArrayIndexOutOfBoundsException done
Event: 0.346 Loading class java/io/FilterReader
Event: 0.346 Loading class java/io/FilterReader done
Event: 0.385 Loading class java/util/NoSuchElementException
Event: 0.385 Loading class java/util/NoSuchElementException done

Classes unloaded (0 events):
No events

Classes redefined (0 events):
No events

Internal exceptions (4 events):
Event: 0.183 Thread 0x00007ff5f0018570 Exception <a 'java/lang/NoClassDefFoundError'{0x000000008ec2b9c8}: org/fusesource/jansi/internal/CLibrary> (0x000000008ec2b9c8) 
thrown [./src/hotspot/share/classfile/systemDictionary.cpp, line 245]
Event: 0.183 Thread 0x00007ff5f0018570 Exception <a 'java/lang/NoClassDefFoundError'{0x000000008ec2c1d0}: org/fusesource/jansi/internal/CLibrary> (0x000000008ec2c1d0) 
thrown [./src/hotspot/share/oops/constantPool.cpp, line 837]
Event: 0.184 Thread 0x00007ff5f0018570 Exception <a 'java/lang/NoClassDefFoundError'{0x000000008ec37ab8}: org/fusesource/jansi/internal/CLibrary> (0x000000008ec37ab8) 
thrown [./src/hotspot/share/oops/constantPool.cpp, line 837]
Event: 0.184 Thread 0x00007ff5f0018570 Exception <a 'java/lang/NoClassDefFoundError'{0x000000008ec380f8}: org/fusesource/jansi/internal/CLibrary> (0x000000008ec380f8) 
thrown [./src/hotspot/share/oops/constantPool.cpp, line 837]

VM Operations (4 events):
Event: 0.207 Executing VM operation: HandshakeAllThreads
Event: 0.207 Executing VM operation: HandshakeAllThreads done
Event: 0.256 Executing VM operation: HandshakeAllThreads
Event: 0.256 Executing VM operation: HandshakeAllThreads done

Memory protections (12 events):
Event: 0.001 Protecting memory [0x00007ff5f6100000,0x00007ff5f6104000] with protection modes 0
Event: 0.018 Protecting memory [0x00007ff5d50da000,0x00007ff5d50de000] with protection modes 0
Event: 0.018 Protecting memory [0x00007ff5d4fda000,0x00007ff5d4fde000] with protection modes 0
Event: 0.020 Protecting memory [0x00007ff5d4900000,0x00007ff5d4904000] with protection modes 0
Event: 0.020 Protecting memory [0x00007ff5d4800000,0x00007ff5d4804000] with protection modes 0
Event: 0.020 Protecting memory [0x00007ff5d4700000,0x00007ff5d4704000] with protection modes 0
Event: 0.020 Protecting memory [0x00007ff5d4600000,0x00007ff5d4604000] with protection modes 0
Event: 0.020 Protecting memory [0x00007ff5d4500000,0x00007ff5d4504000] with protection modes 0
Event: 0.020 Protecting memory [0x00007ff5d4400000,0x00007ff5d4404000] with protection modes 0
Event: 0.023 Protecting memory [0x00007ff5d4300000,0x00007ff5d4304000] with protection modes 0
Event: 0.024 Protecting memory [0x00007ff5d40ff000,0x00007ff5d4103000] with protection modes 0
Event: 0.392 Protecting memory [0x00007ff5c5f00000,0x00007ff5c5f04000] with protection modes 0

Nmethod flushes (0 events):
No events

Events (12 events):
Event: 0.015 Thread 0x00007ff5f0018570 Thread added: 0x00007ff5f0018570
Event: 0.018 Thread 0x00007ff5f0018570 Thread added: 0x00007ff5f0129180
Event: 0.018 Thread 0x00007ff5f0018570 Thread added: 0x00007ff5f012a560
Event: 0.020 Thread 0x00007ff5f0018570 Thread added: 0x00007ff5f012faf0
Event: 0.020 Thread 0x00007ff5f0018570 Thread added: 0x00007ff5f0130ea0
Event: 0.020 Thread 0x00007ff5f0018570 Thread added: 0x00007ff5f01322b0
Event: 0.020 Thread 0x00007ff5f0018570 Thread added: 0x00007ff5f0133c60
Event: 0.020 Thread 0x00007ff5f0018570 Thread added: 0x00007ff5f0135190
Event: 0.020 Thread 0x00007ff5f0018570 Thread added: 0x00007ff5f013e5f0
Event: 0.023 Thread 0x00007ff5f0018570 Thread added: 0x00007ff5f0146440
Event: 0.024 Thread 0x00007ff5f0018570 Thread added: 0x00007ff5f0149c50
Event: 0.392 Thread 0x00007ff5f0135190 Thread added: 0x00007ff558172b50


Dynamic libraries:
87600000-8f000000 rw-p 00000000 00:00 0 
8f000000-ffe00000 ---p 00000000 00:00 0 
ffe00000-ffe75000 rw-p 00c7a000 103:02 9045259                           /usr/lib/jvm/java-17-openjdk-amd64/lib/server/classes.jsa
ffe75000-fff00000 rw-p 00000000 00:00 0 
fff00000-fff78000 rw-p 00c02000 103:02 9045259                           /usr/lib/jvm/java-17-openjdk-amd64/lib/server/classes.jsa
fff78000-100000000 rw-p 00000000 00:00 0 
559966c5c000-559966c5d000 r--p 00000000 103:02 9045186                   /usr/lib/jvm/java-17-openjdk-amd64/bin/java
559966c5d000-559966c5e000 r-xp 00001000 103:02 9045186                   /usr/lib/jvm/java-17-openjdk-amd64/bin/java
559966c5e000-559966c5f000 r--p 00002000 103:02 9045186                   /usr/lib/jvm/java-17-openjdk-amd64/bin/java
559966c5f000-559966c60000 r--p 00002000 103:02 9045186                   /usr/lib/jvm/java-17-openjdk-amd64/bin/java
559966c60000-559966c61000 rw-p 00003000 103:02 9045186                   /usr/lib/jvm/java-17-openjdk-amd64/bin/java
5599719ac000-5599719f3000 rw-p 00000000 00:00 0                          [heap]
7ff53c000000-7ff53c0d6000 rw-p 00000000 00:00 0 
7ff53c0d6000-7ff540000000 ---p 00000000 00:00 0 
7ff544000000-7ff544021000 rw-p 00000000 00:00 0 
7ff544021000-7ff548000000 ---p 00000000 00:00 0 
7ff548000000-7ff548021000 rw-p 00000000 00:00 0 
7ff548021000-7ff54c000000 ---p 00000000 00:00 0 
7ff54c000000-7ff54c021000 rw-p 00000000 00:00 0 
7ff54c021000-7ff550000000 ---p 00000000 00:00 0 
7ff550000000-7ff550021000 rw-p 00000000 00:00 0 
7ff550021000-7ff554000000 ---p 00000000 00:00 0 
7ff554000000-7ff554323000 rw-p 00000000 00:00 0 
7ff554323000-7ff558000000 ---p 00000000 00:00 0 
7ff558000000-7ff5582fe000 rw-p 00000000 00:00 0 
7ff5582fe000-7ff55c000000 ---p 00000000 00:00 0 
7ff55c000000-7ff55c021000 rw-p 00000000 00:00 0 
7ff55c021000-7ff560000000 ---p 00000000 00:00 0 
7ff560000000-7ff560021000 rw-p 00000000 00:00 0 
7ff560021000-7ff564000000 ---p 00000000 00:00 0 
7ff564000000-7ff564021000 rw-p 00000000 00:00 0 
7ff564021000-7ff568000000 ---p 00000000 00:00 0 
7ff568000000-7ff568021000 rw-p 00000000 00:00 0 
7ff568021000-7ff56c000000 ---p 00000000 00:00 0 
7ff56c000000-7ff56c021000 rw-p 00000000 00:00 0 
7ff56c021000-7ff570000000 ---p 00000000 00:00 0 
7ff573000000-7ff573120000 rw-p 00000000 00:00 0 
7ff573120000-7ff573400000 ---p 00000000 00:00 0 
7ff573400000-7ff5735a0000 rw-p 00000000 00:00 0 
7ff5735a0000-7ff577000000 ---p 00000000 00:00 0 
7ff577000000-7ff577bca000 rw-p 00001000 103:02 9045259                   /usr/lib/jvm/java-17-openjdk-amd64/lib/server/classes.jsa
7ff577bca000-7ff578000000 ---p 00000000 00:00 0 
7ff578000000-7ff578030000 rw-p 00000000 00:00 0 
7ff578030000-7ff578060000 rw-p 00000000 00:00 0 
7ff578060000-7ff5b8000000 ---p 00000000 00:00 0 
7ff5b8000000-7ff5b8021000 rw-p 00000000 00:00 0 
7ff5b8021000-7ff5bc000000 ---p 00000000 00:00 0 
7ff5bc000000-7ff5bc021000 rw-p 00000000 00:00 0 
7ff5bc021000-7ff5c0000000 ---p 00000000 00:00 0 
7ff5c0000000-7ff5c0021000 rw-p 00000000 00:00 0 
7ff5c0021000-7ff5c4000000 ---p 00000000 00:00 0 
7ff5c5b1e000-7ff5c5f00000 rw-p 00000000 00:00 0 
7ff5c5f00000-7ff5c5f04000 ---p 00000000 00:00 0 
7ff5c5f04000-7ff5c6000000 rw-p 00000000 00:00 0 
7ff5c6000000-7ff5c8000000 rw-p 00000000 00:00 0 
7ff5c8000000-7ff5c8021000 rw-p 00000000 00:00 0 
7ff5c8021000-7ff5cc000000 ---p 00000000 00:00 0 
7ff5cc000000-7ff5cc021000 rw-p 00000000 00:00 0 
7ff5cc021000-7ff5d0000000 ---p 00000000 00:00 0 
7ff5d0000000-7ff5d0021000 rw-p 00000000 00:00 0 
7ff5d0021000-7ff5d4000000 ---p 00000000 00:00 0 
7ff5d40ff000-7ff5d4103000 ---p 00000000 00:00 0 
7ff5d4103000-7ff5d41ff000 rw-p 00000000 00:00 0 
7ff5d41ff000-7ff5d4200000 ---p 00000000 00:00 0 
7ff5d4200000-7ff5d4300000 rw-p 00000000 00:00 0 
7ff5d4300000-7ff5d4304000 ---p 00000000 00:00 0 
7ff5d4304000-7ff5d4400000 rw-p 00000000 00:00 0 
7ff5d4400000-7ff5d4404000 ---p 00000000 00:00 0 
7ff5d4404000-7ff5d4500000 rw-p 00000000 00:00 0 
7ff5d4500000-7ff5d4504000 ---p 00000000 00:00 0 
7ff5d4504000-7ff5d4600000 rw-p 00000000 00:00 0 
7ff5d4600000-7ff5d4604000 ---p 00000000 00:00 0 
7ff5d4604000-7ff5d4700000 rw-p 00000000 00:00 0 
7ff5d4700000-7ff5d4704000 ---p 00000000 00:00 0 
7ff5d4704000-7ff5d4800000 rw-p 00000000 00:00 0 
7ff5d4800000-7ff5d4804000 ---p 00000000 00:00 0 
7ff5d4804000-7ff5d4900000 rw-p 00000000 00:00 0 
7ff5d4900000-7ff5d4904000 ---p 00000000 00:00 0 
7ff5d4904000-7ff5d4a00000 rw-p 00000000 00:00 0 
7ff5d4a00000-7ff5d4f73000 r--p 00000000 103:02 7865433                   /usr/lib/locale/locale-archive
7ff5d4fda000-7ff5d4fde000 ---p 00000000 00:00 0 
7ff5d4fde000-7ff5d50da000 rw-p 00000000 00:00 0 
7ff5d50da000-7ff5d50de000 ---p 00000000 00:00 0 
7ff5d50de000-7ff5d51da000 rw-p 00000000 00:00 0 
7ff5d51da000-7ff5d51db000 ---p 00000000 00:00 0 
7ff5d51db000-7ff5d52db000 rw-p 00000000 00:00 0 
7ff5d52db000-7ff5d52e0000 r--p 00000000 103:02 9045243                   /usr/lib/jvm/java-17-openjdk-amd64/lib/libjsvml.so
7ff5d52e0000-7ff5d5321000 r-xp 00005000 103:02 9045243                   /usr/lib/jvm/java-17-openjdk-amd64/lib/libjsvml.so
7ff5d5321000-7ff5d53aa000 r--p 00046000 103:02 9045243                   /usr/lib/jvm/java-17-openjdk-amd64/lib/libjsvml.so
7ff5d53aa000-7ff5d53ab000 r--p 000ce000 103:02 9045243                   /usr/lib/jvm/java-17-openjdk-amd64/lib/libjsvml.so
7ff5d53ab000-7ff5d53ac000 rw-p 000cf000 103:02 9045243                   /usr/lib/jvm/java-17-openjdk-amd64/lib/libjsvml.so
7ff5d53ac000-7ff5d53ad000 ---p 00000000 00:00 0 
7ff5d53ad000-7ff5d54ad000 rw-p 00000000 00:00 0 
7ff5d54ad000-7ff5d54ae000 ---p 00000000 00:00 0 
7ff5d54ae000-7ff5d55ae000 rw-p 00000000 00:00 0 
7ff5d55ae000-7ff5d5998000 rw-p 00000000 00:00 0 
7ff5d5998000-7ff5d75d0000 ---p 00000000 00:00 0 
7ff5d75d0000-7ff5d77c0000 rw-p 00000000 00:00 0 
7ff5d77c0000-7ff5d93f8000 ---p 00000000 00:00 0 
7ff5d93f8000-7ff5d9400000 rw-p 00000000 00:00 0 
7ff5d9400000-7ff5d9670000 rwxp 00000000 00:00 0 
7ff5d9670000-7ff5e0937000 ---p 00000000 00:00 0 
7ff5e0937000-7ff5e0ba7000 rwxp 00000000 00:00 0 
7ff5e0ba7000-7ff5e0ec9000 ---p 00000000 00:00 0 
7ff5e0ec9000-7ff5e1139000 rwxp 00000000 00:00 0 
7ff5e1139000-7ff5e8400000 ---p 00000000 00:00 0 
7ff5e8400000-7ff5efed0000 r--s 00000000 103:02 9045258                   /usr/lib/jvm/java-17-openjdk-amd64/lib/modules
7ff5efeff000-7ff5f0000000 rw-p 00000000 00:00 0 
7ff5f0000000-7ff5f052a000 rw-p 00000000 00:00 0 
7ff5f052a000-7ff5f4000000 ---p 00000000 00:00 0 
7ff5f404a000-7ff5f45d0000 rw-p 00000000 00:00 0 
7ff5f45d0000-7ff5f45d1000 ---p 00000000 00:00 0 
7ff5f45d1000-7ff5f46d1000 rw-p 00000000 00:00 0 
7ff5f46d1000-7ff5f46d2000 ---p 00000000 00:00 0 
7ff5f46d2000-7ff5f47d2000 rw-p 00000000 00:00 0 
7ff5f47d2000-7ff5f47d3000 ---p 00000000 00:00 0 
7ff5f47d3000-7ff5f48d3000 rw-p 00000000 00:00 0 
7ff5f48d3000-7ff5f4910000 rw-p 00000000 00:00 0 
7ff5f4910000-7ff5f4c97000 ---p 00000000 00:00 0 
7ff5f4c97000-7ff5f4cd5000 rw-p 00000000 00:00 0 
7ff5f4cd5000-7ff5f505c000 ---p 00000000 00:00 0 
7ff5f505c000-7ff5f509a000 rw-p 00000000 00:00 0 
7ff5f509a000-7ff5f5421000 ---p 00000000 00:00 0 
7ff5f5421000-7ff5f5c2f000 rw-p 00000000 00:00 0 
7ff5f5c2f000-7ff5f5d15000 ---p 00000000 00:00 0 
7ff5f5d15000-7ff5f5d1a000 rw-p 00000000 00:00 0 
7ff5f5d1a000-7ff5f5e00000 ---p 00000000 00:00 0 
7ff5f5e00000-7ff5f5e9a000 r--p 00000000 103:02 7876710                   /usr/lib/x86_64-linux-gnu/libstdc++.so.6.0.30
7ff5f5e9a000-7ff5f5fab000 r-xp 0009a000 103:02 7876710                   /usr/lib/x86_64-linux-gnu/libstdc++.so.6.0.30
7ff5f5fab000-7ff5f601a000 r--p 001ab000 103:02 7876710                   /usr/lib/x86_64-linux-gnu/libstdc++.so.6.0.30
7ff5f601a000-7ff5f601b000 ---p 0021a000 103:02 7876710                   /usr/lib/x86_64-linux-gnu/libstdc++.so.6.0.30
7ff5f601b000-7ff5f6026000 r--p 0021a000 103:02 7876710                   /usr/lib/x86_64-linux-gnu/libstdc++.so.6.0.30
7ff5f6026000-7ff5f6029000 rw-p 00225000 103:02 7876710                   /usr/lib/x86_64-linux-gnu/libstdc++.so.6.0.30
7ff5f6029000-7ff5f602c000 rw-p 00000000 00:00 0 
7ff5f604d000-7ff5f6054000 r--s 00000000 103:02 7875145                   /usr/lib/x86_64-linux-gnu/gconv/gconv-modules.cache
7ff5f6054000-7ff5f6058000 r--p 00000000 103:02 9045256                   /usr/lib/jvm/java-17-openjdk-amd64/lib/libverify.so
7ff5f6058000-7ff5f605f000 r-xp 00004000 103:02 9045256                   /usr/lib/jvm/java-17-openjdk-amd64/lib/libverify.so
7ff5f605f000-7ff5f6061000 r--p 0000b000 103:02 9045256                   /usr/lib/jvm/java-17-openjdk-amd64/lib/libverify.so
7ff5f6061000-7ff5f6063000 r--p 0000c000 103:02 9045256                   /usr/lib/jvm/java-17-openjdk-amd64/lib/libverify.so
7ff5f6063000-7ff5f6064000 rw-p 0000e000 103:02 9045256                   /usr/lib/jvm/java-17-openjdk-amd64/lib/libverify.so
7ff5f6064000-7ff5f6100000 rw-p 00000000 00:00 0 
7ff5f6100000-7ff5f6104000 ---p 00000000 00:00 0 
7ff5f6104000-7ff5f6200000 rw-p 00000000 00:00 0 
7ff5f6200000-7ff5f6451000 r--p 00000000 103:02 9045262                   /usr/lib/jvm/java-17-openjdk-amd64/lib/server/libjvm.so
7ff5f6451000-7ff5f71c6000 r-xp 00251000 103:02 9045262                   /usr/lib/jvm/java-17-openjdk-amd64/lib/server/libjvm.so
7ff5f71c6000-7ff5f7449000 r--p 00fc6000 103:02 9045262                   /usr/lib/jvm/java-17-openjdk-amd64/lib/server/libjvm.so
7ff5f7449000-7ff5f744a000 ---p 01249000 103:02 9045262                   /usr/lib/jvm/java-17-openjdk-amd64/lib/server/libjvm.so
7ff5f744a000-7ff5f7502000 r--p 01249000 103:02 9045262                   /usr/lib/jvm/java-17-openjdk-amd64/lib/server/libjvm.so
7ff5f7502000-7ff5f7537000 rw-p 01301000 103:02 9045262                   /usr/lib/jvm/java-17-openjdk-amd64/lib/server/libjvm.so
7ff5f7537000-7ff5f7591000 rw-p 00000000 00:00 0 
7ff5f7595000-7ff5f7597000 r--p 00000000 103:02 9045257                   /usr/lib/jvm/java-17-openjdk-amd64/lib/libzip.so
7ff5f7597000-7ff5f759c000 r-xp 00002000 103:02 9045257                   /usr/lib/jvm/java-17-openjdk-amd64/lib/libzip.so
7ff5f759c000-7ff5f759e000 r--p 00007000 103:02 9045257                   /usr/lib/jvm/java-17-openjdk-amd64/lib/libzip.so
7ff5f759e000-7ff5f759f000 r--p 00008000 103:02 9045257                   /usr/lib/jvm/java-17-openjdk-amd64/lib/libzip.so
7ff5f759f000-7ff5f75a0000 rw-p 00009000 103:02 9045257                   /usr/lib/jvm/java-17-openjdk-amd64/lib/libzip.so
7ff5f75a0000-7ff5f75d1000 rw-p 00000000 00:00 0 
7ff5f75d1000-7ff5f75d5000 r--p 00000000 103:02 9045249                   /usr/lib/jvm/java-17-openjdk-amd64/lib/libnet.so
7ff5f75d5000-7ff5f75e3000 r-xp 00004000 103:02 9045249                   /usr/lib/jvm/java-17-openjdk-amd64/lib/libnet.so
7ff5f75e3000-7ff5f75e7000 r--p 00012000 103:02 9045249                   /usr/lib/jvm/java-17-openjdk-amd64/lib/libnet.so
7ff5f75e7000-7ff5f75e8000 r--p 00015000 103:02 9045249                   /usr/lib/jvm/java-17-openjdk-amd64/lib/libnet.so
7ff5f75e8000-7ff5f75e9000 rw-p 00016000 103:02 9045249                   /usr/lib/jvm/java-17-openjdk-amd64/lib/libnet.so
7ff5f75e9000-7ff5f75f0000 r--p 00000000 103:02 9045250                   /usr/lib/jvm/java-17-openjdk-amd64/lib/libnio.so
7ff5f75f0000-7ff5f75f9000 r-xp 00007000 103:02 9045250                   /usr/lib/jvm/java-17-openjdk-amd64/lib/libnio.so
7ff5f75f9000-7ff5f75fd000 r--p 00010000 103:02 9045250                   /usr/lib/jvm/java-17-openjdk-amd64/lib/libnio.so
7ff5f75fd000-7ff5f75fe000 ---p 00014000 103:02 9045250                   /usr/lib/jvm/java-17-openjdk-amd64/lib/libnio.so
7ff5f75fe000-7ff5f75ff000 r--p 00014000 103:02 9045250                   /usr/lib/jvm/java-17-openjdk-amd64/lib/libnio.so
7ff5f75ff000-7ff5f7600000 rw-p 00015000 103:02 9045250                   /usr/lib/jvm/java-17-openjdk-amd64/lib/libnio.so
7ff5f7600000-7ff5f7628000 r--p 00000000 103:02 7866475                   /usr/lib/x86_64-linux-gnu/libc.so.6
7ff5f7628000-7ff5f77bd000 r-xp 00028000 103:02 7866475                   /usr/lib/x86_64-linux-gnu/libc.so.6
7ff5f77bd000-7ff5f7815000 r--p 001bd000 103:02 7866475                   /usr/lib/x86_64-linux-gnu/libc.so.6
7ff5f7815000-7ff5f7816000 ---p 00215000 103:02 7866475                   /usr/lib/x86_64-linux-gnu/libc.so.6
7ff5f7816000-7ff5f781a000 r--p 00215000 103:02 7866475                   /usr/lib/x86_64-linux-gnu/libc.so.6
7ff5f781a000-7ff5f781c000 rw-p 00219000 103:02 7866475                   /usr/lib/x86_64-linux-gnu/libc.so.6
7ff5f781c000-7ff5f7829000 rw-p 00000000 00:00 0 
7ff5f782b000-7ff5f78ad000 rw-p 00000000 00:00 0 
7ff5f78ad000-7ff5f78b4000 ---p 00000000 00:00 0 
7ff5f78b4000-7ff5f78c0000 r--p 00000000 103:02 9045236                   /usr/lib/jvm/java-17-openjdk-amd64/lib/libjava.so
7ff5f78c0000-7ff5f78d3000 r-xp 0000c000 103:02 9045236                   /usr/lib/jvm/java-17-openjdk-amd64/lib/libjava.so
7ff5f78d3000-7ff5f78d9000 r--p 0001f000 103:02 9045236                   /usr/lib/jvm/java-17-openjdk-amd64/lib/libjava.so
7ff5f78d9000-7ff5f78da000 r--p 00024000 103:02 9045236                   /usr/lib/jvm/java-17-openjdk-amd64/lib/libjava.so
7ff5f78da000-7ff5f78db000 rw-p 00025000 103:02 9045236                   /usr/lib/jvm/java-17-openjdk-amd64/lib/libjava.so
7ff5f78db000-7ff5f78dc000 rw-p 00000000 00:00 0 
7ff5f78dc000-7ff5f78df000 r--p 00000000 103:02 7876714                   /usr/lib/x86_64-linux-gnu/libgcc_s.so.1
7ff5f78df000-7ff5f78f6000 r-xp 00003000 103:02 7876714                   /usr/lib/x86_64-linux-gnu/libgcc_s.so.1
7ff5f78f6000-7ff5f78fa000 r--p 0001a000 103:02 7876714                   /usr/lib/x86_64-linux-gnu/libgcc_s.so.1
7ff5f78fa000-7ff5f78fb000 r--p 0001d000 103:02 7876714                   /usr/lib/x86_64-linux-gnu/libgcc_s.so.1
7ff5f78fb000-7ff5f78fc000 rw-p 0001e000 103:02 7876714                   /usr/lib/x86_64-linux-gnu/libgcc_s.so.1
7ff5f78fc000-7ff5f790a000 r--p 00000000 103:02 7866487                   /usr/lib/x86_64-linux-gnu/libm.so.6
7ff5f790a000-7ff5f7986000 r-xp 0000e000 103:02 7866487                   /usr/lib/x86_64-linux-gnu/libm.so.6
7ff5f7986000-7ff5f79e1000 r--p 0008a000 103:02 7866487                   /usr/lib/x86_64-linux-gnu/libm.so.6
7ff5f79e1000-7ff5f79e2000 r--p 000e4000 103:02 7866487                   /usr/lib/x86_64-linux-gnu/libm.so.6
7ff5f79e2000-7ff5f79e3000 rw-p 000e5000 103:02 7866487                   /usr/lib/x86_64-linux-gnu/libm.so.6
7ff5f79e3000-7ff5f79e6000 rw-p 00000000 00:00 0 
7ff5f79e6000-7ff5f79e8000 r--p 00000000 103:02 9045240                   /usr/lib/jvm/java-17-openjdk-amd64/lib/libjli.so
7ff5f79e8000-7ff5f79f2000 r-xp 00002000 103:02 9045240                   /usr/lib/jvm/java-17-openjdk-amd64/lib/libjli.so
7ff5f79f2000-7ff5f79f5000 r--p 0000c000 103:02 9045240                   /usr/lib/jvm/java-17-openjdk-amd64/lib/libjli.so
7ff5f79f5000-7ff5f79f6000 r--p 0000e000 103:02 9045240                   /usr/lib/jvm/java-17-openjdk-amd64/lib/libjli.so
7ff5f79f6000-7ff5f79f7000 rw-p 0000f000 103:02 9045240                   /usr/lib/jvm/java-17-openjdk-amd64/lib/libjli.so
7ff5f79f7000-7ff5f79f9000 r--p 00000000 103:02 7893590                   /usr/lib/x86_64-linux-gnu/libz.so.1.2.11
7ff5f79f9000-7ff5f7a0a000 r-xp 00002000 103:02 7893590                   /usr/lib/x86_64-linux-gnu/libz.so.1.2.11
7ff5f7a0a000-7ff5f7a10000 r--p 00013000 103:02 7893590                   /usr/lib/x86_64-linux-gnu/libz.so.1.2.11
7ff5f7a10000-7ff5f7a11000 ---p 00019000 103:02 7893590                   /usr/lib/x86_64-linux-gnu/libz.so.1.2.11
7ff5f7a11000-7ff5f7a12000 r--p 00019000 103:02 7893590                   /usr/lib/x86_64-linux-gnu/libz.so.1.2.11
7ff5f7a12000-7ff5f7a13000 rw-p 0001a000 103:02 7893590                   /usr/lib/x86_64-linux-gnu/libz.so.1.2.11
7ff5f7a14000-7ff5f7a1c000 rw-s 00000000 103:02 7875328                   /tmp/hsperfdata_lee/10533
7ff5f7a1c000-7ff5f7a1d000 ---p 00000000 00:00 0 
7ff5f7a1d000-7ff5f7a1e000 r--p 00000000 00:00 0 
7ff5f7a1e000-7ff5f7a20000 r--p 00000000 103:02 9045239                   /usr/lib/jvm/java-17-openjdk-amd64/lib/libjimage.so
7ff5f7a20000-7ff5f7a23000 r-xp 00002000 103:02 9045239                   /usr/lib/jvm/java-17-openjdk-amd64/lib/libjimage.so
7ff5f7a23000-7ff5f7a24000 r--p 00005000 103:02 9045239                   /usr/lib/jvm/java-17-openjdk-amd64/lib/libjimage.so
7ff5f7a24000-7ff5f7a25000 ---p 00006000 103:02 9045239                   /usr/lib/jvm/java-17-openjdk-amd64/lib/libjimage.so
7ff5f7a25000-7ff5f7a26000 r--p 00006000 103:02 9045239                   /usr/lib/jvm/java-17-openjdk-amd64/lib/libjimage.so
7ff5f7a26000-7ff5f7a27000 rw-p 00007000 103:02 9045239                   /usr/lib/jvm/java-17-openjdk-amd64/lib/libjimage.so
7ff5f7a27000-7ff5f7a29000 rw-p 00000000 00:00 0 
7ff5f7a29000-7ff5f7a2b000 r--p 00000000 103:02 7865193                   /usr/lib/x86_64-linux-gnu/ld-linux-x86-64.so.2
7ff5f7a2b000-7ff5f7a55000 r-xp 00002000 103:02 7865193                   /usr/lib/x86_64-linux-gnu/ld-linux-x86-64.so.2
7ff5f7a55000-7ff5f7a60000 r--p 0002c000 103:02 7865193                   /usr/lib/x86_64-linux-gnu/ld-linux-x86-64.so.2
7ff5f7a60000-7ff5f7a61000 ---p 00000000 00:00 0 
7ff5f7a61000-7ff5f7a63000 r--p 00037000 103:02 7865193                   /usr/lib/x86_64-linux-gnu/ld-linux-x86-64.so.2
7ff5f7a63000-7ff5f7a65000 rw-p 00039000 103:02 7865193                   /usr/lib/x86_64-linux-gnu/ld-linux-x86-64.so.2
7ffffb43b000-7ffffb45c000 rw-p 00000000 00:00 0                          [stack]
7ffffb4ba000-7ffffb4be000 r--p 00000000 00:00 0                          [vvar]
7ffffb4be000-7ffffb4c0000 r-xp 00000000 00:00 0                          [vdso]
ffffffffff600000-ffffffffff601000 --xp 00000000 00:00 0                  [vsyscall]


VM Arguments:
jvm_args: -Dclassworlds.conf=/usr/share/maven/bin/m2.conf -Dmaven.home=/usr/share/maven -Dlibrary.jansi.path=/usr/share/maven/lib/jansi-native -Dmaven.multiModuleProjectDirectory=/home/lee/Documents/kfarms-backend 
java_command: org.codehaus.plexus.classworlds.launcher.Launcher spring-boot:run
java_class_path (initial): /usr/share/maven/boot/plexus-classworlds-2.x.jar
Launcher Type: SUN_STANDARD

[Global flags]
     intx CICompilerCount                          = 4                                         {product} {ergonomic}
     uint ConcGCThreads                            = 2                                         {product} {ergonomic}
     uint G1ConcRefinementThreads                  = 8                                         {product} {ergonomic}
   size_t G1HeapRegionSize                         = 1048576                                   {product} {ergonomic}
    uintx GCDrainStackTargetSize                   = 64                                        {product} {ergonomic}
   size_t InitialHeapSize                          = 127926272                                 {product} {ergonomic}
   size_t MarkStackSize                            = 4194304                                   {product} {ergonomic}
   size_t MaxHeapSize                              = 2023751680                                {product} {ergonomic}
   size_t MaxNewSize                               = 1214251008                                {product} {ergonomic}
   size_t MinHeapDeltaBytes                        = 1048576                                   {product} {ergonomic}
   size_t MinHeapSize                              = 8388608                                   {product} {ergonomic}
    uintx NonNMethodCodeHeapSize                   = 5839372                                {pd product} {ergonomic}
    uintx NonProfiledCodeHeapSize                  = 122909434                              {pd product} {ergonomic}
    uintx ProfiledCodeHeapSize                     = 122909434                              {pd product} {ergonomic}
    uintx ReservedCodeCacheSize                    = 251658240                              {pd product} {ergonomic}
     bool SegmentedCodeCache                       = true                                      {product} {ergonomic}
   size_t SoftMaxHeapSize                          = 2023751680                             {manageable} {ergonomic}
     bool UseCompressedClassPointers               = true                           {product lp64_product} {ergonomic}
     bool UseCompressedOops                        = true                           {product lp64_product} {ergonomic}
     bool UseG1GC                                  = true                                      {product} {ergonomic}

Logging:
Log output configuration:
 #0: stdout all=warning uptime,level,tags
 #1: stderr all=off uptime,level,tags

Environment Variables:
PATH=/usr/local/sbin:/usr/local/bin:/usr/sbin:/usr/bin:/sbin:/bin:/usr/games:/usr/local/games:/snap/bin:/snap/bin
USERNAME=lee
SHELL=/usr/bin/zsh
DISPLAY=:0
LANG=en_US.UTF-8
LC_NUMERIC=en_US.UTF-8
LC_TIME=en_US.UTF-8
TERM=xterm-256color

Active Locale:
LC_ALL=en_US.UTF-8
LC_COLLATE=en_US.UTF-8
LC_CTYPE=en_US.UTF-8
LC_MESSAGES=en_US.UTF-8
LC_MONETARY=en_US.UTF-8
LC_NUMERIC=en_US.UTF-8
LC_TIME=en_US.UTF-8

Signal Handlers:
   SIGSEGV: crash_handler in libjvm.so, mask=11100100010111111101111111111110, flags=SA_RESTART|SA_SIGINFO, unblocked
    SIGBUS: crash_handler in libjvm.so, mask=11100100010111111101111111111110, flags=SA_RESTART|SA_SIGINFO, unblocked
    SIGFPE: crash_handler in libjvm.so, mask=11100100010111111101111111111110, flags=SA_RESTART|SA_SIGINFO, unblocked
   SIGPIPE: javaSignalHandler in libjvm.so, mask=11100100010111111101111111111110, flags=SA_RESTART|SA_SIGINFO, blocked
   SIGXFSZ: javaSignalHandler in libjvm.so, mask=11100100010111111101111111111110, flags=SA_RESTART|SA_SIGINFO, blocked
    SIGILL: crash_handler in libjvm.so, mask=11100100010111111101111111111110, flags=SA_RESTART|SA_SIGINFO, unblocked
   SIGUSR2: SR_handler in libjvm.so, mask=00000000000000000000000000000000, flags=SA_RESTART|SA_SIGINFO, blocked
    SIGHUP: UserHandler in libjvm.so, mask=11100100010111111101111111111110, flags=SA_RESTART|SA_SIGINFO, blocked
    SIGINT: UserHandler in libjvm.so, mask=11100100010111111101111111111110, flags=SA_RESTART|SA_SIGINFO, blocked
   SIGTERM: UserHandler in libjvm.so, mask=11100100010111111101111111111110, flags=SA_RESTART|SA_SIGINFO, blocked
   SIGQUIT: UserHandler in libjvm.so, mask=11100100010111111101111111111110, flags=SA_RESTART|SA_SIGINFO, blocked
   SIGTRAP: crash_handler in libjvm.so, mask=11100100010111111101111111111110, flags=SA_RESTART|SA_SIGINFO, unblocked


Periodic native trim disabled


---------------  S Y S T E M  ---------------

OS:
DISTRIB_ID=Ubuntu
DISTRIB_RELEASE=22.04
DISTRIB_CODENAME=jammy
DISTRIB_DESCRIPTION="Ubuntu 22.04.5 LTS"
uname: Linux 6.8.0-87-generic #88~22.04.1-Ubuntu SMP PREEMPT_DYNAMIC Tue Oct 14 14:03:14 UTC 2 x86_64
OS uptime: 0 days 0:08 hours
libc: glibc 2.35 NPTL 2.35 
rlimit (soft/hard): STACK 8192k/infinity , CORE 0k/infinity , NPROC 30543/30543 , NOFILE 1048576/1048576 , AS infinity/infinity , CPU infinity/infinity , DATA infinity/infinity , FSIZE infinity/infinity , MEMLOCK 988004k/988004k
load average: 6.38 2.57 1.20

/proc/meminfo:
MemTotal:        7904052 kB
MemFree:          710256 kB
MemAvailable:    2387568 kB
Buffers:           38072 kB
Cached:          2237952 kB
SwapCached:         7388 kB
Active:          2582944 kB
Inactive:        3624192 kB
Active(anon):    1844224 kB
Inactive(anon):  2536992 kB
Active(file):     738720 kB
Inactive(file):  1087200 kB
Unevictable:       27332 kB
Mlocked:              48 kB
SwapTotal:       2097148 kB
SwapFree:        2066684 kB
Zswap:                 0 kB
Zswapped:              0 kB
Dirty:              1648 kB
Writeback:             0 kB
AnonPages:       3951160 kB
Mapped:          1242008 kB
Shmem:            450104 kB
KReclaimable:     151116 kB
Slab:             398864 kB
SReclaimable:     151116 kB
SUnreclaim:       247748 kB
KernelStack:       19440 kB
PageTables:        55088 kB
SecPageTables:         0 kB
NFS_Unstable:          0 kB
Bounce:                0 kB
WritebackTmp:          0 kB
CommitLimit:     6049172 kB
Committed_AS:   20569300 kB
VmallocTotal:   34359738367 kB
VmallocUsed:       60956 kB
VmallocChunk:          0 kB
Percpu:             9888 kB
HardwareCorrupted:     0 kB
AnonHugePages:     28672 kB
ShmemHugePages:        0 kB
ShmemPmdMapped:        0 kB
FileHugePages:         0 kB
FilePmdMapped:         0 kB
Unaccepted:            0 kB
HugePages_Total:       0
HugePages_Free:        0
HugePages_Rsvd:        0
HugePages_Surp:        0
Hugepagesize:       2048 kB
Hugetlb:               0 kB
DirectMap4k:      284280 kB
DirectMap2M:     4730880 kB
DirectMap1G:     3145728 kB

/sys/kernel/mm/transparent_hugepage/enabled: always [madvise] never
/sys/kernel/mm/transparent_hugepage/hpage_pmd_size: 2097152
/sys/kernel/mm/transparent_hugepage/defrag (defrag/compaction efforts parameter): always defer defer+madvise [madvise] never

Process Memory:
Virtual Size: 4906700K (peak: 4968232K)
Resident Set Size: 65568K (peak: 65568K) (anon: 43332K, file: 22236K, shmem: 0K)
Swapped out: 0K
C-Heap outstanding allocations: 33899K, retained: 2624K
glibc malloc tunables: (default)

/proc/sys/kernel/threads-max (system-wide limit on the number of threads): 61087
/proc/sys/vm/max_map_count (maximum number of memory map areas a process may have): 65530
/proc/sys/vm/swappiness (control to define how aggressively the kernel swaps out anonymous memory): 60
/proc/sys/kernel/pid_max (system-wide limit on number of process identifiers): 4194304

container (cgroup) information:
container_type: cgroupv2
cpu_cpuset_cpus: not supported
cpu_memory_nodes: not supported
active_processor_count: 8
cpu_quota: not supported
cpu_period: not supported
cpu_shares: not supported
memory_limit_in_bytes: unlimited
memory_and_swap_limit_in_bytes: unlimited
memory_soft_limit_in_bytes: 0
memory_usage_in_bytes: 2137592 k
memory_max_usage_in_bytes: not supported
rss_usage_in_bytes: 1313120 k
cache_usage_in_bytes: 792836 k
memory_swap_current_in_bytes: 0
memory_swap_max_limit_in_bytes: unlimited
maximum number of tasks: 9163
current number of tasks: 154

Steal ticks since vm start: 0
Steal ticks percentage since vm start:  0.000

CPU: total 8 (initial active 8) (4 cores per cpu, 2 threads per core) family 6 model 142 stepping 10 microcode 0xf6, cx8, cmov, fxsr, ht, mmx, 3dnowpref, sse, sse2, sse3, ssse3, sse4.1, sse4.2, popcnt, lzcnt, tsc, tscinvbit, avx, avx2, aes, erms, clmul, bmi1, bmi2, adx, fma, vzeroupper, clflush, clflushopt
CPU Model and flags from /proc/cpuinfo:
model name	: Intel(R) Core(TM) i5-8250U CPU @ 1.60GHz
flags		: fpu vme de pse tsc msr pae mce cx8 apic sep mtrr pge mca cmov pat pse36 clflush dts acpi mmx fxsr sse sse2 ss ht tm pbe syscall nx pdpe1gb rdtscp lm constant_tsc art arch_perfmon pebs bts rep_good nopl xtopology nonstop_tsc cpuid aperfmperf pni pclmulqdq dtes64 monitor ds_cpl vmx est tm2 ssse3 sdbg fma cx16 xtpr pdcm pcid sse4_1 sse4_2 x2apic movbe popcnt tsc_deadline_timer aes xsave avx f16c rdrand lahf_lm abm 3dnowprefetch cpuid_fault epb pti ssbd ibrs ibpb stibp tpr_shadow flexpriority ept vpid ept_ad fsgsbase tsc_adjust sgx bmi1 avx2 smep bmi2 erms invpcid mpx rdseed adx smap clflushopt intel_pt xsaveopt xsavec xgetbv1 xsaves dtherm ida arat pln pts hwp hwp_notify hwp_act_window hwp_epp vnmi md_clear flush_l1d arch_capabilities ibpb_exit_to_user

Online cpus: 0-7
Offline cpus: 
BIOS frequency limitation: <Not Available>
Frequency switch latency (ns): 0
Available cpu frequencies: <Not Available>
Current governor: powersave
Core performance/turbo boost: <Not Available>

Memory: 4k page, physical 7904052k(710256k free), swap 2097148k(2066684k free)
Page Sizes: 4k

vm_info: OpenJDK 64-Bit Server VM (17.0.17+10-Ubuntu-122.04) for linux-amd64 JRE (17.0.17+10-Ubuntu-122.04), built on Oct 23 2025 18:49:23 by "buildd" with gcc 11.4.0

END.
