#
# A fatal error has been detected by the Java Runtime Environment:
#
#  SIGSEGV (0xb) at pc=0x00007591052c7cca, pid=4320, tid=4339
#
# JRE version: OpenJDK Runtime Environment (21.0.8+9) (build 21.0.8+9-Ubuntu-0ubuntu122.04.1)
# Java VM: OpenJDK 64-Bit Server VM (21.0.8+9-Ubuntu-0ubuntu122.04.1, mixed mode, sharing, tiered, compressed oops, compressed class ptrs, g1 gc, linux-amd64)
# Problematic frame:
# V  [libjvm.so+0x6c7cca]  Deoptimization::update_method_data_from_interpreter(MethodData*, int, int)+0x6a
#
# Core dump will be written. Default location: Core dumps may be processed with "/usr/share/apport/apport -p%p -s%s -c%c -d%d -P%P -u%u -g%g -F%F -- %E" (or dumping to /home/lee/Documents/kfarms-backend/core.4320)
#
# If you would like to submit a bug report, please visit:
#   https://bugs.launchpad.net/ubuntu/+source/openjdk-21
#

---------------  S U M M A R Y ------------

Command Line: -Dclassworlds.conf=/usr/share/maven/bin/m2.conf -Dmaven.home=/usr/share/maven -Dlibrary.jansi.path=/usr/share/maven/lib/jansi-native -Dmaven.multiModuleProjectDirectory=/home/lee/Documents/kfarms-backend org.codehaus.plexus.classworlds.launcher.Launcher spring-boot:run

Host: Intel(R) Core(TM) i5-8250U CPU @ 1.60GHz, 8 cores, 7G, Ubuntu 22.04.5 LTS
Time: Mon Oct 13 17:19:46 2025 WAT elapsed time: 0.026761 seconds (0d 0h 0m 0s)

---------------  T H R E A D  ---------------

Current thread (0x0000759100019720):  JavaThread "main"             [_thread_in_vm, id=4339, stack(0x0000759104b00000,0x0000759104c00000) (1024K)]

Stack: [0x0000759104b00000,0x0000759104c00000],  sp=0x0000759104bfc160,  free space=1008k
Native frames: (J=compiled Java code, j=interpreted, Vv=VM code, C=native code)
V  [libjvm.so+0x6c7cca]  Deoptimization::update_method_data_from_interpreter(MethodData*, int, int)+0x6a
V  [libjvm.so+0x9061c8]  InterpreterRuntime::note_trap(JavaThread*, int)+0x108
V  [libjvm.so+0x9063f5]  InterpreterRuntime::create_exception(JavaThread*, char*, char*)+0x175
j  sun.nio.fs.LinuxFileSystemProvider.newFileSystem(Ljava/lang/String;)Lsun/nio/fs/LinuxFileSystem;+0 java.base@21.0.8
j  sun.nio.fs.LinuxFileSystemProvider.newFileSystem(Ljava/lang/String;)Lsun/nio/fs/UnixFileSystem;+2 java.base@21.0.8
j  sun.nio.fs.UnixFileSystemProvider.<init>()V+9 java.base@21.0.8
j  sun.nio.fs.LinuxFileSystemProvider.<init>()V+1 java.base@21.0.8
j  sun.nio.fs.DefaultFileSystemProvider.<clinit>()V+4 java.base@21.0.8
v  ~StubRoutines::call_stub 0x00007590efd37cc6
V  [libjvm.so+0x91077a]  JavaCalls::call_helper(JavaValue*, methodHandle const&, JavaCallArguments*, JavaThread*)+0x2da
V  [libjvm.so+0x8e7cea]  InstanceKlass::call_class_initializer(JavaThread*)+0x2da
V  [libjvm.so+0x8e8b15]  InstanceKlass::initialize_impl(JavaThread*)+0x4a5
V  [libjvm.so+0xb90dca]  LinkResolver::resolve_static_call(CallInfo&, LinkInfo const&, bool, JavaThread*)+0x15a
V  [libjvm.so+0xb91623]  LinkResolver::resolve_invoke(CallInfo&, Handle, constantPoolHandle const&, int, Bytecodes::Code, JavaThread*)+0x1f3
V  [libjvm.so+0x9083e8]  InterpreterRuntime::resolve_invoke(JavaThread*, Bytecodes::Code)+0x188
V  [libjvm.so+0x908a9d]  InterpreterRuntime::resolve_from_cache(JavaThread*, Bytecodes::Code)+0x10d
j  java.util.zip.ZipFile$Source.<clinit>()V+38 java.base@21.0.8
v  ~StubRoutines::call_stub 0x00007590efd37cc6
V  [libjvm.so+0x91077a]  JavaCalls::call_helper(JavaValue*, methodHandle const&, JavaCallArguments*, JavaThread*)+0x2da
V  [libjvm.so+0x8e7cea]  InstanceKlass::call_class_initializer(JavaThread*)+0x2da
V  [libjvm.so+0x8e8b15]  InstanceKlass::initialize_impl(JavaThread*)+0x4a5
V  [libjvm.so+0xb90dca]  LinkResolver::resolve_static_call(CallInfo&, LinkInfo const&, bool, JavaThread*)+0x15a
V  [libjvm.so+0xb91623]  LinkResolver::resolve_invoke(CallInfo&, Handle, constantPoolHandle const&, int, Bytecodes::Code, JavaThread*)+0x1f3
V  [libjvm.so+0x9083e8]  InterpreterRuntime::resolve_invoke(JavaThread*, Bytecodes::Code)+0x188
V  [libjvm.so+0x908a9d]  InterpreterRuntime::resolve_from_cache(JavaThread*, Bytecodes::Code)+0x10d
j  java.util.zip.ZipFile$CleanableResource.<init>(Ljava/util/zip/ZipFile;Ljava/util/zip/ZipCoder;Ljava/io/File;I)V+56 java.base@21.0.8
j  java.util.zip.ZipFile.<init>(Ljava/io/File;ILjava/nio/charset/Charset;)V+123 java.base@21.0.8
j  java.util.zip.ZipFile.<init>(Ljava/io/File;I)V+6 java.base@21.0.8
j  java.util.jar.JarFile.<init>(Ljava/io/File;ZILjava/lang/Runtime$Version;)V+3 java.base@21.0.8
j  jdk.internal.loader.URLClassPath$JarLoader.getJarFile(Ljava/net/URL;)Ljava/util/jar/JarFile;+56 java.base@21.0.8
j  jdk.internal.loader.URLClassPath$JarLoader$1.run()Ljava/lang/Void;+55 java.base@21.0.8
j  jdk.internal.loader.URLClassPath$JarLoader$1.run()Ljava/lang/Object;+1 java.base@21.0.8
j  java.security.AccessController.executePrivileged(Ljava/security/PrivilegedExceptionAction;Ljava/security/AccessControlContext;Ljava/lang/Class;)Ljava/lang/Object;+29 java.base@21.0.8
j  java.security.AccessController.doPrivileged(Ljava/security/PrivilegedExceptionAction;Ljava/security/AccessControlContext;)Ljava/lang/Object;+13 java.base@21.0.8
j  jdk.internal.loader.URLClassPath$JarLoader.ensureOpen()V+19 java.base@21.0.8
j  jdk.internal.loader.URLClassPath$JarLoader.<init>(Ljava/net/URL;Ljava/net/URLStreamHandler;Ljava/util/HashMap;Ljava/security/AccessControlContext;)V+59 java.base@21.0.8
j  jdk.internal.loader.URLClassPath$3.run()Ljdk/internal/loader/URLClassPath$Loader;+168 java.base@21.0.8
j  jdk.internal.loader.URLClassPath$3.run()Ljava/lang/Object;+1 java.base@21.0.8
j  java.security.AccessController.executePrivileged(Ljava/security/PrivilegedExceptionAction;Ljava/security/AccessControlContext;Ljava/lang/Class;)Ljava/lang/Object;+29 java.base@21.0.8
j  java.security.AccessController.doPrivileged(Ljava/security/PrivilegedExceptionAction;Ljava/security/AccessControlContext;)Ljava/lang/Object;+13 java.base@21.0.8
j  jdk.internal.loader.URLClassPath.getLoader(Ljava/net/URL;)Ljdk/internal/loader/URLClassPath$Loader;+13 java.base@21.0.8
j  jdk.internal.loader.URLClassPath.getLoader(I)Ljdk/internal/loader/URLClassPath$Loader;+81 java.base@21.0.8
j  jdk.internal.loader.URLClassPath.getResource(Ljava/lang/String;Z)Ljdk/internal/loader/Resource;+42 java.base@21.0.8
j  jdk.internal.loader.BuiltinClassLoader.findClassOnClassPathOrNull(Ljava/lang/String;)Ljava/lang/Class;+26 java.base@21.0.8
j  jdk.internal.loader.BuiltinClassLoader.loadClassOrNull(Ljava/lang/String;Z)Ljava/lang/Class;+111 java.base@21.0.8
j  jdk.internal.loader.BuiltinClassLoader.loadClass(Ljava/lang/String;Z)Ljava/lang/Class;+3 java.base@21.0.8
j  jdk.internal.loader.ClassLoaders$AppClassLoader.loadClass(Ljava/lang/String;Z)Ljava/lang/Class;+36 java.base@21.0.8
j  java.lang.ClassLoader.loadClass(Ljava/lang/String;)Ljava/lang/Class;+3 java.base@21.0.8
v  ~StubRoutines::call_stub 0x00007590efd37cc6
V  [libjvm.so+0x91077a]  JavaCalls::call_helper(JavaValue*, methodHandle const&, JavaCallArguments*, JavaThread*)+0x2da
V  [libjvm.so+0x912192]  JavaCalls::call_virtual(JavaValue*, Handle, Klass*, Symbol*, Symbol*, Handle, JavaThread*)+0x1b2
V  [libjvm.so+0xf523d9]  SystemDictionary::load_instance_class_impl(Symbol*, Handle, JavaThread*)+0x189
V  [libjvm.so+0xf50940]  SystemDictionary::load_instance_class(Symbol*, Handle, JavaThread*)+0x20
V  [libjvm.so+0xf5148d]  SystemDictionary::resolve_instance_class_or_null(Symbol*, Handle, Handle, JavaThread*)+0xa0d
V  [libjvm.so+0xf5286a]  SystemDictionary::resolve_or_fail(Symbol*, Handle, Handle, bool, JavaThread*)+0x5a
V  [libjvm.so+0x9f3981]  find_class_from_class_loader(JNIEnv_*, Symbol*, unsigned char, Handle, Handle, unsigned char, JavaThread*)+0x31
V  [libjvm.so+0x9fd569]  JVM_FindClassFromCaller+0x129
C  [libjava.so+0xeefa]  Java_java_lang_Class_forName0+0xca
j  java.lang.Class.forName0(Ljava/lang/String;ZLjava/lang/ClassLoader;Ljava/lang/Class;)Ljava/lang/Class;+0 java.base@21.0.8
j  java.lang.Class.forName(Ljava/lang/String;ZLjava/lang/ClassLoader;Ljava/lang/Class;)Ljava/lang/Class;+37 java.base@21.0.8
j  java.lang.Class.forName(Ljava/lang/String;ZLjava/lang/ClassLoader;)Ljava/lang/Class;+20 java.base@21.0.8
j  sun.launcher.LauncherHelper.loadMainClass(ILjava/lang/String;)Ljava/lang/Class;+95 java.base@21.0.8
j  sun.launcher.LauncherHelper.checkAndLoadMain(ZILjava/lang/String;)Ljava/lang/Class;+42 java.base@21.0.8
v  ~StubRoutines::call_stub 0x00007590efd37cc6
V  [libjvm.so+0x91077a]  JavaCalls::call_helper(JavaValue*, methodHandle const&, JavaCallArguments*, JavaThread*)+0x2da
V  [libjvm.so+0x9b8550]  jni_invoke_static(JNIEnv_*, JavaValue*, _jobject*, JNICallType, _jmethodID*, JNI_ArgumentPusher*, JavaThread*) [clone .constprop.1]+0x360
V  [libjvm.so+0x9c3a34]  jni_CallStaticObjectMethod+0x254
C  [libjli.so+0x4e0b]  JavaMain+0x88b
C  [libjli.so+0x83ed]  ThreadJavaMain+0xd
Java frames: (J=compiled Java code, j=interpreted, Vv=VM code)
j  sun.nio.fs.LinuxFileSystemProvider.newFileSystem(Ljava/lang/String;)Lsun/nio/fs/LinuxFileSystem;+0 java.base@21.0.8
j  sun.nio.fs.LinuxFileSystemProvider.newFileSystem(Ljava/lang/String;)Lsun/nio/fs/UnixFileSystem;+2 java.base@21.0.8
j  sun.nio.fs.UnixFileSystemProvider.<init>()V+9 java.base@21.0.8
j  sun.nio.fs.LinuxFileSystemProvider.<init>()V+1 java.base@21.0.8
j  sun.nio.fs.DefaultFileSystemProvider.<clinit>()V+4 java.base@21.0.8
v  ~StubRoutines::call_stub 0x00007590efd37cc6
j  java.util.zip.ZipFile$Source.<clinit>()V+38 java.base@21.0.8
v  ~StubRoutines::call_stub 0x00007590efd37cc6
j  java.util.zip.ZipFile$CleanableResource.<init>(Ljava/util/zip/ZipFile;Ljava/util/zip/ZipCoder;Ljava/io/File;I)V+56 java.base@21.0.8
j  java.util.zip.ZipFile.<init>(Ljava/io/File;ILjava/nio/charset/Charset;)V+123 java.base@21.0.8
j  java.util.zip.ZipFile.<init>(Ljava/io/File;I)V+6 java.base@21.0.8
j  java.util.jar.JarFile.<init>(Ljava/io/File;ZILjava/lang/Runtime$Version;)V+3 java.base@21.0.8
j  jdk.internal.loader.URLClassPath$JarLoader.getJarFile(Ljava/net/URL;)Ljava/util/jar/JarFile;+56 java.base@21.0.8
j  jdk.internal.loader.URLClassPath$JarLoader$1.run()Ljava/lang/Void;+55 java.base@21.0.8
j  jdk.internal.loader.URLClassPath$JarLoader$1.run()Ljava/lang/Object;+1 java.base@21.0.8
j  java.security.AccessController.executePrivileged(Ljava/security/PrivilegedExceptionAction;Ljava/security/AccessControlContext;Ljava/lang/Class;)Ljava/lang/Object;+29 java.base@21.0.8
j  java.security.AccessController.doPrivileged(Ljava/security/PrivilegedExceptionAction;Ljava/security/AccessControlContext;)Ljava/lang/Object;+13 java.base@21.0.8
j  jdk.internal.loader.URLClassPath$JarLoader.ensureOpen()V+19 java.base@21.0.8
j  jdk.internal.loader.URLClassPath$JarLoader.<init>(Ljava/net/URL;Ljava/net/URLStreamHandler;Ljava/util/HashMap;Ljava/security/AccessControlContext;)V+59 java.base@21.0.8
j  jdk.internal.loader.URLClassPath$3.run()Ljdk/internal/loader/URLClassPath$Loader;+168 java.base@21.0.8
j  jdk.internal.loader.URLClassPath$3.run()Ljava/lang/Object;+1 java.base@21.0.8
j  java.security.AccessController.executePrivileged(Ljava/security/PrivilegedExceptionAction;Ljava/security/AccessControlContext;Ljava/lang/Class;)Ljava/lang/Object;+29 java.base@21.0.8
j  java.security.AccessController.doPrivileged(Ljava/security/PrivilegedExceptionAction;Ljava/security/AccessControlContext;)Ljava/lang/Object;+13 java.base@21.0.8
j  jdk.internal.loader.URLClassPath.getLoader(Ljava/net/URL;)Ljdk/internal/loader/URLClassPath$Loader;+13 java.base@21.0.8
j  jdk.internal.loader.URLClassPath.getLoader(I)Ljdk/internal/loader/URLClassPath$Loader;+81 java.base@21.0.8
j  jdk.internal.loader.URLClassPath.getResource(Ljava/lang/String;Z)Ljdk/internal/loader/Resource;+42 java.base@21.0.8
j  jdk.internal.loader.BuiltinClassLoader.findClassOnClassPathOrNull(Ljava/lang/String;)Ljava/lang/Class;+26 java.base@21.0.8
j  jdk.internal.loader.BuiltinClassLoader.loadClassOrNull(Ljava/lang/String;Z)Ljava/lang/Class;+111 java.base@21.0.8
j  jdk.internal.loader.BuiltinClassLoader.loadClass(Ljava/lang/String;Z)Ljava/lang/Class;+3 java.base@21.0.8
j  jdk.internal.loader.ClassLoaders$AppClassLoader.loadClass(Ljava/lang/String;Z)Ljava/lang/Class;+36 java.base@21.0.8
j  java.lang.ClassLoader.loadClass(Ljava/lang/String;)Ljava/lang/Class;+3 java.base@21.0.8
v  ~StubRoutines::call_stub 0x00007590efd37cc6
j  java.lang.Class.forName0(Ljava/lang/String;ZLjava/lang/ClassLoader;Ljava/lang/Class;)Ljava/lang/Class;+0 java.base@21.0.8
j  java.lang.Class.forName(Ljava/lang/String;ZLjava/lang/ClassLoader;Ljava/lang/Class;)Ljava/lang/Class;+37 java.base@21.0.8
j  java.lang.Class.forName(Ljava/lang/String;ZLjava/lang/ClassLoader;)Ljava/lang/Class;+20 java.base@21.0.8
j  sun.launcher.LauncherHelper.loadMainClass(ILjava/lang/String;)Ljava/lang/Class;+95 java.base@21.0.8
j  sun.launcher.LauncherHelper.checkAndLoadMain(ZILjava/lang/String;)Ljava/lang/Class;+42 java.base@21.0.8
v  ~StubRoutines::call_stub 0x00007590efd37cc6

siginfo: si_signo: 11 (SIGSEGV), si_code: 1 (SEGV_MAPERR), si_addr: 0x0000000000000491

Registers:
RAX=0x0000759106111263, RBX=0x0000000000000400, RCX=0x0000000000000009, RDX=0x0000000000000001
RSP=0x0000759104bfc160, RBP=0x0000759104bfc1c0, RSI=0x0000000000000000, RDI=0x00007591060caf78
R8 =0x00007590efd3ea90, R9 =0x00007590efd3ea80, R10=0x000075910646b000, R11=0x0000000000000005
R12=0x0000000000000000, R13=0x0000759100019e60, R14=0x0000000000000001, R15=0x0000759100019e20
RIP=0x00007591052c7cca, EFLAGS=0x0000000000010246, CSGSFS=0x002b000000000033, ERR=0x0000000000000004
  TRAPNO=0x000000000000000e

XMM[0]=0x0000759100019e70 0x0000759100019e60
XMM[1]=0x00007590efd424ae 0x0000759104bfc2e8
XMM[2]=0x0000000000000000 0x00007590efd3ea90
XMM[3]=0x0000759104bfc330 0x0000750000000000
XMM[4]=0x0000759104bfc398 0x0000750000000000
XMM[5]=0x0000000000000000 0x0000759100019720
XMM[6]=0x0000000000000000 0x0000759100019720
XMM[7]=0xfff38fe900000337 0x0000759100019e70
XMM[8]=0x5f38556d6d695f79 0x72616e69425f005f
XMM[9]=0x0000000000000000 0x0000000000000000
XMM[10]=0x0000000000000000 0x0000000000000000
XMM[11]=0x0000000000000000 0x0000759105d2ea60
XMM[12]=0x0000000000000000 0x0000000000000000
XMM[13]=0x0000000000000000 0x0000000000000000
XMM[14]=0x0000000000000000 0x0000000000000000
XMM[15]=0xcafebabecafebabe 0xcafebabecafebabe
  MXCSR=0x00001fa2


Register to memory mapping:

RAX=0x0000759106111263: <offset 0x0000000001511263> in /usr/lib/jvm/java-21-openjdk-amd64/lib/server/libjvm.so at 0x0000759104c00000
RBX=0x0000000000000400 is an unknown value
RCX=0x0000000000000009 is an unknown value
RDX=0x0000000000000001 is an unknown value
RSP=0x0000759104bfc160 is pointing into the stack for thread: 0x0000759100019720
RBP=0x0000759104bfc1c0 is pointing into the stack for thread: 0x0000759100019720
RSI=0x0 is null
RDI=0x00007591060caf78: <offset 0x00000000014caf78> in /usr/lib/jvm/java-21-openjdk-amd64/lib/server/libjvm.so at 0x0000759104c00000
R8 =0x00007590efd3ea90 is at code_begin+-112 in 
[CodeBlob (0x00007590efd3ea90)]
Framesize: 0
BufferBlob (0x00007590efd3ea90) used for Interpreter
R9 =0x00007590efd3ea80 points into unknown readable memory: 0x0000000000000300 | 00 03 00 00 00 00 00 00
R10=0x000075910646b000 points into unknown readable memory: 0x0100050403020100 | 00 01 02 03 04 05 00 01
R11=0x0000000000000005 is an unknown value
R12=0x0 is null
R13=0x0000759100019e60 points into unknown readable memory: 0x0000000000000000 | 00 00 00 00 00 00 00 00
R14=0x0000000000000001 is an unknown value
R15=0x0000759100019e20 points into unknown readable memory: 0x0000759100000502 | 02 05 00 00 91 75 00 00

Top of Stack: (sp=0x0000759104bfc160)
0x0000759104bfc160:   000075908756ae20 00000000000003d8
0x0000759104bfc170:   0000759100019e60 0000759100019e70
0x0000759104bfc180:   000075910001a248 0000759100019e70
0x0000759104bfc190:   00007590870a0101 0000759100019720
0x0000759104bfc1a0:   0000000000000000 0000000000000001
0x0000759104bfc1b0:   0000759104bfc230 0000759104bfc1f0
0x0000759104bfc1c0:   0000759104bfc2a0 00007591055061c8
0x0000759104bfc1d0:   0000000000000000 0000000000000000
0x0000759104bfc1e0:   0000000000000000 0000000000000000
0x0000759104bfc1f0:   0000759104bfc2e8 00007590efd424ae
0x0000759104bfc200:   00007590efd3ea90 0000000000000000
0x0000759104bfc210:   0000750000000000 0000759104bfc330
0x0000759104bfc220:   0000759104bfc2e8 0000759105dd0ef0
0x0000759104bfc230:   0000759087382140 0000759100019720
0x0000759104bfc240:   00007590efd3ea90 0000000000000000
0x0000759104bfc250:   0000750000000000 0000759104bfc330
0x0000759104bfc260:   0000759104bfc2e8 0000759105b40e71
0x0000759104bfc270:   0000750000000000 0000759100019720
0x0000759104bfc280:   0000759087484500 0000000000000000
0x0000759104bfc290:   0000759104bfc348 0000759100019720
0x0000759104bfc2a0:   0000759104bfc2d0 00007591055063f5
0x0000759104bfc2b0:   0000759100019720 0000759087382140
0x0000759104bfc2c0:   0000000000000000 0000759087aff068
0x0000759104bfc2d0:   0000759104bfc330 00007590efd424f1
0x0000759104bfc2e0:   00007590efd424ae 0000759104bfc2e8
0x0000759104bfc2f0:   0000759087aff068 0000000000000003
0x0000759104bfc300:   0000759087381c60 0000000000000530
0x0000759104bfc310:   00000000ffebc470 0000759087382140
0x0000759104bfc320:   0000000000000000 0000759104bfc340
0x0000759104bfc330:   0000759104bfc398 00007590efd3f2f2
0x0000759104bfc340:   000000008ef02b30 000000008ef12d48
0x0000759104bfc350:   0000759104bfc350 0000759087afef02 

Instructions: (pc=0x00007591052c7cca)
0x00007591052c7bca:   06 00 00 00 e8 ad da 5c 00 48 89 c2 48 85 c0 0f
0x00007591052c7bda:   85 81 fd ff ff 8b 75 c8 31 d2 b9 01 00 00 00 4c
0x00007591052c7bea:   89 e7 e8 8f d8 5c 00 48 89 c2 48 85 c0 0f 85 63
0x00007591052c7bfa:   fd ff ff c7 45 c4 04 00 00 00 e9 e5 fd ff ff 0f
0x00007591052c7c0a:   1f 80 00 00 00 00 45 31 f6 e9 92 fd ff ff 8b 75
0x00007591052c7c1a:   c8 4c 89 e7 e8 5d da 5c 00 48 89 c2 48 85 c0 0f
0x00007591052c7c2a:   85 e1 fd ff ff 8b 75 c8 31 d2 b9 01 00 00 00 4c
0x00007591052c7c3a:   89 e7 e8 3f d8 5c 00 48 89 c2 48 85 c0 0f 85 c3
0x00007591052c7c4a:   fd ff ff e9 9c fd ff ff 66 66 2e 0f 1f 84 00 00
0x00007591052c7c5a:   00 00 00 0f 1f 00 f3 0f 1e fa 55 48 89 e5 41 57
0x00007591052c7c6a:   41 56 41 89 d6 41 55 41 54 41 89 f4 53 48 89 fb
0x00007591052c7c7a:   48 83 ec 38 66 48 8d 3d f2 32 e0 00 66 66 48 e8
0x00007591052c7c8a:   d2 a8 bd ff 48 8b 00 4c 8b b8 18 03 00 00 49 8b
0x00007591052c7c9a:   47 20 f3 41 0f 6f 47 10 48 89 45 c0 49 8b 47 28
0x00007591052c7caa:   66 49 0f 7e c5 0f 29 45 b0 48 89 45 a8 48 8d 05
0x00007591052c7cba:   a5 95 e4 00 0f 17 45 c8 80 38 00 75 1a 49 63 d6
0x00007591052c7cca:   0f b6 84 13 90 00 00 00 3c ff 0f 85 16 02 00 00
0x00007591052c7cda:   83 83 88 00 00 00 01 44 89 f1 41 83 fe 18 0f 87
0x00007591052c7cea:   85 00 00 00 48 8d 15 b3 fc a8 00 44 89 f0 48 63
0x00007591052c7cfa:   04 82 48 01 d0 3e ff e0 66 0f 1f 44 00 00 41 be
0x00007591052c7d0a:   01 00 00 00 8d 41 ed 44 89 e6 48 89 df 89 45 a0
0x00007591052c7d1a:   e8 61 d9 5c 00 48 89 c2 48 85 c0 0f 84 be 00 00
0x00007591052c7d2a:   00 83 7d a0 02 0f 86 53 01 00 00 48 8b 72 08 8b
0x00007591052c7d3a:   56 04 89 d1 81 e1 ff ff ff 7f 81 f9 ff ff ff 7f
0x00007591052c7d4a:   74 27 44 39 f1 74 22 89 d0 25 00 00 00 80 46 8d
0x00007591052c7d5a:   04 30 05 ff ff ff 7f 85 c9 44 0f 45 c0 44 39 c2
0x00007591052c7d6a:   74 07 41 09 d0 44 89 46 04 49 83 7d 00 00 74 14
0x00007591052c7d7a:   48 8b 75 a8 4c 89 ff e8 1a 4a d7 ff 4c 89 ef e8
0x00007591052c7d8a:   02 41 d7 ff 48 8b 45 c8 49 39 47 18 74 12 48 8b
0x00007591052c7d9a:   45 c0 66 0f 6f 4d b0 49 89 47 20 41 0f 11 4f 10
0x00007591052c7daa:   48 83 c4 38 5b 41 5c 41 5d 41 5e 41 5f 5d c3 0f
0x00007591052c7dba:   1f 80 00 00 00 00 41 be 04 00 00 00 44 89 e6 48 


Stack slot to memory mapping:

stack at sp + 0 slots: 0x000075908756ae20 is pointing into metadata
stack at sp + 1 slots: 0x00000000000003d8 is an unknown value
stack at sp + 2 slots: 0x0000759100019e60 points into unknown readable memory: 0x0000000000000000 | 00 00 00 00 00 00 00 00
stack at sp + 3 slots: 0x0000759100019e70 points into unknown readable memory: 0x76616a5f6176614a | 4a 61 76 61 5f 6a 61 76
stack at sp + 4 slots: 0x000075910001a248 points into unknown readable memory: 0x0000000000000045 | 45 00 00 00 00 00 00 00
stack at sp + 5 slots: 0x0000759100019e70 points into unknown readable memory: 0x76616a5f6176614a | 4a 61 76 61 5f 6a 61 76
stack at sp + 6 slots: 0x00007590870a0101 is pointing into metadata
stack at sp + 7 slots: 0x0000759100019720 is a thread


---------------  P R O C E S S  ---------------

Threads class SMR info:
_java_thread_list=0x000075910016a9a0, length=10, elements={
0x0000759100019720, 0x0000759100149ae0, 0x000075910014b160, 0x000075910014c8f0,
0x000075910014df20, 0x000075910014f4b0, 0x0000759100150fe0, 0x000075910015a680,
0x0000759100166510, 0x0000759100169830
}

Java Threads: ( => current thread )
=>0x0000759100019720 JavaThread "main"                              [_thread_in_vm, id=4339, stack(0x0000759104b00000,0x0000759104c00000) (1024K)]
  0x0000759100149ae0 JavaThread "Reference Handler"          daemon [_thread_blocked, id=4347, stack(0x00007590e4b00000,0x00007590e4c00000) (1024K)]
  0x000075910014b160 JavaThread "Finalizer"                  daemon [_thread_blocked, id=4348, stack(0x00007590e4a00000,0x00007590e4b00000) (1024K)]
  0x000075910014c8f0 JavaThread "Signal Dispatcher"          daemon [_thread_blocked, id=4349, stack(0x00007590e4900000,0x00007590e4a00000) (1024K)]
  0x000075910014df20 JavaThread "Service Thread"             daemon [_thread_blocked, id=4350, stack(0x00007590e4800000,0x00007590e4900000) (1024K)]
  0x000075910014f4b0 JavaThread "Monitor Deflation Thread"   daemon [_thread_blocked, id=4351, stack(0x00007590e4700000,0x00007590e4800000) (1024K)]
  0x0000759100150fe0 JavaThread "C2 CompilerThread0"         daemon [_thread_blocked, id=4352, stack(0x00007590e4600000,0x00007590e4700000) (1024K)]
  0x000075910015a680 JavaThread "C1 CompilerThread0"         daemon [_thread_blocked, id=4353, stack(0x00007590e4500000,0x00007590e4600000) (1024K)]
  0x0000759100166510 JavaThread "Notification Thread"        daemon [_thread_blocked, id=4354, stack(0x00007590e432f000,0x00007590e442f000) (1024K)]
  0x0000759100169830 JavaThread "Common-Cleaner"             daemon [_thread_blocked, id=4355, stack(0x00007590e422f000,0x00007590e432f000) (1024K)]
Total: 10

Other Threads:
  0x0000759100140690 VMThread "VM Thread"                           [id=4346, stack(0x00007590e523f000,0x00007590e533f000) (1024K)]
  0x000075910012e970 WatcherThread "VM Periodic Task Thread"        [id=4345, stack(0x00007590e5340000,0x00007590e5440000) (1024K)]
  0x0000759100070260 WorkerThread "GC Thread#0"                     [id=4340, stack(0x00007590e604d000,0x00007590e614d000) (1024K)]
  0x00007591000809b0 ConcurrentGCThread "G1 Main Marker"            [id=4341, stack(0x00007590e5f4c000,0x00007590e604c000) (1024K)]
  0x0000759100081950 WorkerThread "G1 Conc#0"                       [id=4342, stack(0x00007590e5e4b000,0x00007590e5f4b000) (1024K)]
  0x0000759100112fb0 ConcurrentGCThread "G1 Refine#0"               [id=4343, stack(0x00007590e5542000,0x00007590e5642000) (1024K)]
  0x0000759100113f60 ConcurrentGCThread "G1 Service"                [id=4344, stack(0x00007590e5441000,0x00007590e5541000) (1024K)]
Total: 7

Threads with active compile tasks:
Total: 0

VM state: not at safepoint (normal execution)

VM Mutex/Monitor currently owned by a thread: None

Heap address: 0x0000000087600000, size: 1930 MB, Compressed Oops mode: 32-bit

CDS archive(s) mapped at: [0x0000759087000000-0x0000759087ca0000-0x0000759087ca0000), size 13238272, SharedBaseAddress: 0x0000759087000000, ArchiveRelocationMode: 1.
Compressed class space mapped at: 0x0000759088000000-0x00007590c8000000, reserved size: 1073741824
Narrow klass base: 0x0000759087000000, Narrow klass shift: 0, Narrow klass range: 0x100000000

GC Precious Log:
 CardTable entry size: 512
 Card Set container configuration: InlinePtr #cards 5 size 8 Array Of Cards #cards 12 size 40 Howl #buckets 4 coarsen threshold 1843 Howl Bitmap #cards 512 size 80 coarsen threshold 460 Card regions per heap region 1 cards per card region 2048
 CPUs: 8 total, 8 available
 Memory: 7718M
 Large Page Support: Disabled
 NUMA Support: Disabled
 Compressed Oops: Enabled (32-bit)
 Heap Region Size: 1M
 Heap Min Capacity: 8M
 Heap Initial Capacity: 122M
 Heap Max Capacity: 1930M
 Pre-touch: Disabled
 Parallel Workers: 8
 Concurrent Workers: 2
 Concurrent Refinement Workers: 8
 Periodic GC: Disabled

Heap:
 garbage-first heap   total 126976K, used 2098K [0x0000000087600000, 0x0000000100000000)
  region size 1024K, 2 young (2048K), 0 survivors (0K)
 Metaspace       used 61K, committed 128K, reserved 1114112K
  class space    used 3K, committed 64K, reserved 1048576K

Heap Regions: E=young(eden), S=young(survivor), O=old, HS=humongous(starts), HC=humongous(continues), CS=collection set, F=free, TAMS=top-at-mark-start, PB=parsable bottom
|   0|0x0000000087600000, 0x0000000087600000, 0x0000000087700000|  0%| F|  |TAMS 0x0000000087600000| PB 0x0000000087600000| Untracked 
|   1|0x0000000087700000, 0x0000000087700000, 0x0000000087800000|  0%| F|  |TAMS 0x0000000087700000| PB 0x0000000087700000| Untracked 
|   2|0x0000000087800000, 0x0000000087800000, 0x0000000087900000|  0%| F|  |TAMS 0x0000000087800000| PB 0x0000000087800000| Untracked 
|   3|0x0000000087900000, 0x0000000087900000, 0x0000000087a00000|  0%| F|  |TAMS 0x0000000087900000| PB 0x0000000087900000| Untracked 
|   4|0x0000000087a00000, 0x0000000087a00000, 0x0000000087b00000|  0%| F|  |TAMS 0x0000000087a00000| PB 0x0000000087a00000| Untracked 
|   5|0x0000000087b00000, 0x0000000087b00000, 0x0000000087c00000|  0%| F|  |TAMS 0x0000000087b00000| PB 0x0000000087b00000| Untracked 
|   6|0x0000000087c00000, 0x0000000087c00000, 0x0000000087d00000|  0%| F|  |TAMS 0x0000000087c00000| PB 0x0000000087c00000| Untracked 
|   7|0x0000000087d00000, 0x0000000087d00000, 0x0000000087e00000|  0%| F|  |TAMS 0x0000000087d00000| PB 0x0000000087d00000| Untracked 
|   8|0x0000000087e00000, 0x0000000087e00000, 0x0000000087f00000|  0%| F|  |TAMS 0x0000000087e00000| PB 0x0000000087e00000| Untracked 
|   9|0x0000000087f00000, 0x0000000087f00000, 0x0000000088000000|  0%| F|  |TAMS 0x0000000087f00000| PB 0x0000000087f00000| Untracked 
|  10|0x0000000088000000, 0x0000000088000000, 0x0000000088100000|  0%| F|  |TAMS 0x0000000088000000| PB 0x0000000088000000| Untracked 
|  11|0x0000000088100000, 0x0000000088100000, 0x0000000088200000|  0%| F|  |TAMS 0x0000000088100000| PB 0x0000000088100000| Untracked 
|  12|0x0000000088200000, 0x0000000088200000, 0x0000000088300000|  0%| F|  |TAMS 0x0000000088200000| PB 0x0000000088200000| Untracked 
|  13|0x0000000088300000, 0x0000000088300000, 0x0000000088400000|  0%| F|  |TAMS 0x0000000088300000| PB 0x0000000088300000| Untracked 
|  14|0x0000000088400000, 0x0000000088400000, 0x0000000088500000|  0%| F|  |TAMS 0x0000000088400000| PB 0x0000000088400000| Untracked 
|  15|0x0000000088500000, 0x0000000088500000, 0x0000000088600000|  0%| F|  |TAMS 0x0000000088500000| PB 0x0000000088500000| Untracked 
|  16|0x0000000088600000, 0x0000000088600000, 0x0000000088700000|  0%| F|  |TAMS 0x0000000088600000| PB 0x0000000088600000| Untracked 
|  17|0x0000000088700000, 0x0000000088700000, 0x0000000088800000|  0%| F|  |TAMS 0x0000000088700000| PB 0x0000000088700000| Untracked 
|  18|0x0000000088800000, 0x0000000088800000, 0x0000000088900000|  0%| F|  |TAMS 0x0000000088800000| PB 0x0000000088800000| Untracked 
|  19|0x0000000088900000, 0x0000000088900000, 0x0000000088a00000|  0%| F|  |TAMS 0x0000000088900000| PB 0x0000000088900000| Untracked 
|  20|0x0000000088a00000, 0x0000000088a00000, 0x0000000088b00000|  0%| F|  |TAMS 0x0000000088a00000| PB 0x0000000088a00000| Untracked 
|  21|0x0000000088b00000, 0x0000000088b00000, 0x0000000088c00000|  0%| F|  |TAMS 0x0000000088b00000| PB 0x0000000088b00000| Untracked 
|  22|0x0000000088c00000, 0x0000000088c00000, 0x0000000088d00000|  0%| F|  |TAMS 0x0000000088c00000| PB 0x0000000088c00000| Untracked 
|  23|0x0000000088d00000, 0x0000000088d00000, 0x0000000088e00000|  0%| F|  |TAMS 0x0000000088d00000| PB 0x0000000088d00000| Untracked 
|  24|0x0000000088e00000, 0x0000000088e00000, 0x0000000088f00000|  0%| F|  |TAMS 0x0000000088e00000| PB 0x0000000088e00000| Untracked 
|  25|0x0000000088f00000, 0x0000000088f00000, 0x0000000089000000|  0%| F|  |TAMS 0x0000000088f00000| PB 0x0000000088f00000| Untracked 
|  26|0x0000000089000000, 0x0000000089000000, 0x0000000089100000|  0%| F|  |TAMS 0x0000000089000000| PB 0x0000000089000000| Untracked 
|  27|0x0000000089100000, 0x0000000089100000, 0x0000000089200000|  0%| F|  |TAMS 0x0000000089100000| PB 0x0000000089100000| Untracked 
|  28|0x0000000089200000, 0x0000000089200000, 0x0000000089300000|  0%| F|  |TAMS 0x0000000089200000| PB 0x0000000089200000| Untracked 
|  29|0x0000000089300000, 0x0000000089300000, 0x0000000089400000|  0%| F|  |TAMS 0x0000000089300000| PB 0x0000000089300000| Untracked 
|  30|0x0000000089400000, 0x0000000089400000, 0x0000000089500000|  0%| F|  |TAMS 0x0000000089400000| PB 0x0000000089400000| Untracked 
|  31|0x0000000089500000, 0x0000000089500000, 0x0000000089600000|  0%| F|  |TAMS 0x0000000089500000| PB 0x0000000089500000| Untracked 
|  32|0x0000000089600000, 0x0000000089600000, 0x0000000089700000|  0%| F|  |TAMS 0x0000000089600000| PB 0x0000000089600000| Untracked 
|  33|0x0000000089700000, 0x0000000089700000, 0x0000000089800000|  0%| F|  |TAMS 0x0000000089700000| PB 0x0000000089700000| Untracked 
|  34|0x0000000089800000, 0x0000000089800000, 0x0000000089900000|  0%| F|  |TAMS 0x0000000089800000| PB 0x0000000089800000| Untracked 
|  35|0x0000000089900000, 0x0000000089900000, 0x0000000089a00000|  0%| F|  |TAMS 0x0000000089900000| PB 0x0000000089900000| Untracked 
|  36|0x0000000089a00000, 0x0000000089a00000, 0x0000000089b00000|  0%| F|  |TAMS 0x0000000089a00000| PB 0x0000000089a00000| Untracked 
|  37|0x0000000089b00000, 0x0000000089b00000, 0x0000000089c00000|  0%| F|  |TAMS 0x0000000089b00000| PB 0x0000000089b00000| Untracked 
|  38|0x0000000089c00000, 0x0000000089c00000, 0x0000000089d00000|  0%| F|  |TAMS 0x0000000089c00000| PB 0x0000000089c00000| Untracked 
|  39|0x0000000089d00000, 0x0000000089d00000, 0x0000000089e00000|  0%| F|  |TAMS 0x0000000089d00000| PB 0x0000000089d00000| Untracked 
|  40|0x0000000089e00000, 0x0000000089e00000, 0x0000000089f00000|  0%| F|  |TAMS 0x0000000089e00000| PB 0x0000000089e00000| Untracked 
|  41|0x0000000089f00000, 0x0000000089f00000, 0x000000008a000000|  0%| F|  |TAMS 0x0000000089f00000| PB 0x0000000089f00000| Untracked 
|  42|0x000000008a000000, 0x000000008a000000, 0x000000008a100000|  0%| F|  |TAMS 0x000000008a000000| PB 0x000000008a000000| Untracked 
|  43|0x000000008a100000, 0x000000008a100000, 0x000000008a200000|  0%| F|  |TAMS 0x000000008a100000| PB 0x000000008a100000| Untracked 
|  44|0x000000008a200000, 0x000000008a200000, 0x000000008a300000|  0%| F|  |TAMS 0x000000008a200000| PB 0x000000008a200000| Untracked 
|  45|0x000000008a300000, 0x000000008a300000, 0x000000008a400000|  0%| F|  |TAMS 0x000000008a300000| PB 0x000000008a300000| Untracked 
|  46|0x000000008a400000, 0x000000008a400000, 0x000000008a500000|  0%| F|  |TAMS 0x000000008a400000| PB 0x000000008a400000| Untracked 
|  47|0x000000008a500000, 0x000000008a500000, 0x000000008a600000|  0%| F|  |TAMS 0x000000008a500000| PB 0x000000008a500000| Untracked 
|  48|0x000000008a600000, 0x000000008a600000, 0x000000008a700000|  0%| F|  |TAMS 0x000000008a600000| PB 0x000000008a600000| Untracked 
|  49|0x000000008a700000, 0x000000008a700000, 0x000000008a800000|  0%| F|  |TAMS 0x000000008a700000| PB 0x000000008a700000| Untracked 
|  50|0x000000008a800000, 0x000000008a800000, 0x000000008a900000|  0%| F|  |TAMS 0x000000008a800000| PB 0x000000008a800000| Untracked 
|  51|0x000000008a900000, 0x000000008a900000, 0x000000008aa00000|  0%| F|  |TAMS 0x000000008a900000| PB 0x000000008a900000| Untracked 
|  52|0x000000008aa00000, 0x000000008aa00000, 0x000000008ab00000|  0%| F|  |TAMS 0x000000008aa00000| PB 0x000000008aa00000| Untracked 
|  53|0x000000008ab00000, 0x000000008ab00000, 0x000000008ac00000|  0%| F|  |TAMS 0x000000008ab00000| PB 0x000000008ab00000| Untracked 
|  54|0x000000008ac00000, 0x000000008ac00000, 0x000000008ad00000|  0%| F|  |TAMS 0x000000008ac00000| PB 0x000000008ac00000| Untracked 
|  55|0x000000008ad00000, 0x000000008ad00000, 0x000000008ae00000|  0%| F|  |TAMS 0x000000008ad00000| PB 0x000000008ad00000| Untracked 
|  56|0x000000008ae00000, 0x000000008ae00000, 0x000000008af00000|  0%| F|  |TAMS 0x000000008ae00000| PB 0x000000008ae00000| Untracked 
|  57|0x000000008af00000, 0x000000008af00000, 0x000000008b000000|  0%| F|  |TAMS 0x000000008af00000| PB 0x000000008af00000| Untracked 
|  58|0x000000008b000000, 0x000000008b000000, 0x000000008b100000|  0%| F|  |TAMS 0x000000008b000000| PB 0x000000008b000000| Untracked 
|  59|0x000000008b100000, 0x000000008b100000, 0x000000008b200000|  0%| F|  |TAMS 0x000000008b100000| PB 0x000000008b100000| Untracked 
|  60|0x000000008b200000, 0x000000008b200000, 0x000000008b300000|  0%| F|  |TAMS 0x000000008b200000| PB 0x000000008b200000| Untracked 
|  61|0x000000008b300000, 0x000000008b300000, 0x000000008b400000|  0%| F|  |TAMS 0x000000008b300000| PB 0x000000008b300000| Untracked 
|  62|0x000000008b400000, 0x000000008b400000, 0x000000008b500000|  0%| F|  |TAMS 0x000000008b400000| PB 0x000000008b400000| Untracked 
|  63|0x000000008b500000, 0x000000008b500000, 0x000000008b600000|  0%| F|  |TAMS 0x000000008b500000| PB 0x000000008b500000| Untracked 
|  64|0x000000008b600000, 0x000000008b600000, 0x000000008b700000|  0%| F|  |TAMS 0x000000008b600000| PB 0x000000008b600000| Untracked 
|  65|0x000000008b700000, 0x000000008b700000, 0x000000008b800000|  0%| F|  |TAMS 0x000000008b700000| PB 0x000000008b700000| Untracked 
|  66|0x000000008b800000, 0x000000008b800000, 0x000000008b900000|  0%| F|  |TAMS 0x000000008b800000| PB 0x000000008b800000| Untracked 
|  67|0x000000008b900000, 0x000000008b900000, 0x000000008ba00000|  0%| F|  |TAMS 0x000000008b900000| PB 0x000000008b900000| Untracked 
|  68|0x000000008ba00000, 0x000000008ba00000, 0x000000008bb00000|  0%| F|  |TAMS 0x000000008ba00000| PB 0x000000008ba00000| Untracked 
|  69|0x000000008bb00000, 0x000000008bb00000, 0x000000008bc00000|  0%| F|  |TAMS 0x000000008bb00000| PB 0x000000008bb00000| Untracked 
|  70|0x000000008bc00000, 0x000000008bc00000, 0x000000008bd00000|  0%| F|  |TAMS 0x000000008bc00000| PB 0x000000008bc00000| Untracked 
|  71|0x000000008bd00000, 0x000000008bd00000, 0x000000008be00000|  0%| F|  |TAMS 0x000000008bd00000| PB 0x000000008bd00000| Untracked 
|  72|0x000000008be00000, 0x000000008be00000, 0x000000008bf00000|  0%| F|  |TAMS 0x000000008be00000| PB 0x000000008be00000| Untracked 
|  73|0x000000008bf00000, 0x000000008bf00000, 0x000000008c000000|  0%| F|  |TAMS 0x000000008bf00000| PB 0x000000008bf00000| Untracked 
|  74|0x000000008c000000, 0x000000008c000000, 0x000000008c100000|  0%| F|  |TAMS 0x000000008c000000| PB 0x000000008c000000| Untracked 
|  75|0x000000008c100000, 0x000000008c100000, 0x000000008c200000|  0%| F|  |TAMS 0x000000008c100000| PB 0x000000008c100000| Untracked 
|  76|0x000000008c200000, 0x000000008c200000, 0x000000008c300000|  0%| F|  |TAMS 0x000000008c200000| PB 0x000000008c200000| Untracked 
|  77|0x000000008c300000, 0x000000008c300000, 0x000000008c400000|  0%| F|  |TAMS 0x000000008c300000| PB 0x000000008c300000| Untracked 
|  78|0x000000008c400000, 0x000000008c400000, 0x000000008c500000|  0%| F|  |TAMS 0x000000008c400000| PB 0x000000008c400000| Untracked 
|  79|0x000000008c500000, 0x000000008c500000, 0x000000008c600000|  0%| F|  |TAMS 0x000000008c500000| PB 0x000000008c500000| Untracked 
|  80|0x000000008c600000, 0x000000008c600000, 0x000000008c700000|  0%| F|  |TAMS 0x000000008c600000| PB 0x000000008c600000| Untracked 
|  81|0x000000008c700000, 0x000000008c700000, 0x000000008c800000|  0%| F|  |TAMS 0x000000008c700000| PB 0x000000008c700000| Untracked 
|  82|0x000000008c800000, 0x000000008c800000, 0x000000008c900000|  0%| F|  |TAMS 0x000000008c800000| PB 0x000000008c800000| Untracked 
|  83|0x000000008c900000, 0x000000008c900000, 0x000000008ca00000|  0%| F|  |TAMS 0x000000008c900000| PB 0x000000008c900000| Untracked 
|  84|0x000000008ca00000, 0x000000008ca00000, 0x000000008cb00000|  0%| F|  |TAMS 0x000000008ca00000| PB 0x000000008ca00000| Untracked 
|  85|0x000000008cb00000, 0x000000008cb00000, 0x000000008cc00000|  0%| F|  |TAMS 0x000000008cb00000| PB 0x000000008cb00000| Untracked 
|  86|0x000000008cc00000, 0x000000008cc00000, 0x000000008cd00000|  0%| F|  |TAMS 0x000000008cc00000| PB 0x000000008cc00000| Untracked 
|  87|0x000000008cd00000, 0x000000008cd00000, 0x000000008ce00000|  0%| F|  |TAMS 0x000000008cd00000| PB 0x000000008cd00000| Untracked 
|  88|0x000000008ce00000, 0x000000008ce00000, 0x000000008cf00000|  0%| F|  |TAMS 0x000000008ce00000| PB 0x000000008ce00000| Untracked 
|  89|0x000000008cf00000, 0x000000008cf00000, 0x000000008d000000|  0%| F|  |TAMS 0x000000008cf00000| PB 0x000000008cf00000| Untracked 
|  90|0x000000008d000000, 0x000000008d000000, 0x000000008d100000|  0%| F|  |TAMS 0x000000008d000000| PB 0x000000008d000000| Untracked 
|  91|0x000000008d100000, 0x000000008d100000, 0x000000008d200000|  0%| F|  |TAMS 0x000000008d100000| PB 0x000000008d100000| Untracked 
|  92|0x000000008d200000, 0x000000008d200000, 0x000000008d300000|  0%| F|  |TAMS 0x000000008d200000| PB 0x000000008d200000| Untracked 
|  93|0x000000008d300000, 0x000000008d300000, 0x000000008d400000|  0%| F|  |TAMS 0x000000008d300000| PB 0x000000008d300000| Untracked 
|  94|0x000000008d400000, 0x000000008d400000, 0x000000008d500000|  0%| F|  |TAMS 0x000000008d400000| PB 0x000000008d400000| Untracked 
|  95|0x000000008d500000, 0x000000008d500000, 0x000000008d600000|  0%| F|  |TAMS 0x000000008d500000| PB 0x000000008d500000| Untracked 
|  96|0x000000008d600000, 0x000000008d600000, 0x000000008d700000|  0%| F|  |TAMS 0x000000008d600000| PB 0x000000008d600000| Untracked 
|  97|0x000000008d700000, 0x000000008d700000, 0x000000008d800000|  0%| F|  |TAMS 0x000000008d700000| PB 0x000000008d700000| Untracked 
|  98|0x000000008d800000, 0x000000008d800000, 0x000000008d900000|  0%| F|  |TAMS 0x000000008d800000| PB 0x000000008d800000| Untracked 
|  99|0x000000008d900000, 0x000000008d900000, 0x000000008da00000|  0%| F|  |TAMS 0x000000008d900000| PB 0x000000008d900000| Untracked 
| 100|0x000000008da00000, 0x000000008da00000, 0x000000008db00000|  0%| F|  |TAMS 0x000000008da00000| PB 0x000000008da00000| Untracked 
| 101|0x000000008db00000, 0x000000008db00000, 0x000000008dc00000|  0%| F|  |TAMS 0x000000008db00000| PB 0x000000008db00000| Untracked 
| 102|0x000000008dc00000, 0x000000008dc00000, 0x000000008dd00000|  0%| F|  |TAMS 0x000000008dc00000| PB 0x000000008dc00000| Untracked 
| 103|0x000000008dd00000, 0x000000008dd00000, 0x000000008de00000|  0%| F|  |TAMS 0x000000008dd00000| PB 0x000000008dd00000| Untracked 
| 104|0x000000008de00000, 0x000000008de00000, 0x000000008df00000|  0%| F|  |TAMS 0x000000008de00000| PB 0x000000008de00000| Untracked 
| 105|0x000000008df00000, 0x000000008df00000, 0x000000008e000000|  0%| F|  |TAMS 0x000000008df00000| PB 0x000000008df00000| Untracked 
| 106|0x000000008e000000, 0x000000008e000000, 0x000000008e100000|  0%| F|  |TAMS 0x000000008e000000| PB 0x000000008e000000| Untracked 
| 107|0x000000008e100000, 0x000000008e100000, 0x000000008e200000|  0%| F|  |TAMS 0x000000008e100000| PB 0x000000008e100000| Untracked 
| 108|0x000000008e200000, 0x000000008e200000, 0x000000008e300000|  0%| F|  |TAMS 0x000000008e200000| PB 0x000000008e200000| Untracked 
| 109|0x000000008e300000, 0x000000008e300000, 0x000000008e400000|  0%| F|  |TAMS 0x000000008e300000| PB 0x000000008e300000| Untracked 
| 110|0x000000008e400000, 0x000000008e400000, 0x000000008e500000|  0%| F|  |TAMS 0x000000008e400000| PB 0x000000008e400000| Untracked 
| 111|0x000000008e500000, 0x000000008e500000, 0x000000008e600000|  0%| F|  |TAMS 0x000000008e500000| PB 0x000000008e500000| Untracked 
| 112|0x000000008e600000, 0x000000008e600000, 0x000000008e700000|  0%| F|  |TAMS 0x000000008e600000| PB 0x000000008e600000| Untracked 
| 113|0x000000008e700000, 0x000000008e700000, 0x000000008e800000|  0%| F|  |TAMS 0x000000008e700000| PB 0x000000008e700000| Untracked 
| 114|0x000000008e800000, 0x000000008e800000, 0x000000008e900000|  0%| F|  |TAMS 0x000000008e800000| PB 0x000000008e800000| Untracked 
| 115|0x000000008e900000, 0x000000008e900000, 0x000000008ea00000|  0%| F|  |TAMS 0x000000008e900000| PB 0x000000008e900000| Untracked 
| 116|0x000000008ea00000, 0x000000008ea00000, 0x000000008eb00000|  0%| F|  |TAMS 0x000000008ea00000| PB 0x000000008ea00000| Untracked 
| 117|0x000000008eb00000, 0x000000008eb00000, 0x000000008ec00000|  0%| F|  |TAMS 0x000000008eb00000| PB 0x000000008eb00000| Untracked 
| 118|0x000000008ec00000, 0x000000008ec00000, 0x000000008ed00000|  0%| F|  |TAMS 0x000000008ec00000| PB 0x000000008ec00000| Untracked 
| 119|0x000000008ed00000, 0x000000008ed00000, 0x000000008ee00000|  0%| F|  |TAMS 0x000000008ed00000| PB 0x000000008ed00000| Untracked 
| 120|0x000000008ee00000, 0x000000008ee75c38, 0x000000008ef00000| 46%| E|  |TAMS 0x000000008ee00000| PB 0x000000008ee00000| Complete 
| 121|0x000000008ef00000, 0x000000008f000000, 0x000000008f000000|100%| E|CS|TAMS 0x000000008ef00000| PB 0x000000008ef00000| Complete 
|1928|0x00000000ffe00000, 0x00000000fff00000, 0x00000000fff00000|100%| O|  |TAMS 0x00000000ffe00000| PB 0x00000000ffe00000| Untracked 
|1929|0x00000000fff00000, 0x00000000fff0ca78, 0x0000000100000000|  4%| O|  |TAMS 0x00000000fff00000| PB 0x00000000fff00000| Untracked 

Card table byte_map: [0x00007590e7f75000,0x00007590e833a000] _byte_map_base: 0x00007590e7b3a000

Marking Bits: (CMBitMap*) 0x0000759100070d80
 Bits: [0x00007590e614d000, 0x00007590e7f75000)

Polling page: 0x00007591065dc000

Metaspace:

Usage:
  Non-class:     58.56 KB used.
      Class:      3.06 KB used.
       Both:     61.62 KB used.

Virtual space:
  Non-class space:       64.00 MB reserved,      64.00 KB ( <1%) committed,  1 nodes.
      Class space:        1.00 GB reserved,      64.00 KB ( <1%) committed,  1 nodes.
             Both:        1.06 GB reserved,     128.00 KB ( <1%) committed. 

Chunk freelists:
   Non-Class:  12.00 MB
       Class:  15.75 MB
        Both:  27.75 MB

MaxMetaspaceSize: unlimited
CompressedClassSpaceSize: 1.00 GB
Initial GC threshold: 21.00 MB
Current GC threshold: 21.00 MB
CDS: on
 - commit_granule_bytes: 65536.
 - commit_granule_words: 8192.
 - virtual_space_node_default_size: 8388608.
 - enlarge_chunks_in_place: 1.
 - use_allocation_guard: 0.


Internal statistics:

num_allocs_failed_limit: 0.
num_arena_births: 2.
num_arena_deaths: 0.
num_vsnodes_births: 2.
num_vsnodes_deaths: 0.
num_space_committed: 2.
num_space_uncommitted: 0.
num_chunks_returned_to_freelist: 0.
num_chunks_taken_from_freelist: 3.
num_chunk_merges: 0.
num_chunk_splits: 2.
num_chunks_enlarged: 0.
num_inconsistent_stats: 0.

CodeHeap 'non-profiled nmethods': size=120028Kb used=1Kb max_used=1Kb free=120026Kb
 bounds [0x00007590f02c9000, 0x00007590f0539000, 0x00007590f7800000]
CodeHeap 'profiled nmethods': size=120028Kb used=3Kb max_used=3Kb free=120024Kb
 bounds [0x00007590e8800000, 0x00007590e8a70000, 0x00007590efd37000]
CodeHeap 'non-nmethods': size=5704Kb used=1155Kb max_used=1169Kb free=4548Kb
 bounds [0x00007590efd37000, 0x00007590effa7000, 0x00007590f02c9000]
CodeCache: size=245760Kb, used=1159Kb, max_used=1173Kb, free=244598Kb
 total_blobs=306, nmethods=4, adapters=209, full_count=0
Compilation: enabled, stopped_count=0, restarted_count=0

Compilation events (6 events):
Event: 0.022 Thread 0x000075910015a680    2       3       java.lang.Object::<init> (1 bytes)
Event: 0.022 Thread 0x000075910015a680 nmethod 2 0x00007590e8800010 code [0x00007590e88001a0, 0x00007590e88002a0]
Event: 0.023 Thread 0x000075910015a680    3       3       java.lang.String::hashCode (60 bytes)
Event: 0.023 Thread 0x000075910015a680 nmethod 3 0x00007590e8800310 code [0x00007590e88004e0, 0x00007590e8800808]
Event: 0.023 Thread 0x000075910015a680    4       3       java.lang.String::coder (15 bytes)
Event: 0.023 Thread 0x000075910015a680 nmethod 4 0x00007590e8800910 code [0x00007590e8800aa0, 0x00007590e8800bd0]

GC Heap History (0 events):
No events

Dll operation events (2 events):
Event: 0.001 Loaded shared library /usr/lib/jvm/java-21-openjdk-amd64/lib/libjava.so
Event: 0.021 Loaded shared library /usr/lib/jvm/java-21-openjdk-amd64/lib/libjsvml.so

Deoptimization events (0 events):
No events

Classes loaded (4 events):
Event: 0.018 Loading class sun/nio/cs/UTF_8$Encoder
Event: 0.018 Loading class sun/nio/cs/UTF_8$Encoder done
Event: 0.023 Loading class jdk/internal/vm/PostVMInitHook
Event: 0.023 Loading class jdk/internal/vm/PostVMInitHook done

Classes unloaded (0 events):
No events

Classes redefined (0 events):
No events

Internal exceptions (0 events):
No events

ZGC Phase Switch (0 events):
No events

VM Operations (0 events):
No events

Memory protections (10 events):
Event: 0.001 Protecting memory [0x0000759104b00000,0x0000759104b04000] with protection modes 0
Event: 0.019 Protecting memory [0x00007590e4b00000,0x00007590e4b04000] with protection modes 0
Event: 0.019 Protecting memory [0x00007590e4a00000,0x00007590e4a04000] with protection modes 0
Event: 0.020 Protecting memory [0x00007590e4900000,0x00007590e4904000] with protection modes 0
Event: 0.020 Protecting memory [0x00007590e4800000,0x00007590e4804000] with protection modes 0
Event: 0.020 Protecting memory [0x00007590e4700000,0x00007590e4704000] with protection modes 0
Event: 0.020 Protecting memory [0x00007590e4600000,0x00007590e4604000] with protection modes 0
Event: 0.020 Protecting memory [0x00007590e4500000,0x00007590e4504000] with protection modes 0
Event: 0.023 Protecting memory [0x00007590e432f000,0x00007590e4333000] with protection modes 0
Event: 0.024 Protecting memory [0x00007590e422f000,0x00007590e4233000] with protection modes 0

Nmethod flushes (0 events):
No events

Events (10 events):
Event: 0.013 Thread 0x0000759100019720 Thread added: 0x0000759100019720
Event: 0.019 Thread 0x0000759100019720 Thread added: 0x0000759100149ae0
Event: 0.019 Thread 0x0000759100019720 Thread added: 0x000075910014b160
Event: 0.020 Thread 0x0000759100019720 Thread added: 0x000075910014c8f0
Event: 0.020 Thread 0x0000759100019720 Thread added: 0x000075910014df20
Event: 0.020 Thread 0x0000759100019720 Thread added: 0x000075910014f4b0
Event: 0.020 Thread 0x0000759100019720 Thread added: 0x0000759100150fe0
Event: 0.020 Thread 0x0000759100019720 Thread added: 0x000075910015a680
Event: 0.023 Thread 0x0000759100019720 Thread added: 0x0000759100166510
Event: 0.024 Thread 0x0000759100019720 Thread added: 0x0000759100169830


Dynamic libraries:
87600000-8f000000 rw-p 00000000 00:00 0 
8f000000-ffe00000 ---p 00000000 00:00 0 
ffe00000-fff0d000 rw-p 00cdf000 103:02 9208005                           /usr/lib/jvm/java-21-openjdk-amd64/lib/server/classes.jsa
fff0d000-100000000 rw-p 00000000 00:00 0 
65246fb4f000-65246fb50000 r--p 00000000 103:02 9207852                   /usr/lib/jvm/java-21-openjdk-amd64/bin/java
65246fb50000-65246fb51000 r-xp 00001000 103:02 9207852                   /usr/lib/jvm/java-21-openjdk-amd64/bin/java
65246fb51000-65246fb52000 r--p 00002000 103:02 9207852                   /usr/lib/jvm/java-21-openjdk-amd64/bin/java
65246fb52000-65246fb53000 r--p 00002000 103:02 9207852                   /usr/lib/jvm/java-21-openjdk-amd64/bin/java
65246fb53000-65246fb54000 rw-p 00003000 103:02 9207852                   /usr/lib/jvm/java-21-openjdk-amd64/bin/java
65249e349000-65249e390000 rw-p 00000000 00:00 0                          [heap]
759054000000-759054021000 rw-p 00000000 00:00 0 
759054021000-759058000000 ---p 00000000 00:00 0 
75905c000000-75905c024000 rw-p 00000000 00:00 0 
75905c024000-759060000000 ---p 00000000 00:00 0 
759060000000-759060021000 rw-p 00000000 00:00 0 
759060021000-759064000000 ---p 00000000 00:00 0 
759064000000-759064021000 rw-p 00000000 00:00 0 
759064021000-759068000000 ---p 00000000 00:00 0 
759068000000-759068067000 rw-p 00000000 00:00 0 
759068067000-75906c000000 ---p 00000000 00:00 0 
75906c000000-75906c021000 rw-p 00000000 00:00 0 
75906c021000-759070000000 ---p 00000000 00:00 0 
759070000000-759070021000 rw-p 00000000 00:00 0 
759070021000-759074000000 ---p 00000000 00:00 0 
759074000000-759074021000 rw-p 00000000 00:00 0 
759074021000-759078000000 ---p 00000000 00:00 0 
759078000000-759078021000 rw-p 00000000 00:00 0 
759078021000-75907c000000 ---p 00000000 00:00 0 
75907c000000-75907c021000 rw-p 00000000 00:00 0 
75907c021000-759080000000 ---p 00000000 00:00 0 
759083000000-759083010000 rw-p 00000000 00:00 0 
759083010000-759087000000 ---p 00000000 00:00 0 
759087000000-759087ca0000 rw-p 00001000 103:02 9208005                   /usr/lib/jvm/java-21-openjdk-amd64/lib/server/classes.jsa
759087ca0000-759088040000 ---p 00000000 00:00 0 
759088040000-759088050000 rw-p 00000000 00:00 0 
759088050000-7590c8000000 ---p 00000000 00:00 0 
7590c8000000-7590c8021000 rw-p 00000000 00:00 0 
7590c8021000-7590cc000000 ---p 00000000 00:00 0 
7590cc000000-7590cc021000 rw-p 00000000 00:00 0 
7590cc021000-7590d0000000 ---p 00000000 00:00 0 
7590d0000000-7590d0021000 rw-p 00000000 00:00 0 
7590d0021000-7590d4000000 ---p 00000000 00:00 0 
7590d5d1c000-7590d8000000 rw-p 00000000 00:00 0 
7590d8000000-7590d8021000 rw-p 00000000 00:00 0 
7590d8021000-7590dc000000 ---p 00000000 00:00 0 
7590dc000000-7590dc021000 rw-p 00000000 00:00 0 
7590dc021000-7590e0000000 ---p 00000000 00:00 0 
7590e0000000-7590e0021000 rw-p 00000000 00:00 0 
7590e0021000-7590e4000000 ---p 00000000 00:00 0 
7590e40ac000-7590e422f000 rw-p 00000000 00:00 0 
7590e422f000-7590e4233000 ---p 00000000 00:00 0 
7590e4233000-7590e432f000 rw-p 00000000 00:00 0 
7590e432f000-7590e4333000 ---p 00000000 00:00 0 
7590e4333000-7590e442f000 rw-p 00000000 00:00 0 
7590e442f000-7590e4434000 r--p 00000000 103:02 9207986                   /usr/lib/jvm/java-21-openjdk-amd64/lib/libjsvml.so
7590e4434000-7590e4475000 r-xp 00005000 103:02 9207986                   /usr/lib/jvm/java-21-openjdk-amd64/lib/libjsvml.so
7590e4475000-7590e44fe000 r--p 00046000 103:02 9207986                   /usr/lib/jvm/java-21-openjdk-amd64/lib/libjsvml.so
7590e44fe000-7590e44ff000 r--p 000ce000 103:02 9207986                   /usr/lib/jvm/java-21-openjdk-amd64/lib/libjsvml.so
7590e44ff000-7590e4500000 rw-p 000cf000 103:02 9207986                   /usr/lib/jvm/java-21-openjdk-amd64/lib/libjsvml.so
7590e4500000-7590e4504000 ---p 00000000 00:00 0 
7590e4504000-7590e4600000 rw-p 00000000 00:00 0 
7590e4600000-7590e4604000 ---p 00000000 00:00 0 
7590e4604000-7590e4700000 rw-p 00000000 00:00 0 
7590e4700000-7590e4704000 ---p 00000000 00:00 0 
7590e4704000-7590e4800000 rw-p 00000000 00:00 0 
7590e4800000-7590e4804000 ---p 00000000 00:00 0 
7590e4804000-7590e4900000 rw-p 00000000 00:00 0 
7590e4900000-7590e4904000 ---p 00000000 00:00 0 
7590e4904000-7590e4a00000 rw-p 00000000 00:00 0 
7590e4a00000-7590e4a04000 ---p 00000000 00:00 0 
7590e4a04000-7590e4b00000 rw-p 00000000 00:00 0 
7590e4b00000-7590e4b04000 ---p 00000000 00:00 0 
7590e4b04000-7590e4c00000 rw-p 00000000 00:00 0 
7590e4c00000-7590e5173000 r--p 00000000 103:02 7865433                   /usr/lib/locale/locale-archive
7590e523e000-7590e523f000 ---p 00000000 00:00 0 
7590e523f000-7590e533f000 rw-p 00000000 00:00 0 
7590e533f000-7590e5340000 ---p 00000000 00:00 0 
7590e5340000-7590e5440000 rw-p 00000000 00:00 0 
7590e5440000-7590e5441000 ---p 00000000 00:00 0 
7590e5441000-7590e5541000 rw-p 00000000 00:00 0 
7590e5541000-7590e5542000 ---p 00000000 00:00 0 
7590e5542000-7590e5642000 rw-p 00000000 00:00 0 
7590e5642000-7590e5e4a000 rw-p 00000000 00:00 0 
7590e5e4a000-7590e5e4b000 ---p 00000000 00:00 0 
7590e5e4b000-7590e5f4b000 rw-p 00000000 00:00 0 
7590e5f4b000-7590e5f4c000 ---p 00000000 00:00 0 
7590e5f4c000-7590e604c000 rw-p 00000000 00:00 0 
7590e604c000-7590e604d000 ---p 00000000 00:00 0 
7590e604d000-7590e614d000 rw-p 00000000 00:00 0 
7590e614d000-7590e6335000 rw-p 00000000 00:00 0 
7590e6335000-7590e7f6d000 ---p 00000000 00:00 0 
7590e7f6d000-7590e7f71000 rw-p 00000000 00:00 0 
7590e7f71000-7590e7fb2000 rw-p 00000000 00:00 0 
7590e7fb2000-7590e8339000 ---p 00000000 00:00 0 
7590e8339000-7590e8377000 rw-p 00000000 00:00 0 
7590e8377000-7590e86fe000 ---p 00000000 00:00 0 
7590e86fe000-7590e8800000 rw-p 00000000 00:00 0 
7590e8800000-7590e8a70000 rwxp 00000000 00:00 0 
7590e8a70000-7590efd37000 ---p 00000000 00:00 0 
7590efd37000-7590effa7000 rwxp 00000000 00:00 0 
7590effa7000-7590f02c9000 ---p 00000000 00:00 0 
7590f02c9000-7590f0539000 rwxp 00000000 00:00 0 
7590f0539000-7590f7800000 ---p 00000000 00:00 0 
7590f7800000-7590ffe2d000 r--s 00000000 103:02 9208002                   /usr/lib/jvm/java-21-openjdk-amd64/lib/modules
7590ffe7e000-759100000000 rw-p 00000000 00:00 0 
759100000000-759100188000 rw-p 00000000 00:00 0 
759100188000-759104000000 ---p 00000000 00:00 0 
759104024000-75910462f000 rw-p 00000000 00:00 0 
75910462f000-759104715000 ---p 00000000 00:00 0 
759104715000-75910471a000 rw-p 00000000 00:00 0 
75910471a000-759104800000 ---p 00000000 00:00 0 
759104800000-75910489a000 r--p 00000000 103:02 7876710                   /usr/lib/x86_64-linux-gnu/libstdc++.so.6.0.30
75910489a000-7591049ab000 r-xp 0009a000 103:02 7876710                   /usr/lib/x86_64-linux-gnu/libstdc++.so.6.0.30
7591049ab000-759104a1a000 r--p 001ab000 103:02 7876710                   /usr/lib/x86_64-linux-gnu/libstdc++.so.6.0.30
759104a1a000-759104a1b000 ---p 0021a000 103:02 7876710                   /usr/lib/x86_64-linux-gnu/libstdc++.so.6.0.30
759104a1b000-759104a26000 r--p 0021a000 103:02 7876710                   /usr/lib/x86_64-linux-gnu/libstdc++.so.6.0.30
759104a26000-759104a29000 rw-p 00225000 103:02 7876710                   /usr/lib/x86_64-linux-gnu/libstdc++.so.6.0.30
759104a29000-759104a2c000 rw-p 00000000 00:00 0 
759104aa5000-759104b00000 rw-p 00000000 00:00 0 
759104b00000-759104b04000 ---p 00000000 00:00 0 
759104b04000-759104c00000 rw-p 00000000 00:00 0 
759104c00000-759104ea2000 r--p 00000000 103:02 9208008                   /usr/lib/jvm/java-21-openjdk-amd64/lib/server/libjvm.so
759104ea2000-759105d1d000 r-xp 002a2000 103:02 9208008                   /usr/lib/jvm/java-21-openjdk-amd64/lib/server/libjvm.so
759105d1d000-759105ff7000 r--p 0111d000 103:02 9208008                   /usr/lib/jvm/java-21-openjdk-amd64/lib/server/libjvm.so
759105ff7000-7591060cb000 r--p 013f6000 103:02 9208008                   /usr/lib/jvm/java-21-openjdk-amd64/lib/server/libjvm.so
7591060cb000-7591060fb000 rw-p 014ca000 103:02 9208008                   /usr/lib/jvm/java-21-openjdk-amd64/lib/server/libjvm.so
7591060fb000-759106161000 rw-p 00000000 00:00 0 
75910617c000-759106183000 r--s 00000000 103:02 7875145                   /usr/lib/x86_64-linux-gnu/gconv/gconv-modules.cache
759106183000-759106200000 rw-p 00000000 00:00 0 
759106200000-759106228000 r--p 00000000 103:02 7866475                   /usr/lib/x86_64-linux-gnu/libc.so.6
759106228000-7591063bd000 r-xp 00028000 103:02 7866475                   /usr/lib/x86_64-linux-gnu/libc.so.6
7591063bd000-759106415000 r--p 001bd000 103:02 7866475                   /usr/lib/x86_64-linux-gnu/libc.so.6
759106415000-759106416000 ---p 00215000 103:02 7866475                   /usr/lib/x86_64-linux-gnu/libc.so.6
759106416000-75910641a000 r--p 00215000 103:02 7866475                   /usr/lib/x86_64-linux-gnu/libc.so.6
75910641a000-75910641c000 rw-p 00219000 103:02 7866475                   /usr/lib/x86_64-linux-gnu/libc.so.6
75910641c000-759106429000 rw-p 00000000 00:00 0 
75910642a000-759106470000 rw-p 00000000 00:00 0 
759106470000-759106477000 ---p 00000000 00:00 0 
759106477000-759106484000 r--p 00000000 103:02 9207979                   /usr/lib/jvm/java-21-openjdk-amd64/lib/libjava.so
759106484000-759106492000 r-xp 0000d000 103:02 9207979                   /usr/lib/jvm/java-21-openjdk-amd64/lib/libjava.so
759106492000-759106497000 r--p 0001b000 103:02 9207979                   /usr/lib/jvm/java-21-openjdk-amd64/lib/libjava.so
759106497000-759106498000 ---p 00020000 103:02 9207979                   /usr/lib/jvm/java-21-openjdk-amd64/lib/libjava.so
759106498000-759106499000 r--p 00020000 103:02 9207979                   /usr/lib/jvm/java-21-openjdk-amd64/lib/libjava.so
759106499000-75910649a000 rw-p 00021000 103:02 9207979                   /usr/lib/jvm/java-21-openjdk-amd64/lib/libjava.so
75910649a000-75910649b000 rw-p 00000000 00:00 0 
75910649b000-75910649e000 r--p 00000000 103:02 7876714                   /usr/lib/x86_64-linux-gnu/libgcc_s.so.1
75910649e000-7591064b5000 r-xp 00003000 103:02 7876714                   /usr/lib/x86_64-linux-gnu/libgcc_s.so.1
7591064b5000-7591064b9000 r--p 0001a000 103:02 7876714                   /usr/lib/x86_64-linux-gnu/libgcc_s.so.1
7591064b9000-7591064ba000 r--p 0001d000 103:02 7876714                   /usr/lib/x86_64-linux-gnu/libgcc_s.so.1
7591064ba000-7591064bb000 rw-p 0001e000 103:02 7876714                   /usr/lib/x86_64-linux-gnu/libgcc_s.so.1
7591064bb000-7591064c9000 r--p 00000000 103:02 7866487                   /usr/lib/x86_64-linux-gnu/libm.so.6
7591064c9000-759106545000 r-xp 0000e000 103:02 7866487                   /usr/lib/x86_64-linux-gnu/libm.so.6
759106545000-7591065a0000 r--p 0008a000 103:02 7866487                   /usr/lib/x86_64-linux-gnu/libm.so.6
7591065a0000-7591065a1000 r--p 000e4000 103:02 7866487                   /usr/lib/x86_64-linux-gnu/libm.so.6
7591065a1000-7591065a2000 rw-p 000e5000 103:02 7866487                   /usr/lib/x86_64-linux-gnu/libm.so.6
7591065a2000-7591065a5000 rw-p 00000000 00:00 0 
7591065a5000-7591065a7000 r--p 00000000 103:02 9207983                   /usr/lib/jvm/java-21-openjdk-amd64/lib/libjli.so
7591065a7000-7591065b1000 r-xp 00002000 103:02 9207983                   /usr/lib/jvm/java-21-openjdk-amd64/lib/libjli.so
7591065b1000-7591065b4000 r--p 0000c000 103:02 9207983                   /usr/lib/jvm/java-21-openjdk-amd64/lib/libjli.so
7591065b4000-7591065b5000 ---p 0000f000 103:02 9207983                   /usr/lib/jvm/java-21-openjdk-amd64/lib/libjli.so
7591065b5000-7591065b6000 r--p 0000f000 103:02 9207983                   /usr/lib/jvm/java-21-openjdk-amd64/lib/libjli.so
7591065b6000-7591065b7000 rw-p 00010000 103:02 9207983                   /usr/lib/jvm/java-21-openjdk-amd64/lib/libjli.so
7591065b7000-7591065b9000 r--p 00000000 103:02 7893590                   /usr/lib/x86_64-linux-gnu/libz.so.1.2.11
7591065b9000-7591065ca000 r-xp 00002000 103:02 7893590                   /usr/lib/x86_64-linux-gnu/libz.so.1.2.11
7591065ca000-7591065d0000 r--p 00013000 103:02 7893590                   /usr/lib/x86_64-linux-gnu/libz.so.1.2.11
7591065d0000-7591065d1000 ---p 00019000 103:02 7893590                   /usr/lib/x86_64-linux-gnu/libz.so.1.2.11
7591065d1000-7591065d2000 r--p 00019000 103:02 7893590                   /usr/lib/x86_64-linux-gnu/libz.so.1.2.11
7591065d2000-7591065d3000 rw-p 0001a000 103:02 7893590                   /usr/lib/x86_64-linux-gnu/libz.so.1.2.11
7591065d4000-7591065dc000 rw-s 00000000 103:02 7208989                   /tmp/hsperfdata_lee/4320
7591065dc000-7591065dd000 ---p 00000000 00:00 0 
7591065dd000-7591065de000 r--p 00000000 00:00 0 
7591065de000-7591065e0000 r--p 00000000 103:02 9207982                   /usr/lib/jvm/java-21-openjdk-amd64/lib/libjimage.so
7591065e0000-7591065e3000 r-xp 00002000 103:02 9207982                   /usr/lib/jvm/java-21-openjdk-amd64/lib/libjimage.so
7591065e3000-7591065e4000 r--p 00005000 103:02 9207982                   /usr/lib/jvm/java-21-openjdk-amd64/lib/libjimage.so
7591065e4000-7591065e5000 ---p 00006000 103:02 9207982                   /usr/lib/jvm/java-21-openjdk-amd64/lib/libjimage.so
7591065e5000-7591065e6000 r--p 00006000 103:02 9207982                   /usr/lib/jvm/java-21-openjdk-amd64/lib/libjimage.so
7591065e6000-7591065e7000 rw-p 00007000 103:02 9207982                   /usr/lib/jvm/java-21-openjdk-amd64/lib/libjimage.so
7591065e7000-7591065e9000 rw-p 00000000 00:00 0 
7591065e9000-7591065eb000 r--p 00000000 103:02 7865193                   /usr/lib/x86_64-linux-gnu/ld-linux-x86-64.so.2
7591065eb000-759106615000 r-xp 00002000 103:02 7865193                   /usr/lib/x86_64-linux-gnu/ld-linux-x86-64.so.2
759106615000-759106620000 r--p 0002c000 103:02 7865193                   /usr/lib/x86_64-linux-gnu/ld-linux-x86-64.so.2
759106620000-759106621000 ---p 00000000 00:00 0 
759106621000-759106623000 r--p 00037000 103:02 7865193                   /usr/lib/x86_64-linux-gnu/ld-linux-x86-64.so.2
759106623000-759106625000 rw-p 00039000 103:02 7865193                   /usr/lib/x86_64-linux-gnu/ld-linux-x86-64.so.2
7fffc3c36000-7fffc3c57000 rw-p 00000000 00:00 0                          [stack]
7fffc3dae000-7fffc3db2000 r--p 00000000 00:00 0                          [vvar]
7fffc3db2000-7fffc3db4000 r-xp 00000000 00:00 0                          [vdso]
ffffffffff600000-ffffffffff601000 --xp 00000000 00:00 0                  [vsyscall]
Total number of mappings: 188

JVMTI agents: none


VM Arguments:
jvm_args: -Dclassworlds.conf=/usr/share/maven/bin/m2.conf -Dmaven.home=/usr/share/maven -Dlibrary.jansi.path=/usr/share/maven/lib/jansi-native -Dmaven.multiModuleProjectDirectory=/home/lee/Documents/kfarms-backend 
java_command: org.codehaus.plexus.classworlds.launcher.Launcher spring-boot:run
java_class_path (initial): /usr/share/maven/boot/plexus-classworlds-2.x.jar
Launcher Type: SUN_STANDARD

[Global flags]
     intx CICompilerCount                          = 4                                         {product} {ergonomic}
     uint ConcGCThreads                            = 2                                         {product} {ergonomic}
     uint G1ConcRefinementThreads                  = 8                                         {product} {ergonomic}
   size_t G1HeapRegionSize                         = 1048576                                   {product} {ergonomic}
    uintx GCDrainStackTargetSize                   = 64                                        {product} {ergonomic}
   size_t InitialHeapSize                          = 127926272                                 {product} {ergonomic}
   size_t MarkStackSize                            = 4194304                                   {product} {ergonomic}
   size_t MaxHeapSize                              = 2023751680                                {product} {ergonomic}
   size_t MaxNewSize                               = 1214251008                                {product} {ergonomic}
   size_t MinHeapDeltaBytes                        = 1048576                                   {product} {ergonomic}
   size_t MinHeapSize                              = 8388608                                   {product} {ergonomic}
    uintx NonNMethodCodeHeapSize                   = 5839372                                {pd product} {ergonomic}
    uintx NonProfiledCodeHeapSize                  = 122909434                              {pd product} {ergonomic}
    uintx ProfiledCodeHeapSize                     = 122909434                              {pd product} {ergonomic}
    uintx ReservedCodeCacheSize                    = 251658240                              {pd product} {ergonomic}
     bool SegmentedCodeCache                       = true                                      {product} {ergonomic}
   size_t SoftMaxHeapSize                          = 2023751680                             {manageable} {ergonomic}
     bool UseCompressedOops                        = true                           {product lp64_product} {ergonomic}
     bool UseG1GC                                  = true                                      {product} {ergonomic}

Logging:
Log output configuration:
 #0: stdout all=warning uptime,level,tags foldmultilines=false
 #1: stderr all=off uptime,level,tags foldmultilines=false

Environment Variables:
PATH=/usr/local/sbin:/usr/local/bin:/usr/sbin:/usr/bin:/sbin:/bin:/usr/games:/usr/local/games:/snap/bin:/snap/bin
USERNAME=lee
SHELL=/usr/bin/zsh
DISPLAY=:0
LANG=en_US.UTF-8
LC_NUMERIC=en_US.UTF-8
LC_TIME=en_US.UTF-8
TERM=xterm-256color

Active Locale:
LC_ALL=en_US.UTF-8
LC_COLLATE=en_US.UTF-8
LC_CTYPE=en_US.UTF-8
LC_MESSAGES=en_US.UTF-8
LC_MONETARY=en_US.UTF-8
LC_NUMERIC=en_US.UTF-8
LC_TIME=en_US.UTF-8

Signal Handlers:
   SIGSEGV: crash_handler in libjvm.so, mask=11100100010111111101111111111110, flags=SA_RESTART|SA_SIGINFO, unblocked
    SIGBUS: crash_handler in libjvm.so, mask=11100100010111111101111111111110, flags=SA_RESTART|SA_SIGINFO, unblocked
    SIGFPE: crash_handler in libjvm.so, mask=11100100010111111101111111111110, flags=SA_RESTART|SA_SIGINFO, unblocked
   SIGPIPE: javaSignalHandler in libjvm.so, mask=11100100010111111101111111111110, flags=SA_RESTART|SA_SIGINFO, blocked
   SIGXFSZ: javaSignalHandler in libjvm.so, mask=11100100010111111101111111111110, flags=SA_RESTART|SA_SIGINFO, blocked
    SIGILL: crash_handler in libjvm.so, mask=11100100010111111101111111111110, flags=SA_RESTART|SA_SIGINFO, unblocked
   SIGUSR2: SR_handler in libjvm.so, mask=00000000000000000000000000000000, flags=SA_RESTART|SA_SIGINFO, blocked
    SIGHUP: UserHandler in libjvm.so, mask=11100100010111111101111111111110, flags=SA_RESTART|SA_SIGINFO, blocked
    SIGINT: UserHandler in libjvm.so, mask=11100100010111111101111111111110, flags=SA_RESTART|SA_SIGINFO, blocked
   SIGTERM: UserHandler in libjvm.so, mask=11100100010111111101111111111110, flags=SA_RESTART|SA_SIGINFO, blocked
   SIGQUIT: UserHandler in libjvm.so, mask=11100100010111111101111111111110, flags=SA_RESTART|SA_SIGINFO, blocked
   SIGTRAP: crash_handler in libjvm.so, mask=11100100010111111101111111111110, flags=SA_RESTART|SA_SIGINFO, unblocked


Periodic native trim disabled

---------------  S Y S T E M  ---------------

OS:
DISTRIB_ID=Ubuntu
DISTRIB_RELEASE=22.04
DISTRIB_CODENAME=jammy
DISTRIB_DESCRIPTION="Ubuntu 22.04.5 LTS"
uname: Linux 6.8.0-85-generic #85~22.04.1-Ubuntu SMP PREEMPT_DYNAMIC Fri Sep 19 16:18:59 UTC 2 x86_64
OS uptime: 0 days 0:02 hours
libc: glibc 2.35 NPTL 2.35 
rlimit (soft/hard): STACK 8192k/infinity , CORE 0k/infinity , NPROC 30551/30551 , NOFILE 1048576/1048576 , AS infinity/infinity , CPU infinity/infinity , DATA infinity/infinity , FSIZE infinity/infinity , MEMLOCK 988016k/988016k
load average: 7.26 2.81 1.03

/proc/meminfo:
MemTotal:        7904140 kB
MemFree:         2097852 kB
MemAvailable:    4325832 kB
Buffers:          134004 kB
Cached:          2617304 kB
SwapCached:            0 kB
Active:          4062336 kB
Inactive:         641784 kB
Active(anon):    2303492 kB
Inactive(anon):        0 kB
Active(file):    1758844 kB
Inactive(file):   641784 kB
Unevictable:      304160 kB
Mlocked:               0 kB
SwapTotal:       2097148 kB
SwapFree:        2097148 kB
Zswap:                 0 kB
Zswapped:              0 kB
Dirty:             76532 kB
Writeback:             0 kB
AnonPages:       2257044 kB
Mapped:          1047364 kB
Shmem:            350652 kB
KReclaimable:     103040 kB
Slab:             310852 kB
SReclaimable:     103040 kB
SUnreclaim:       207812 kB
KernelStack:       12788 kB
PageTables:        27136 kB
SecPageTables:         0 kB
NFS_Unstable:          0 kB
Bounce:                0 kB
WritebackTmp:          0 kB
CommitLimit:     6049216 kB
Committed_AS:    6481056 kB
VmallocTotal:   34359738367 kB
VmallocUsed:       52108 kB
VmallocChunk:          0 kB
Percpu:             9248 kB
HardwareCorrupted:     0 kB
AnonHugePages:         0 kB
ShmemHugePages:        0 kB
ShmemPmdMapped:        0 kB
FileHugePages:         0 kB
FilePmdMapped:         0 kB
Unaccepted:            0 kB
HugePages_Total:       0
HugePages_Free:        0
HugePages_Rsvd:        0
HugePages_Surp:        0
Hugepagesize:       2048 kB
Hugetlb:               0 kB
DirectMap4k:      325240 kB
DirectMap2M:     4689920 kB
DirectMap1G:     3145728 kB

/sys/kernel/mm/transparent_hugepage/enabled: always [madvise] never
/sys/kernel/mm/transparent_hugepage/hpage_pmd_size: 2097152
/sys/kernel/mm/transparent_hugepage/defrag (defrag/compaction efforts parameter): always defer defer+madvise [madvise] never

Process Memory:
Virtual Size: 4752360K (peak: 4813360K)
Resident Set Size: 43096K (peak: 43096K) (anon: 21248K, file: 21848K, shmem: 0K)
Swapped out: 0K
C-Heap outstanding allocations: 24363K, retained: 2008K
glibc malloc tunables: (default)

/proc/sys/kernel/threads-max (system-wide limit on the number of threads): 61103
/proc/sys/vm/max_map_count (maximum number of memory map areas a process may have): 65530
/proc/sys/vm/swappiness (control to define how aggressively the kernel swaps out anonymous memory): 60
/proc/sys/kernel/pid_max (system-wide limit on number of process identifiers): 4194304

container (cgroup) information:
container_type: cgroupv2
cpu_cpuset_cpus: not supported
cpu_memory_nodes: not supported
active_processor_count: 8
cpu_quota: not supported
cpu_period: not supported
cpu_shares: not supported
memory_limit_in_bytes: unlimited
memory_and_swap_limit_in_bytes: unlimited
memory_soft_limit_in_bytes: 0
memory_usage_in_bytes: 2586936 k
memory_max_usage_in_bytes: not supported
memory_swap_current_in_bytes: 0
memory_swap_max_limit_in_bytes: unlimited
maximum number of tasks: 9165
current number of tasks: 146

Steal ticks since vm start: 0
Steal ticks percentage since vm start:  0.000

CPU: total 8 (initial active 8) (4 cores per cpu, 2 threads per core) family 6 model 142 stepping 10 microcode 0xf6, cx8, cmov, fxsr, ht, mmx, 3dnowpref, sse, sse2, sse3, ssse3, sse4.1, sse4.2, popcnt, lzcnt, tsc, tscinvbit, avx, avx2, aes, erms, clmul, bmi1, bmi2, adx, fma, vzeroupper, clflush, clflushopt, rdtscp, f16c
CPU Model and flags from /proc/cpuinfo:
model name	: Intel(R) Core(TM) i5-8250U CPU @ 1.60GHz
flags		: fpu vme de pse tsc msr pae mce cx8 apic sep mtrr pge mca cmov pat pse36 clflush dts acpi mmx fxsr sse sse2 ss ht tm pbe syscall nx pdpe1gb rdtscp lm constant_tsc art arch_perfmon pebs bts rep_good nopl xtopology nonstop_tsc cpuid aperfmperf pni pclmulqdq dtes64 monitor ds_cpl vmx est tm2 ssse3 sdbg fma cx16 xtpr pdcm pcid sse4_1 sse4_2 x2apic movbe popcnt tsc_deadline_timer aes xsave avx f16c rdrand lahf_lm abm 3dnowprefetch cpuid_fault epb pti ssbd ibrs ibpb stibp tpr_shadow flexpriority ept vpid ept_ad fsgsbase tsc_adjust sgx bmi1 avx2 smep bmi2 erms invpcid mpx rdseed adx smap clflushopt intel_pt xsaveopt xsavec xgetbv1 xsaves dtherm ida arat pln pts hwp hwp_notify hwp_act_window hwp_epp vnmi md_clear flush_l1d arch_capabilities

Online cpus: 0-7
Offline cpus: 
BIOS frequency limitation: <Not Available>
Frequency switch latency (ns): 0
Available cpu frequencies: <Not Available>
Current governor: powersave
Core performance/turbo boost: <Not Available>

Memory: 4k page, physical 7904140k(4325832k free), swap 2097148k(2097148k free)
Page Sizes: 4k

vm_info: OpenJDK 64-Bit Server VM (21.0.8+9-Ubuntu-0ubuntu122.04.1) for linux-amd64 JRE (21.0.8+9-Ubuntu-0ubuntu122.04.1), built on 2025-07-16T21:56:18Z by "buildd" with gcc 12.3.0

END.
