version 2
JvmtiExport can_access_local_variables 0
JvmtiExport can_hotswap_or_post_breakpoint 0
JvmtiExport can_post_on_exceptions 0
# 435 ciObject found
instanceKlass com/sun/tools/javac/parser/JavacParser
ciMethodData java/lang/Object <init> ()V 2 688103 orig 80 1 0 0 0 0 0 0 0 0 0 0 0 0 0 0 0 0 0 0 0 0 0 0 0 0 0 0 0 0 0 0 0 0 0 0 0 0 0 0 0 0 0 0 0 0 0 0 0 0 0 0 0 0 0 0 0 0 0 0 0 0 0 0 0 0 0 0 0 0 0 0 0 0 0 0 0 0 0 0 0 data 4 0x0 0x9 0x1 0x0 oops 0 methods 0
ciMethodData java/util/AbstractCollection <init> ()V 2 128317 orig 80 0 0 0 0 0 0 0 0 0 0 0 0 100 204 181 63 0 0 0 0 0 0 0 0 0 0 0 0 0 0 0 0 0 0 0 0 0 0 0 0 0 0 0 0 0 0 0 0 0 0 0 0 0 0 0 0 0 0 0 0 0 0 0 0 0 72 0 0 0 0 0 0 0 0 0 0 0 0 0 0 data 7 0x10002 0x1f53d 0x0 0x0 0x9 0x6801 0x0 oops 0 methods 0
ciMethod java/util/AbstractQueue <init> ()V 1024 0 1343 0 -1
ciMethod java/lang/AssertionError <init> (Ljava/lang/Object;)V 0 0 1 0 -1
ciMethodData java/lang/invoke/Invokers$Holder linkToTargetMethod (Ljava/lang/Object;)Ljava/lang/Object; 2 3202 orig 80 0 0 0 0 0 0 0 0 0 0 0 0 131 126 0 0 0 0 0 0 0 0 0 0 0 0 0 0 0 0 0 0 0 0 0 0 0 0 0 0 0 0 0 0 0 0 0 0 0 0 0 0 0 0 0 0 0 0 0 0 0 0 0 0 0 0 0 0 0 0 0 0 0 0 0 0 0 0 0 0 data 29 0x10004 0x0 0x0 0x7e835c1d99b8 0xa6b 0x0 0x0 0x4000b 0xc82 0x0 0x0 0x0 0x0 0x0 0x1 0x2 0x0 0x0 0x0 0x0 0x0 0x0 0x9 0x1 0x0 0xc 0x2 0x0 0x7e835c1d99b8 oops 2 3 java/lang/invoke/BoundMethodHandle$Species_L 28 java/lang/invoke/BoundMethodHandle$Species_L methods 0
ciMethod  @bci com/sun/tools/javac/parser/JavacParser <init> (Lcom/sun/tools/javac/parser/ParserFactory;Lcom/sun/tools/javac/parser/Lexer;ZZZZ)V 59 <appendix> form vmentry <vmtarget> ; invoke (Ljava/lang/Object;)Ljava/lang/Object; 790 0 3597 0 -1
ciMethodData  @bci com/sun/tools/javac/parser/JavacParser <init> (Lcom/sun/tools/javac/parser/ParserFactory;Lcom/sun/tools/javac/parser/Lexer;ZZZZ)V 59 <appendix> form vmentry <vmtarget> ; invoke (Ljava/lang/Object;)Ljava/lang/Object; 2 3202 orig 80 0 0 0 0 0 0 0 0 0 0 0 0 131 126 0 0 0 0 0 0 0 0 0 0 0 0 0 0 0 0 0 0 0 0 0 0 0 0 0 0 0 0 0 0 0 0 0 0 0 0 0 0 0 0 0 0 0 0 0 0 0 0 0 0 0 0 0 0 0 0 0 0 0 0 0 0 0 0 0 0 data 20 0x10004 0x0 0x0 0x7e835c1d99b8 0xa6b 0x0 0x0 0x0 0x0 0x0 0x0 0x0 0x0 0x9 0x1 0x0 0xc 0x2 0x0 0x7e835c1d99b8 oops 2 3 java/lang/invoke/BoundMethodHandle$Species_L 19 java/lang/invoke/BoundMethodHandle$Species_L methods 0
ciMethod com/sun/tools/javac/util/AbstractLog error (ILcom/sun/tools/javac/util/JCDiagnostic$Error;)V 0 0 1 0 -1
ciMethod com/sun/tools/javac/util/List <init> (Ljava/lang/Object;Lcom/sun/tools/javac/util/List;)V 522 0 2314 0 -1
ciMethod com/sun/tools/javac/util/List nil ()Lcom/sun/tools/javac/util/List; 544 0 4753 0 -1
ciMethod com/sun/tools/javac/util/List of (Ljava/lang/Object;)Lcom/sun/tools/javac/util/List; 596 0 2103 0 -1
ciMethod com/sun/tools/javac/util/List isEmpty ()Z 1024 0 373 0 -1
ciMethod com/sun/tools/javac/util/List nonEmpty ()Z 590 0 7073 0 -1
ciMethod com/sun/tools/javac/util/List length ()I 4 144 2 0 -1
ciMethod com/sun/tools/javac/util/List prepend (Ljava/lang/Object;)Lcom/sun/tools/javac/util/List; 364 0 206 0 -1
ciMethod com/sun/tools/javac/util/List reverse ()Lcom/sun/tools/javac/util/List; 0 0 1 0 -1
ciMethod com/sun/tools/javac/tree/JCTree <init> ()V 1024 0 3903 0 -1
ciMethod com/sun/tools/javac/tree/JCTree getTag ()Lcom/sun/tools/javac/tree/JCTree$Tag; 0 0 1 0 -1
ciMethod com/sun/tools/javac/tree/JCTree$JCExpression <init> ()V 1024 0 2877 0 -1
ciMethod com/sun/tools/javac/util/ListBuffer <init> ()V 1024 0 1336 0 -1
ciMethod com/sun/tools/javac/util/ListBuffer clear ()V 1024 0 1342 0 -1
ciMethod com/sun/tools/javac/util/ListBuffer append (Ljava/lang/Object;)Lcom/sun/tools/javac/util/ListBuffer; 1024 0 1623 0 -1
ciMethod com/sun/tools/javac/util/ListBuffer appendList (Lcom/sun/tools/javac/util/List;)Lcom/sun/tools/javac/util/ListBuffer; 420 410 210 0 -1
ciMethod com/sun/tools/javac/util/ListBuffer toList ()Lcom/sun/tools/javac/util/List; 1024 0 1110 0 -1
ciMethod com/sun/tools/javac/tree/JCTree$JCParens <init> (Lcom/sun/tools/javac/tree/JCTree$JCExpression;)V 24 0 12 0 -1
ciMethod com/sun/tools/javac/tree/JCTree$JCPrimitiveTypeTree <init> (Lcom/sun/tools/javac/code/TypeTag;)V 46 0 23 0 -1
ciMethod com/sun/tools/javac/tree/JCTree$JCArrayTypeTree <init> (Lcom/sun/tools/javac/tree/JCTree$JCExpression;)V 2 0 1 0 -1
ciMethod com/sun/tools/javac/tree/JCTree$JCTypeIntersection <init> (Lcom/sun/tools/javac/util/List;)V 0 0 1 0 -1
ciMethodData com/sun/tools/javac/util/List nil ()Lcom/sun/tools/javac/util/List; 2 4481 orig 80 0 0 0 0 0 0 0 0 0 0 0 0 57 75 0 64 0 0 0 0 0 0 0 0 0 0 0 0 0 0 0 0 0 0 0 0 0 0 0 0 0 0 0 0 0 0 0 0 0 0 0 0 0 0 0 0 0 0 0 0 0 0 0 0 0 0 0 0 0 0 0 0 0 0 0 0 0 0 0 0 data 4 0x0 0x0 0x9 0x0 oops 0 methods 0
ciMethod com/sun/tools/javac/tree/TreeMaker at (I)Lcom/sun/tools/javac/tree/TreeMaker; 1024 0 3769 0 -1
ciMethod com/sun/tools/javac/tree/TreeMaker SwitchExpression (Lcom/sun/tools/javac/tree/JCTree$JCExpression;Lcom/sun/tools/javac/util/List;)Lcom/sun/tools/javac/tree/JCTree$JCSwitchExpression; 0 0 1 0 -1
ciMethod com/sun/tools/javac/tree/TreeMaker Parens (Lcom/sun/tools/javac/tree/JCTree$JCExpression;)Lcom/sun/tools/javac/tree/JCTree$JCParens; 24 0 12 0 -1
ciMethod com/sun/tools/javac/tree/TreeMaker Unary (Lcom/sun/tools/javac/tree/JCTree$Tag;Lcom/sun/tools/javac/tree/JCTree$JCExpression;)Lcom/sun/tools/javac/tree/JCTree$JCUnary; 2 0 1 0 -1
ciMethod com/sun/tools/javac/tree/TreeMaker TypeCast (Lcom/sun/tools/javac/tree/JCTree;Lcom/sun/tools/javac/tree/JCTree$JCExpression;)Lcom/sun/tools/javac/tree/JCTree$JCTypeCast; 2 0 1 0 -1
ciMethod com/sun/tools/javac/tree/TreeMaker Indexed (Lcom/sun/tools/javac/tree/JCTree$JCExpression;Lcom/sun/tools/javac/tree/JCTree$JCExpression;)Lcom/sun/tools/javac/tree/JCTree$JCArrayAccess; 0 0 1 0 -1
ciMethod com/sun/tools/javac/tree/TreeMaker Select (Lcom/sun/tools/javac/tree/JCTree$JCExpression;Lcom/sun/tools/javac/util/Name;)Lcom/sun/tools/javac/tree/JCTree$JCFieldAccess; 1024 0 967 0 -1
ciMethod com/sun/tools/javac/tree/TreeMaker Ident (Lcom/sun/tools/javac/util/Name;)Lcom/sun/tools/javac/tree/JCTree$JCIdent; 1024 0 1148 0 -1
ciMethod com/sun/tools/javac/tree/TreeMaker TypeIdent (Lcom/sun/tools/javac/code/TypeTag;)Lcom/sun/tools/javac/tree/JCTree$JCPrimitiveTypeTree; 46 0 23 0 -1
ciMethod com/sun/tools/javac/tree/TreeMaker TypeArray (Lcom/sun/tools/javac/tree/JCTree$JCExpression;)Lcom/sun/tools/javac/tree/JCTree$JCArrayTypeTree; 2 0 1 0 -1
ciMethod com/sun/tools/javac/tree/TreeMaker TypeApply (Lcom/sun/tools/javac/tree/JCTree$JCExpression;Lcom/sun/tools/javac/util/List;)Lcom/sun/tools/javac/tree/JCTree$JCTypeApply; 256 0 128 0 -1
ciMethod com/sun/tools/javac/tree/TreeMaker TypeIntersection (Lcom/sun/tools/javac/util/List;)Lcom/sun/tools/javac/tree/JCTree$JCTypeIntersection; 0 0 1 0 -1
ciMethod com/sun/tools/javac/tree/TreeMaker AnnotatedType (Lcom/sun/tools/javac/util/List;Lcom/sun/tools/javac/tree/JCTree$JCExpression;)Lcom/sun/tools/javac/tree/JCTree$JCAnnotatedType; 0 0 1 0 -1
ciMethod com/sun/tools/javac/parser/Lexer nextToken ()V 0 0 1 0 -1
ciMethod com/sun/tools/javac/parser/Lexer token ()Lcom/sun/tools/javac/parser/Tokens$Token; 0 0 1 0 -1
ciMethod com/sun/tools/javac/parser/Lexer token (I)Lcom/sun/tools/javac/parser/Tokens$Token; 0 0 1 0 -1
ciMethod com/sun/tools/javac/parser/Lexer prevToken ()Lcom/sun/tools/javac/parser/Tokens$Token; 0 0 1 0 -1
ciMethod com/sun/tools/javac/parser/Tokens$Token radix ()I 0 0 1 0 -1
ciMethod com/sun/tools/javac/parser/Tokens$TokenKind test (Lcom/sun/tools/javac/parser/Tokens$TokenKind;)Z 508 0 373 0 -1
ciMethod com/sun/tools/javac/parser/Tokens$TokenKind test (Ljava/lang/Object;)Z 508 0 373 0 -1
ciMethodData com/sun/tools/javac/util/List <init> (Ljava/lang/Object;Lcom/sun/tools/javac/util/List;)V 2 2053 orig 80 0 0 0 0 0 0 0 0 0 0 0 0 53 240 0 64 0 0 0 0 0 0 0 0 0 0 0 0 0 0 0 0 0 0 0 0 0 0 0 0 0 0 0 0 0 0 0 0 0 0 0 0 0 0 0 0 0 0 0 0 0 0 0 0 0 0 0 0 0 0 0 0 0 0 0 0 0 0 0 0 data 11 0x10002 0x805 0x0 0x0 0x0 0x0 0x9 0x3 0x0 0x0 0x0 oops 0 methods 0
ciMethod com/sun/tools/javac/parser/Scanner token ()Lcom/sun/tools/javac/parser/Tokens$Token; 1024 0 5937 0 -1
ciMethod com/sun/tools/javac/parser/Scanner token (I)Lcom/sun/tools/javac/parser/